nohup: ignoring input
0	0	loss: 2.505617618560791	lr: 0.10000
train acc: 0.04688	 validation acc: 0.09570
0	50	loss: 2.298149347305298	lr: 0.10000
train acc: 0.15625	 validation acc: 0.09961
0	100	loss: 2.33976411819458	lr: 0.10000
train acc: 0.09375	 validation acc: 0.14453
0	150	loss: 2.0040643215179443	lr: 0.10000
train acc: 0.21875	 validation acc: 0.11914
0	200	loss: 2.067850112915039	lr: 0.10000
train acc: 0.12500	 validation acc: 0.15625
0	250	loss: 1.9693163633346558	lr: 0.10000
train acc: 0.23438	 validation acc: 0.12305
0	300	loss: 2.086512565612793	lr: 0.10000
train acc: 0.17188	 validation acc: 0.22852
0	350	loss: 2.1571130752563477	lr: 0.10000
train acc: 0.14062	 validation acc: 0.12695
0	400	loss: 2.1779019832611084	lr: 0.10000
train acc: 0.18750	 validation acc: 0.14844
0	450	loss: 1.9783496856689453	lr: 0.10000
train acc: 0.25000	 validation acc: 0.17188
0	500	loss: 1.9470508098602295	lr: 0.10000
train acc: 0.17188	 validation acc: 0.19141
0	550	loss: 1.95237135887146	lr: 0.10000
train acc: 0.14062	 validation acc: 0.17578
0	600	loss: 1.9999357461929321	lr: 0.10000
train acc: 0.20312	 validation acc: 0.12109
0	650	loss: 2.0204665660858154	lr: 0.10000
train acc: 0.20312	 validation acc: 0.19922
0	700	loss: 1.9661880731582642	lr: 0.10000
train acc: 0.18750	 validation acc: 0.19141
0	750	loss: 2.2133212089538574	lr: 0.10000
train acc: 0.17188	 validation acc: 0.14062
epoch:   0	epoch acc: 0.11171875
1	0	loss: 2.057542562484741	lr: 0.10000
train acc: 0.12500	 validation acc: 0.11914
1	50	loss: 1.912510871887207	lr: 0.10000
train acc: 0.21875	 validation acc: 0.15625
1	100	loss: 2.0109333992004395	lr: 0.10000
train acc: 0.20312	 validation acc: 0.08398
1	150	loss: 2.0074198246002197	lr: 0.10000
train acc: 0.15625	 validation acc: 0.13672
1	200	loss: 2.0078494548797607	lr: 0.10000
train acc: 0.20312	 validation acc: 0.09375
1	250	loss: 1.9567840099334717	lr: 0.10000
train acc: 0.18750	 validation acc: 0.13086
1	300	loss: 2.0325443744659424	lr: 0.10000
train acc: 0.17188	 validation acc: 0.19141
1	350	loss: 1.9300503730773926	lr: 0.10000
train acc: 0.21875	 validation acc: 0.10938
1	400	loss: 2.088770627975464	lr: 0.10000
train acc: 0.20312	 validation acc: 0.13086
1	450	loss: 1.932607889175415	lr: 0.10000
train acc: 0.26562	 validation acc: 0.11523
1	500	loss: 1.9898533821105957	lr: 0.10000
train acc: 0.15625	 validation acc: 0.11328
1	550	loss: 2.021944284439087	lr: 0.10000
train acc: 0.15625	 validation acc: 0.08008
1	600	loss: 1.9739774465560913	lr: 0.10000
train acc: 0.21875	 validation acc: 0.16016
1	650	loss: 1.8878741264343262	lr: 0.10000
train acc: 0.20312	 validation acc: 0.18750
1	700	loss: 2.072331428527832	lr: 0.10000
train acc: 0.20312	 validation acc: 0.12305
1	750	loss: 2.2160141468048096	lr: 0.10000
train acc: 0.09375	 validation acc: 0.13672
epoch:   1	epoch acc: 0.10221354166666667
2	0	loss: 2.09700608253479	lr: 0.10000
train acc: 0.15625	 validation acc: 0.10938
2	50	loss: 2.0037920475006104	lr: 0.10000
train acc: 0.23438	 validation acc: 0.19727
2	100	loss: 2.019137144088745	lr: 0.10000
train acc: 0.12500	 validation acc: 0.17188
2	150	loss: 1.967968463897705	lr: 0.10000
train acc: 0.18750	 validation acc: 0.12891
2	200	loss: 2.0405025482177734	lr: 0.10000
train acc: 0.12500	 validation acc: 0.17383
2	250	loss: 2.023050546646118	lr: 0.10000
train acc: 0.18750	 validation acc: 0.10938
2	300	loss: 2.086791515350342	lr: 0.10000
train acc: 0.10938	 validation acc: 0.20117
2	350	loss: 2.0054314136505127	lr: 0.10000
train acc: 0.15625	 validation acc: 0.11719
2	400	loss: 2.1275641918182373	lr: 0.10000
train acc: 0.17188	 validation acc: 0.14844
2	450	loss: 1.9112995862960815	lr: 0.10000
train acc: 0.25000	 validation acc: 0.14453
2	500	loss: 1.930111050605774	lr: 0.10000
train acc: 0.23438	 validation acc: 0.11914
2	550	loss: 1.9359745979309082	lr: 0.10000
train acc: 0.23438	 validation acc: 0.11719
2	600	loss: 1.9385066032409668	lr: 0.10000
train acc: 0.18750	 validation acc: 0.15430
2	650	loss: 1.8901989459991455	lr: 0.10000
train acc: 0.23438	 validation acc: 0.15820
2	700	loss: 1.981681227684021	lr: 0.10000
train acc: 0.21875	 validation acc: 0.10352
2	750	loss: 2.225531578063965	lr: 0.10000
train acc: 0.17188	 validation acc: 0.15039
epoch:   2	epoch acc: 0.16236979166666668
3	0	loss: 2.1123201847076416	lr: 0.10000
train acc: 0.17188	 validation acc: 0.13867
3	50	loss: 1.9480394124984741	lr: 0.10000
train acc: 0.23438	 validation acc: 0.19531
3	100	loss: 1.956551432609558	lr: 0.10000
train acc: 0.18750	 validation acc: 0.08008
3	150	loss: 1.9600878953933716	lr: 0.10000
train acc: 0.15625	 validation acc: 0.09570
3	200	loss: 1.9539310932159424	lr: 0.10000
train acc: 0.14062	 validation acc: 0.14258
3	250	loss: 2.078552484512329	lr: 0.10000
train acc: 0.14062	 validation acc: 0.08008
3	300	loss: 2.1670644283294678	lr: 0.10000
train acc: 0.14062	 validation acc: 0.09961
3	350	loss: 2.0263590812683105	lr: 0.10000
train acc: 0.09375	 validation acc: 0.11719
3	400	loss: 2.0816104412078857	lr: 0.10000
train acc: 0.14062	 validation acc: 0.19336
3	450	loss: 1.9717082977294922	lr: 0.10000
train acc: 0.18750	 validation acc: 0.14258
3	500	loss: 1.9502050876617432	lr: 0.10000
train acc: 0.25000	 validation acc: 0.11328
3	550	loss: 2.0378799438476562	lr: 0.10000
train acc: 0.17188	 validation acc: 0.10938
3	600	loss: 1.9988739490509033	lr: 0.10000
train acc: 0.23438	 validation acc: 0.15039
3	650	loss: 1.8754701614379883	lr: 0.10000
train acc: 0.29688	 validation acc: 0.17383
3	700	loss: 2.010233163833618	lr: 0.10000
train acc: 0.20312	 validation acc: 0.10156
3	750	loss: 2.1676242351531982	lr: 0.10000
train acc: 0.12500	 validation acc: 0.15234
epoch:   3	epoch acc: 0.097265625
4	0	loss: 2.1474008560180664	lr: 0.10000
train acc: 0.17188	 validation acc: 0.11133
4	50	loss: 2.0203304290771484	lr: 0.10000
train acc: 0.18750	 validation acc: 0.10938
4	100	loss: 2.001751661300659	lr: 0.10000
train acc: 0.18750	 validation acc: 0.12109
4	150	loss: 2.0330986976623535	lr: 0.10000
train acc: 0.15625	 validation acc: 0.15039
4	200	loss: 1.935953974723816	lr: 0.10000
train acc: 0.20312	 validation acc: 0.14453
4	250	loss: 2.009908437728882	lr: 0.10000
train acc: 0.14062	 validation acc: 0.13867
4	300	loss: 2.05370831489563	lr: 0.10000
train acc: 0.18750	 validation acc: 0.08984
4	350	loss: 2.0414421558380127	lr: 0.10000
train acc: 0.21875	 validation acc: 0.16797
4	400	loss: 2.059016704559326	lr: 0.10000
train acc: 0.17188	 validation acc: 0.11523
4	450	loss: 1.8383731842041016	lr: 0.10000
train acc: 0.25000	 validation acc: 0.10547
4	500	loss: 2.04793119430542	lr: 0.10000
train acc: 0.17188	 validation acc: 0.11133
4	550	loss: 1.9818358421325684	lr: 0.10000
train acc: 0.12500	 validation acc: 0.08398
4	600	loss: 2.01405668258667	lr: 0.10000
train acc: 0.10938	 validation acc: 0.11328
4	650	loss: 1.9014959335327148	lr: 0.10000
train acc: 0.18750	 validation acc: 0.10938
4	700	loss: 2.0048975944519043	lr: 0.10000
train acc: 0.17188	 validation acc: 0.11719
4	750	loss: 2.2729074954986572	lr: 0.10000
train acc: 0.10938	 validation acc: 0.10352
epoch:   4	epoch acc: 0.18841145833333334
5	0	loss: 2.0579147338867188	lr: 0.10000
train acc: 0.18750	 validation acc: 0.09961
5	50	loss: 1.9451919794082642	lr: 0.10000
train acc: 0.25000	 validation acc: 0.10938
5	100	loss: 1.959987998008728	lr: 0.10000
train acc: 0.20312	 validation acc: 0.11133
5	150	loss: 2.0650527477264404	lr: 0.10000
train acc: 0.14062	 validation acc: 0.08008
5	200	loss: 1.9636286497116089	lr: 0.10000
train acc: 0.18750	 validation acc: 0.19922
5	250	loss: 1.872960090637207	lr: 0.10000
train acc: 0.20312	 validation acc: 0.11133
5	300	loss: 2.0240564346313477	lr: 0.10000
train acc: 0.15625	 validation acc: 0.09570
5	350	loss: 1.9988950490951538	lr: 0.10000
train acc: 0.15625	 validation acc: 0.08008
5	400	loss: 2.1976842880249023	lr: 0.10000
train acc: 0.17188	 validation acc: 0.12695
5	450	loss: 1.9178842306137085	lr: 0.10000
train acc: 0.10938	 validation acc: 0.09961
5	500	loss: 2.0164239406585693	lr: 0.10000
train acc: 0.15625	 validation acc: 0.08008
5	550	loss: 2.0181803703308105	lr: 0.10000
train acc: 0.25000	 validation acc: 0.20117
5	600	loss: 1.9593278169631958	lr: 0.10000
train acc: 0.15625	 validation acc: 0.11133
5	650	loss: 1.9435957670211792	lr: 0.10000
train acc: 0.18750	 validation acc: 0.11523
5	700	loss: 2.1960372924804688	lr: 0.10000
train acc: 0.20312	 validation acc: 0.08594
5	750	loss: 2.2882721424102783	lr: 0.10000
train acc: 0.14062	 validation acc: 0.09961
epoch:   5	epoch acc: 0.15403645833333332
6	0	loss: 2.0907256603240967	lr: 0.10000
train acc: 0.23438	 validation acc: 0.08984
6	50	loss: 2.033876419067383	lr: 0.10000
train acc: 0.10938	 validation acc: 0.11914
6	100	loss: 1.9245522022247314	lr: 0.10000
train acc: 0.20312	 validation acc: 0.09961
6	150	loss: 2.022298574447632	lr: 0.10000
train acc: 0.21875	 validation acc: 0.09766
6	200	loss: 2.0136356353759766	lr: 0.10000
train acc: 0.23438	 validation acc: 0.09375
6	250	loss: 1.9649741649627686	lr: 0.10000
train acc: 0.09375	 validation acc: 0.12695
6	300	loss: 2.016761064529419	lr: 0.10000
train acc: 0.17188	 validation acc: 0.10156
6	350	loss: 1.970237135887146	lr: 0.10000
train acc: 0.18750	 validation acc: 0.15625
6	400	loss: 2.0313334465026855	lr: 0.10000
train acc: 0.15625	 validation acc: 0.14258
6	450	loss: 1.95609712600708	lr: 0.10000
train acc: 0.12500	 validation acc: 0.14258
6	500	loss: 2.0580060482025146	lr: 0.10000
train acc: 0.15625	 validation acc: 0.13867
6	550	loss: 1.9811351299285889	lr: 0.10000
train acc: 0.23438	 validation acc: 0.09961
6	600	loss: 2.065748691558838	lr: 0.10000
train acc: 0.17188	 validation acc: 0.15234
6	650	loss: 1.8814388513565063	lr: 0.10000
train acc: 0.25000	 validation acc: 0.10938
6	700	loss: 2.023193836212158	lr: 0.10000
train acc: 0.26562	 validation acc: 0.12500
6	750	loss: 2.158905506134033	lr: 0.10000
train acc: 0.18750	 validation acc: 0.08594
epoch:   6	epoch acc: 0.09713541666666667
7	0	loss: 2.1638917922973633	lr: 0.10000
train acc: 0.21875	 validation acc: 0.09961
7	50	loss: 2.086845874786377	lr: 0.10000
train acc: 0.23438	 validation acc: 0.11328
7	100	loss: 1.9756134748458862	lr: 0.10000
train acc: 0.15625	 validation acc: 0.14648
7	150	loss: 2.0247859954833984	lr: 0.10000
train acc: 0.20312	 validation acc: 0.11523
7	200	loss: 2.0186898708343506	lr: 0.10000
train acc: 0.12500	 validation acc: 0.13477
7	250	loss: 2.2151882648468018	lr: 0.10000
train acc: 0.21875	 validation acc: 0.13281
7	300	loss: 2.0760915279388428	lr: 0.10000
train acc: 0.18750	 validation acc: 0.12305
7	350	loss: 1.9019482135772705	lr: 0.10000
train acc: 0.15625	 validation acc: 0.15039
7	400	loss: 2.0222890377044678	lr: 0.10000
train acc: 0.14062	 validation acc: 0.10156
7	450	loss: 1.9585016965866089	lr: 0.10000
train acc: 0.23438	 validation acc: 0.11719
7	500	loss: 2.0002453327178955	lr: 0.10000
train acc: 0.25000	 validation acc: 0.08594
7	550	loss: 2.0227110385894775	lr: 0.10000
train acc: 0.21875	 validation acc: 0.11328
7	600	loss: 2.0692474842071533	lr: 0.10000
train acc: 0.18750	 validation acc: 0.11133
7	650	loss: 1.8685702085494995	lr: 0.10000
train acc: 0.26562	 validation acc: 0.08008
7	700	loss: 1.9289084672927856	lr: 0.10000
train acc: 0.28125	 validation acc: 0.13867
7	750	loss: 2.2238786220550537	lr: 0.10000
train acc: 0.15625	 validation acc: 0.08398
epoch:   7	epoch acc: 0.101953125
8	0	loss: 2.008453845977783	lr: 0.10000
train acc: 0.17188	 validation acc: 0.09961
8	50	loss: 1.9111194610595703	lr: 0.10000
train acc: 0.21875	 validation acc: 0.17383
8	100	loss: 1.984839916229248	lr: 0.10000
train acc: 0.18750	 validation acc: 0.08398
8	150	loss: 2.160365343093872	lr: 0.10000
train acc: 0.17188	 validation acc: 0.09180
8	200	loss: 2.0234107971191406	lr: 0.10000
train acc: 0.14062	 validation acc: 0.20898
8	250	loss: 1.9643473625183105	lr: 0.10000
train acc: 0.17188	 validation acc: 0.08008
8	300	loss: 2.114060878753662	lr: 0.10000
train acc: 0.14062	 validation acc: 0.16406
8	350	loss: 1.9663207530975342	lr: 0.10000
train acc: 0.17188	 validation acc: 0.19922
8	400	loss: 2.070889711380005	lr: 0.10000
train acc: 0.21875	 validation acc: 0.09375
8	450	loss: 1.9552701711654663	lr: 0.10000
train acc: 0.20312	 validation acc: 0.11719
8	500	loss: 1.9272345304489136	lr: 0.10000
train acc: 0.18750	 validation acc: 0.10938
8	550	loss: 1.9992388486862183	lr: 0.10000
train acc: 0.23438	 validation acc: 0.10938
8	600	loss: 2.1477580070495605	lr: 0.10000
train acc: 0.12500	 validation acc: 0.15430
8	650	loss: 1.8936370611190796	lr: 0.10000
train acc: 0.26562	 validation acc: 0.09375
8	700	loss: 2.0041139125823975	lr: 0.10000
train acc: 0.14062	 validation acc: 0.11328
8	750	loss: 2.246305465698242	lr: 0.10000
train acc: 0.09375	 validation acc: 0.18164
epoch:   8	epoch acc: 0.125390625
9	0	loss: 2.060678005218506	lr: 0.10000
train acc: 0.15625	 validation acc: 0.16602
9	50	loss: 1.9332516193389893	lr: 0.10000
train acc: 0.26562	 validation acc: 0.19336
9	100	loss: 1.9742395877838135	lr: 0.10000
train acc: 0.23438	 validation acc: 0.08984
9	150	loss: 1.9444109201431274	lr: 0.10000
train acc: 0.25000	 validation acc: 0.11523
9	200	loss: 2.0236024856567383	lr: 0.10000
train acc: 0.17188	 validation acc: 0.12695
9	250	loss: 2.0220603942871094	lr: 0.10000
train acc: 0.15625	 validation acc: 0.09961
9	300	loss: 2.1113362312316895	lr: 0.10000
train acc: 0.12500	 validation acc: 0.15430
9	350	loss: 2.0915682315826416	lr: 0.10000
train acc: 0.15625	 validation acc: 0.10938
9	400	loss: 2.177307605743408	lr: 0.10000
train acc: 0.10938	 validation acc: 0.11133
9	450	loss: 1.9100236892700195	lr: 0.10000
train acc: 0.31250	 validation acc: 0.11914
9	500	loss: 1.9819384813308716	lr: 0.10000
train acc: 0.17188	 validation acc: 0.11914
9	550	loss: 1.9874045848846436	lr: 0.10000
train acc: 0.21875	 validation acc: 0.20312
9	600	loss: 2.062119722366333	lr: 0.10000
train acc: 0.14062	 validation acc: 0.11133
9	650	loss: 1.8922721147537231	lr: 0.10000
train acc: 0.21875	 validation acc: 0.09180
9	700	loss: 2.0829145908355713	lr: 0.10000
train acc: 0.15625	 validation acc: 0.10156
9	750	loss: 2.356029510498047	lr: 0.10000
train acc: 0.15625	 validation acc: 0.11133
epoch:   9	epoch acc: 0.10065104166666666
10	0	loss: 2.047687530517578	lr: 0.10000
train acc: 0.18750	 validation acc: 0.09570
10	50	loss: 1.9545507431030273	lr: 0.10000
train acc: 0.23438	 validation acc: 0.20312
10	100	loss: 1.994292140007019	lr: 0.10000
train acc: 0.14062	 validation acc: 0.15625
10	150	loss: 2.0687601566314697	lr: 0.10000
train acc: 0.15625	 validation acc: 0.13672
10	200	loss: 2.1129820346832275	lr: 0.10000
train acc: 0.12500	 validation acc: 0.08008
10	250	loss: 2.0556418895721436	lr: 0.10000
train acc: 0.12500	 validation acc: 0.09961
10	300	loss: 2.244231939315796	lr: 0.10000
train acc: 0.12500	 validation acc: 0.14844
10	350	loss: 2.020137071609497	lr: 0.10000
train acc: 0.15625	 validation acc: 0.19141
10	400	loss: 2.091763496398926	lr: 0.10000
train acc: 0.18750	 validation acc: 0.16602
10	450	loss: 2.13708758354187	lr: 0.10000
train acc: 0.29688	 validation acc: 0.08789
10	500	loss: 2.0088131427764893	lr: 0.10000
train acc: 0.14062	 validation acc: 0.08008
10	550	loss: 1.976447343826294	lr: 0.10000
train acc: 0.20312	 validation acc: 0.09180
10	600	loss: 2.393676280975342	lr: 0.10000
train acc: 0.18750	 validation acc: 0.11133
10	650	loss: 1.9642022848129272	lr: 0.10000
train acc: 0.20312	 validation acc: 0.13672
10	700	loss: 2.1237378120422363	lr: 0.10000
train acc: 0.15625	 validation acc: 0.13672
10	750	loss: 2.370497226715088	lr: 0.10000
train acc: 0.14062	 validation acc: 0.11133
epoch:  10	epoch acc: 0.09856770833333334
11	0	loss: 2.0665223598480225	lr: 0.10000
train acc: 0.18750	 validation acc: 0.09375
11	50	loss: 1.9755613803863525	lr: 0.10000
train acc: 0.21875	 validation acc: 0.19336
11	100	loss: 2.043872356414795	lr: 0.10000
train acc: 0.18750	 validation acc: 0.16211
11	150	loss: 2.053903102874756	lr: 0.10000
train acc: 0.14062	 validation acc: 0.11719
11	200	loss: 2.141659736633301	lr: 0.10000
train acc: 0.14062	 validation acc: 0.10742
11	250	loss: 1.942874550819397	lr: 0.10000
train acc: 0.18750	 validation acc: 0.11523
11	300	loss: 2.0707874298095703	lr: 0.10000
train acc: 0.12500	 validation acc: 0.10156
11	350	loss: 2.0660603046417236	lr: 0.10000
train acc: 0.15625	 validation acc: 0.11914
11	400	loss: 2.044112205505371	lr: 0.10000
train acc: 0.20312	 validation acc: 0.17188
11	450	loss: 1.86266028881073	lr: 0.10000
train acc: 0.25000	 validation acc: 0.08398
11	500	loss: 1.9977755546569824	lr: 0.10000
train acc: 0.21875	 validation acc: 0.13672
11	550	loss: 2.1011300086975098	lr: 0.10000
train acc: 0.15625	 validation acc: 0.17969
11	600	loss: 2.0060973167419434	lr: 0.10000
train acc: 0.14062	 validation acc: 0.12109
11	650	loss: 1.8934516906738281	lr: 0.10000
train acc: 0.18750	 validation acc: 0.16602
11	700	loss: 2.068941354751587	lr: 0.10000
train acc: 0.20312	 validation acc: 0.08594
11	750	loss: 2.2442574501037598	lr: 0.10000
train acc: 0.12500	 validation acc: 0.18945
epoch:  11	epoch acc: 0.11145833333333334
12	0	loss: 2.068857192993164	lr: 0.10000
train acc: 0.17188	 validation acc: 0.16797
12	50	loss: 1.9599785804748535	lr: 0.10000
train acc: 0.25000	 validation acc: 0.11133
12	100	loss: 1.9885668754577637	lr: 0.10000
train acc: 0.12500	 validation acc: 0.11133
12	150	loss: 1.9985605478286743	lr: 0.10000
train acc: 0.17188	 validation acc: 0.18164
12	200	loss: 1.9877569675445557	lr: 0.10000
train acc: 0.17188	 validation acc: 0.16797
12	250	loss: 1.9766100645065308	lr: 0.10000
train acc: 0.17188	 validation acc: 0.11133
12	300	loss: 2.158918857574463	lr: 0.10000
train acc: 0.15625	 validation acc: 0.19727
12	350	loss: 2.1161277294158936	lr: 0.10000
train acc: 0.12500	 validation acc: 0.07617
12	400	loss: 2.0928776264190674	lr: 0.10000
train acc: 0.17188	 validation acc: 0.21484
12	450	loss: 1.9028946161270142	lr: 0.10000
train acc: 0.28125	 validation acc: 0.11328
12	500	loss: 1.9598040580749512	lr: 0.10000
train acc: 0.15625	 validation acc: 0.13281
12	550	loss: 2.0006344318389893	lr: 0.10000
train acc: 0.21875	 validation acc: 0.11133
12	600	loss: 2.415672779083252	lr: 0.10000
train acc: 0.06250	 validation acc: 0.10938
12	650	loss: 1.9717934131622314	lr: 0.10000
train acc: 0.17188	 validation acc: 0.15430
12	700	loss: 1.9999150037765503	lr: 0.10000
train acc: 0.25000	 validation acc: 0.19336
12	750	loss: 2.1986467838287354	lr: 0.10000
train acc: 0.15625	 validation acc: 0.13281
epoch:  12	epoch acc: 0.10963541666666667
13	0	loss: 2.030302047729492	lr: 0.10000
train acc: 0.17188	 validation acc: 0.08594
13	50	loss: 2.0009589195251465	lr: 0.10000
train acc: 0.21875	 validation acc: 0.19531
13	100	loss: 1.9779918193817139	lr: 0.10000
train acc: 0.14062	 validation acc: 0.11133
13	150	loss: 2.0106215476989746	lr: 0.10000
train acc: 0.09375	 validation acc: 0.12305
13	200	loss: 1.9661320447921753	lr: 0.10000
train acc: 0.15625	 validation acc: 0.12305
13	250	loss: 1.9867504835128784	lr: 0.10000
train acc: 0.12500	 validation acc: 0.09570
13	300	loss: 2.079744815826416	lr: 0.10000
train acc: 0.18750	 validation acc: 0.20703
13	350	loss: 2.138795852661133	lr: 0.10000
train acc: 0.09375	 validation acc: 0.10352
13	400	loss: 1.9647427797317505	lr: 0.10000
train acc: 0.21875	 validation acc: 0.15625
13	450	loss: 1.9582479000091553	lr: 0.10000
train acc: 0.14062	 validation acc: 0.19531
13	500	loss: 1.965488076210022	lr: 0.10000
train acc: 0.07812	 validation acc: 0.09375
13	550	loss: 1.9967334270477295	lr: 0.10000
train acc: 0.17188	 validation acc: 0.13281
13	600	loss: 2.132634401321411	lr: 0.10000
train acc: 0.10938	 validation acc: 0.11719
13	650	loss: 1.9783540964126587	lr: 0.10000
train acc: 0.21875	 validation acc: 0.08594
13	700	loss: 1.966564655303955	lr: 0.10000
train acc: 0.23438	 validation acc: 0.12500
13	750	loss: 2.2457051277160645	lr: 0.10000
train acc: 0.20312	 validation acc: 0.13672
epoch:  13	epoch acc: 0.18111979166666667
14	0	loss: 2.0969345569610596	lr: 0.10000
train acc: 0.18750	 validation acc: 0.11719
14	50	loss: 2.0068235397338867	lr: 0.10000
train acc: 0.20312	 validation acc: 0.08594
14	100	loss: 2.0356783866882324	lr: 0.10000
train acc: 0.20312	 validation acc: 0.13867
14	150	loss: 1.9493399858474731	lr: 0.10000
train acc: 0.23438	 validation acc: 0.14453
14	200	loss: 1.932830572128296	lr: 0.10000
train acc: 0.17188	 validation acc: 0.11523
14	250	loss: 1.9575599431991577	lr: 0.10000
train acc: 0.20312	 validation acc: 0.14648
14	300	loss: 2.1514225006103516	lr: 0.10000
train acc: 0.12500	 validation acc: 0.20117
14	350	loss: 2.0717952251434326	lr: 0.10000
train acc: 0.15625	 validation acc: 0.17578
14	400	loss: 2.067139148712158	lr: 0.10000
train acc: 0.17188	 validation acc: 0.12109
14	450	loss: 1.928575873374939	lr: 0.10000
train acc: 0.18750	 validation acc: 0.13672
14	500	loss: 1.943995714187622	lr: 0.10000
train acc: 0.21875	 validation acc: 0.11133
14	550	loss: 1.9552770853042603	lr: 0.10000
train acc: 0.23438	 validation acc: 0.10938
14	600	loss: 2.1316909790039062	lr: 0.10000
train acc: 0.20312	 validation acc: 0.08984
14	650	loss: 2.0468645095825195	lr: 0.10000
train acc: 0.18750	 validation acc: 0.08008
14	700	loss: 1.9901803731918335	lr: 0.10000
train acc: 0.25000	 validation acc: 0.15234
14	750	loss: 2.233976125717163	lr: 0.10000
train acc: 0.07812	 validation acc: 0.12891
epoch:  14	epoch acc: 0.151171875
15	0	loss: 2.1096436977386475	lr: 0.10000
train acc: 0.14062	 validation acc: 0.17578
15	50	loss: 1.9989720582962036	lr: 0.10000
train acc: 0.25000	 validation acc: 0.11719
15	100	loss: 1.9189411401748657	lr: 0.10000
train acc: 0.23438	 validation acc: 0.08594
15	150	loss: 1.9476245641708374	lr: 0.10000
train acc: 0.17188	 validation acc: 0.12305
15	200	loss: 1.998420238494873	lr: 0.10000
train acc: 0.14062	 validation acc: 0.17383
15	250	loss: 1.9941636323928833	lr: 0.10000
train acc: 0.18750	 validation acc: 0.09961
15	300	loss: 2.0811049938201904	lr: 0.10000
train acc: 0.12500	 validation acc: 0.09961
15	350	loss: 2.136383533477783	lr: 0.10000
train acc: 0.14062	 validation acc: 0.10938
15	400	loss: 2.0858747959136963	lr: 0.10000
train acc: 0.18750	 validation acc: 0.08008
15	450	loss: 1.9758657217025757	lr: 0.10000
train acc: 0.14062	 validation acc: 0.09375
15	500	loss: 1.9478776454925537	lr: 0.10000
train acc: 0.28125	 validation acc: 0.13281
15	550	loss: 1.908156156539917	lr: 0.10000
train acc: 0.25000	 validation acc: 0.15820
15	600	loss: 2.1122851371765137	lr: 0.10000
train acc: 0.14062	 validation acc: 0.20508
15	650	loss: 1.88444185256958	lr: 0.10000
train acc: 0.15625	 validation acc: 0.10352
15	700	loss: 2.10800838470459	lr: 0.10000
train acc: 0.18750	 validation acc: 0.10547
15	750	loss: 2.246901273727417	lr: 0.10000
train acc: 0.14062	 validation acc: 0.18359
epoch:  15	epoch acc: 0.17955729166666667
16	0	loss: 2.1144614219665527	lr: 0.01000
train acc: 0.25000	 validation acc: 0.18555
16	50	loss: 1.8147494792938232	lr: 0.01000
train acc: 0.25000	 validation acc: 0.22852
16	100	loss: 1.8267184495925903	lr: 0.01000
train acc: 0.29688	 validation acc: 0.25391
16	150	loss: 1.8762050867080688	lr: 0.01000
train acc: 0.23438	 validation acc: 0.30664
16	200	loss: 1.6502509117126465	lr: 0.01000
train acc: 0.35938	 validation acc: 0.32227
16	250	loss: 1.6526225805282593	lr: 0.01000
train acc: 0.42188	 validation acc: 0.33398
16	300	loss: 1.7163878679275513	lr: 0.01000
train acc: 0.29688	 validation acc: 0.32031
16	350	loss: 1.7179697751998901	lr: 0.01000
train acc: 0.28125	 validation acc: 0.32617
16	400	loss: 1.8429298400878906	lr: 0.01000
train acc: 0.29688	 validation acc: 0.36719
16	450	loss: 1.5557469129562378	lr: 0.01000
train acc: 0.39062	 validation acc: 0.33008
16	500	loss: 1.7701009511947632	lr: 0.01000
train acc: 0.31250	 validation acc: 0.29297
16	550	loss: 1.6657170057296753	lr: 0.01000
train acc: 0.29688	 validation acc: 0.33203
16	600	loss: 1.752756118774414	lr: 0.01000
train acc: 0.32812	 validation acc: 0.32812
16	650	loss: 1.7077999114990234	lr: 0.01000
train acc: 0.32812	 validation acc: 0.36523
16	700	loss: 1.6119537353515625	lr: 0.01000
train acc: 0.45312	 validation acc: 0.39062
16	750	loss: 2.0715115070343018	lr: 0.01000
train acc: 0.18750	 validation acc: 0.33594
epoch:  16	epoch acc: 0.3580729166666667
17	0	loss: 1.9354543685913086	lr: 0.01000
train acc: 0.31250	 validation acc: 0.31250
17	50	loss: 1.5583093166351318	lr: 0.01000
train acc: 0.43750	 validation acc: 0.37500
17	100	loss: 1.643315076828003	lr: 0.01000
train acc: 0.34375	 validation acc: 0.35156
17	150	loss: 1.830011010169983	lr: 0.01000
train acc: 0.32812	 validation acc: 0.22070
17	200	loss: 1.519169807434082	lr: 0.01000
train acc: 0.32812	 validation acc: 0.34375
17	250	loss: 1.590623140335083	lr: 0.01000
train acc: 0.42188	 validation acc: 0.33594
17	300	loss: 1.761936902999878	lr: 0.01000
train acc: 0.34375	 validation acc: 0.33203
17	350	loss: 1.6195343732833862	lr: 0.01000
train acc: 0.34375	 validation acc: 0.36914
17	400	loss: 1.8193387985229492	lr: 0.01000
train acc: 0.26562	 validation acc: 0.33398
17	450	loss: 1.452677845954895	lr: 0.01000
train acc: 0.45312	 validation acc: 0.39453
17	500	loss: 1.5947880744934082	lr: 0.01000
train acc: 0.45312	 validation acc: 0.35156
17	550	loss: 1.5272208452224731	lr: 0.01000
train acc: 0.43750	 validation acc: 0.38867
17	600	loss: 1.6276726722717285	lr: 0.01000
train acc: 0.29688	 validation acc: 0.36523
17	650	loss: 1.7180562019348145	lr: 0.01000
train acc: 0.25000	 validation acc: 0.37500
17	700	loss: 1.5632225275039673	lr: 0.01000
train acc: 0.51562	 validation acc: 0.36914
17	750	loss: 1.985729455947876	lr: 0.01000
train acc: 0.26562	 validation acc: 0.40234
epoch:  17	epoch acc: 0.375390625
18	0	loss: 1.795694351196289	lr: 0.01000
train acc: 0.34375	 validation acc: 0.38477
18	50	loss: 1.4713910818099976	lr: 0.01000
train acc: 0.50000	 validation acc: 0.33984
18	100	loss: 1.58415687084198	lr: 0.01000
train acc: 0.35938	 validation acc: 0.36133
18	150	loss: 1.7221776247024536	lr: 0.01000
train acc: 0.35938	 validation acc: 0.38086
18	200	loss: 1.5200320482254028	lr: 0.01000
train acc: 0.40625	 validation acc: 0.35547
18	250	loss: 1.5315057039260864	lr: 0.01000
train acc: 0.40625	 validation acc: 0.31836
18	300	loss: 1.6706030368804932	lr: 0.01000
train acc: 0.29688	 validation acc: 0.39258
18	350	loss: 1.6491222381591797	lr: 0.01000
train acc: 0.39062	 validation acc: 0.37891
18	400	loss: 1.621891975402832	lr: 0.01000
train acc: 0.39062	 validation acc: 0.37109
18	450	loss: 1.4479299783706665	lr: 0.01000
train acc: 0.46875	 validation acc: 0.39844
18	500	loss: 1.6065839529037476	lr: 0.01000
train acc: 0.34375	 validation acc: 0.39453
18	550	loss: 1.5004661083221436	lr: 0.01000
train acc: 0.43750	 validation acc: 0.42383
18	600	loss: 1.5206537246704102	lr: 0.01000
train acc: 0.40625	 validation acc: 0.32617
18	650	loss: 1.765689492225647	lr: 0.01000
train acc: 0.35938	 validation acc: 0.37695
18	700	loss: 1.627680778503418	lr: 0.01000
train acc: 0.43750	 validation acc: 0.34180
18	750	loss: 1.8609204292297363	lr: 0.01000
train acc: 0.26562	 validation acc: 0.37500
epoch:  18	epoch acc: 0.4015625
19	0	loss: 1.7228643894195557	lr: 0.01000
train acc: 0.35938	 validation acc: 0.42773
19	50	loss: 1.4392423629760742	lr: 0.01000
train acc: 0.46875	 validation acc: 0.41016
19	100	loss: 1.5076826810836792	lr: 0.01000
train acc: 0.46875	 validation acc: 0.41992
19	150	loss: 1.655983805656433	lr: 0.01000
train acc: 0.37500	 validation acc: 0.41797
19	200	loss: 1.4138708114624023	lr: 0.01000
train acc: 0.48438	 validation acc: 0.40820
19	250	loss: 1.5852738618850708	lr: 0.01000
train acc: 0.35938	 validation acc: 0.39062
19	300	loss: 1.6503745317459106	lr: 0.01000
train acc: 0.31250	 validation acc: 0.37891
19	350	loss: 1.6165962219238281	lr: 0.01000
train acc: 0.35938	 validation acc: 0.29492
19	400	loss: 1.5888340473175049	lr: 0.01000
train acc: 0.40625	 validation acc: 0.42188
19	450	loss: 1.512403964996338	lr: 0.01000
train acc: 0.40625	 validation acc: 0.35938
19	500	loss: 1.5720233917236328	lr: 0.01000
train acc: 0.43750	 validation acc: 0.41992
19	550	loss: 1.3242133855819702	lr: 0.01000
train acc: 0.53125	 validation acc: 0.33984
19	600	loss: 1.6522467136383057	lr: 0.01000
train acc: 0.32812	 validation acc: 0.39062
19	650	loss: 1.5260123014450073	lr: 0.01000
train acc: 0.45312	 validation acc: 0.42383
19	700	loss: 1.4482145309448242	lr: 0.01000
train acc: 0.40625	 validation acc: 0.41992
19	750	loss: 1.817443609237671	lr: 0.01000
train acc: 0.31250	 validation acc: 0.42188
epoch:  19	epoch acc: 0.153125
20	0	loss: 1.611058235168457	lr: 0.01000
train acc: 0.43750	 validation acc: 0.20703
20	50	loss: 1.3762892484664917	lr: 0.01000
train acc: 0.51562	 validation acc: 0.24414
20	100	loss: 1.4005426168441772	lr: 0.01000
train acc: 0.45312	 validation acc: 0.30469
20	150	loss: 1.6283901929855347	lr: 0.01000
train acc: 0.39062	 validation acc: 0.38281
20	200	loss: 1.3720072507858276	lr: 0.01000
train acc: 0.46875	 validation acc: 0.44336
20	250	loss: 1.5039113759994507	lr: 0.01000
train acc: 0.37500	 validation acc: 0.36523
20	300	loss: 1.3696281909942627	lr: 0.01000
train acc: 0.50000	 validation acc: 0.26367
20	350	loss: 1.4602985382080078	lr: 0.01000
train acc: 0.48438	 validation acc: 0.39844
20	400	loss: 1.5544424057006836	lr: 0.01000
train acc: 0.45312	 validation acc: 0.34570
20	450	loss: 1.4528483152389526	lr: 0.01000
train acc: 0.50000	 validation acc: 0.40039
20	500	loss: 1.5141761302947998	lr: 0.01000
train acc: 0.45312	 validation acc: 0.41602
20	550	loss: 1.3681206703186035	lr: 0.01000
train acc: 0.50000	 validation acc: 0.40820
20	600	loss: 1.6350493431091309	lr: 0.01000
train acc: 0.40625	 validation acc: 0.37695
20	650	loss: 1.439903974533081	lr: 0.01000
train acc: 0.48438	 validation acc: 0.38477
20	700	loss: 1.503422737121582	lr: 0.01000
train acc: 0.39062	 validation acc: 0.36523
20	750	loss: 1.6918160915374756	lr: 0.01000
train acc: 0.45312	 validation acc: 0.34961
epoch:  20	epoch acc: 0.4108072916666667
21	0	loss: 1.5757339000701904	lr: 0.01000
train acc: 0.43750	 validation acc: 0.38867
21	50	loss: 1.4126893281936646	lr: 0.01000
train acc: 0.43750	 validation acc: 0.40820
21	100	loss: 1.3900247812271118	lr: 0.01000
train acc: 0.45312	 validation acc: 0.32617
21	150	loss: 1.6662309169769287	lr: 0.01000
train acc: 0.31250	 validation acc: 0.40039
21	200	loss: 1.2344938516616821	lr: 0.01000
train acc: 0.53125	 validation acc: 0.43164
21	250	loss: 1.3756533861160278	lr: 0.01000
train acc: 0.53125	 validation acc: 0.43945
21	300	loss: 1.3343243598937988	lr: 0.01000
train acc: 0.48438	 validation acc: 0.35156
21	350	loss: 1.4448984861373901	lr: 0.01000
train acc: 0.42188	 validation acc: 0.35156
21	400	loss: 1.5006080865859985	lr: 0.01000
train acc: 0.45312	 validation acc: 0.44922
21	450	loss: 1.3261629343032837	lr: 0.01000
train acc: 0.51562	 validation acc: 0.25586
21	500	loss: 1.5460665225982666	lr: 0.01000
train acc: 0.40625	 validation acc: 0.46094
21	550	loss: 1.236799716949463	lr: 0.01000
train acc: 0.62500	 validation acc: 0.42578
21	600	loss: 1.5302015542984009	lr: 0.01000
train acc: 0.39062	 validation acc: 0.45508
21	650	loss: 1.396817922592163	lr: 0.01000
train acc: 0.42188	 validation acc: 0.44922
21	700	loss: 1.4112439155578613	lr: 0.01000
train acc: 0.46875	 validation acc: 0.41797
21	750	loss: 1.8413581848144531	lr: 0.01000
train acc: 0.31250	 validation acc: 0.49414
epoch:  21	epoch acc: 0.358203125
22	0	loss: 1.6238516569137573	lr: 0.01000
train acc: 0.43750	 validation acc: 0.35352
22	50	loss: 1.4090925455093384	lr: 0.01000
train acc: 0.54688	 validation acc: 0.47266
22	100	loss: 1.3374419212341309	lr: 0.01000
train acc: 0.46875	 validation acc: 0.37891
22	150	loss: 1.567800760269165	lr: 0.01000
train acc: 0.43750	 validation acc: 0.41406
22	200	loss: 1.2682286500930786	lr: 0.01000
train acc: 0.57812	 validation acc: 0.20312
22	250	loss: 1.4390393495559692	lr: 0.01000
train acc: 0.53125	 validation acc: 0.42383
22	300	loss: 1.3523962497711182	lr: 0.01000
train acc: 0.54688	 validation acc: 0.25000
22	350	loss: 1.3735878467559814	lr: 0.01000
train acc: 0.51562	 validation acc: 0.43945
22	400	loss: 1.4059430360794067	lr: 0.01000
train acc: 0.50000	 validation acc: 0.25000
22	450	loss: 1.2911638021469116	lr: 0.01000
train acc: 0.50000	 validation acc: 0.28906
22	500	loss: 1.619242548942566	lr: 0.01000
train acc: 0.46875	 validation acc: 0.44141
22	550	loss: 1.1435741186141968	lr: 0.01000
train acc: 0.53125	 validation acc: 0.36328
22	600	loss: 1.4749051332473755	lr: 0.01000
train acc: 0.54688	 validation acc: 0.41797
22	650	loss: 1.486071228981018	lr: 0.01000
train acc: 0.43750	 validation acc: 0.24219
22	700	loss: 1.4696972370147705	lr: 0.01000
train acc: 0.48438	 validation acc: 0.44141
22	750	loss: 1.67122220993042	lr: 0.01000
train acc: 0.35938	 validation acc: 0.32227
epoch:  22	epoch acc: 0.3907552083333333
23	0	loss: 1.669592022895813	lr: 0.01000
train acc: 0.43750	 validation acc: 0.39258
23	50	loss: 1.3398561477661133	lr: 0.01000
train acc: 0.56250	 validation acc: 0.36719
23	100	loss: 1.3420521020889282	lr: 0.01000
train acc: 0.51562	 validation acc: 0.24609
23	150	loss: 1.5766279697418213	lr: 0.01000
train acc: 0.42188	 validation acc: 0.41016
23	200	loss: 1.2242279052734375	lr: 0.01000
train acc: 0.56250	 validation acc: 0.19141
23	250	loss: 1.3960927724838257	lr: 0.01000
train acc: 0.45312	 validation acc: 0.42383
23	300	loss: 1.4090838432312012	lr: 0.01000
train acc: 0.35938	 validation acc: 0.36719
23	350	loss: 1.4900150299072266	lr: 0.01000
train acc: 0.45312	 validation acc: 0.40820
23	400	loss: 1.3444418907165527	lr: 0.01000
train acc: 0.54688	 validation acc: 0.41211
23	450	loss: 1.3585152626037598	lr: 0.01000
train acc: 0.46875	 validation acc: 0.41016
23	500	loss: 1.4884921312332153	lr: 0.01000
train acc: 0.48438	 validation acc: 0.47266
23	550	loss: 1.1776323318481445	lr: 0.01000
train acc: 0.64062	 validation acc: 0.35547
23	600	loss: 1.4599847793579102	lr: 0.01000
train acc: 0.45312	 validation acc: 0.29883
23	650	loss: 1.4110362529754639	lr: 0.01000
train acc: 0.51562	 validation acc: 0.39062
23	700	loss: 1.4682207107543945	lr: 0.01000
train acc: 0.51562	 validation acc: 0.32422
23	750	loss: 1.8097296953201294	lr: 0.01000
train acc: 0.35938	 validation acc: 0.45312
epoch:  23	epoch acc: 0.35520833333333335
24	0	loss: 1.6018040180206299	lr: 0.01000
train acc: 0.46875	 validation acc: 0.36914
24	50	loss: 1.319245457649231	lr: 0.01000
train acc: 0.53125	 validation acc: 0.33398
24	100	loss: 1.2845317125320435	lr: 0.01000
train acc: 0.54688	 validation acc: 0.39648
24	150	loss: 1.572286605834961	lr: 0.01000
train acc: 0.37500	 validation acc: 0.41602
24	200	loss: 1.16679847240448	lr: 0.01000
train acc: 0.54688	 validation acc: 0.41406
24	250	loss: 1.2645857334136963	lr: 0.01000
train acc: 0.53125	 validation acc: 0.45117
24	300	loss: 1.4049344062805176	lr: 0.01000
train acc: 0.57812	 validation acc: 0.43750
24	350	loss: 1.4325628280639648	lr: 0.01000
train acc: 0.37500	 validation acc: 0.42188
24	400	loss: 1.3524450063705444	lr: 0.01000
train acc: 0.50000	 validation acc: 0.50391
24	450	loss: 1.2248197793960571	lr: 0.01000
train acc: 0.59375	 validation acc: 0.44727
24	500	loss: 1.4320441484451294	lr: 0.01000
train acc: 0.46875	 validation acc: 0.50586
24	550	loss: 1.2050610780715942	lr: 0.01000
train acc: 0.62500	 validation acc: 0.39062
24	600	loss: 1.3641002178192139	lr: 0.01000
train acc: 0.46875	 validation acc: 0.39453
24	650	loss: 1.2889102697372437	lr: 0.01000
train acc: 0.59375	 validation acc: 0.42578
24	700	loss: 1.4365921020507812	lr: 0.01000
train acc: 0.53125	 validation acc: 0.43750
24	750	loss: 1.6193761825561523	lr: 0.01000
train acc: 0.39062	 validation acc: 0.53711
epoch:  24	epoch acc: 0.4217447916666667
25	0	loss: 1.482074499130249	lr: 0.00100
train acc: 0.42188	 validation acc: 0.46875
25	50	loss: 1.212782621383667	lr: 0.00100
train acc: 0.51562	 validation acc: 0.53906
25	100	loss: 1.2805500030517578	lr: 0.00100
train acc: 0.53125	 validation acc: 0.55273
25	150	loss: 1.4918453693389893	lr: 0.00100
train acc: 0.45312	 validation acc: 0.54883
25	200	loss: 1.0590964555740356	lr: 0.00100
train acc: 0.54688	 validation acc: 0.54883
25	250	loss: 1.2197657823562622	lr: 0.00100
train acc: 0.59375	 validation acc: 0.55078
25	300	loss: 1.3123754262924194	lr: 0.00100
train acc: 0.54688	 validation acc: 0.56445
25	350	loss: 1.4238307476043701	lr: 0.00100
train acc: 0.48438	 validation acc: 0.55078
25	400	loss: 1.274370789527893	lr: 0.00100
train acc: 0.51562	 validation acc: 0.56836
25	450	loss: 1.1884384155273438	lr: 0.00100
train acc: 0.54688	 validation acc: 0.54688
25	500	loss: 1.3463679552078247	lr: 0.00100
train acc: 0.50000	 validation acc: 0.53320
25	550	loss: 1.0760902166366577	lr: 0.00100
train acc: 0.62500	 validation acc: 0.56055
25	600	loss: 1.2040183544158936	lr: 0.00100
train acc: 0.50000	 validation acc: 0.55469
25	650	loss: 1.2726399898529053	lr: 0.00100
train acc: 0.51562	 validation acc: 0.54883
25	700	loss: 1.3461670875549316	lr: 0.00100
train acc: 0.43750	 validation acc: 0.54297
25	750	loss: 1.4812490940093994	lr: 0.00100
train acc: 0.34375	 validation acc: 0.55273
epoch:  25	epoch acc: 0.5567708333333333
26	0	loss: 1.2957595586776733	lr: 0.00100
train acc: 0.50000	 validation acc: 0.54297
26	50	loss: 1.2312836647033691	lr: 0.00100
train acc: 0.54688	 validation acc: 0.54297
26	100	loss: 1.2753081321716309	lr: 0.00100
train acc: 0.48438	 validation acc: 0.56250
26	150	loss: 1.496832013130188	lr: 0.00100
train acc: 0.48438	 validation acc: 0.55664
26	200	loss: 0.9674059748649597	lr: 0.00100
train acc: 0.64062	 validation acc: 0.54297
26	250	loss: 1.2024872303009033	lr: 0.00100
train acc: 0.54688	 validation acc: 0.54297
26	300	loss: 1.2171999216079712	lr: 0.00100
train acc: 0.60938	 validation acc: 0.56836
26	350	loss: 1.245845913887024	lr: 0.00100
train acc: 0.50000	 validation acc: 0.54102
26	400	loss: 1.1276648044586182	lr: 0.00100
train acc: 0.57812	 validation acc: 0.56641
26	450	loss: 1.1360094547271729	lr: 0.00100
train acc: 0.57812	 validation acc: 0.53320
26	500	loss: 1.314269781112671	lr: 0.00100
train acc: 0.50000	 validation acc: 0.57227
26	550	loss: 0.9788082838058472	lr: 0.00100
train acc: 0.70312	 validation acc: 0.57422
26	600	loss: 1.2550146579742432	lr: 0.00100
train acc: 0.54688	 validation acc: 0.56836
26	650	loss: 1.3289692401885986	lr: 0.00100
train acc: 0.53125	 validation acc: 0.56250
26	700	loss: 1.2332216501235962	lr: 0.00100
train acc: 0.50000	 validation acc: 0.55078
26	750	loss: 1.4013506174087524	lr: 0.00100
train acc: 0.48438	 validation acc: 0.57617
epoch:  26	epoch acc: 0.573828125
27	0	loss: 1.2824060916900635	lr: 0.00100
train acc: 0.59375	 validation acc: 0.57227
27	50	loss: 1.2671048641204834	lr: 0.00100
train acc: 0.56250	 validation acc: 0.58008
27	100	loss: 1.1861135959625244	lr: 0.00100
train acc: 0.48438	 validation acc: 0.58203
27	150	loss: 1.415348768234253	lr: 0.00100
train acc: 0.53125	 validation acc: 0.56445
27	200	loss: 1.0027453899383545	lr: 0.00100
train acc: 0.59375	 validation acc: 0.57227
27	250	loss: 1.1271247863769531	lr: 0.00100
train acc: 0.62500	 validation acc: 0.56445
27	300	loss: 1.3094910383224487	lr: 0.00100
train acc: 0.54688	 validation acc: 0.57812
27	350	loss: 1.2014085054397583	lr: 0.00100
train acc: 0.54688	 validation acc: 0.56641
27	400	loss: 1.0720118284225464	lr: 0.00100
train acc: 0.57812	 validation acc: 0.57617
27	450	loss: 1.0480819940567017	lr: 0.00100
train acc: 0.64062	 validation acc: 0.55078
27	500	loss: 1.3704687356948853	lr: 0.00100
train acc: 0.48438	 validation acc: 0.57812
27	550	loss: 0.9290944337844849	lr: 0.00100
train acc: 0.67188	 validation acc: 0.58203
27	600	loss: 1.2805933952331543	lr: 0.00100
train acc: 0.48438	 validation acc: 0.57617
27	650	loss: 1.1964575052261353	lr: 0.00100
train acc: 0.64062	 validation acc: 0.58203
27	700	loss: 1.3203452825546265	lr: 0.00100
train acc: 0.57812	 validation acc: 0.56055
27	750	loss: 1.3425484895706177	lr: 0.00100
train acc: 0.53125	 validation acc: 0.57812
epoch:  27	epoch acc: 0.5868489583333333
28	0	loss: 1.2120023965835571	lr: 0.00100
train acc: 0.53125	 validation acc: 0.56836
28	50	loss: 1.1165640354156494	lr: 0.00100
train acc: 0.57812	 validation acc: 0.58398
28	100	loss: 1.2231303453445435	lr: 0.00100
train acc: 0.53125	 validation acc: 0.57812
28	150	loss: 1.4144096374511719	lr: 0.00100
train acc: 0.57812	 validation acc: 0.58594
28	200	loss: 0.934302568435669	lr: 0.00100
train acc: 0.65625	 validation acc: 0.58398
28	250	loss: 1.1884031295776367	lr: 0.00100
train acc: 0.56250	 validation acc: 0.58789
28	300	loss: 1.2991888523101807	lr: 0.00100
train acc: 0.54688	 validation acc: 0.58594
28	350	loss: 1.2308015823364258	lr: 0.00100
train acc: 0.53125	 validation acc: 0.61914
28	400	loss: 1.0362238883972168	lr: 0.00100
train acc: 0.64062	 validation acc: 0.59961
28	450	loss: 1.0353915691375732	lr: 0.00100
train acc: 0.62500	 validation acc: 0.60352
28	500	loss: 1.3393430709838867	lr: 0.00100
train acc: 0.51562	 validation acc: 0.59961
28	550	loss: 0.819386899471283	lr: 0.00100
train acc: 0.73438	 validation acc: 0.61133
28	600	loss: 1.0914373397827148	lr: 0.00100
train acc: 0.59375	 validation acc: 0.58789
28	650	loss: 1.2208060026168823	lr: 0.00100
train acc: 0.62500	 validation acc: 0.60156
28	700	loss: 1.278367042541504	lr: 0.00100
train acc: 0.54688	 validation acc: 0.57617
28	750	loss: 1.3551517724990845	lr: 0.00100
train acc: 0.54688	 validation acc: 0.61523
epoch:  28	epoch acc: 0.6063802083333333
29	0	loss: 1.1535757780075073	lr: 0.00100
train acc: 0.62500	 validation acc: 0.61328
29	50	loss: 1.1425303220748901	lr: 0.00100
train acc: 0.54688	 validation acc: 0.59180
29	100	loss: 1.0049718618392944	lr: 0.00100
train acc: 0.67188	 validation acc: 0.61719
29	150	loss: 1.3002245426177979	lr: 0.00100
train acc: 0.57812	 validation acc: 0.60547
29	200	loss: 0.9549340009689331	lr: 0.00100
train acc: 0.65625	 validation acc: 0.60742
29	250	loss: 1.0690245628356934	lr: 0.00100
train acc: 0.68750	 validation acc: 0.61719
29	300	loss: 0.9982118606567383	lr: 0.00100
train acc: 0.71875	 validation acc: 0.62109
29	350	loss: 1.1344960927963257	lr: 0.00100
train acc: 0.59375	 validation acc: 0.60938
29	400	loss: 1.0444906949996948	lr: 0.00100
train acc: 0.62500	 validation acc: 0.64648
29	450	loss: 0.9749526977539062	lr: 0.00100
train acc: 0.60938	 validation acc: 0.59961
29	500	loss: 1.259682297706604	lr: 0.00100
train acc: 0.56250	 validation acc: 0.63086
29	550	loss: 0.850725531578064	lr: 0.00100
train acc: 0.70312	 validation acc: 0.60742
29	600	loss: 1.1524602174758911	lr: 0.00100
train acc: 0.56250	 validation acc: 0.59961
29	650	loss: 1.0005255937576294	lr: 0.00100
train acc: 0.68750	 validation acc: 0.64062
29	700	loss: 1.0880848169326782	lr: 0.00100
train acc: 0.65625	 validation acc: 0.60938
29	750	loss: 1.2232977151870728	lr: 0.00100
train acc: 0.50000	 validation acc: 0.63086
epoch:  29	epoch acc: 0.640234375
30	0	loss: 1.0398898124694824	lr: 0.00100
train acc: 0.71875	 validation acc: 0.62109
30	50	loss: 0.9600228071212769	lr: 0.00100
train acc: 0.67188	 validation acc: 0.61328
30	100	loss: 1.0984361171722412	lr: 0.00100
train acc: 0.67188	 validation acc: 0.60742
30	150	loss: 1.2552576065063477	lr: 0.00100
train acc: 0.59375	 validation acc: 0.62500
30	200	loss: 0.7787599563598633	lr: 0.00100
train acc: 0.75000	 validation acc: 0.61914
30	250	loss: 1.008069634437561	lr: 0.00100
train acc: 0.64062	 validation acc: 0.61133
30	300	loss: 1.042163610458374	lr: 0.00100
train acc: 0.65625	 validation acc: 0.63086
30	350	loss: 1.1083835363388062	lr: 0.00100
train acc: 0.59375	 validation acc: 0.63281
30	400	loss: 0.8532413840293884	lr: 0.00100
train acc: 0.70312	 validation acc: 0.62695
30	450	loss: 0.9682478904724121	lr: 0.00100
train acc: 0.68750	 validation acc: 0.63477
30	500	loss: 1.2414090633392334	lr: 0.00100
train acc: 0.56250	 validation acc: 0.62891
30	550	loss: 0.7837172150611877	lr: 0.00100
train acc: 0.71875	 validation acc: 0.59961
30	600	loss: 1.0278862714767456	lr: 0.00100
train acc: 0.62500	 validation acc: 0.62891
30	650	loss: 0.9703845977783203	lr: 0.00100
train acc: 0.67188	 validation acc: 0.61914
30	700	loss: 1.1500262022018433	lr: 0.00100
train acc: 0.60938	 validation acc: 0.62109
30	750	loss: 1.1185446977615356	lr: 0.00100
train acc: 0.57812	 validation acc: 0.62695
epoch:  30	epoch acc: 0.6419270833333334
31	0	loss: 1.123831868171692	lr: 0.00100
train acc: 0.64062	 validation acc: 0.63672
31	50	loss: 1.051958680152893	lr: 0.00100
train acc: 0.60938	 validation acc: 0.61719
31	100	loss: 0.9968244433403015	lr: 0.00100
train acc: 0.67188	 validation acc: 0.63477
31	150	loss: 1.1963305473327637	lr: 0.00100
train acc: 0.67188	 validation acc: 0.60547
31	200	loss: 0.9024807214736938	lr: 0.00100
train acc: 0.65625	 validation acc: 0.63477
31	250	loss: 0.9719356298446655	lr: 0.00100
train acc: 0.67188	 validation acc: 0.65234
31	300	loss: 1.0389448404312134	lr: 0.00100
train acc: 0.64062	 validation acc: 0.63867
31	350	loss: 0.9941451549530029	lr: 0.00100
train acc: 0.60938	 validation acc: 0.65430
31	400	loss: 0.9173099398612976	lr: 0.00100
train acc: 0.67188	 validation acc: 0.64258
31	450	loss: 0.8815739154815674	lr: 0.00100
train acc: 0.68750	 validation acc: 0.63281
31	500	loss: 1.2877525091171265	lr: 0.00100
train acc: 0.57812	 validation acc: 0.66016
31	550	loss: 0.7913138270378113	lr: 0.00100
train acc: 0.76562	 validation acc: 0.62500
31	600	loss: 1.032580018043518	lr: 0.00100
train acc: 0.67188	 validation acc: 0.63867
31	650	loss: 0.921480119228363	lr: 0.00100
train acc: 0.65625	 validation acc: 0.64453
31	700	loss: 1.1444889307022095	lr: 0.00100
train acc: 0.64062	 validation acc: 0.65039
31	750	loss: 1.1430708169937134	lr: 0.00100
train acc: 0.53125	 validation acc: 0.65820
epoch:  31	epoch acc: 0.6544270833333333
32	0	loss: 1.000789761543274	lr: 0.00100
train acc: 0.70312	 validation acc: 0.64062
32	50	loss: 0.8777201771736145	lr: 0.00100
train acc: 0.60938	 validation acc: 0.63477
32	100	loss: 1.0023993253707886	lr: 0.00100
train acc: 0.57812	 validation acc: 0.64648
32	150	loss: 1.116154432296753	lr: 0.00100
train acc: 0.64062	 validation acc: 0.65234
32	200	loss: 0.817708432674408	lr: 0.00100
train acc: 0.70312	 validation acc: 0.61328
32	250	loss: 0.994308590888977	lr: 0.00100
train acc: 0.64062	 validation acc: 0.63867
32	300	loss: 1.164901614189148	lr: 0.00100
train acc: 0.56250	 validation acc: 0.64844
32	350	loss: 1.0607471466064453	lr: 0.00100
train acc: 0.56250	 validation acc: 0.64258
32	400	loss: 0.892257571220398	lr: 0.00100
train acc: 0.73438	 validation acc: 0.65234
32	450	loss: 0.7306801080703735	lr: 0.00100
train acc: 0.75000	 validation acc: 0.63477
32	500	loss: 1.263136625289917	lr: 0.00100
train acc: 0.56250	 validation acc: 0.65625
32	550	loss: 0.7869528532028198	lr: 0.00100
train acc: 0.73438	 validation acc: 0.64062
32	600	loss: 0.9769109487533569	lr: 0.00100
train acc: 0.70312	 validation acc: 0.66406
32	650	loss: 0.9654561877250671	lr: 0.00100
train acc: 0.71875	 validation acc: 0.64648
32	700	loss: 1.0918030738830566	lr: 0.00100
train acc: 0.64062	 validation acc: 0.63477
32	750	loss: 1.1636964082717896	lr: 0.00100
train acc: 0.54688	 validation acc: 0.67188
epoch:  32	epoch acc: 0.6588541666666666
33	0	loss: 1.048646330833435	lr: 0.00100
train acc: 0.65625	 validation acc: 0.65234
33	50	loss: 0.8682093620300293	lr: 0.00100
train acc: 0.65625	 validation acc: 0.65234
33	100	loss: 1.1538101434707642	lr: 0.00100
train acc: 0.56250	 validation acc: 0.65820
33	150	loss: 1.1592674255371094	lr: 0.00100
train acc: 0.67188	 validation acc: 0.62305
33	200	loss: 0.7789011597633362	lr: 0.00100
train acc: 0.68750	 validation acc: 0.63867
33	250	loss: 0.9418939352035522	lr: 0.00100
train acc: 0.68750	 validation acc: 0.66211
33	300	loss: 1.0624102354049683	lr: 0.00100
train acc: 0.65625	 validation acc: 0.65234
33	350	loss: 1.0024081468582153	lr: 0.00100
train acc: 0.57812	 validation acc: 0.65039
33	400	loss: 0.8188893795013428	lr: 0.00100
train acc: 0.71875	 validation acc: 0.66992
33	450	loss: 0.774957537651062	lr: 0.00100
train acc: 0.70312	 validation acc: 0.63477
33	500	loss: 1.24958336353302	lr: 0.00100
train acc: 0.57812	 validation acc: 0.63477
33	550	loss: 0.8018977642059326	lr: 0.00100
train acc: 0.71875	 validation acc: 0.64453
33	600	loss: 1.0333235263824463	lr: 0.00100
train acc: 0.62500	 validation acc: 0.65234
33	650	loss: 0.8794445395469666	lr: 0.00100
train acc: 0.68750	 validation acc: 0.66016
33	700	loss: 1.0159696340560913	lr: 0.00100
train acc: 0.68750	 validation acc: 0.64844
33	750	loss: 1.0566569566726685	lr: 0.00100
train acc: 0.57812	 validation acc: 0.68555
epoch:  33	epoch acc: 0.6623697916666667
34	0	loss: 1.0753450393676758	lr: 0.00010
train acc: 0.64062	 validation acc: 0.66406
34	50	loss: 0.9130629897117615	lr: 0.00010
train acc: 0.64062	 validation acc: 0.66992
34	100	loss: 0.9393918514251709	lr: 0.00010
train acc: 0.68750	 validation acc: 0.67188
34	150	loss: 1.1169171333312988	lr: 0.00010
train acc: 0.60938	 validation acc: 0.67188
34	200	loss: 0.78275465965271	lr: 0.00010
train acc: 0.68750	 validation acc: 0.67773
34	250	loss: 0.9391006231307983	lr: 0.00010
train acc: 0.65625	 validation acc: 0.66797
34	300	loss: 0.9673917293548584	lr: 0.00010
train acc: 0.64062	 validation acc: 0.66797
34	350	loss: 1.0312589406967163	lr: 0.00010
train acc: 0.57812	 validation acc: 0.67383
34	400	loss: 0.8329684138298035	lr: 0.00010
train acc: 0.67188	 validation acc: 0.67188
34	450	loss: 0.7530169486999512	lr: 0.00010
train acc: 0.73438	 validation acc: 0.66992
34	500	loss: 1.120409607887268	lr: 0.00010
train acc: 0.65625	 validation acc: 0.67773
34	550	loss: 0.7837263345718384	lr: 0.00010
train acc: 0.73438	 validation acc: 0.67188
34	600	loss: 0.84124356508255	lr: 0.00010
train acc: 0.71875	 validation acc: 0.67383
34	650	loss: 0.8019977807998657	lr: 0.00010
train acc: 0.76562	 validation acc: 0.67773
34	700	loss: 0.9191388487815857	lr: 0.00010
train acc: 0.71875	 validation acc: 0.67773
34	750	loss: 0.9806321263313293	lr: 0.00010
train acc: 0.65625	 validation acc: 0.68555
epoch:  34	epoch acc: 0.6764322916666666
35	0	loss: 0.9410226345062256	lr: 0.00010
train acc: 0.73438	 validation acc: 0.67383
35	50	loss: 0.8999811410903931	lr: 0.00010
train acc: 0.65625	 validation acc: 0.68750
35	100	loss: 0.9259253144264221	lr: 0.00010
train acc: 0.65625	 validation acc: 0.67578
35	150	loss: 1.1215320825576782	lr: 0.00010
train acc: 0.60938	 validation acc: 0.68945
35	200	loss: 0.8402572870254517	lr: 0.00010
train acc: 0.64062	 validation acc: 0.67969
35	250	loss: 0.9116259813308716	lr: 0.00010
train acc: 0.70312	 validation acc: 0.67578
35	300	loss: 1.0664527416229248	lr: 0.00010
train acc: 0.65625	 validation acc: 0.67188
35	350	loss: 0.9335076212882996	lr: 0.00010
train acc: 0.65625	 validation acc: 0.68359
35	400	loss: 0.8063701391220093	lr: 0.00010
train acc: 0.78125	 validation acc: 0.67188
35	450	loss: 0.7585033178329468	lr: 0.00010
train acc: 0.73438	 validation acc: 0.67969
35	500	loss: 1.1843538284301758	lr: 0.00010
train acc: 0.65625	 validation acc: 0.68164
35	550	loss: 0.8255126476287842	lr: 0.00010
train acc: 0.73438	 validation acc: 0.67188
35	600	loss: 0.898104727268219	lr: 0.00010
train acc: 0.62500	 validation acc: 0.67773
35	650	loss: 0.8107132315635681	lr: 0.00010
train acc: 0.67188	 validation acc: 0.68359
35	700	loss: 1.076857089996338	lr: 0.00010
train acc: 0.64062	 validation acc: 0.67773
35	750	loss: 0.9064013957977295	lr: 0.00010
train acc: 0.68750	 validation acc: 0.67969
epoch:  35	epoch acc: 0.680859375
36	0	loss: 0.9007526636123657	lr: 0.00010
train acc: 0.71875	 validation acc: 0.67188
36	50	loss: 0.859986424446106	lr: 0.00010
train acc: 0.67188	 validation acc: 0.67383
36	100	loss: 0.9637777805328369	lr: 0.00010
train acc: 0.70312	 validation acc: 0.66992
36	150	loss: 1.1575558185577393	lr: 0.00010
train acc: 0.64062	 validation acc: 0.66797
36	200	loss: 0.7505212426185608	lr: 0.00010
train acc: 0.73438	 validation acc: 0.67578
36	250	loss: 0.9159150123596191	lr: 0.00010
train acc: 0.75000	 validation acc: 0.67578
36	300	loss: 1.042855978012085	lr: 0.00010
train acc: 0.65625	 validation acc: 0.68164
36	350	loss: 1.0208605527877808	lr: 0.00010
train acc: 0.62500	 validation acc: 0.68945
36	400	loss: 0.7734692096710205	lr: 0.00010
train acc: 0.73438	 validation acc: 0.67383
36	450	loss: 0.7933740615844727	lr: 0.00010
train acc: 0.68750	 validation acc: 0.66992
36	500	loss: 1.1877306699752808	lr: 0.00010
train acc: 0.57812	 validation acc: 0.67969
36	550	loss: 0.8093018531799316	lr: 0.00010
train acc: 0.71875	 validation acc: 0.67188
36	600	loss: 0.9446188807487488	lr: 0.00010
train acc: 0.60938	 validation acc: 0.67383
36	650	loss: 0.7573761343955994	lr: 0.00010
train acc: 0.73438	 validation acc: 0.67578
36	700	loss: 0.9456154108047485	lr: 0.00010
train acc: 0.70312	 validation acc: 0.67188
36	750	loss: 0.9448003172874451	lr: 0.00010
train acc: 0.64062	 validation acc: 0.67773
epoch:  36	epoch acc: 0.6829427083333334
37	0	loss: 0.9183027148246765	lr: 0.00010
train acc: 0.67188	 validation acc: 0.67188
37	50	loss: 0.8887560963630676	lr: 0.00010
train acc: 0.67188	 validation acc: 0.67383
37	100	loss: 0.9580973982810974	lr: 0.00010
train acc: 0.64062	 validation acc: 0.68164
37	150	loss: 1.1174722909927368	lr: 0.00010
train acc: 0.67188	 validation acc: 0.68359
37	200	loss: 0.7746621370315552	lr: 0.00010
train acc: 0.68750	 validation acc: 0.67773
37	250	loss: 0.9492003917694092	lr: 0.00010
train acc: 0.70312	 validation acc: 0.67773
37	300	loss: 0.9541633129119873	lr: 0.00010
train acc: 0.65625	 validation acc: 0.67188
37	350	loss: 0.9953672289848328	lr: 0.00010
train acc: 0.59375	 validation acc: 0.67578
37	400	loss: 0.7750867009162903	lr: 0.00010
train acc: 0.71875	 validation acc: 0.67578
37	450	loss: 0.8017154335975647	lr: 0.00010
train acc: 0.71875	 validation acc: 0.67383
37	500	loss: 1.2601617574691772	lr: 0.00010
train acc: 0.62500	 validation acc: 0.68164
37	550	loss: 0.7330566644668579	lr: 0.00010
train acc: 0.76562	 validation acc: 0.67188
37	600	loss: 0.9005852937698364	lr: 0.00010
train acc: 0.71875	 validation acc: 0.68750
37	650	loss: 0.7852261662483215	lr: 0.00010
train acc: 0.73438	 validation acc: 0.67969
37	700	loss: 1.076712965965271	lr: 0.00010
train acc: 0.65625	 validation acc: 0.68359
37	750	loss: 0.9283918142318726	lr: 0.00010
train acc: 0.62500	 validation acc: 0.67383
epoch:  37	epoch acc: 0.6809895833333334
38	0	loss: 0.8924652934074402	lr: 0.00010
train acc: 0.68750	 validation acc: 0.67188
38	50	loss: 0.8555335998535156	lr: 0.00010
train acc: 0.71875	 validation acc: 0.67969
38	100	loss: 1.0490974187850952	lr: 0.00010
train acc: 0.62500	 validation acc: 0.68555
38	150	loss: 1.0916515588760376	lr: 0.00010
train acc: 0.60938	 validation acc: 0.67969
38	200	loss: 0.7304711937904358	lr: 0.00010
train acc: 0.71875	 validation acc: 0.67578
38	250	loss: 0.9145815968513489	lr: 0.00010
train acc: 0.70312	 validation acc: 0.68164
38	300	loss: 1.0449891090393066	lr: 0.00010
train acc: 0.65625	 validation acc: 0.68164
38	350	loss: 1.0510563850402832	lr: 0.00010
train acc: 0.60938	 validation acc: 0.68164
38	400	loss: 0.8690810203552246	lr: 0.00010
train acc: 0.67188	 validation acc: 0.67383
38	450	loss: 0.8332036137580872	lr: 0.00010
train acc: 0.70312	 validation acc: 0.68359
38	500	loss: 1.141810655593872	lr: 0.00010
train acc: 0.62500	 validation acc: 0.68555
38	550	loss: 0.6769816875457764	lr: 0.00010
train acc: 0.75000	 validation acc: 0.68359
38	600	loss: 0.9782949686050415	lr: 0.00010
train acc: 0.62500	 validation acc: 0.67969
38	650	loss: 0.7878500819206238	lr: 0.00010
train acc: 0.68750	 validation acc: 0.67188
38	700	loss: 1.0165488719940186	lr: 0.00010
train acc: 0.68750	 validation acc: 0.67383
38	750	loss: 0.9800724983215332	lr: 0.00010
train acc: 0.68750	 validation acc: 0.68945
epoch:  38	epoch acc: 0.6845052083333333
39	0	loss: 0.8968143463134766	lr: 0.00010
train acc: 0.64062	 validation acc: 0.67383
39	50	loss: 0.9019810557365417	lr: 0.00010
train acc: 0.70312	 validation acc: 0.68164
39	100	loss: 0.9784149527549744	lr: 0.00010
train acc: 0.60938	 validation acc: 0.67773
39	150	loss: 1.018458366394043	lr: 0.00010
train acc: 0.68750	 validation acc: 0.67773
39	200	loss: 0.8087419271469116	lr: 0.00010
train acc: 0.70312	 validation acc: 0.67578
39	250	loss: 0.9602195024490356	lr: 0.00010
train acc: 0.73438	 validation acc: 0.67383
39	300	loss: 1.0187222957611084	lr: 0.00010
train acc: 0.65625	 validation acc: 0.66992
39	350	loss: 0.9140140414237976	lr: 0.00010
train acc: 0.67188	 validation acc: 0.68555
39	400	loss: 0.8645766973495483	lr: 0.00010
train acc: 0.70312	 validation acc: 0.67773
39	450	loss: 0.7676253914833069	lr: 0.00010
train acc: 0.73438	 validation acc: 0.68555
39	500	loss: 1.2202783823013306	lr: 0.00010
train acc: 0.60938	 validation acc: 0.68359
39	550	loss: 0.771729052066803	lr: 0.00010
train acc: 0.71875	 validation acc: 0.68945
39	600	loss: 0.912713348865509	lr: 0.00010
train acc: 0.65625	 validation acc: 0.68945
39	650	loss: 0.9141696095466614	lr: 0.00010
train acc: 0.70312	 validation acc: 0.69141
39	700	loss: 1.0165879726409912	lr: 0.00010
train acc: 0.65625	 validation acc: 0.68750
39	750	loss: 0.994547426700592	lr: 0.00010
train acc: 0.65625	 validation acc: 0.67773
epoch:  39	epoch acc: 0.6858072916666667
40	0	loss: 0.8802198767662048	lr: 0.00010
train acc: 0.65625	 validation acc: 0.69141
40	50	loss: 0.9558698534965515	lr: 0.00010
train acc: 0.64062	 validation acc: 0.68164
40	100	loss: 0.9852660298347473	lr: 0.00010
train acc: 0.64062	 validation acc: 0.67969
40	150	loss: 1.1018387079238892	lr: 0.00010
train acc: 0.64062	 validation acc: 0.67578
40	200	loss: 0.7754127979278564	lr: 0.00010
train acc: 0.68750	 validation acc: 0.67969
40	250	loss: 0.9099975228309631	lr: 0.00010
train acc: 0.71875	 validation acc: 0.67383
40	300	loss: 1.0180561542510986	lr: 0.00010
train acc: 0.67188	 validation acc: 0.67383
40	350	loss: 1.0332539081573486	lr: 0.00010
train acc: 0.59375	 validation acc: 0.68555
40	400	loss: 0.7854694128036499	lr: 0.00010
train acc: 0.76562	 validation acc: 0.68359
40	450	loss: 0.7338110208511353	lr: 0.00010
train acc: 0.75000	 validation acc: 0.67969
40	500	loss: 1.1543517112731934	lr: 0.00010
train acc: 0.67188	 validation acc: 0.68359
40	550	loss: 0.7699782252311707	lr: 0.00010
train acc: 0.78125	 validation acc: 0.68359
40	600	loss: 0.7922394275665283	lr: 0.00010
train acc: 0.68750	 validation acc: 0.67773
40	650	loss: 0.8861027359962463	lr: 0.00010
train acc: 0.67188	 validation acc: 0.66992
40	700	loss: 1.0287754535675049	lr: 0.00010
train acc: 0.70312	 validation acc: 0.67773
40	750	loss: 0.9407369494438171	lr: 0.00010
train acc: 0.57812	 validation acc: 0.68164
epoch:  40	epoch acc: 0.6877604166666667
41	0	loss: 0.827342689037323	lr: 0.00010
train acc: 0.71875	 validation acc: 0.68359
41	50	loss: 0.9133276343345642	lr: 0.00010
train acc: 0.65625	 validation acc: 0.68945
41	100	loss: 0.956851065158844	lr: 0.00010
train acc: 0.68750	 validation acc: 0.68359
41	150	loss: 1.0472290515899658	lr: 0.00010
train acc: 0.64062	 validation acc: 0.68164
41	200	loss: 0.7383850812911987	lr: 0.00010
train acc: 0.64062	 validation acc: 0.68164
41	250	loss: 0.8724747896194458	lr: 0.00010
train acc: 0.71875	 validation acc: 0.67383
41	300	loss: 0.8943341374397278	lr: 0.00010
train acc: 0.70312	 validation acc: 0.67578
41	350	loss: 0.9941937923431396	lr: 0.00010
train acc: 0.62500	 validation acc: 0.68555
41	400	loss: 0.761797308921814	lr: 0.00010
train acc: 0.71875	 validation acc: 0.68359
41	450	loss: 0.6982625722885132	lr: 0.00010
train acc: 0.73438	 validation acc: 0.68750
41	500	loss: 1.1788182258605957	lr: 0.00010
train acc: 0.62500	 validation acc: 0.69141
41	550	loss: 0.7074015736579895	lr: 0.00010
train acc: 0.75000	 validation acc: 0.67969
41	600	loss: 0.9113185405731201	lr: 0.00010
train acc: 0.60938	 validation acc: 0.68164
41	650	loss: 0.8567969799041748	lr: 0.00010
train acc: 0.67188	 validation acc: 0.68945
41	700	loss: 0.9458167552947998	lr: 0.00010
train acc: 0.71875	 validation acc: 0.68750
41	750	loss: 0.9200240969657898	lr: 0.00010
train acc: 0.65625	 validation acc: 0.69531
epoch:  41	epoch acc: 0.6907552083333334
42	0	loss: 0.8546974658966064	lr: 0.00010
train acc: 0.75000	 validation acc: 0.69141
42	50	loss: 0.8696699142456055	lr: 0.00010
train acc: 0.67188	 validation acc: 0.67969
42	100	loss: 0.9480625987052917	lr: 0.00010
train acc: 0.65625	 validation acc: 0.67578
42	150	loss: 1.0270627737045288	lr: 0.00010
train acc: 0.65625	 validation acc: 0.68555
42	200	loss: 0.653224527835846	lr: 0.00010
train acc: 0.75000	 validation acc: 0.68359
42	250	loss: 0.9778943061828613	lr: 0.00010
train acc: 0.71875	 validation acc: 0.67578
42	300	loss: 0.9302839040756226	lr: 0.00010
train acc: 0.68750	 validation acc: 0.68164
42	350	loss: 0.9804254770278931	lr: 0.00010
train acc: 0.60938	 validation acc: 0.69727
42	400	loss: 0.7886196970939636	lr: 0.00010
train acc: 0.68750	 validation acc: 0.68945
42	450	loss: 0.7632144093513489	lr: 0.00010
train acc: 0.71875	 validation acc: 0.68555
42	500	loss: 1.1081645488739014	lr: 0.00010
train acc: 0.67188	 validation acc: 0.68555
42	550	loss: 0.6827210783958435	lr: 0.00010
train acc: 0.76562	 validation acc: 0.68164
42	600	loss: 0.8886285424232483	lr: 0.00010
train acc: 0.67188	 validation acc: 0.67969
42	650	loss: 0.7667774558067322	lr: 0.00010
train acc: 0.73438	 validation acc: 0.68164
42	700	loss: 1.0213067531585693	lr: 0.00010
train acc: 0.60938	 validation acc: 0.68945
42	750	loss: 0.8262783288955688	lr: 0.00010
train acc: 0.68750	 validation acc: 0.68359
epoch:  42	epoch acc: 0.6912760416666667
43	0	loss: 0.9013237953186035	lr: 0.00010
train acc: 0.68750	 validation acc: 0.69336
43	50	loss: 0.9032530784606934	lr: 0.00010
train acc: 0.65625	 validation acc: 0.69336
43	100	loss: 0.9322431683540344	lr: 0.00010
train acc: 0.65625	 validation acc: 0.69336
43	150	loss: 1.018817663192749	lr: 0.00010
train acc: 0.68750	 validation acc: 0.69531
43	200	loss: 0.7775644063949585	lr: 0.00010
train acc: 0.71875	 validation acc: 0.69727
43	250	loss: 0.8233031034469604	lr: 0.00010
train acc: 0.73438	 validation acc: 0.68164
43	300	loss: 0.8981395959854126	lr: 0.00010
train acc: 0.70312	 validation acc: 0.68750
43	350	loss: 0.876330554485321	lr: 0.00010
train acc: 0.64062	 validation acc: 0.69141
43	400	loss: 0.8735412955284119	lr: 0.00010
train acc: 0.67188	 validation acc: 0.69531
43	450	loss: 0.7213230133056641	lr: 0.00010
train acc: 0.70312	 validation acc: 0.69336
43	500	loss: 1.153814673423767	lr: 0.00010
train acc: 0.62500	 validation acc: 0.68945
43	550	loss: 0.8091021776199341	lr: 0.00010
train acc: 0.70312	 validation acc: 0.69141
43	600	loss: 0.8846678733825684	lr: 0.00010
train acc: 0.65625	 validation acc: 0.69141
43	650	loss: 0.8045915365219116	lr: 0.00010
train acc: 0.70312	 validation acc: 0.69141
43	700	loss: 0.9154649376869202	lr: 0.00010
train acc: 0.67188	 validation acc: 0.69727
43	750	loss: 0.9257019758224487	lr: 0.00010
train acc: 0.71875	 validation acc: 0.68164
epoch:  43	epoch acc: 0.696484375
44	0	loss: 0.8247647285461426	lr: 0.00010
train acc: 0.71875	 validation acc: 0.69531
44	50	loss: 0.8074041604995728	lr: 0.00010
train acc: 0.70312	 validation acc: 0.69727
44	100	loss: 0.9248815178871155	lr: 0.00010
train acc: 0.71875	 validation acc: 0.70312
44	150	loss: 1.111024022102356	lr: 0.00010
train acc: 0.65625	 validation acc: 0.69922
44	200	loss: 0.8180847764015198	lr: 0.00010
train acc: 0.71875	 validation acc: 0.68945
44	250	loss: 0.9324358105659485	lr: 0.00010
train acc: 0.73438	 validation acc: 0.69141
44	300	loss: 0.9938245415687561	lr: 0.00010
train acc: 0.70312	 validation acc: 0.68555
44	350	loss: 0.9604219198226929	lr: 0.00010
train acc: 0.60938	 validation acc: 0.69531
44	400	loss: 0.709808349609375	lr: 0.00010
train acc: 0.71875	 validation acc: 0.69922
44	450	loss: 0.7024783492088318	lr: 0.00010
train acc: 0.75000	 validation acc: 0.69141
44	500	loss: 1.156132698059082	lr: 0.00010
train acc: 0.64062	 validation acc: 0.68945
44	550	loss: 0.7113527655601501	lr: 0.00010
train acc: 0.81250	 validation acc: 0.69922
44	600	loss: 0.8551931381225586	lr: 0.00010
train acc: 0.67188	 validation acc: 0.68555
44	650	loss: 0.7621122598648071	lr: 0.00010
train acc: 0.73438	 validation acc: 0.69531
44	700	loss: 0.9345211982727051	lr: 0.00010
train acc: 0.68750	 validation acc: 0.69531
44	750	loss: 0.8679594993591309	lr: 0.00010
train acc: 0.68750	 validation acc: 0.69336
epoch:  44	epoch acc: 0.6985677083333334
45	0	loss: 0.8367998600006104	lr: 0.00010
train acc: 0.70312	 validation acc: 0.69531
45	50	loss: 0.9171881675720215	lr: 0.00010
train acc: 0.65625	 validation acc: 0.69531
45	100	loss: 0.8927883505821228	lr: 0.00010
train acc: 0.67188	 validation acc: 0.69727
45	150	loss: 1.0449169874191284	lr: 0.00010
train acc: 0.65625	 validation acc: 0.69922
45	200	loss: 0.7466119527816772	lr: 0.00010
train acc: 0.73438	 validation acc: 0.69531
45	250	loss: 0.8266885876655579	lr: 0.00010
train acc: 0.76562	 validation acc: 0.69336
45	300	loss: 1.0333620309829712	lr: 0.00010
train acc: 0.62500	 validation acc: 0.68555
45	350	loss: 0.984106719493866	lr: 0.00010
train acc: 0.64062	 validation acc: 0.70508
45	400	loss: 0.7756619453430176	lr: 0.00010
train acc: 0.71875	 validation acc: 0.70312
45	450	loss: 0.6641030311584473	lr: 0.00010
train acc: 0.75000	 validation acc: 0.70117
45	500	loss: 1.3046854734420776	lr: 0.00010
train acc: 0.62500	 validation acc: 0.70508
45	550	loss: 0.6250960826873779	lr: 0.00010
train acc: 0.81250	 validation acc: 0.70508
45	600	loss: 0.7760419249534607	lr: 0.00010
train acc: 0.73438	 validation acc: 0.69922
45	650	loss: 0.7483067512512207	lr: 0.00010
train acc: 0.73438	 validation acc: 0.70898
45	700	loss: 0.8446725606918335	lr: 0.00010
train acc: 0.71875	 validation acc: 0.70312
45	750	loss: 0.8142438530921936	lr: 0.00010
train acc: 0.73438	 validation acc: 0.70508
epoch:  45	epoch acc: 0.7026041666666667
46	0	loss: 0.7849956750869751	lr: 0.00010
train acc: 0.71875	 validation acc: 0.70703
46	50	loss: 0.7987395524978638	lr: 0.00010
train acc: 0.73438	 validation acc: 0.71094
46	100	loss: 0.8837807774543762	lr: 0.00010
train acc: 0.65625	 validation acc: 0.70312
46	150	loss: 1.0067765712738037	lr: 0.00010
train acc: 0.65625	 validation acc: 0.69531
46	200	loss: 0.6605529189109802	lr: 0.00010
train acc: 0.78125	 validation acc: 0.69531
46	250	loss: 0.8638433218002319	lr: 0.00010
train acc: 0.71875	 validation acc: 0.68750
46	300	loss: 1.0119476318359375	lr: 0.00010
train acc: 0.64062	 validation acc: 0.68750
46	350	loss: 0.9367748498916626	lr: 0.00010
train acc: 0.57812	 validation acc: 0.71094
46	400	loss: 0.7190457582473755	lr: 0.00010
train acc: 0.76562	 validation acc: 0.71484
46	450	loss: 0.782383382320404	lr: 0.00010
train acc: 0.73438	 validation acc: 0.70898
46	500	loss: 1.1774518489837646	lr: 0.00010
train acc: 0.62500	 validation acc: 0.71289
46	550	loss: 0.7287231683731079	lr: 0.00010
train acc: 0.78125	 validation acc: 0.71289
46	600	loss: 0.8929316997528076	lr: 0.00010
train acc: 0.64062	 validation acc: 0.72266
46	650	loss: 0.8168531656265259	lr: 0.00010
train acc: 0.68750	 validation acc: 0.70898
46	700	loss: 1.0630767345428467	lr: 0.00010
train acc: 0.67188	 validation acc: 0.69727
46	750	loss: 0.8773489594459534	lr: 0.00010
train acc: 0.65625	 validation acc: 0.70898
epoch:  46	epoch acc: 0.7088541666666667
47	0	loss: 0.925984799861908	lr: 0.00010
train acc: 0.71875	 validation acc: 0.70898
47	50	loss: 0.9116083383560181	lr: 0.00010
train acc: 0.67188	 validation acc: 0.71289
47	100	loss: 0.8331167101860046	lr: 0.00010
train acc: 0.68750	 validation acc: 0.70508
47	150	loss: 0.9912511110305786	lr: 0.00010
train acc: 0.65625	 validation acc: 0.70312
47	200	loss: 0.6489988565444946	lr: 0.00010
train acc: 0.76562	 validation acc: 0.69922
47	250	loss: 0.9235449433326721	lr: 0.00010
train acc: 0.76562	 validation acc: 0.70117
47	300	loss: 1.0095369815826416	lr: 0.00010
train acc: 0.71875	 validation acc: 0.70508
47	350	loss: 0.924758791923523	lr: 0.00010
train acc: 0.62500	 validation acc: 0.71094
47	400	loss: 0.6946696043014526	lr: 0.00010
train acc: 0.76562	 validation acc: 0.70703
47	450	loss: 0.6672115325927734	lr: 0.00010
train acc: 0.73438	 validation acc: 0.70898
47	500	loss: 1.097951054573059	lr: 0.00010
train acc: 0.64062	 validation acc: 0.71484
47	550	loss: 0.5971091985702515	lr: 0.00010
train acc: 0.79688	 validation acc: 0.71875
47	600	loss: 0.8665051460266113	lr: 0.00010
train acc: 0.70312	 validation acc: 0.71484
47	650	loss: 0.7867180705070496	lr: 0.00010
train acc: 0.78125	 validation acc: 0.72656
47	700	loss: 0.896619975566864	lr: 0.00010
train acc: 0.67188	 validation acc: 0.71680
47	750	loss: 0.8182939291000366	lr: 0.00010
train acc: 0.68750	 validation acc: 0.70703
epoch:  47	epoch acc: 0.712109375
48	0	loss: 0.7716280221939087	lr: 0.00010
train acc: 0.75000	 validation acc: 0.71875
48	50	loss: 0.8990157246589661	lr: 0.00010
train acc: 0.67188	 validation acc: 0.72070
48	100	loss: 0.9063056111335754	lr: 0.00010
train acc: 0.71875	 validation acc: 0.72070
48	150	loss: 0.941009521484375	lr: 0.00010
train acc: 0.71875	 validation acc: 0.72656
48	200	loss: 0.7388680577278137	lr: 0.00010
train acc: 0.71875	 validation acc: 0.71875
48	250	loss: 0.8186629414558411	lr: 0.00010
train acc: 0.78125	 validation acc: 0.72070
48	300	loss: 0.8771532773971558	lr: 0.00010
train acc: 0.67188	 validation acc: 0.72461
48	350	loss: 0.8770526051521301	lr: 0.00010
train acc: 0.67188	 validation acc: 0.73242
48	400	loss: 0.7105655670166016	lr: 0.00010
train acc: 0.76562	 validation acc: 0.72656
48	450	loss: 0.6768512725830078	lr: 0.00010
train acc: 0.78125	 validation acc: 0.71484
48	500	loss: 1.04941725730896	lr: 0.00010
train acc: 0.70312	 validation acc: 0.71680
48	550	loss: 0.636520266532898	lr: 0.00010
train acc: 0.82812	 validation acc: 0.72656
48	600	loss: 0.7624701857566833	lr: 0.00010
train acc: 0.73438	 validation acc: 0.73438
48	650	loss: 0.7088670134544373	lr: 0.00010
train acc: 0.76562	 validation acc: 0.72461
48	700	loss: 0.9035155773162842	lr: 0.00010
train acc: 0.70312	 validation acc: 0.72852
48	750	loss: 0.8816736340522766	lr: 0.00010
train acc: 0.65625	 validation acc: 0.72461
epoch:  48	epoch acc: 0.7161458333333334
49	0	loss: 0.7883177995681763	lr: 0.00010
train acc: 0.70312	 validation acc: 0.71680
49	50	loss: 0.8111252784729004	lr: 0.00010
train acc: 0.68750	 validation acc: 0.72461
49	100	loss: 0.7843565940856934	lr: 0.00010
train acc: 0.67188	 validation acc: 0.72461
49	150	loss: 0.917801558971405	lr: 0.00010
train acc: 0.68750	 validation acc: 0.72266
49	200	loss: 0.7301260232925415	lr: 0.00010
train acc: 0.75000	 validation acc: 0.72461
49	250	loss: 0.747121274471283	lr: 0.00010
train acc: 0.78125	 validation acc: 0.74609
49	300	loss: 0.857761561870575	lr: 0.00010
train acc: 0.68750	 validation acc: 0.72852
49	350	loss: 0.8127406239509583	lr: 0.00010
train acc: 0.62500	 validation acc: 0.72656
49	400	loss: 0.7276314496994019	lr: 0.00010
train acc: 0.73438	 validation acc: 0.74414
49	450	loss: 0.6394293904304504	lr: 0.00010
train acc: 0.82812	 validation acc: 0.73242
49	500	loss: 1.0978014469146729	lr: 0.00010
train acc: 0.70312	 validation acc: 0.73438
49	550	loss: 0.7353767156600952	lr: 0.00010
train acc: 0.75000	 validation acc: 0.74219
49	600	loss: 0.6936054229736328	lr: 0.00010
train acc: 0.73438	 validation acc: 0.73438
49	650	loss: 0.7602659463882446	lr: 0.00010
train acc: 0.73438	 validation acc: 0.74414
49	700	loss: 0.912846028804779	lr: 0.00010
train acc: 0.67188	 validation acc: 0.72852
49	750	loss: 0.8592761754989624	lr: 0.00010
train acc: 0.67188	 validation acc: 0.73828
epoch:  49	epoch acc: 0.723828125
50	0	loss: 0.8998439908027649	lr: 0.00010
train acc: 0.68750	 validation acc: 0.74219
50	50	loss: 0.7040432691574097	lr: 0.00010
train acc: 0.78125	 validation acc: 0.73242
50	100	loss: 0.7789860963821411	lr: 0.00010
train acc: 0.71875	 validation acc: 0.74023
50	150	loss: 0.9838555455207825	lr: 0.00010
train acc: 0.67188	 validation acc: 0.72656
50	200	loss: 0.7404135465621948	lr: 0.00010
train acc: 0.76562	 validation acc: 0.72852
50	250	loss: 0.7422576546669006	lr: 0.00010
train acc: 0.79688	 validation acc: 0.74023
50	300	loss: 0.9080119132995605	lr: 0.00010
train acc: 0.64062	 validation acc: 0.74023
50	350	loss: 0.8120434284210205	lr: 0.00010
train acc: 0.70312	 validation acc: 0.74609
50	400	loss: 0.6722754240036011	lr: 0.00010
train acc: 0.76562	 validation acc: 0.74805
50	450	loss: 0.6542127728462219	lr: 0.00010
train acc: 0.75000	 validation acc: 0.74219
50	500	loss: 1.0300102233886719	lr: 0.00010
train acc: 0.65625	 validation acc: 0.73438
50	550	loss: 0.703140914440155	lr: 0.00010
train acc: 0.78125	 validation acc: 0.75000
50	600	loss: 0.7278039455413818	lr: 0.00010
train acc: 0.73438	 validation acc: 0.75195
50	650	loss: 0.6834335327148438	lr: 0.00010
train acc: 0.70312	 validation acc: 0.74609
50	700	loss: 0.8096251487731934	lr: 0.00010
train acc: 0.71875	 validation acc: 0.73047
50	750	loss: 0.9136093854904175	lr: 0.00010
train acc: 0.71875	 validation acc: 0.74609
epoch:  50	epoch acc: 0.7337239583333334
51	0	loss: 0.754963755607605	lr: 0.00010
train acc: 0.73438	 validation acc: 0.75586
51	50	loss: 0.72621750831604	lr: 0.00010
train acc: 0.73438	 validation acc: 0.74609
51	100	loss: 0.8597071766853333	lr: 0.00010
train acc: 0.62500	 validation acc: 0.75586
51	150	loss: 0.8028648495674133	lr: 0.00010
train acc: 0.75000	 validation acc: 0.74414
51	200	loss: 0.6649895310401917	lr: 0.00010
train acc: 0.73438	 validation acc: 0.74414
51	250	loss: 0.7059347629547119	lr: 0.00010
train acc: 0.78125	 validation acc: 0.74609
51	300	loss: 0.9363570809364319	lr: 0.00010
train acc: 0.70312	 validation acc: 0.75195
51	350	loss: 0.695563793182373	lr: 0.00010
train acc: 0.73438	 validation acc: 0.75195
51	400	loss: 0.7758508920669556	lr: 0.00010
train acc: 0.71875	 validation acc: 0.76172
51	450	loss: 0.588767409324646	lr: 0.00010
train acc: 0.82812	 validation acc: 0.74414
51	500	loss: 1.2075554132461548	lr: 0.00010
train acc: 0.64062	 validation acc: 0.75781
51	550	loss: 0.6233544945716858	lr: 0.00010
train acc: 0.78125	 validation acc: 0.74805
51	600	loss: 0.8129000067710876	lr: 0.00010
train acc: 0.70312	 validation acc: 0.75195
51	650	loss: 0.6531223058700562	lr: 0.00010
train acc: 0.81250	 validation acc: 0.75586
51	700	loss: 0.8857063055038452	lr: 0.00010
train acc: 0.71875	 validation acc: 0.73047
51	750	loss: 0.7697551846504211	lr: 0.00010
train acc: 0.70312	 validation acc: 0.75000
epoch:  51	epoch acc: 0.7345052083333333
52	0	loss: 0.781775712966919	lr: 0.00010
train acc: 0.76562	 validation acc: 0.75977
52	50	loss: 0.795665979385376	lr: 0.00010
train acc: 0.70312	 validation acc: 0.76367
52	100	loss: 0.7733316421508789	lr: 0.00010
train acc: 0.75000	 validation acc: 0.75391
52	150	loss: 0.9856494665145874	lr: 0.00010
train acc: 0.68750	 validation acc: 0.75391
52	200	loss: 0.649813175201416	lr: 0.00010
train acc: 0.76562	 validation acc: 0.76172
52	250	loss: 0.6795355081558228	lr: 0.00010
train acc: 0.79688	 validation acc: 0.76172
52	300	loss: 0.8557323217391968	lr: 0.00010
train acc: 0.71875	 validation acc: 0.75781
52	350	loss: 0.7278631925582886	lr: 0.00010
train acc: 0.73438	 validation acc: 0.76172
52	400	loss: 0.6290755271911621	lr: 0.00010
train acc: 0.79688	 validation acc: 0.76953
52	450	loss: 0.6006647348403931	lr: 0.00010
train acc: 0.76562	 validation acc: 0.75391
52	500	loss: 1.044622778892517	lr: 0.00010
train acc: 0.71875	 validation acc: 0.74609
52	550	loss: 0.6180102825164795	lr: 0.00010
train acc: 0.82812	 validation acc: 0.76562
52	600	loss: 0.858155369758606	lr: 0.00010
train acc: 0.67188	 validation acc: 0.75977
52	650	loss: 0.7742623090744019	lr: 0.00010
train acc: 0.73438	 validation acc: 0.76172
52	700	loss: 0.794440507888794	lr: 0.00010
train acc: 0.76562	 validation acc: 0.74609
52	750	loss: 0.8376164436340332	lr: 0.00010
train acc: 0.67188	 validation acc: 0.75977
epoch:  52	epoch acc: 0.741796875
53	0	loss: 0.7016794681549072	lr: 0.00010
train acc: 0.73438	 validation acc: 0.75000
53	50	loss: 0.8138719201087952	lr: 0.00010
train acc: 0.70312	 validation acc: 0.75586
53	100	loss: 0.7546703815460205	lr: 0.00010
train acc: 0.71875	 validation acc: 0.75000
53	150	loss: 0.9654185771942139	lr: 0.00010
train acc: 0.67188	 validation acc: 0.75586
53	200	loss: 0.6424785256385803	lr: 0.00010
train acc: 0.79688	 validation acc: 0.75586
53	250	loss: 0.7448036670684814	lr: 0.00010
train acc: 0.75000	 validation acc: 0.76562
53	300	loss: 0.8980866074562073	lr: 0.00010
train acc: 0.68750	 validation acc: 0.75781
53	350	loss: 0.8111098408699036	lr: 0.00010
train acc: 0.73438	 validation acc: 0.77344
53	400	loss: 0.7280098795890808	lr: 0.00010
train acc: 0.75000	 validation acc: 0.76758
53	450	loss: 0.6353251338005066	lr: 0.00010
train acc: 0.79688	 validation acc: 0.75977
53	500	loss: 1.0503196716308594	lr: 0.00010
train acc: 0.65625	 validation acc: 0.76367
53	550	loss: 0.6431408524513245	lr: 0.00010
train acc: 0.79688	 validation acc: 0.77539
53	600	loss: 0.8172487020492554	lr: 0.00010
train acc: 0.71875	 validation acc: 0.76367
53	650	loss: 0.6641244292259216	lr: 0.00010
train acc: 0.76562	 validation acc: 0.75977
53	700	loss: 0.9848949313163757	lr: 0.00010
train acc: 0.67188	 validation acc: 0.76367
53	750	loss: 0.7057191729545593	lr: 0.00010
train acc: 0.76562	 validation acc: 0.74805
epoch:  53	epoch acc: 0.7490885416666667
54	0	loss: 0.7060015201568604	lr: 0.00010
train acc: 0.73438	 validation acc: 0.77734
54	50	loss: 0.8638405799865723	lr: 0.00010
train acc: 0.68750	 validation acc: 0.76367
54	100	loss: 0.8347495794296265	lr: 0.00010
train acc: 0.65625	 validation acc: 0.74805
54	150	loss: 0.9039973020553589	lr: 0.00010
train acc: 0.70312	 validation acc: 0.75195
54	200	loss: 0.6095060706138611	lr: 0.00010
train acc: 0.79688	 validation acc: 0.75977
54	250	loss: 0.6447815895080566	lr: 0.00010
train acc: 0.81250	 validation acc: 0.77344
54	300	loss: 0.886127233505249	lr: 0.00010
train acc: 0.65625	 validation acc: 0.75195
54	350	loss: 0.7864307165145874	lr: 0.00010
train acc: 0.73438	 validation acc: 0.76367
54	400	loss: 0.6435263752937317	lr: 0.00010
train acc: 0.73438	 validation acc: 0.77539
54	450	loss: 0.5665891170501709	lr: 0.00010
train acc: 0.78125	 validation acc: 0.75977
54	500	loss: 1.0101178884506226	lr: 0.00010
train acc: 0.68750	 validation acc: 0.77148
54	550	loss: 0.6039087772369385	lr: 0.00010
train acc: 0.78125	 validation acc: 0.78125
54	600	loss: 0.8027758598327637	lr: 0.00010
train acc: 0.67188	 validation acc: 0.77734
54	650	loss: 0.6358433365821838	lr: 0.00010
train acc: 0.79688	 validation acc: 0.76367
54	700	loss: 0.7817345857620239	lr: 0.00010
train acc: 0.78125	 validation acc: 0.75977
54	750	loss: 0.6468740701675415	lr: 0.00010
train acc: 0.76562	 validation acc: 0.77734
epoch:  54	epoch acc: 0.7524739583333333
55	0	loss: 0.8116774559020996	lr: 0.00010
train acc: 0.70312	 validation acc: 0.76758
55	50	loss: 0.6152783036231995	lr: 0.00010
train acc: 0.78125	 validation acc: 0.76562
55	100	loss: 0.6592682600021362	lr: 0.00010
train acc: 0.81250	 validation acc: 0.75977
55	150	loss: 0.8916359543800354	lr: 0.00010
train acc: 0.70312	 validation acc: 0.77539
55	200	loss: 0.6141822338104248	lr: 0.00010
train acc: 0.76562	 validation acc: 0.76367
55	250	loss: 0.7357473373413086	lr: 0.00010
train acc: 0.78125	 validation acc: 0.76367
55	300	loss: 0.7249574661254883	lr: 0.00010
train acc: 0.71875	 validation acc: 0.77734
55	350	loss: 0.7580929398536682	lr: 0.00010
train acc: 0.73438	 validation acc: 0.77539
55	400	loss: 0.6464684009552002	lr: 0.00010
train acc: 0.75000	 validation acc: 0.77344
55	450	loss: 0.6547927260398865	lr: 0.00010
train acc: 0.75000	 validation acc: 0.76562
55	500	loss: 1.1050493717193604	lr: 0.00010
train acc: 0.64062	 validation acc: 0.77148
55	550	loss: 0.5646283626556396	lr: 0.00010
train acc: 0.82812	 validation acc: 0.77539
55	600	loss: 0.6988144516944885	lr: 0.00010
train acc: 0.71875	 validation acc: 0.77930
55	650	loss: 0.6773552894592285	lr: 0.00010
train acc: 0.78125	 validation acc: 0.77148
55	700	loss: 0.8551223278045654	lr: 0.00010
train acc: 0.67188	 validation acc: 0.76172
55	750	loss: 0.76398766040802	lr: 0.00010
train acc: 0.71875	 validation acc: 0.76953
epoch:  55	epoch acc: 0.755078125
56	0	loss: 0.7313882112503052	lr: 0.00010
train acc: 0.76562	 validation acc: 0.77344
56	50	loss: 0.5899126529693604	lr: 0.00010
train acc: 0.78125	 validation acc: 0.76562
56	100	loss: 0.7642598748207092	lr: 0.00010
train acc: 0.76562	 validation acc: 0.77148
56	150	loss: 0.9256289005279541	lr: 0.00010
train acc: 0.67188	 validation acc: 0.75391
56	200	loss: 0.6695650219917297	lr: 0.00010
train acc: 0.75000	 validation acc: 0.76172
56	250	loss: 0.6835092306137085	lr: 0.00010
train acc: 0.76562	 validation acc: 0.78125
56	300	loss: 0.7609146237373352	lr: 0.00010
train acc: 0.70312	 validation acc: 0.77930
56	350	loss: 0.7520896792411804	lr: 0.00010
train acc: 0.71875	 validation acc: 0.76953
56	400	loss: 0.658119797706604	lr: 0.00010
train acc: 0.75000	 validation acc: 0.77734
56	450	loss: 0.5753819942474365	lr: 0.00010
train acc: 0.79688	 validation acc: 0.76953
56	500	loss: 0.9155223369598389	lr: 0.00010
train acc: 0.73438	 validation acc: 0.75977
56	550	loss: 0.5367709994316101	lr: 0.00010
train acc: 0.79688	 validation acc: 0.76953
56	600	loss: 0.6341953873634338	lr: 0.00010
train acc: 0.75000	 validation acc: 0.77148
56	650	loss: 0.647003173828125	lr: 0.00010
train acc: 0.79688	 validation acc: 0.76562
56	700	loss: 0.8579134941101074	lr: 0.00010
train acc: 0.70312	 validation acc: 0.77930
56	750	loss: 0.7352437376976013	lr: 0.00010
train acc: 0.73438	 validation acc: 0.77539
epoch:  56	epoch acc: 0.7595052083333333
57	0	loss: 0.7564557194709778	lr: 0.00010
train acc: 0.71875	 validation acc: 0.78711
57	50	loss: 0.6641291975975037	lr: 0.00010
train acc: 0.76562	 validation acc: 0.78125
57	100	loss: 0.6982371807098389	lr: 0.00010
train acc: 0.75000	 validation acc: 0.77148
57	150	loss: 0.7946281433105469	lr: 0.00010
train acc: 0.71875	 validation acc: 0.77148
57	200	loss: 0.6854817271232605	lr: 0.00010
train acc: 0.71875	 validation acc: 0.77148
57	250	loss: 0.6709343791007996	lr: 0.00010
train acc: 0.82812	 validation acc: 0.79297
57	300	loss: 0.8727262020111084	lr: 0.00010
train acc: 0.71875	 validation acc: 0.77930
57	350	loss: 0.8391505479812622	lr: 0.00010
train acc: 0.65625	 validation acc: 0.77148
57	400	loss: 0.6542511582374573	lr: 0.00010
train acc: 0.73438	 validation acc: 0.76953
57	450	loss: 0.4661846160888672	lr: 0.00010
train acc: 0.82812	 validation acc: 0.77539
57	500	loss: 1.0374350547790527	lr: 0.00010
train acc: 0.64062	 validation acc: 0.77734
57	550	loss: 0.515159010887146	lr: 0.00010
train acc: 0.84375	 validation acc: 0.77344
57	600	loss: 0.7136718034744263	lr: 0.00010
train acc: 0.70312	 validation acc: 0.78320
57	650	loss: 0.6775134205818176	lr: 0.00010
train acc: 0.76562	 validation acc: 0.78320
57	700	loss: 0.8236151933670044	lr: 0.00010
train acc: 0.73438	 validation acc: 0.76758
57	750	loss: 0.7359892129898071	lr: 0.00010
train acc: 0.76562	 validation acc: 0.76953
epoch:  57	epoch acc: 0.7686197916666667
58	0	loss: 0.6857807040214539	lr: 0.00010
train acc: 0.78125	 validation acc: 0.79102
58	50	loss: 0.5459438562393188	lr: 0.00010
train acc: 0.76562	 validation acc: 0.77148
58	100	loss: 0.668032705783844	lr: 0.00010
train acc: 0.73438	 validation acc: 0.78711
58	150	loss: 0.822393536567688	lr: 0.00010
train acc: 0.68750	 validation acc: 0.75391
58	200	loss: 0.5702672600746155	lr: 0.00010
train acc: 0.78125	 validation acc: 0.75977
58	250	loss: 0.6374675631523132	lr: 0.00010
train acc: 0.82812	 validation acc: 0.78320
58	300	loss: 0.717088520526886	lr: 0.00010
train acc: 0.73438	 validation acc: 0.78906
58	350	loss: 0.7309787273406982	lr: 0.00010
train acc: 0.75000	 validation acc: 0.78516
58	400	loss: 0.5995995998382568	lr: 0.00010
train acc: 0.78125	 validation acc: 0.77930
58	450	loss: 0.5639299750328064	lr: 0.00010
train acc: 0.76562	 validation acc: 0.78320
58	500	loss: 1.07808518409729	lr: 0.00010
train acc: 0.64062	 validation acc: 0.77344
58	550	loss: 0.4807406961917877	lr: 0.00010
train acc: 0.84375	 validation acc: 0.78906
58	600	loss: 0.7779184579849243	lr: 0.00010
train acc: 0.68750	 validation acc: 0.79883
58	650	loss: 0.6501006484031677	lr: 0.00010
train acc: 0.75000	 validation acc: 0.77539
58	700	loss: 0.7510661482810974	lr: 0.00010
train acc: 0.76562	 validation acc: 0.77930
58	750	loss: 0.6635808944702148	lr: 0.00010
train acc: 0.79688	 validation acc: 0.79297
epoch:  58	epoch acc: 0.7634114583333333
59	0	loss: 0.6579462289810181	lr: 0.00010
train acc: 0.81250	 validation acc: 0.77930
59	50	loss: 0.6979048252105713	lr: 0.00010
train acc: 0.70312	 validation acc: 0.77539
59	100	loss: 0.675537645816803	lr: 0.00010
train acc: 0.73438	 validation acc: 0.76953
59	150	loss: 0.7338353395462036	lr: 0.00010
train acc: 0.73438	 validation acc: 0.77148
59	200	loss: 0.5432071685791016	lr: 0.00010
train acc: 0.79688	 validation acc: 0.77539
59	250	loss: 0.6132912039756775	lr: 0.00010
train acc: 0.84375	 validation acc: 0.78320
59	300	loss: 0.6907995343208313	lr: 0.00010
train acc: 0.76562	 validation acc: 0.78125
59	350	loss: 0.7097122669219971	lr: 0.00010
train acc: 0.73438	 validation acc: 0.78320
59	400	loss: 0.5047750473022461	lr: 0.00010
train acc: 0.82812	 validation acc: 0.78711
59	450	loss: 0.4599146842956543	lr: 0.00010
train acc: 0.84375	 validation acc: 0.78516
59	500	loss: 0.9938740134239197	lr: 0.00010
train acc: 0.65625	 validation acc: 0.76953
59	550	loss: 0.5509128570556641	lr: 0.00010
train acc: 0.81250	 validation acc: 0.77344
59	600	loss: 0.6689502596855164	lr: 0.00010
train acc: 0.70312	 validation acc: 0.78320
59	650	loss: 0.638962984085083	lr: 0.00010
train acc: 0.75000	 validation acc: 0.78125
59	700	loss: 0.7707654237747192	lr: 0.00010
train acc: 0.79688	 validation acc: 0.76758
59	750	loss: 0.6698986887931824	lr: 0.00010
train acc: 0.79688	 validation acc: 0.78125
epoch:  59	epoch acc: 0.77421875
60	0	loss: 0.6862038969993591	lr: 0.00010
train acc: 0.78125	 validation acc: 0.78906
60	50	loss: 0.6333339810371399	lr: 0.00010
train acc: 0.71875	 validation acc: 0.78320
60	100	loss: 0.6288047432899475	lr: 0.00010
train acc: 0.76562	 validation acc: 0.79102
60	150	loss: 0.7383418083190918	lr: 0.00010
train acc: 0.75000	 validation acc: 0.79102
60	200	loss: 0.6321149468421936	lr: 0.00010
train acc: 0.73438	 validation acc: 0.75977
60	250	loss: 0.6961870789527893	lr: 0.00010
train acc: 0.78125	 validation acc: 0.77539
60	300	loss: 0.7499375939369202	lr: 0.00010
train acc: 0.70312	 validation acc: 0.78516
60	350	loss: 0.6609629392623901	lr: 0.00010
train acc: 0.71875	 validation acc: 0.79102
60	400	loss: 0.6782903075218201	lr: 0.00010
train acc: 0.75000	 validation acc: 0.79297
60	450	loss: 0.5200673937797546	lr: 0.00010
train acc: 0.78125	 validation acc: 0.77148
60	500	loss: 0.9655992984771729	lr: 0.00010
train acc: 0.70312	 validation acc: 0.77930
60	550	loss: 0.5070435404777527	lr: 0.00010
train acc: 0.85938	 validation acc: 0.79688
60	600	loss: 0.6494346857070923	lr: 0.00010
train acc: 0.75000	 validation acc: 0.80664
60	650	loss: 0.5300726890563965	lr: 0.00010
train acc: 0.82812	 validation acc: 0.77930
60	700	loss: 0.7126469016075134	lr: 0.00010
train acc: 0.79688	 validation acc: 0.76367
60	750	loss: 0.6086661219596863	lr: 0.00010
train acc: 0.78125	 validation acc: 0.78906
epoch:  60	epoch acc: 0.78046875
61	0	loss: 0.7217864394187927	lr: 0.00010
train acc: 0.68750	 validation acc: 0.79492
61	50	loss: 0.5586801767349243	lr: 0.00010
train acc: 0.76562	 validation acc: 0.78516
61	100	loss: 0.6670255661010742	lr: 0.00010
train acc: 0.71875	 validation acc: 0.79297
61	150	loss: 0.737289547920227	lr: 0.00010
train acc: 0.75000	 validation acc: 0.76953
61	200	loss: 0.4873606264591217	lr: 0.00010
train acc: 0.82812	 validation acc: 0.78711
61	250	loss: 0.6503815650939941	lr: 0.00010
train acc: 0.79688	 validation acc: 0.77930
61	300	loss: 0.6880935430526733	lr: 0.00010
train acc: 0.76562	 validation acc: 0.77344
61	350	loss: 0.7237947583198547	lr: 0.00010
train acc: 0.71875	 validation acc: 0.77344
61	400	loss: 0.5389286279678345	lr: 0.00010
train acc: 0.82812	 validation acc: 0.78516
61	450	loss: 0.47949379682540894	lr: 0.00010
train acc: 0.84375	 validation acc: 0.79688
61	500	loss: 1.1010857820510864	lr: 0.00010
train acc: 0.68750	 validation acc: 0.78516
61	550	loss: 0.4139431416988373	lr: 0.00010
train acc: 0.87500	 validation acc: 0.78906
61	600	loss: 0.6498861908912659	lr: 0.00010
train acc: 0.75000	 validation acc: 0.79688
61	650	loss: 0.6281753778457642	lr: 0.00010
train acc: 0.78125	 validation acc: 0.77930
61	700	loss: 0.7680715322494507	lr: 0.00010
train acc: 0.75000	 validation acc: 0.78125
61	750	loss: 0.7432031035423279	lr: 0.00010
train acc: 0.70312	 validation acc: 0.80273
epoch:  61	epoch acc: 0.78046875
62	0	loss: 0.624464213848114	lr: 0.00010
train acc: 0.81250	 validation acc: 0.80078
62	50	loss: 0.6379489898681641	lr: 0.00010
train acc: 0.76562	 validation acc: 0.78711
62	100	loss: 0.6181864738464355	lr: 0.00010
train acc: 0.78125	 validation acc: 0.77539
62	150	loss: 0.8174717426300049	lr: 0.00010
train acc: 0.73438	 validation acc: 0.78320
62	200	loss: 0.49680668115615845	lr: 0.00010
train acc: 0.82812	 validation acc: 0.79688
62	250	loss: 0.6252614855766296	lr: 0.00010
train acc: 0.84375	 validation acc: 0.79297
62	300	loss: 0.7418349981307983	lr: 0.00010
train acc: 0.70312	 validation acc: 0.78906
62	350	loss: 0.6603109836578369	lr: 0.00010
train acc: 0.76562	 validation acc: 0.78711
62	400	loss: 0.5104538202285767	lr: 0.00010
train acc: 0.79688	 validation acc: 0.80273
62	450	loss: 0.5501627922058105	lr: 0.00010
train acc: 0.81250	 validation acc: 0.78125
62	500	loss: 1.0320194959640503	lr: 0.00010
train acc: 0.64062	 validation acc: 0.79688
62	550	loss: 0.40980178117752075	lr: 0.00010
train acc: 0.87500	 validation acc: 0.79102
62	600	loss: 0.6535676121711731	lr: 0.00010
train acc: 0.70312	 validation acc: 0.79688
62	650	loss: 0.5770544409751892	lr: 0.00010
train acc: 0.78125	 validation acc: 0.78906
62	700	loss: 0.7466374635696411	lr: 0.00010
train acc: 0.81250	 validation acc: 0.79102
62	750	loss: 0.5656930208206177	lr: 0.00010
train acc: 0.78125	 validation acc: 0.79883
epoch:  62	epoch acc: 0.7826822916666667
63	0	loss: 0.5278232097625732	lr: 0.00010
train acc: 0.79688	 validation acc: 0.81055
63	50	loss: 0.6670437455177307	lr: 0.00010
train acc: 0.78125	 validation acc: 0.80273
63	100	loss: 0.6021795272827148	lr: 0.00010
train acc: 0.76562	 validation acc: 0.77148
63	150	loss: 0.8598077893257141	lr: 0.00010
train acc: 0.68750	 validation acc: 0.78711
63	200	loss: 0.5446125864982605	lr: 0.00010
train acc: 0.79688	 validation acc: 0.78320
63	250	loss: 0.5512987375259399	lr: 0.00010
train acc: 0.85938	 validation acc: 0.79492
63	300	loss: 0.7754630446434021	lr: 0.00010
train acc: 0.68750	 validation acc: 0.79688
63	350	loss: 0.5879968404769897	lr: 0.00010
train acc: 0.79688	 validation acc: 0.80664
63	400	loss: 0.5766397714614868	lr: 0.00010
train acc: 0.75000	 validation acc: 0.80859
63	450	loss: 0.4285537004470825	lr: 0.00010
train acc: 0.84375	 validation acc: 0.79102
63	500	loss: 0.8552161455154419	lr: 0.00010
train acc: 0.68750	 validation acc: 0.78125
63	550	loss: 0.5270335674285889	lr: 0.00010
train acc: 0.79688	 validation acc: 0.79688
63	600	loss: 0.7087774872779846	lr: 0.00010
train acc: 0.70312	 validation acc: 0.80273
63	650	loss: 0.5846692323684692	lr: 0.00010
train acc: 0.82812	 validation acc: 0.78516
63	700	loss: 0.6748438477516174	lr: 0.00010
train acc: 0.76562	 validation acc: 0.79297
63	750	loss: 0.563503086566925	lr: 0.00010
train acc: 0.82812	 validation acc: 0.78906
epoch:  63	epoch acc: 0.7837239583333333
Training time:2130
ILV: {'loss': 0.006967871256918938, 'train': 0.0004131772401921262, 'val': 6.0618741266676006e-05}
EFR: {'loss': 0.03598897336894884, 'train': 0.03190614963028774, 'val': 0.022086505357762028}
Accuracy: 0.7837239583333333
