nohup: ignoring input
0	0	loss: 2.478052854537964	lr: 0.10000
train acc: 0.09375	 validation acc: 0.09570
0	50	loss: 2.151907205581665	lr: 0.10000
train acc: 0.06250	 validation acc: 0.14258
0	100	loss: 1.9168963432312012	lr: 0.10000
train acc: 0.25000	 validation acc: 0.27148
0	150	loss: 1.8783693313598633	lr: 0.10000
train acc: 0.28125	 validation acc: 0.24414
0	200	loss: 1.8163849115371704	lr: 0.10000
train acc: 0.34375	 validation acc: 0.28906
0	250	loss: 1.9813470840454102	lr: 0.10000
train acc: 0.28125	 validation acc: 0.31055
0	300	loss: 1.928537130355835	lr: 0.10000
train acc: 0.28125	 validation acc: 0.31250
0	350	loss: 1.6671584844589233	lr: 0.10000
train acc: 0.31250	 validation acc: 0.34961
0	400	loss: 1.7320103645324707	lr: 0.10000
train acc: 0.37500	 validation acc: 0.39453
0	450	loss: 1.7502059936523438	lr: 0.10000
train acc: 0.28125	 validation acc: 0.30469
0	500	loss: 1.7178701162338257	lr: 0.10000
train acc: 0.34375	 validation acc: 0.37891
0	550	loss: 1.5896815061569214	lr: 0.10000
train acc: 0.40625	 validation acc: 0.36719
0	600	loss: 1.7957866191864014	lr: 0.10000
train acc: 0.28125	 validation acc: 0.38086
0	650	loss: 1.5524640083312988	lr: 0.10000
train acc: 0.46875	 validation acc: 0.39453
0	700	loss: 1.8020086288452148	lr: 0.10000
train acc: 0.25000	 validation acc: 0.37695
0	750	loss: 1.3976237773895264	lr: 0.10000
train acc: 0.40625	 validation acc: 0.33789
0	800	loss: 1.7177504301071167	lr: 0.10000
train acc: 0.28125	 validation acc: 0.41602
0	850	loss: 1.7521748542785645	lr: 0.10000
train acc: 0.37500	 validation acc: 0.40039
0	900	loss: 1.3391437530517578	lr: 0.10000
train acc: 0.50000	 validation acc: 0.43555
0	950	loss: 1.602524757385254	lr: 0.10000
train acc: 0.46875	 validation acc: 0.44922
0	1000	loss: 1.3864314556121826	lr: 0.10000
train acc: 0.40625	 validation acc: 0.44531
0	1050	loss: 1.836563229560852	lr: 0.10000
train acc: 0.34375	 validation acc: 0.41992
0	1100	loss: 1.5753693580627441	lr: 0.10000
train acc: 0.50000	 validation acc: 0.44336
0	1150	loss: 1.6592121124267578	lr: 0.10000
train acc: 0.43750	 validation acc: 0.41797
0	1200	loss: 1.4986860752105713	lr: 0.10000
train acc: 0.43750	 validation acc: 0.47461
0	1250	loss: 1.3830106258392334	lr: 0.10000
train acc: 0.53125	 validation acc: 0.46875
0	1300	loss: 1.605566143989563	lr: 0.10000
train acc: 0.43750	 validation acc: 0.47656
0	1350	loss: 1.4900238513946533	lr: 0.10000
train acc: 0.46875	 validation acc: 0.49609
0	1400	loss: 1.5438841581344604	lr: 0.10000
train acc: 0.50000	 validation acc: 0.48438
0	1450	loss: 1.3763822317123413	lr: 0.10000
train acc: 0.43750	 validation acc: 0.51758
0	1500	loss: 1.9268263578414917	lr: 0.10000
train acc: 0.37500	 validation acc: 0.51367
0	1550	loss: 1.384817123413086	lr: 0.10000
train acc: 0.50000	 validation acc: 0.40039
epoch:   0	epoch acc: 0.476171875
1	0	loss: 1.3433388471603394	lr: 0.10000
train acc: 0.53125	 validation acc: 0.50586
1	50	loss: 1.2952367067337036	lr: 0.10000
train acc: 0.59375	 validation acc: 0.49805
1	100	loss: 1.4158062934875488	lr: 0.10000
train acc: 0.46875	 validation acc: 0.53125
1	150	loss: 1.3204376697540283	lr: 0.10000
train acc: 0.65625	 validation acc: 0.52734
1	200	loss: 1.4068851470947266	lr: 0.10000
train acc: 0.53125	 validation acc: 0.54883
1	250	loss: 1.4554393291473389	lr: 0.10000
train acc: 0.50000	 validation acc: 0.53906
1	300	loss: 1.3498562574386597	lr: 0.10000
train acc: 0.50000	 validation acc: 0.54102
1	350	loss: 1.0915855169296265	lr: 0.10000
train acc: 0.56250	 validation acc: 0.52734
1	400	loss: 1.2816182374954224	lr: 0.10000
train acc: 0.46875	 validation acc: 0.51562
1	450	loss: 1.6147093772888184	lr: 0.10000
train acc: 0.43750	 validation acc: 0.50781
1	500	loss: 1.447224497795105	lr: 0.10000
train acc: 0.53125	 validation acc: 0.47070
1	550	loss: 1.1885126829147339	lr: 0.10000
train acc: 0.59375	 validation acc: 0.50000
1	600	loss: 1.3737287521362305	lr: 0.10000
train acc: 0.50000	 validation acc: 0.52539
1	650	loss: 1.1374038457870483	lr: 0.10000
train acc: 0.56250	 validation acc: 0.55664
1	700	loss: 1.6907002925872803	lr: 0.10000
train acc: 0.40625	 validation acc: 0.55469
1	750	loss: 0.9984452724456787	lr: 0.10000
train acc: 0.62500	 validation acc: 0.46484
1	800	loss: 1.2633229494094849	lr: 0.10000
train acc: 0.46875	 validation acc: 0.56055
1	850	loss: 1.6073217391967773	lr: 0.10000
train acc: 0.31250	 validation acc: 0.44336
1	900	loss: 0.87835294008255	lr: 0.10000
train acc: 0.62500	 validation acc: 0.33594
1	950	loss: 1.432137370109558	lr: 0.10000
train acc: 0.43750	 validation acc: 0.44531
1	1000	loss: 1.4119192361831665	lr: 0.10000
train acc: 0.40625	 validation acc: 0.57422
1	1050	loss: 1.365179181098938	lr: 0.10000
train acc: 0.53125	 validation acc: 0.57812
1	1100	loss: 1.1996960639953613	lr: 0.10000
train acc: 0.50000	 validation acc: 0.55273
1	1150	loss: 1.1619163751602173	lr: 0.10000
train acc: 0.59375	 validation acc: 0.52930
1	1200	loss: 1.025619626045227	lr: 0.10000
train acc: 0.53125	 validation acc: 0.56055
1	1250	loss: 1.2077326774597168	lr: 0.10000
train acc: 0.56250	 validation acc: 0.40625
1	1300	loss: 0.890318751335144	lr: 0.10000
train acc: 0.59375	 validation acc: 0.53516
1	1350	loss: 1.2231285572052002	lr: 0.10000
train acc: 0.62500	 validation acc: 0.60156
1	1400	loss: 1.3628946542739868	lr: 0.10000
train acc: 0.59375	 validation acc: 0.62891
1	1450	loss: 0.8709888458251953	lr: 0.10000
train acc: 0.65625	 validation acc: 0.44922
1	1500	loss: 1.548238754272461	lr: 0.10000
train acc: 0.46875	 validation acc: 0.49023
1	1550	loss: 1.189339280128479	lr: 0.10000
train acc: 0.62500	 validation acc: 0.51758
epoch:   1	epoch acc: 0.5395833333333333
2	0	loss: 0.9453200101852417	lr: 0.10000
train acc: 0.65625	 validation acc: 0.59766
2	50	loss: 1.1931620836257935	lr: 0.10000
train acc: 0.65625	 validation acc: 0.59375
2	100	loss: 1.3495819568634033	lr: 0.10000
train acc: 0.59375	 validation acc: 0.61523
2	150	loss: 1.1055705547332764	lr: 0.10000
train acc: 0.59375	 validation acc: 0.58398
2	200	loss: 1.0982868671417236	lr: 0.10000
train acc: 0.53125	 validation acc: 0.61133
2	250	loss: 1.0803862810134888	lr: 0.10000
train acc: 0.65625	 validation acc: 0.55469
2	300	loss: 1.0527281761169434	lr: 0.10000
train acc: 0.53125	 validation acc: 0.57422
2	350	loss: 0.9152523279190063	lr: 0.10000
train acc: 0.71875	 validation acc: 0.58008
2	400	loss: 1.148861289024353	lr: 0.10000
train acc: 0.53125	 validation acc: 0.58008
2	450	loss: 1.0793378353118896	lr: 0.10000
train acc: 0.62500	 validation acc: 0.57227
2	500	loss: 1.2154514789581299	lr: 0.10000
train acc: 0.62500	 validation acc: 0.54492
2	550	loss: 1.058741807937622	lr: 0.10000
train acc: 0.59375	 validation acc: 0.53711
2	600	loss: 1.1455422639846802	lr: 0.10000
train acc: 0.56250	 validation acc: 0.64453
2	650	loss: 0.8905529379844666	lr: 0.10000
train acc: 0.71875	 validation acc: 0.56445
2	700	loss: 1.2681330442428589	lr: 0.10000
train acc: 0.53125	 validation acc: 0.59375
2	750	loss: 0.912449836730957	lr: 0.10000
train acc: 0.65625	 validation acc: 0.60938
2	800	loss: 1.1122084856033325	lr: 0.10000
train acc: 0.50000	 validation acc: 0.63086
2	850	loss: 1.1524345874786377	lr: 0.10000
train acc: 0.62500	 validation acc: 0.52539
2	900	loss: 0.8548492789268494	lr: 0.10000
train acc: 0.68750	 validation acc: 0.56250
2	950	loss: 1.1359658241271973	lr: 0.10000
train acc: 0.65625	 validation acc: 0.60938
2	1000	loss: 1.206952452659607	lr: 0.10000
train acc: 0.71875	 validation acc: 0.59766
2	1050	loss: 1.0620800256729126	lr: 0.10000
train acc: 0.59375	 validation acc: 0.56055
2	1100	loss: 1.058640718460083	lr: 0.10000
train acc: 0.65625	 validation acc: 0.59375
2	1150	loss: 1.2498023509979248	lr: 0.10000
train acc: 0.62500	 validation acc: 0.61523
2	1200	loss: 0.8075073957443237	lr: 0.10000
train acc: 0.75000	 validation acc: 0.64062
2	1250	loss: 0.8542826771736145	lr: 0.10000
train acc: 0.62500	 validation acc: 0.60352
2	1300	loss: 0.7051094770431519	lr: 0.10000
train acc: 0.75000	 validation acc: 0.57617
2	1350	loss: 1.0573437213897705	lr: 0.10000
train acc: 0.62500	 validation acc: 0.60742
2	1400	loss: 1.0365315675735474	lr: 0.10000
train acc: 0.71875	 validation acc: 0.67773
2	1450	loss: 0.7008774876594543	lr: 0.10000
train acc: 0.71875	 validation acc: 0.65430
2	1500	loss: 1.2774145603179932	lr: 0.10000
train acc: 0.56250	 validation acc: 0.56250
2	1550	loss: 0.8661967515945435	lr: 0.10000
train acc: 0.68750	 validation acc: 0.61914
epoch:   2	epoch acc: 0.612109375
3	0	loss: 0.7750155925750732	lr: 0.10000
train acc: 0.65625	 validation acc: 0.63086
3	50	loss: 0.9387304782867432	lr: 0.10000
train acc: 0.68750	 validation acc: 0.67773
3	100	loss: 1.1121330261230469	lr: 0.10000
train acc: 0.56250	 validation acc: 0.58594
3	150	loss: 1.0247527360916138	lr: 0.10000
train acc: 0.71875	 validation acc: 0.64648
3	200	loss: 1.0388984680175781	lr: 0.10000
train acc: 0.59375	 validation acc: 0.66406
3	250	loss: 1.2781875133514404	lr: 0.10000
train acc: 0.53125	 validation acc: 0.63672
3	300	loss: 0.8283848166465759	lr: 0.10000
train acc: 0.65625	 validation acc: 0.67188
3	350	loss: 0.7653297185897827	lr: 0.10000
train acc: 0.78125	 validation acc: 0.57422
3	400	loss: 0.9472293853759766	lr: 0.10000
train acc: 0.56250	 validation acc: 0.66211
3	450	loss: 0.9824612140655518	lr: 0.10000
train acc: 0.62500	 validation acc: 0.63477
3	500	loss: 0.986419141292572	lr: 0.10000
train acc: 0.65625	 validation acc: 0.61133
3	550	loss: 0.8010649681091309	lr: 0.10000
train acc: 0.68750	 validation acc: 0.59961
3	600	loss: 1.1804307699203491	lr: 0.10000
train acc: 0.71875	 validation acc: 0.66602
3	650	loss: 0.7563690543174744	lr: 0.10000
train acc: 0.75000	 validation acc: 0.61719
3	700	loss: 1.4197055101394653	lr: 0.10000
train acc: 0.43750	 validation acc: 0.67773
3	750	loss: 0.6723970174789429	lr: 0.10000
train acc: 0.71875	 validation acc: 0.69141
3	800	loss: 1.0616495609283447	lr: 0.10000
train acc: 0.59375	 validation acc: 0.66406
3	850	loss: 0.8982505798339844	lr: 0.10000
train acc: 0.71875	 validation acc: 0.65820
3	900	loss: 0.8489001989364624	lr: 0.10000
train acc: 0.71875	 validation acc: 0.59961
3	950	loss: 1.2985665798187256	lr: 0.10000
train acc: 0.56250	 validation acc: 0.64062
3	1000	loss: 1.0609097480773926	lr: 0.10000
train acc: 0.65625	 validation acc: 0.64062
3	1050	loss: 1.0581815242767334	lr: 0.10000
train acc: 0.56250	 validation acc: 0.55469
3	1100	loss: 0.9655558466911316	lr: 0.10000
train acc: 0.68750	 validation acc: 0.60742
3	1150	loss: 1.3609217405319214	lr: 0.10000
train acc: 0.56250	 validation acc: 0.54102
3	1200	loss: 0.8739018440246582	lr: 0.10000
train acc: 0.68750	 validation acc: 0.59180
3	1250	loss: 0.9984254837036133	lr: 0.10000
train acc: 0.62500	 validation acc: 0.35156
3	1300	loss: 0.6514890193939209	lr: 0.10000
train acc: 0.75000	 validation acc: 0.69141
3	1350	loss: 0.8552836179733276	lr: 0.10000
train acc: 0.56250	 validation acc: 0.64844
3	1400	loss: 1.0384958982467651	lr: 0.10000
train acc: 0.65625	 validation acc: 0.60742
3	1450	loss: 0.7700746059417725	lr: 0.10000
train acc: 0.65625	 validation acc: 0.67188
3	1500	loss: 1.385783076286316	lr: 0.10000
train acc: 0.53125	 validation acc: 0.59375
3	1550	loss: 0.859203577041626	lr: 0.10000
train acc: 0.71875	 validation acc: 0.58398
epoch:   3	epoch acc: 0.6109375
4	0	loss: 0.7993173003196716	lr: 0.10000
train acc: 0.62500	 validation acc: 0.58984
4	50	loss: 0.8703879117965698	lr: 0.10000
train acc: 0.68750	 validation acc: 0.61914
4	100	loss: 1.2084994316101074	lr: 0.10000
train acc: 0.65625	 validation acc: 0.64062
4	150	loss: 0.9090063571929932	lr: 0.10000
train acc: 0.71875	 validation acc: 0.64258
4	200	loss: 1.1104302406311035	lr: 0.10000
train acc: 0.53125	 validation acc: 0.70508
4	250	loss: 1.210072636604309	lr: 0.10000
train acc: 0.65625	 validation acc: 0.65625
4	300	loss: 0.9055837988853455	lr: 0.10000
train acc: 0.65625	 validation acc: 0.68750
4	350	loss: 0.5031242966651917	lr: 0.10000
train acc: 0.87500	 validation acc: 0.63672
4	400	loss: 1.0349812507629395	lr: 0.10000
train acc: 0.59375	 validation acc: 0.58984
4	450	loss: 0.7638379335403442	lr: 0.10000
train acc: 0.71875	 validation acc: 0.70898
4	500	loss: 1.0231316089630127	lr: 0.10000
train acc: 0.71875	 validation acc: 0.66992
4	550	loss: 0.5299861431121826	lr: 0.10000
train acc: 0.81250	 validation acc: 0.67773
4	600	loss: 1.041787028312683	lr: 0.10000
train acc: 0.71875	 validation acc: 0.67383
4	650	loss: 0.7235854268074036	lr: 0.10000
train acc: 0.75000	 validation acc: 0.68164
4	700	loss: 1.1810367107391357	lr: 0.10000
train acc: 0.50000	 validation acc: 0.69336
4	750	loss: 0.8112419247627258	lr: 0.10000
train acc: 0.71875	 validation acc: 0.69336
4	800	loss: 1.0210000276565552	lr: 0.10000
train acc: 0.65625	 validation acc: 0.61328
4	850	loss: 0.8337749242782593	lr: 0.10000
train acc: 0.78125	 validation acc: 0.56250
4	900	loss: 0.7195540070533752	lr: 0.10000
train acc: 0.78125	 validation acc: 0.58398
4	950	loss: 1.0594409704208374	lr: 0.10000
train acc: 0.65625	 validation acc: 0.69141
4	1000	loss: 0.9792617559432983	lr: 0.10000
train acc: 0.65625	 validation acc: 0.66797
4	1050	loss: 0.8906673192977905	lr: 0.10000
train acc: 0.68750	 validation acc: 0.65625
4	1100	loss: 0.8144955635070801	lr: 0.10000
train acc: 0.75000	 validation acc: 0.64062
4	1150	loss: 1.1172045469284058	lr: 0.10000
train acc: 0.50000	 validation acc: 0.64258
4	1200	loss: 0.7404451370239258	lr: 0.10000
train acc: 0.75000	 validation acc: 0.63867
4	1250	loss: 0.9755281805992126	lr: 0.10000
train acc: 0.56250	 validation acc: 0.65625
4	1300	loss: 0.7556807994842529	lr: 0.10000
train acc: 0.71875	 validation acc: 0.62891
4	1350	loss: 0.8479043841362	lr: 0.10000
train acc: 0.75000	 validation acc: 0.60547
4	1400	loss: 0.9486768245697021	lr: 0.10000
train acc: 0.78125	 validation acc: 0.61719
4	1450	loss: 0.643376350402832	lr: 0.10000
train acc: 0.78125	 validation acc: 0.69531
4	1500	loss: 1.059586524963379	lr: 0.10000
train acc: 0.71875	 validation acc: 0.66406
4	1550	loss: 0.9250689744949341	lr: 0.10000
train acc: 0.68750	 validation acc: 0.59766
epoch:   4	epoch acc: 0.5614583333333333
5	0	loss: 0.7939764261245728	lr: 0.10000
train acc: 0.71875	 validation acc: 0.55664
5	50	loss: 0.8828585147857666	lr: 0.10000
train acc: 0.75000	 validation acc: 0.62695
5	100	loss: 1.126801609992981	lr: 0.10000
train acc: 0.62500	 validation acc: 0.63672
5	150	loss: 0.9258132576942444	lr: 0.10000
train acc: 0.71875	 validation acc: 0.67188
5	200	loss: 1.0253181457519531	lr: 0.10000
train acc: 0.65625	 validation acc: 0.72070
5	250	loss: 1.1728923320770264	lr: 0.10000
train acc: 0.59375	 validation acc: 0.67188
5	300	loss: 0.7959557771682739	lr: 0.10000
train acc: 0.68750	 validation acc: 0.67188
5	350	loss: 0.7234446406364441	lr: 0.10000
train acc: 0.78125	 validation acc: 0.69336
5	400	loss: 1.0237005949020386	lr: 0.10000
train acc: 0.62500	 validation acc: 0.59961
5	450	loss: 0.7895569801330566	lr: 0.10000
train acc: 0.84375	 validation acc: 0.70312
5	500	loss: 1.1013082265853882	lr: 0.10000
train acc: 0.68750	 validation acc: 0.63281
5	550	loss: 0.6308309435844421	lr: 0.10000
train acc: 0.75000	 validation acc: 0.53516
5	600	loss: 1.1863971948623657	lr: 0.10000
train acc: 0.68750	 validation acc: 0.67773
5	650	loss: 0.6777625679969788	lr: 0.10000
train acc: 0.71875	 validation acc: 0.63477
5	700	loss: 0.9993935227394104	lr: 0.10000
train acc: 0.65625	 validation acc: 0.67578
5	750	loss: 0.7508548498153687	lr: 0.10000
train acc: 0.65625	 validation acc: 0.68555
5	800	loss: 0.9075638055801392	lr: 0.10000
train acc: 0.68750	 validation acc: 0.72070
5	850	loss: 0.8084295988082886	lr: 0.10000
train acc: 0.75000	 validation acc: 0.66016
5	900	loss: 0.7153645157814026	lr: 0.10000
train acc: 0.78125	 validation acc: 0.63281
5	950	loss: 1.222926378250122	lr: 0.10000
train acc: 0.59375	 validation acc: 0.68359
5	1000	loss: 1.0260722637176514	lr: 0.10000
train acc: 0.75000	 validation acc: 0.65625
5	1050	loss: 0.8063924312591553	lr: 0.10000
train acc: 0.62500	 validation acc: 0.66602
5	1100	loss: 0.8540295958518982	lr: 0.10000
train acc: 0.68750	 validation acc: 0.67383
5	1150	loss: 0.9519763588905334	lr: 0.10000
train acc: 0.68750	 validation acc: 0.66406
5	1200	loss: 0.7223221063613892	lr: 0.10000
train acc: 0.68750	 validation acc: 0.55664
5	1250	loss: 0.7007492184638977	lr: 0.10000
train acc: 0.68750	 validation acc: 0.55078
5	1300	loss: 0.6947206258773804	lr: 0.10000
train acc: 0.75000	 validation acc: 0.66992
5	1350	loss: 0.7405428290367126	lr: 0.10000
train acc: 0.65625	 validation acc: 0.66992
5	1400	loss: 1.1573255062103271	lr: 0.10000
train acc: 0.59375	 validation acc: 0.65234
5	1450	loss: 0.6018916964530945	lr: 0.10000
train acc: 0.71875	 validation acc: 0.69922
5	1500	loss: 1.1496580839157104	lr: 0.10000
train acc: 0.62500	 validation acc: 0.61523
5	1550	loss: 0.8939813375473022	lr: 0.10000
train acc: 0.71875	 validation acc: 0.67578
epoch:   5	epoch acc: 0.566796875
6	0	loss: 0.81040358543396	lr: 0.10000
train acc: 0.68750	 validation acc: 0.59375
6	50	loss: 0.823418378829956	lr: 0.10000
train acc: 0.65625	 validation acc: 0.68359
6	100	loss: 1.1486272811889648	lr: 0.10000
train acc: 0.56250	 validation acc: 0.65430
6	150	loss: 1.0328707695007324	lr: 0.10000
train acc: 0.59375	 validation acc: 0.67188
6	200	loss: 1.0271921157836914	lr: 0.10000
train acc: 0.53125	 validation acc: 0.74023
6	250	loss: 0.9840649366378784	lr: 0.10000
train acc: 0.59375	 validation acc: 0.72852
6	300	loss: 0.9520626664161682	lr: 0.10000
train acc: 0.65625	 validation acc: 0.65039
6	350	loss: 0.5003160238265991	lr: 0.10000
train acc: 0.84375	 validation acc: 0.70898
6	400	loss: 0.9892425537109375	lr: 0.10000
train acc: 0.62500	 validation acc: 0.60938
6	450	loss: 0.7435318231582642	lr: 0.10000
train acc: 0.75000	 validation acc: 0.67773
6	500	loss: 0.8110556602478027	lr: 0.10000
train acc: 0.71875	 validation acc: 0.67969
6	550	loss: 0.4576111435890198	lr: 0.10000
train acc: 0.81250	 validation acc: 0.68945
6	600	loss: 1.0965676307678223	lr: 0.10000
train acc: 0.68750	 validation acc: 0.70312
6	650	loss: 0.6382720470428467	lr: 0.10000
train acc: 0.78125	 validation acc: 0.62109
6	700	loss: 1.157235026359558	lr: 0.10000
train acc: 0.59375	 validation acc: 0.71680
6	750	loss: 0.7668262720108032	lr: 0.10000
train acc: 0.78125	 validation acc: 0.64453
6	800	loss: 0.7030786275863647	lr: 0.10000
train acc: 0.78125	 validation acc: 0.68750
6	850	loss: 0.9358395934104919	lr: 0.10000
train acc: 0.62500	 validation acc: 0.61328
6	900	loss: 0.7116153836250305	lr: 0.10000
train acc: 0.71875	 validation acc: 0.55664
6	950	loss: 0.9675523042678833	lr: 0.10000
train acc: 0.65625	 validation acc: 0.69727
6	1000	loss: 0.8880796432495117	lr: 0.10000
train acc: 0.68750	 validation acc: 0.63086
6	1050	loss: 0.9034305214881897	lr: 0.10000
train acc: 0.68750	 validation acc: 0.67578
6	1100	loss: 0.7652907967567444	lr: 0.10000
train acc: 0.68750	 validation acc: 0.67383
6	1150	loss: 0.880776584148407	lr: 0.10000
train acc: 0.65625	 validation acc: 0.61719
6	1200	loss: 0.7968270182609558	lr: 0.10000
train acc: 0.71875	 validation acc: 0.64648
6	1250	loss: 0.703487753868103	lr: 0.10000
train acc: 0.81250	 validation acc: 0.57617
6	1300	loss: 0.6531355977058411	lr: 0.10000
train acc: 0.84375	 validation acc: 0.66797
6	1350	loss: 0.6463264226913452	lr: 0.10000
train acc: 0.78125	 validation acc: 0.68164
6	1400	loss: 0.9724365472793579	lr: 0.10000
train acc: 0.71875	 validation acc: 0.61328
6	1450	loss: 0.5271707773208618	lr: 0.10000
train acc: 0.78125	 validation acc: 0.63086
6	1500	loss: 1.2022004127502441	lr: 0.10000
train acc: 0.56250	 validation acc: 0.65820
6	1550	loss: 0.8731891512870789	lr: 0.10000
train acc: 0.71875	 validation acc: 0.68164
epoch:   6	epoch acc: 0.6216145833333333
7	0	loss: 0.9245671033859253	lr: 0.10000
train acc: 0.65625	 validation acc: 0.62109
7	50	loss: 0.7690510749816895	lr: 0.10000
train acc: 0.71875	 validation acc: 0.66602
7	100	loss: 0.9766586422920227	lr: 0.10000
train acc: 0.68750	 validation acc: 0.65234
7	150	loss: 0.9301964044570923	lr: 0.10000
train acc: 0.65625	 validation acc: 0.66992
7	200	loss: 0.9230314493179321	lr: 0.10000
train acc: 0.68750	 validation acc: 0.70312
7	250	loss: 1.1204783916473389	lr: 0.10000
train acc: 0.59375	 validation acc: 0.66992
7	300	loss: 0.7978249788284302	lr: 0.10000
train acc: 0.68750	 validation acc: 0.69336
7	350	loss: 0.610532283782959	lr: 0.10000
train acc: 0.78125	 validation acc: 0.64648
7	400	loss: 0.7950066924095154	lr: 0.10000
train acc: 0.59375	 validation acc: 0.57031
7	450	loss: 1.0170046091079712	lr: 0.10000
train acc: 0.59375	 validation acc: 0.67383
7	500	loss: 0.8687751889228821	lr: 0.10000
train acc: 0.71875	 validation acc: 0.65234
7	550	loss: 0.5311679840087891	lr: 0.10000
train acc: 0.78125	 validation acc: 0.54102
7	600	loss: 1.1386691331863403	lr: 0.10000
train acc: 0.71875	 validation acc: 0.72070
7	650	loss: 0.6743497848510742	lr: 0.10000
train acc: 0.81250	 validation acc: 0.66211
7	700	loss: 1.0692930221557617	lr: 0.10000
train acc: 0.59375	 validation acc: 0.65430
7	750	loss: 0.6809328198432922	lr: 0.10000
train acc: 0.81250	 validation acc: 0.68945
7	800	loss: 0.8638098239898682	lr: 0.10000
train acc: 0.59375	 validation acc: 0.64648
7	850	loss: 0.7902929186820984	lr: 0.10000
train acc: 0.75000	 validation acc: 0.63086
7	900	loss: 0.5819880962371826	lr: 0.10000
train acc: 0.81250	 validation acc: 0.63672
7	950	loss: 0.9129471182823181	lr: 0.10000
train acc: 0.68750	 validation acc: 0.71680
7	1000	loss: 1.0413028001785278	lr: 0.10000
train acc: 0.71875	 validation acc: 0.65234
7	1050	loss: 0.9625470638275146	lr: 0.10000
train acc: 0.65625	 validation acc: 0.69727
7	1100	loss: 0.7956844568252563	lr: 0.10000
train acc: 0.75000	 validation acc: 0.70312
7	1150	loss: 0.9395507574081421	lr: 0.10000
train acc: 0.68750	 validation acc: 0.62500
7	1200	loss: 0.6293792724609375	lr: 0.10000
train acc: 0.78125	 validation acc: 0.66211
7	1250	loss: 0.733309805393219	lr: 0.10000
train acc: 0.78125	 validation acc: 0.64062
7	1300	loss: 0.6559414863586426	lr: 0.10000
train acc: 0.78125	 validation acc: 0.66992
7	1350	loss: 0.7024577856063843	lr: 0.10000
train acc: 0.65625	 validation acc: 0.72070
7	1400	loss: 1.1265612840652466	lr: 0.10000
train acc: 0.56250	 validation acc: 0.63867
7	1450	loss: 0.5244745016098022	lr: 0.10000
train acc: 0.81250	 validation acc: 0.63477
7	1500	loss: 1.0989506244659424	lr: 0.10000
train acc: 0.53125	 validation acc: 0.65625
7	1550	loss: 0.747675359249115	lr: 0.10000
train acc: 0.75000	 validation acc: 0.57227
epoch:   7	epoch acc: 0.61015625
8	0	loss: 0.5661948323249817	lr: 0.10000
train acc: 0.71875	 validation acc: 0.61719
8	50	loss: 0.8674002289772034	lr: 0.10000
train acc: 0.71875	 validation acc: 0.68750
8	100	loss: 1.135438084602356	lr: 0.10000
train acc: 0.59375	 validation acc: 0.61914
8	150	loss: 0.918254554271698	lr: 0.10000
train acc: 0.68750	 validation acc: 0.68945
8	200	loss: 0.9174705743789673	lr: 0.10000
train acc: 0.65625	 validation acc: 0.74219
8	250	loss: 0.9104315042495728	lr: 0.10000
train acc: 0.71875	 validation acc: 0.70703
8	300	loss: 0.7249773740768433	lr: 0.10000
train acc: 0.71875	 validation acc: 0.69727
8	350	loss: 0.6365784406661987	lr: 0.10000
train acc: 0.81250	 validation acc: 0.66992
8	400	loss: 0.7237520813941956	lr: 0.10000
train acc: 0.71875	 validation acc: 0.58203
8	450	loss: 0.7530890703201294	lr: 0.10000
train acc: 0.78125	 validation acc: 0.71484
8	500	loss: 0.9692494869232178	lr: 0.10000
train acc: 0.68750	 validation acc: 0.66211
8	550	loss: 0.5328596830368042	lr: 0.10000
train acc: 0.81250	 validation acc: 0.66992
8	600	loss: 1.0873173475265503	lr: 0.10000
train acc: 0.62500	 validation acc: 0.67969
8	650	loss: 0.5214705467224121	lr: 0.10000
train acc: 0.78125	 validation acc: 0.60156
8	700	loss: 1.1130496263504028	lr: 0.10000
train acc: 0.65625	 validation acc: 0.63477
8	750	loss: 0.6494963765144348	lr: 0.10000
train acc: 0.71875	 validation acc: 0.70117
8	800	loss: 0.9842730760574341	lr: 0.10000
train acc: 0.59375	 validation acc: 0.62305
8	850	loss: 0.8171573281288147	lr: 0.10000
train acc: 0.78125	 validation acc: 0.61719
8	900	loss: 0.7335911393165588	lr: 0.10000
train acc: 0.71875	 validation acc: 0.67969
8	950	loss: 1.0447832345962524	lr: 0.10000
train acc: 0.71875	 validation acc: 0.72070
8	1000	loss: 0.8975276350975037	lr: 0.10000
train acc: 0.75000	 validation acc: 0.70508
8	1050	loss: 0.8497541546821594	lr: 0.10000
train acc: 0.75000	 validation acc: 0.71875
8	1100	loss: 1.088905930519104	lr: 0.10000
train acc: 0.75000	 validation acc: 0.65625
8	1150	loss: 0.9535397291183472	lr: 0.10000
train acc: 0.65625	 validation acc: 0.62500
8	1200	loss: 0.7309792041778564	lr: 0.10000
train acc: 0.75000	 validation acc: 0.69336
8	1250	loss: 0.6492388248443604	lr: 0.10000
train acc: 0.75000	 validation acc: 0.70703
8	1300	loss: 0.5833059549331665	lr: 0.10000
train acc: 0.75000	 validation acc: 0.71289
8	1350	loss: 0.7987663745880127	lr: 0.10000
train acc: 0.75000	 validation acc: 0.69727
8	1400	loss: 1.2370420694351196	lr: 0.10000
train acc: 0.62500	 validation acc: 0.65430
8	1450	loss: 0.6736807823181152	lr: 0.10000
train acc: 0.75000	 validation acc: 0.58984
8	1500	loss: 1.0332317352294922	lr: 0.10000
train acc: 0.75000	 validation acc: 0.55273
8	1550	loss: 0.9100705981254578	lr: 0.10000
train acc: 0.75000	 validation acc: 0.61328
epoch:   8	epoch acc: 0.6153645833333333
9	0	loss: 0.6607150435447693	lr: 0.10000
train acc: 0.75000	 validation acc: 0.65234
9	50	loss: 0.8077356815338135	lr: 0.10000
train acc: 0.71875	 validation acc: 0.71680
9	100	loss: 1.0852551460266113	lr: 0.10000
train acc: 0.62500	 validation acc: 0.71289
9	150	loss: 1.0433833599090576	lr: 0.10000
train acc: 0.65625	 validation acc: 0.68945
9	200	loss: 0.8158161640167236	lr: 0.10000
train acc: 0.62500	 validation acc: 0.71875
9	250	loss: 1.1330958604812622	lr: 0.10000
train acc: 0.62500	 validation acc: 0.68945
9	300	loss: 0.6629253625869751	lr: 0.10000
train acc: 0.68750	 validation acc: 0.70312
9	350	loss: 0.7038671970367432	lr: 0.10000
train acc: 0.78125	 validation acc: 0.54688
9	400	loss: 1.1081042289733887	lr: 0.10000
train acc: 0.65625	 validation acc: 0.63086
9	450	loss: 0.8816325664520264	lr: 0.10000
train acc: 0.68750	 validation acc: 0.71484
9	500	loss: 0.964186429977417	lr: 0.10000
train acc: 0.68750	 validation acc: 0.60742
9	550	loss: 0.48769330978393555	lr: 0.10000
train acc: 0.78125	 validation acc: 0.59766
9	600	loss: 1.0338858366012573	lr: 0.10000
train acc: 0.71875	 validation acc: 0.76367
9	650	loss: 0.4915487766265869	lr: 0.10000
train acc: 0.84375	 validation acc: 0.62305
9	700	loss: 1.2012945413589478	lr: 0.10000
train acc: 0.56250	 validation acc: 0.63672
9	750	loss: 0.600066065788269	lr: 0.10000
train acc: 0.84375	 validation acc: 0.69141
9	800	loss: 0.726314127445221	lr: 0.10000
train acc: 0.71875	 validation acc: 0.65039
9	850	loss: 0.7912226915359497	lr: 0.10000
train acc: 0.71875	 validation acc: 0.67578
9	900	loss: 0.7728605270385742	lr: 0.10000
train acc: 0.75000	 validation acc: 0.57422
9	950	loss: 1.0306490659713745	lr: 0.10000
train acc: 0.65625	 validation acc: 0.74219
9	1000	loss: 0.9091362953186035	lr: 0.10000
train acc: 0.78125	 validation acc: 0.65820
9	1050	loss: 0.89704430103302	lr: 0.10000
train acc: 0.56250	 validation acc: 0.69922
9	1100	loss: 0.8002861738204956	lr: 0.10000
train acc: 0.78125	 validation acc: 0.63672
9	1150	loss: 1.019223928451538	lr: 0.10000
train acc: 0.56250	 validation acc: 0.70117
9	1200	loss: 0.7139089703559875	lr: 0.10000
train acc: 0.68750	 validation acc: 0.68359
9	1250	loss: 0.796001672744751	lr: 0.10000
train acc: 0.71875	 validation acc: 0.64648
9	1300	loss: 0.662710428237915	lr: 0.10000
train acc: 0.68750	 validation acc: 0.65820
9	1350	loss: 0.6674052476882935	lr: 0.10000
train acc: 0.68750	 validation acc: 0.72461
9	1400	loss: 1.043702244758606	lr: 0.10000
train acc: 0.68750	 validation acc: 0.63281
9	1450	loss: 0.5234106779098511	lr: 0.10000
train acc: 0.87500	 validation acc: 0.65820
9	1500	loss: 1.203659176826477	lr: 0.10000
train acc: 0.59375	 validation acc: 0.61914
9	1550	loss: 0.8074532151222229	lr: 0.10000
train acc: 0.71875	 validation acc: 0.66797
epoch:   9	epoch acc: 0.677734375
10	0	loss: 0.5811302661895752	lr: 0.01000
train acc: 0.81250	 validation acc: 0.67578
10	50	loss: 0.660942018032074	lr: 0.01000
train acc: 0.71875	 validation acc: 0.79883
10	100	loss: 0.7382602095603943	lr: 0.01000
train acc: 0.78125	 validation acc: 0.79297
10	150	loss: 0.6111387014389038	lr: 0.01000
train acc: 0.75000	 validation acc: 0.81250
10	200	loss: 0.784465491771698	lr: 0.01000
train acc: 0.68750	 validation acc: 0.81055
10	250	loss: 0.9033821225166321	lr: 0.01000
train acc: 0.75000	 validation acc: 0.80859
10	300	loss: 0.6836941838264465	lr: 0.01000
train acc: 0.68750	 validation acc: 0.81836
10	350	loss: 0.5037758350372314	lr: 0.01000
train acc: 0.81250	 validation acc: 0.82422
10	400	loss: 0.7218632698059082	lr: 0.01000
train acc: 0.71875	 validation acc: 0.83203
10	450	loss: 0.6986885070800781	lr: 0.01000
train acc: 0.71875	 validation acc: 0.81836
10	500	loss: 0.6860941052436829	lr: 0.01000
train acc: 0.78125	 validation acc: 0.82031
10	550	loss: 0.3176398277282715	lr: 0.01000
train acc: 0.90625	 validation acc: 0.82617
10	600	loss: 0.7404056191444397	lr: 0.01000
train acc: 0.81250	 validation acc: 0.83203
10	650	loss: 0.39647048711776733	lr: 0.01000
train acc: 0.84375	 validation acc: 0.82422
10	700	loss: 0.686630368232727	lr: 0.01000
train acc: 0.75000	 validation acc: 0.81836
10	750	loss: 0.47331076860427856	lr: 0.01000
train acc: 0.84375	 validation acc: 0.84180
10	800	loss: 0.5016026496887207	lr: 0.01000
train acc: 0.81250	 validation acc: 0.82227
10	850	loss: 0.4991191625595093	lr: 0.01000
train acc: 0.84375	 validation acc: 0.81641
10	900	loss: 0.3782283067703247	lr: 0.01000
train acc: 0.87500	 validation acc: 0.84375
10	950	loss: 0.5405383110046387	lr: 0.01000
train acc: 0.84375	 validation acc: 0.83594
10	1000	loss: 0.4899793863296509	lr: 0.01000
train acc: 0.81250	 validation acc: 0.83008
10	1050	loss: 0.6993282437324524	lr: 0.01000
train acc: 0.71875	 validation acc: 0.82227
10	1100	loss: 0.5561376810073853	lr: 0.01000
train acc: 0.84375	 validation acc: 0.83008
10	1150	loss: 0.5135151743888855	lr: 0.01000
train acc: 0.78125	 validation acc: 0.83398
10	1200	loss: 0.45398882031440735	lr: 0.01000
train acc: 0.84375	 validation acc: 0.83398
10	1250	loss: 0.5073895454406738	lr: 0.01000
train acc: 0.84375	 validation acc: 0.83984
10	1300	loss: 0.609105110168457	lr: 0.01000
train acc: 0.81250	 validation acc: 0.86133
10	1350	loss: 0.45857635140419006	lr: 0.01000
train acc: 0.81250	 validation acc: 0.84961
10	1400	loss: 0.6999127268791199	lr: 0.01000
train acc: 0.78125	 validation acc: 0.83984
10	1450	loss: 0.38847973942756653	lr: 0.01000
train acc: 0.84375	 validation acc: 0.82227
10	1500	loss: 0.6227450966835022	lr: 0.01000
train acc: 0.81250	 validation acc: 0.83984
10	1550	loss: 0.5132920145988464	lr: 0.01000
train acc: 0.84375	 validation acc: 0.83789
epoch:  10	epoch acc: 0.8205729166666667
11	0	loss: 0.33696234226226807	lr: 0.01000
train acc: 0.84375	 validation acc: 0.83594
11	50	loss: 0.6205875277519226	lr: 0.01000
train acc: 0.84375	 validation acc: 0.86133
11	100	loss: 0.60835862159729	lr: 0.01000
train acc: 0.71875	 validation acc: 0.82617
11	150	loss: 0.5081139802932739	lr: 0.01000
train acc: 0.84375	 validation acc: 0.85352
11	200	loss: 0.6193583011627197	lr: 0.01000
train acc: 0.78125	 validation acc: 0.84570
11	250	loss: 0.7670081853866577	lr: 0.01000
train acc: 0.75000	 validation acc: 0.84375
11	300	loss: 0.4656234085559845	lr: 0.01000
train acc: 0.87500	 validation acc: 0.84961
11	350	loss: 0.36926496028900146	lr: 0.01000
train acc: 0.87500	 validation acc: 0.84961
11	400	loss: 0.6569157242774963	lr: 0.01000
train acc: 0.71875	 validation acc: 0.84180
11	450	loss: 0.7519934773445129	lr: 0.01000
train acc: 0.68750	 validation acc: 0.83008
11	500	loss: 0.6913319826126099	lr: 0.01000
train acc: 0.78125	 validation acc: 0.84961
11	550	loss: 0.38496291637420654	lr: 0.01000
train acc: 0.87500	 validation acc: 0.85156
11	600	loss: 0.6575677394866943	lr: 0.01000
train acc: 0.81250	 validation acc: 0.83984
11	650	loss: 0.43449944257736206	lr: 0.01000
train acc: 0.78125	 validation acc: 0.82617
11	700	loss: 0.5704675912857056	lr: 0.01000
train acc: 0.78125	 validation acc: 0.84766
11	750	loss: 0.312136709690094	lr: 0.01000
train acc: 0.90625	 validation acc: 0.84961
11	800	loss: 0.38352277874946594	lr: 0.01000
train acc: 0.87500	 validation acc: 0.85938
11	850	loss: 0.5307900905609131	lr: 0.01000
train acc: 0.78125	 validation acc: 0.83594
11	900	loss: 0.3750016987323761	lr: 0.01000
train acc: 0.84375	 validation acc: 0.84961
11	950	loss: 0.41893792152404785	lr: 0.01000
train acc: 0.84375	 validation acc: 0.84570
11	1000	loss: 0.5956594944000244	lr: 0.01000
train acc: 0.78125	 validation acc: 0.84766
11	1050	loss: 0.513206958770752	lr: 0.01000
train acc: 0.84375	 validation acc: 0.85547
11	1100	loss: 0.4101541042327881	lr: 0.01000
train acc: 0.81250	 validation acc: 0.84180
11	1150	loss: 0.4660908877849579	lr: 0.01000
train acc: 0.84375	 validation acc: 0.85352
11	1200	loss: 0.49502262473106384	lr: 0.01000
train acc: 0.81250	 validation acc: 0.83984
11	1250	loss: 0.4839351773262024	lr: 0.01000
train acc: 0.87500	 validation acc: 0.84961
11	1300	loss: 0.4757283926010132	lr: 0.01000
train acc: 0.84375	 validation acc: 0.85547
11	1350	loss: 0.5037450194358826	lr: 0.01000
train acc: 0.78125	 validation acc: 0.83789
11	1400	loss: 0.6300768256187439	lr: 0.01000
train acc: 0.78125	 validation acc: 0.83203
11	1450	loss: 0.4669572710990906	lr: 0.01000
train acc: 0.84375	 validation acc: 0.84766
11	1500	loss: 0.6794750690460205	lr: 0.01000
train acc: 0.84375	 validation acc: 0.83008
11	1550	loss: 0.5565063953399658	lr: 0.01000
train acc: 0.78125	 validation acc: 0.85547
epoch:  11	epoch acc: 0.83359375
12	0	loss: 0.24989211559295654	lr: 0.01000
train acc: 0.93750	 validation acc: 0.84766
12	50	loss: 0.4801863133907318	lr: 0.01000
train acc: 0.84375	 validation acc: 0.84961
12	100	loss: 0.5635092258453369	lr: 0.01000
train acc: 0.75000	 validation acc: 0.83203
12	150	loss: 0.53133624792099	lr: 0.01000
train acc: 0.81250	 validation acc: 0.84570
12	200	loss: 0.5898544192314148	lr: 0.01000
train acc: 0.78125	 validation acc: 0.85938
12	250	loss: 0.7501310706138611	lr: 0.01000
train acc: 0.75000	 validation acc: 0.84375
12	300	loss: 0.5282936096191406	lr: 0.01000
train acc: 0.84375	 validation acc: 0.85547
12	350	loss: 0.4920123517513275	lr: 0.01000
train acc: 0.81250	 validation acc: 0.85352
12	400	loss: 0.5355421304702759	lr: 0.01000
train acc: 0.84375	 validation acc: 0.84375
12	450	loss: 0.5531386733055115	lr: 0.01000
train acc: 0.78125	 validation acc: 0.83008
12	500	loss: 0.6331366300582886	lr: 0.01000
train acc: 0.78125	 validation acc: 0.83984
12	550	loss: 0.2730194330215454	lr: 0.01000
train acc: 0.93750	 validation acc: 0.85547
12	600	loss: 0.659602165222168	lr: 0.01000
train acc: 0.78125	 validation acc: 0.83789
12	650	loss: 0.2673819959163666	lr: 0.01000
train acc: 0.93750	 validation acc: 0.84766
12	700	loss: 0.5536820888519287	lr: 0.01000
train acc: 0.84375	 validation acc: 0.86133
12	750	loss: 0.37193965911865234	lr: 0.01000
train acc: 0.87500	 validation acc: 0.85352
12	800	loss: 0.44233137369155884	lr: 0.01000
train acc: 0.78125	 validation acc: 0.86133
12	850	loss: 0.3920249938964844	lr: 0.01000
train acc: 0.87500	 validation acc: 0.84766
12	900	loss: 0.30487388372421265	lr: 0.01000
train acc: 0.87500	 validation acc: 0.85547
12	950	loss: 0.49862200021743774	lr: 0.01000
train acc: 0.87500	 validation acc: 0.85352
12	1000	loss: 0.49405255913734436	lr: 0.01000
train acc: 0.84375	 validation acc: 0.84180
12	1050	loss: 0.6269375681877136	lr: 0.01000
train acc: 0.81250	 validation acc: 0.84766
12	1100	loss: 0.4775705933570862	lr: 0.01000
train acc: 0.81250	 validation acc: 0.84766
12	1150	loss: 0.46831753849983215	lr: 0.01000
train acc: 0.81250	 validation acc: 0.85742
12	1200	loss: 0.4533216953277588	lr: 0.01000
train acc: 0.81250	 validation acc: 0.85938
12	1250	loss: 0.36795756220817566	lr: 0.01000
train acc: 0.87500	 validation acc: 0.84375
12	1300	loss: 0.6205672025680542	lr: 0.01000
train acc: 0.75000	 validation acc: 0.85742
12	1350	loss: 0.505234956741333	lr: 0.01000
train acc: 0.84375	 validation acc: 0.84766
12	1400	loss: 0.704108715057373	lr: 0.01000
train acc: 0.81250	 validation acc: 0.84766
12	1450	loss: 0.4081055223941803	lr: 0.01000
train acc: 0.81250	 validation acc: 0.85352
12	1500	loss: 0.6585870981216431	lr: 0.01000
train acc: 0.71875	 validation acc: 0.83984
12	1550	loss: 0.5309692621231079	lr: 0.01000
train acc: 0.84375	 validation acc: 0.85938
epoch:  12	epoch acc: 0.8380208333333333
13	0	loss: 0.4349046051502228	lr: 0.01000
train acc: 0.81250	 validation acc: 0.86133
13	50	loss: 0.45379266142845154	lr: 0.01000
train acc: 0.81250	 validation acc: 0.85938
13	100	loss: 0.539774477481842	lr: 0.01000
train acc: 0.81250	 validation acc: 0.85156
13	150	loss: 0.3733538091182709	lr: 0.01000
train acc: 0.93750	 validation acc: 0.87500
13	200	loss: 0.6727306842803955	lr: 0.01000
train acc: 0.75000	 validation acc: 0.87500
13	250	loss: 0.5712544918060303	lr: 0.01000
train acc: 0.84375	 validation acc: 0.86328
13	300	loss: 0.3792244493961334	lr: 0.01000
train acc: 0.87500	 validation acc: 0.85352
13	350	loss: 0.42927485704421997	lr: 0.01000
train acc: 0.81250	 validation acc: 0.86133
13	400	loss: 0.33013737201690674	lr: 0.01000
train acc: 0.84375	 validation acc: 0.85938
13	450	loss: 0.49609309434890747	lr: 0.01000
train acc: 0.81250	 validation acc: 0.83008
13	500	loss: 0.6268698573112488	lr: 0.01000
train acc: 0.78125	 validation acc: 0.85156
13	550	loss: 0.2687741219997406	lr: 0.01000
train acc: 0.96875	 validation acc: 0.86719
13	600	loss: 0.7794733047485352	lr: 0.01000
train acc: 0.81250	 validation acc: 0.84961
13	650	loss: 0.35464563965797424	lr: 0.01000
train acc: 0.93750	 validation acc: 0.86523
13	700	loss: 0.60884690284729	lr: 0.01000
train acc: 0.75000	 validation acc: 0.86133
13	750	loss: 0.29657602310180664	lr: 0.01000
train acc: 0.90625	 validation acc: 0.86328
13	800	loss: 0.41600388288497925	lr: 0.01000
train acc: 0.84375	 validation acc: 0.85742
13	850	loss: 0.37619394063949585	lr: 0.01000
train acc: 0.87500	 validation acc: 0.84766
13	900	loss: 0.3740588128566742	lr: 0.01000
train acc: 0.84375	 validation acc: 0.84375
13	950	loss: 0.44239020347595215	lr: 0.01000
train acc: 0.87500	 validation acc: 0.84570
13	1000	loss: 0.5302491188049316	lr: 0.01000
train acc: 0.78125	 validation acc: 0.84570
13	1050	loss: 0.6551765203475952	lr: 0.01000
train acc: 0.81250	 validation acc: 0.84570
13	1100	loss: 0.49560627341270447	lr: 0.01000
train acc: 0.78125	 validation acc: 0.83008
13	1150	loss: 0.3960874676704407	lr: 0.01000
train acc: 0.84375	 validation acc: 0.85156
13	1200	loss: 0.4097971022129059	lr: 0.01000
train acc: 0.87500	 validation acc: 0.85156
13	1250	loss: 0.4670574963092804	lr: 0.01000
train acc: 0.75000	 validation acc: 0.85938
13	1300	loss: 0.42949292063713074	lr: 0.01000
train acc: 0.84375	 validation acc: 0.85742
13	1350	loss: 0.39276039600372314	lr: 0.01000
train acc: 0.78125	 validation acc: 0.85742
13	1400	loss: 0.7983120083808899	lr: 0.01000
train acc: 0.78125	 validation acc: 0.85938
13	1450	loss: 0.4949643015861511	lr: 0.01000
train acc: 0.81250	 validation acc: 0.83594
13	1500	loss: 0.6091511249542236	lr: 0.01000
train acc: 0.81250	 validation acc: 0.82031
13	1550	loss: 0.44990232586860657	lr: 0.01000
train acc: 0.84375	 validation acc: 0.85156
epoch:  13	epoch acc: 0.8395833333333333
14	0	loss: 0.26177072525024414	lr: 0.01000
train acc: 0.90625	 validation acc: 0.85156
14	50	loss: 0.32214173674583435	lr: 0.01000
train acc: 0.87500	 validation acc: 0.85352
14	100	loss: 0.505108118057251	lr: 0.01000
train acc: 0.81250	 validation acc: 0.84570
14	150	loss: 0.5175325870513916	lr: 0.01000
train acc: 0.84375	 validation acc: 0.87109
14	200	loss: 0.5898816585540771	lr: 0.01000
train acc: 0.81250	 validation acc: 0.85352
14	250	loss: 0.8242447376251221	lr: 0.01000
train acc: 0.75000	 validation acc: 0.84961
14	300	loss: 0.42962145805358887	lr: 0.01000
train acc: 0.87500	 validation acc: 0.84180
14	350	loss: 0.4356412887573242	lr: 0.01000
train acc: 0.78125	 validation acc: 0.85938
14	400	loss: 0.41643404960632324	lr: 0.01000
train acc: 0.81250	 validation acc: 0.86328
14	450	loss: 0.5507522821426392	lr: 0.01000
train acc: 0.71875	 validation acc: 0.83594
14	500	loss: 0.5659332275390625	lr: 0.01000
train acc: 0.81250	 validation acc: 0.85742
14	550	loss: 0.24677222967147827	lr: 0.01000
train acc: 0.90625	 validation acc: 0.86133
14	600	loss: 0.6494513154029846	lr: 0.01000
train acc: 0.81250	 validation acc: 0.85938
14	650	loss: 0.2581784129142761	lr: 0.01000
train acc: 0.93750	 validation acc: 0.84375
14	700	loss: 0.6777693033218384	lr: 0.01000
train acc: 0.71875	 validation acc: 0.85156
14	750	loss: 0.31405219435691833	lr: 0.01000
train acc: 0.90625	 validation acc: 0.86523
14	800	loss: 0.27986371517181396	lr: 0.01000
train acc: 0.90625	 validation acc: 0.85742
14	850	loss: 0.42802172899246216	lr: 0.01000
train acc: 0.90625	 validation acc: 0.84375
14	900	loss: 0.3977343738079071	lr: 0.01000
train acc: 0.81250	 validation acc: 0.85352
14	950	loss: 0.4312927722930908	lr: 0.01000
train acc: 0.84375	 validation acc: 0.86719
14	1000	loss: 0.4812556505203247	lr: 0.01000
train acc: 0.84375	 validation acc: 0.85156
14	1050	loss: 0.601693868637085	lr: 0.01000
train acc: 0.81250	 validation acc: 0.84180
14	1100	loss: 0.4041474461555481	lr: 0.01000
train acc: 0.90625	 validation acc: 0.87109
14	1150	loss: 0.3893577754497528	lr: 0.01000
train acc: 0.90625	 validation acc: 0.86523
14	1200	loss: 0.27209317684173584	lr: 0.01000
train acc: 0.93750	 validation acc: 0.84766
14	1250	loss: 0.312300443649292	lr: 0.01000
train acc: 0.90625	 validation acc: 0.84961
14	1300	loss: 0.5039600133895874	lr: 0.01000
train acc: 0.90625	 validation acc: 0.85156
14	1350	loss: 0.477773517370224	lr: 0.01000
train acc: 0.81250	 validation acc: 0.81836
14	1400	loss: 0.6523202657699585	lr: 0.01000
train acc: 0.78125	 validation acc: 0.86914
14	1450	loss: 0.4556991457939148	lr: 0.01000
train acc: 0.84375	 validation acc: 0.84570
14	1500	loss: 0.7486963272094727	lr: 0.01000
train acc: 0.75000	 validation acc: 0.83984
14	1550	loss: 0.4709632992744446	lr: 0.01000
train acc: 0.81250	 validation acc: 0.83984
epoch:  14	epoch acc: 0.8380208333333333
15	0	loss: 0.1946364790201187	lr: 0.01000
train acc: 0.96875	 validation acc: 0.84180
15	50	loss: 0.4471101462841034	lr: 0.01000
train acc: 0.81250	 validation acc: 0.83789
15	100	loss: 0.5702580213546753	lr: 0.01000
train acc: 0.75000	 validation acc: 0.83984
15	150	loss: 0.46148237586021423	lr: 0.01000
train acc: 0.81250	 validation acc: 0.85547
15	200	loss: 0.7305880784988403	lr: 0.01000
train acc: 0.75000	 validation acc: 0.84961
15	250	loss: 0.5712000131607056	lr: 0.01000
train acc: 0.81250	 validation acc: 0.85156
15	300	loss: 0.4829791188240051	lr: 0.01000
train acc: 0.81250	 validation acc: 0.84570
15	350	loss: 0.36927878856658936	lr: 0.01000
train acc: 0.90625	 validation acc: 0.83789
15	400	loss: 0.4847625494003296	lr: 0.01000
train acc: 0.78125	 validation acc: 0.84961
15	450	loss: 0.5793571472167969	lr: 0.01000
train acc: 0.78125	 validation acc: 0.84961
15	500	loss: 0.45221489667892456	lr: 0.01000
train acc: 0.87500	 validation acc: 0.84180
15	550	loss: 0.27463874220848083	lr: 0.01000
train acc: 0.90625	 validation acc: 0.83594
15	600	loss: 0.7461727857589722	lr: 0.01000
train acc: 0.75000	 validation acc: 0.85547
15	650	loss: 0.2739037275314331	lr: 0.01000
train acc: 0.93750	 validation acc: 0.84961
15	700	loss: 0.5553146600723267	lr: 0.01000
train acc: 0.84375	 validation acc: 0.84180
15	750	loss: 0.4373767375946045	lr: 0.01000
train acc: 0.87500	 validation acc: 0.86914
15	800	loss: 0.4871188700199127	lr: 0.01000
train acc: 0.84375	 validation acc: 0.84570
15	850	loss: 0.45920297503471375	lr: 0.01000
train acc: 0.87500	 validation acc: 0.84766
15	900	loss: 0.4068998098373413	lr: 0.01000
train acc: 0.84375	 validation acc: 0.86719
15	950	loss: 0.4617147445678711	lr: 0.01000
train acc: 0.87500	 validation acc: 0.84766
15	1000	loss: 0.4052451252937317	lr: 0.01000
train acc: 0.87500	 validation acc: 0.86133
15	1050	loss: 0.5568020939826965	lr: 0.01000
train acc: 0.68750	 validation acc: 0.85156
15	1100	loss: 0.406949907541275	lr: 0.01000
train acc: 0.87500	 validation acc: 0.85938
15	1150	loss: 0.4955017566680908	lr: 0.01000
train acc: 0.78125	 validation acc: 0.84180
15	1200	loss: 0.403335303068161	lr: 0.01000
train acc: 0.84375	 validation acc: 0.83203
15	1250	loss: 0.49601230025291443	lr: 0.01000
train acc: 0.84375	 validation acc: 0.85742
15	1300	loss: 0.39691415429115295	lr: 0.01000
train acc: 0.93750	 validation acc: 0.85352
15	1350	loss: 0.3330594301223755	lr: 0.01000
train acc: 0.87500	 validation acc: 0.86133
15	1400	loss: 0.6544937491416931	lr: 0.01000
train acc: 0.81250	 validation acc: 0.84570
15	1450	loss: 0.43628761172294617	lr: 0.01000
train acc: 0.87500	 validation acc: 0.84180
15	1500	loss: 0.6539713144302368	lr: 0.01000
train acc: 0.78125	 validation acc: 0.84961
15	1550	loss: 0.48240941762924194	lr: 0.01000
train acc: 0.84375	 validation acc: 0.84180
epoch:  15	epoch acc: 0.8404947916666666
16	0	loss: 0.23167535662651062	lr: 0.01000
train acc: 0.93750	 validation acc: 0.85938
16	50	loss: 0.35909727215766907	lr: 0.01000
train acc: 0.87500	 validation acc: 0.85742
16	100	loss: 0.45553094148635864	lr: 0.01000
train acc: 0.81250	 validation acc: 0.83984
16	150	loss: 0.38281920552253723	lr: 0.01000
train acc: 0.87500	 validation acc: 0.85547
16	200	loss: 0.6229062080383301	lr: 0.01000
train acc: 0.81250	 validation acc: 0.85742
16	250	loss: 0.8441896438598633	lr: 0.01000
train acc: 0.75000	 validation acc: 0.83789
16	300	loss: 0.5185011029243469	lr: 0.01000
train acc: 0.78125	 validation acc: 0.84766
16	350	loss: 0.33232784271240234	lr: 0.01000
train acc: 0.87500	 validation acc: 0.85742
16	400	loss: 0.5115183591842651	lr: 0.01000
train acc: 0.75000	 validation acc: 0.85547
16	450	loss: 0.43433672189712524	lr: 0.01000
train acc: 0.78125	 validation acc: 0.83398
16	500	loss: 0.5812191963195801	lr: 0.01000
train acc: 0.81250	 validation acc: 0.84961
16	550	loss: 0.22861401736736298	lr: 0.01000
train acc: 0.93750	 validation acc: 0.86133
16	600	loss: 0.7382886409759521	lr: 0.01000
train acc: 0.78125	 validation acc: 0.83789
16	650	loss: 0.1999853253364563	lr: 0.01000
train acc: 0.96875	 validation acc: 0.83203
16	700	loss: 0.6230101585388184	lr: 0.01000
train acc: 0.71875	 validation acc: 0.86328
16	750	loss: 0.31984683871269226	lr: 0.01000
train acc: 0.90625	 validation acc: 0.83789
16	800	loss: 0.32939571142196655	lr: 0.01000
train acc: 0.90625	 validation acc: 0.85352
16	850	loss: 0.44497057795524597	lr: 0.01000
train acc: 0.87500	 validation acc: 0.83398
16	900	loss: 0.34461510181427	lr: 0.01000
train acc: 0.84375	 validation acc: 0.86133
16	950	loss: 0.33506083488464355	lr: 0.01000
train acc: 0.87500	 validation acc: 0.86328
16	1000	loss: 0.414966344833374	lr: 0.01000
train acc: 0.90625	 validation acc: 0.86523
16	1050	loss: 0.5779365301132202	lr: 0.01000
train acc: 0.68750	 validation acc: 0.83398
16	1100	loss: 0.3182792663574219	lr: 0.01000
train acc: 0.84375	 validation acc: 0.83984
16	1150	loss: 0.5171405076980591	lr: 0.01000
train acc: 0.81250	 validation acc: 0.82617
16	1200	loss: 0.35600215196609497	lr: 0.01000
train acc: 0.84375	 validation acc: 0.83594
16	1250	loss: 0.4414255917072296	lr: 0.01000
train acc: 0.81250	 validation acc: 0.86133
16	1300	loss: 0.37766408920288086	lr: 0.01000
train acc: 0.87500	 validation acc: 0.84180
16	1350	loss: 0.32194823026657104	lr: 0.01000
train acc: 0.90625	 validation acc: 0.82812
16	1400	loss: 0.7918057441711426	lr: 0.01000
train acc: 0.81250	 validation acc: 0.81836
16	1450	loss: 0.38892093300819397	lr: 0.01000
train acc: 0.84375	 validation acc: 0.83789
16	1500	loss: 0.5360633134841919	lr: 0.01000
train acc: 0.87500	 validation acc: 0.82422
16	1550	loss: 0.5118933320045471	lr: 0.01000
train acc: 0.84375	 validation acc: 0.84961
epoch:  16	epoch acc: 0.844921875
17	0	loss: 0.28826335072517395	lr: 0.01000
train acc: 0.87500	 validation acc: 0.84375
17	50	loss: 0.3860926330089569	lr: 0.01000
train acc: 0.87500	 validation acc: 0.83398
17	100	loss: 0.5793384313583374	lr: 0.01000
train acc: 0.78125	 validation acc: 0.83789
17	150	loss: 0.48225006461143494	lr: 0.01000
train acc: 0.87500	 validation acc: 0.84570
17	200	loss: 0.6499209403991699	lr: 0.01000
train acc: 0.75000	 validation acc: 0.85547
17	250	loss: 0.5645661950111389	lr: 0.01000
train acc: 0.78125	 validation acc: 0.85742
17	300	loss: 0.3704530894756317	lr: 0.01000
train acc: 0.87500	 validation acc: 0.81641
17	350	loss: 0.3468213677406311	lr: 0.01000
train acc: 0.84375	 validation acc: 0.82812
17	400	loss: 0.5235781073570251	lr: 0.01000
train acc: 0.84375	 validation acc: 0.83789
17	450	loss: 0.5294233560562134	lr: 0.01000
train acc: 0.81250	 validation acc: 0.84766
17	500	loss: 0.5243274569511414	lr: 0.01000
train acc: 0.78125	 validation acc: 0.85352
17	550	loss: 0.2400452196598053	lr: 0.01000
train acc: 0.93750	 validation acc: 0.85547
17	600	loss: 0.7822890281677246	lr: 0.01000
train acc: 0.71875	 validation acc: 0.85742
17	650	loss: 0.1951630711555481	lr: 0.01000
train acc: 0.90625	 validation acc: 0.82617
17	700	loss: 0.4979574680328369	lr: 0.01000
train acc: 0.84375	 validation acc: 0.86914
17	750	loss: 0.32636743783950806	lr: 0.01000
train acc: 0.90625	 validation acc: 0.84570
17	800	loss: 0.319511353969574	lr: 0.01000
train acc: 0.93750	 validation acc: 0.83398
17	850	loss: 0.41479161381721497	lr: 0.01000
train acc: 0.87500	 validation acc: 0.83789
17	900	loss: 0.3957173228263855	lr: 0.01000
train acc: 0.84375	 validation acc: 0.82812
17	950	loss: 0.3986797332763672	lr: 0.01000
train acc: 0.84375	 validation acc: 0.85156
17	1000	loss: 0.39205285906791687	lr: 0.01000
train acc: 0.84375	 validation acc: 0.85156
17	1050	loss: 0.46667808294296265	lr: 0.01000
train acc: 0.84375	 validation acc: 0.85547
17	1100	loss: 0.3513791859149933	lr: 0.01000
train acc: 0.84375	 validation acc: 0.84375
17	1150	loss: 0.4288380742073059	lr: 0.01000
train acc: 0.84375	 validation acc: 0.84766
17	1200	loss: 0.3200036585330963	lr: 0.01000
train acc: 0.87500	 validation acc: 0.83008
17	1250	loss: 0.5635902881622314	lr: 0.01000
train acc: 0.78125	 validation acc: 0.85156
17	1300	loss: 0.502743661403656	lr: 0.01000
train acc: 0.81250	 validation acc: 0.86719
17	1350	loss: 0.30020761489868164	lr: 0.01000
train acc: 0.87500	 validation acc: 0.82812
17	1400	loss: 0.6313490867614746	lr: 0.01000
train acc: 0.87500	 validation acc: 0.83203
17	1450	loss: 0.5106370449066162	lr: 0.01000
train acc: 0.84375	 validation acc: 0.81836
17	1500	loss: 0.46286213397979736	lr: 0.01000
train acc: 0.90625	 validation acc: 0.80078
17	1550	loss: 0.5214918851852417	lr: 0.01000
train acc: 0.81250	 validation acc: 0.81641
epoch:  17	epoch acc: 0.8313802083333334
18	0	loss: 0.17137733101844788	lr: 0.01000
train acc: 0.96875	 validation acc: 0.83789
18	50	loss: 0.3503172695636749	lr: 0.01000
train acc: 0.81250	 validation acc: 0.82812
18	100	loss: 0.6262159943580627	lr: 0.01000
train acc: 0.78125	 validation acc: 0.82617
18	150	loss: 0.6376677751541138	lr: 0.01000
train acc: 0.75000	 validation acc: 0.85938
18	200	loss: 0.521457850933075	lr: 0.01000
train acc: 0.90625	 validation acc: 0.86914
18	250	loss: 0.6352794170379639	lr: 0.01000
train acc: 0.78125	 validation acc: 0.85156
18	300	loss: 0.45948031544685364	lr: 0.01000
train acc: 0.84375	 validation acc: 0.85156
18	350	loss: 0.3971501886844635	lr: 0.01000
train acc: 0.84375	 validation acc: 0.83984
18	400	loss: 0.529344379901886	lr: 0.01000
train acc: 0.71875	 validation acc: 0.85156
18	450	loss: 0.4920806288719177	lr: 0.01000
train acc: 0.84375	 validation acc: 0.83789
18	500	loss: 0.46051567792892456	lr: 0.01000
train acc: 0.87500	 validation acc: 0.83398
18	550	loss: 0.21822328865528107	lr: 0.01000
train acc: 0.93750	 validation acc: 0.84375
18	600	loss: 0.5513015389442444	lr: 0.01000
train acc: 0.81250	 validation acc: 0.84180
18	650	loss: 0.25539419054985046	lr: 0.01000
train acc: 0.87500	 validation acc: 0.82812
18	700	loss: 0.42945849895477295	lr: 0.01000
train acc: 0.84375	 validation acc: 0.83984
18	750	loss: 0.23872527480125427	lr: 0.01000
train acc: 0.90625	 validation acc: 0.83789
18	800	loss: 0.45247402787208557	lr: 0.01000
train acc: 0.81250	 validation acc: 0.84766
18	850	loss: 0.38421565294265747	lr: 0.01000
train acc: 0.93750	 validation acc: 0.82617
18	900	loss: 0.3549884557723999	lr: 0.01000
train acc: 0.81250	 validation acc: 0.84570
18	950	loss: 0.44169580936431885	lr: 0.01000
train acc: 0.87500	 validation acc: 0.85742
18	1000	loss: 0.45147833228111267	lr: 0.01000
train acc: 0.84375	 validation acc: 0.84180
18	1050	loss: 0.3786376416683197	lr: 0.01000
train acc: 0.87500	 validation acc: 0.83789
18	1100	loss: 0.4383939504623413	lr: 0.01000
train acc: 0.81250	 validation acc: 0.83984
18	1150	loss: 0.37668466567993164	lr: 0.01000
train acc: 0.84375	 validation acc: 0.84570
18	1200	loss: 0.5042172074317932	lr: 0.01000
train acc: 0.87500	 validation acc: 0.83594
18	1250	loss: 0.4251682758331299	lr: 0.01000
train acc: 0.84375	 validation acc: 0.85156
18	1300	loss: 0.454793244600296	lr: 0.01000
train acc: 0.84375	 validation acc: 0.83398
18	1350	loss: 0.34389325976371765	lr: 0.01000
train acc: 0.81250	 validation acc: 0.85742
18	1400	loss: 0.6011019945144653	lr: 0.01000
train acc: 0.75000	 validation acc: 0.81836
18	1450	loss: 0.4424137473106384	lr: 0.01000
train acc: 0.84375	 validation acc: 0.82031
18	1500	loss: 0.6656391620635986	lr: 0.01000
train acc: 0.81250	 validation acc: 0.80078
18	1550	loss: 0.422981858253479	lr: 0.01000
train acc: 0.87500	 validation acc: 0.83789
epoch:  18	epoch acc: 0.844921875
19	0	loss: 0.27998489141464233	lr: 0.00100
train acc: 0.87500	 validation acc: 0.84766
19	50	loss: 0.5163739919662476	lr: 0.00100
train acc: 0.81250	 validation acc: 0.85156
19	100	loss: 0.5463997721672058	lr: 0.00100
train acc: 0.81250	 validation acc: 0.85352
19	150	loss: 0.24397146701812744	lr: 0.00100
train acc: 0.96875	 validation acc: 0.85156
19	200	loss: 0.504775881767273	lr: 0.00100
train acc: 0.84375	 validation acc: 0.85742
19	250	loss: 0.6547473669052124	lr: 0.00100
train acc: 0.81250	 validation acc: 0.85742
19	300	loss: 0.2997656464576721	lr: 0.00100
train acc: 0.87500	 validation acc: 0.85156
19	350	loss: 0.38703668117523193	lr: 0.00100
train acc: 0.87500	 validation acc: 0.85156
19	400	loss: 0.3540928363800049	lr: 0.00100
train acc: 0.81250	 validation acc: 0.86133
19	450	loss: 0.44356831908226013	lr: 0.00100
train acc: 0.81250	 validation acc: 0.85156
19	500	loss: 0.5555810332298279	lr: 0.00100
train acc: 0.78125	 validation acc: 0.86523
19	550	loss: 0.21624206006526947	lr: 0.00100
train acc: 0.96875	 validation acc: 0.86328
19	600	loss: 0.6308355331420898	lr: 0.00100
train acc: 0.81250	 validation acc: 0.84961
19	650	loss: 0.1686290055513382	lr: 0.00100
train acc: 0.96875	 validation acc: 0.86133
19	700	loss: 0.3858264684677124	lr: 0.00100
train acc: 0.90625	 validation acc: 0.85938
19	750	loss: 0.16252709925174713	lr: 0.00100
train acc: 0.93750	 validation acc: 0.87109
19	800	loss: 0.2562614381313324	lr: 0.00100
train acc: 0.90625	 validation acc: 0.86133
19	850	loss: 0.2744002044200897	lr: 0.00100
train acc: 0.93750	 validation acc: 0.85547
19	900	loss: 0.23626196384429932	lr: 0.00100
train acc: 0.93750	 validation acc: 0.85547
19	950	loss: 0.35278934240341187	lr: 0.00100
train acc: 0.87500	 validation acc: 0.86133
19	1000	loss: 0.23693791031837463	lr: 0.00100
train acc: 0.90625	 validation acc: 0.85156
19	1050	loss: 0.559606671333313	lr: 0.00100
train acc: 0.75000	 validation acc: 0.86328
19	1100	loss: 0.2665780186653137	lr: 0.00100
train acc: 0.90625	 validation acc: 0.87695
19	1150	loss: 0.346821129322052	lr: 0.00100
train acc: 0.84375	 validation acc: 0.86719
19	1200	loss: 0.16673633456230164	lr: 0.00100
train acc: 0.93750	 validation acc: 0.87305
19	1250	loss: 0.24634920060634613	lr: 0.00100
train acc: 0.90625	 validation acc: 0.87500
19	1300	loss: 0.5144734382629395	lr: 0.00100
train acc: 0.81250	 validation acc: 0.87109
19	1350	loss: 0.3769940733909607	lr: 0.00100
train acc: 0.78125	 validation acc: 0.87695
19	1400	loss: 0.3126830756664276	lr: 0.00100
train acc: 0.90625	 validation acc: 0.86719
19	1450	loss: 0.4067051112651825	lr: 0.00100
train acc: 0.90625	 validation acc: 0.88281
19	1500	loss: 0.4671271741390228	lr: 0.00100
train acc: 0.87500	 validation acc: 0.86523
19	1550	loss: 0.29103583097457886	lr: 0.00100
train acc: 0.90625	 validation acc: 0.86914
epoch:  19	epoch acc: 0.873046875
20	0	loss: 0.1547114998102188	lr: 0.00100
train acc: 0.90625	 validation acc: 0.87109
20	50	loss: 0.4096364974975586	lr: 0.00100
train acc: 0.84375	 validation acc: 0.87695
20	100	loss: 0.43059560656547546	lr: 0.00100
train acc: 0.78125	 validation acc: 0.86719
20	150	loss: 0.2724723815917969	lr: 0.00100
train acc: 0.93750	 validation acc: 0.85938
20	200	loss: 0.5032187700271606	lr: 0.00100
train acc: 0.84375	 validation acc: 0.86523
20	250	loss: 0.5343912839889526	lr: 0.00100
train acc: 0.81250	 validation acc: 0.85938
20	300	loss: 0.33957135677337646	lr: 0.00100
train acc: 0.87500	 validation acc: 0.86914
20	350	loss: 0.33283329010009766	lr: 0.00100
train acc: 0.84375	 validation acc: 0.86914
20	400	loss: 0.42503759264945984	lr: 0.00100
train acc: 0.81250	 validation acc: 0.85938
20	450	loss: 0.4342072308063507	lr: 0.00100
train acc: 0.78125	 validation acc: 0.87109
20	500	loss: 0.4149637520313263	lr: 0.00100
train acc: 0.87500	 validation acc: 0.86328
20	550	loss: 0.14833828806877136	lr: 0.00100
train acc: 0.93750	 validation acc: 0.86719
20	600	loss: 0.5614395141601562	lr: 0.00100
train acc: 0.78125	 validation acc: 0.85547
20	650	loss: 0.10143065452575684	lr: 0.00100
train acc: 1.00000	 validation acc: 0.87695
20	700	loss: 0.4672900438308716	lr: 0.00100
train acc: 0.84375	 validation acc: 0.86523
20	750	loss: 0.16858898103237152	lr: 0.00100
train acc: 0.93750	 validation acc: 0.87695
20	800	loss: 0.29245972633361816	lr: 0.00100
train acc: 0.84375	 validation acc: 0.87305
20	850	loss: 0.30578917264938354	lr: 0.00100
train acc: 0.87500	 validation acc: 0.87500
20	900	loss: 0.26780155301094055	lr: 0.00100
train acc: 0.87500	 validation acc: 0.87109
20	950	loss: 0.33559489250183105	lr: 0.00100
train acc: 0.87500	 validation acc: 0.86914
20	1000	loss: 0.3341713547706604	lr: 0.00100
train acc: 0.87500	 validation acc: 0.86719
20	1050	loss: 0.3538475036621094	lr: 0.00100
train acc: 0.87500	 validation acc: 0.86719
20	1100	loss: 0.21134306490421295	lr: 0.00100
train acc: 0.93750	 validation acc: 0.88086
20	1150	loss: 0.4250083565711975	lr: 0.00100
train acc: 0.75000	 validation acc: 0.87891
20	1200	loss: 0.19574378430843353	lr: 0.00100
train acc: 0.90625	 validation acc: 0.87891
20	1250	loss: 0.202797070145607	lr: 0.00100
train acc: 0.90625	 validation acc: 0.87695
20	1300	loss: 0.5424455404281616	lr: 0.00100
train acc: 0.84375	 validation acc: 0.87305
20	1350	loss: 0.19287332892417908	lr: 0.00100
train acc: 0.96875	 validation acc: 0.87891
20	1400	loss: 0.36354005336761475	lr: 0.00100
train acc: 0.87500	 validation acc: 0.88086
20	1450	loss: 0.3230254054069519	lr: 0.00100
train acc: 0.87500	 validation acc: 0.88281
20	1500	loss: 0.35973992943763733	lr: 0.00100
train acc: 0.93750	 validation acc: 0.87695
20	1550	loss: 0.2840794324874878	lr: 0.00100
train acc: 0.90625	 validation acc: 0.88672
epoch:  20	epoch acc: 0.876171875
21	0	loss: 0.1599324345588684	lr: 0.00100
train acc: 0.90625	 validation acc: 0.88672
21	50	loss: 0.3421497344970703	lr: 0.00100
train acc: 0.87500	 validation acc: 0.88867
21	100	loss: 0.39909231662750244	lr: 0.00100
train acc: 0.87500	 validation acc: 0.86719
21	150	loss: 0.4085940718650818	lr: 0.00100
train acc: 0.84375	 validation acc: 0.86914
21	200	loss: 0.38524505496025085	lr: 0.00100
train acc: 0.87500	 validation acc: 0.86914
21	250	loss: 0.3562995493412018	lr: 0.00100
train acc: 0.87500	 validation acc: 0.87500
21	300	loss: 0.19396688044071198	lr: 0.00100
train acc: 0.96875	 validation acc: 0.86328
21	350	loss: 0.22203275561332703	lr: 0.00100
train acc: 0.90625	 validation acc: 0.87695
21	400	loss: 0.26605117321014404	lr: 0.00100
train acc: 0.84375	 validation acc: 0.87891
21	450	loss: 0.477222204208374	lr: 0.00100
train acc: 0.78125	 validation acc: 0.87891
21	500	loss: 0.32814013957977295	lr: 0.00100
train acc: 0.90625	 validation acc: 0.87695
21	550	loss: 0.16769710183143616	lr: 0.00100
train acc: 0.96875	 validation acc: 0.88086
21	600	loss: 0.5083445310592651	lr: 0.00100
train acc: 0.87500	 validation acc: 0.87305
21	650	loss: 0.1989603191614151	lr: 0.00100
train acc: 0.90625	 validation acc: 0.87695
21	700	loss: 0.33405253291130066	lr: 0.00100
train acc: 0.90625	 validation acc: 0.87109
21	750	loss: 0.13381971418857574	lr: 0.00100
train acc: 0.96875	 validation acc: 0.87305
21	800	loss: 0.21728086471557617	lr: 0.00100
train acc: 0.93750	 validation acc: 0.86914
21	850	loss: 0.36475327610969543	lr: 0.00100
train acc: 0.90625	 validation acc: 0.87500
21	900	loss: 0.19687964022159576	lr: 0.00100
train acc: 0.87500	 validation acc: 0.86914
21	950	loss: 0.23103013634681702	lr: 0.00100
train acc: 0.93750	 validation acc: 0.87305
21	1000	loss: 0.3511885404586792	lr: 0.00100
train acc: 0.90625	 validation acc: 0.87109
21	1050	loss: 0.3281482458114624	lr: 0.00100
train acc: 0.84375	 validation acc: 0.87891
21	1100	loss: 0.29872703552246094	lr: 0.00100
train acc: 0.90625	 validation acc: 0.87695
21	1150	loss: 0.36277657747268677	lr: 0.00100
train acc: 0.87500	 validation acc: 0.86719
21	1200	loss: 0.16379182040691376	lr: 0.00100
train acc: 0.96875	 validation acc: 0.87305
21	1250	loss: 0.21961742639541626	lr: 0.00100
train acc: 0.93750	 validation acc: 0.87891
21	1300	loss: 0.36296603083610535	lr: 0.00100
train acc: 0.90625	 validation acc: 0.88086
21	1350	loss: 0.2775629162788391	lr: 0.00100
train acc: 0.90625	 validation acc: 0.88672
21	1400	loss: 0.5016713738441467	lr: 0.00100
train acc: 0.84375	 validation acc: 0.88477
21	1450	loss: 0.4467655122280121	lr: 0.00100
train acc: 0.87500	 validation acc: 0.88281
21	1500	loss: 0.42785581946372986	lr: 0.00100
train acc: 0.81250	 validation acc: 0.87500
21	1550	loss: 0.22688886523246765	lr: 0.00100
train acc: 0.93750	 validation acc: 0.88086
epoch:  21	epoch acc: 0.878125
22	0	loss: 0.12154313176870346	lr: 0.00100
train acc: 0.93750	 validation acc: 0.88086
22	50	loss: 0.3600703775882721	lr: 0.00100
train acc: 0.87500	 validation acc: 0.88477
22	100	loss: 0.3225861191749573	lr: 0.00100
train acc: 0.87500	 validation acc: 0.87305
22	150	loss: 0.2423490285873413	lr: 0.00100
train acc: 0.93750	 validation acc: 0.88086
22	200	loss: 0.5058306455612183	lr: 0.00100
train acc: 0.90625	 validation acc: 0.87695
22	250	loss: 0.4111470580101013	lr: 0.00100
train acc: 0.84375	 validation acc: 0.87695
22	300	loss: 0.24307313561439514	lr: 0.00100
train acc: 0.93750	 validation acc: 0.88281
22	350	loss: 0.24225886166095734	lr: 0.00100
train acc: 0.93750	 validation acc: 0.87695
22	400	loss: 0.34657222032546997	lr: 0.00100
train acc: 0.84375	 validation acc: 0.88672
22	450	loss: 0.47879019379615784	lr: 0.00100
train acc: 0.81250	 validation acc: 0.88086
22	500	loss: 0.45390206575393677	lr: 0.00100
train acc: 0.84375	 validation acc: 0.88477
22	550	loss: 0.1470961570739746	lr: 0.00100
train acc: 0.96875	 validation acc: 0.88867
22	600	loss: 0.5640082359313965	lr: 0.00100
train acc: 0.81250	 validation acc: 0.88477
22	650	loss: 0.16824783384799957	lr: 0.00100
train acc: 0.96875	 validation acc: 0.89453
22	700	loss: 0.2644636034965515	lr: 0.00100
train acc: 0.90625	 validation acc: 0.87891
22	750	loss: 0.1604800969362259	lr: 0.00100
train acc: 0.96875	 validation acc: 0.87500
22	800	loss: 0.19169510900974274	lr: 0.00100
train acc: 0.93750	 validation acc: 0.87891
22	850	loss: 0.23760059475898743	lr: 0.00100
train acc: 0.93750	 validation acc: 0.88281
22	900	loss: 0.26468172669410706	lr: 0.00100
train acc: 0.90625	 validation acc: 0.89258
22	950	loss: 0.24310694634914398	lr: 0.00100
train acc: 0.93750	 validation acc: 0.88672
22	1000	loss: 0.31958314776420593	lr: 0.00100
train acc: 0.90625	 validation acc: 0.87695
22	1050	loss: 0.3429754972457886	lr: 0.00100
train acc: 0.84375	 validation acc: 0.86914
22	1100	loss: 0.2741791903972626	lr: 0.00100
train acc: 0.87500	 validation acc: 0.88281
22	1150	loss: 0.2962879240512848	lr: 0.00100
train acc: 0.87500	 validation acc: 0.88477
22	1200	loss: 0.12088631838560104	lr: 0.00100
train acc: 0.93750	 validation acc: 0.88477
22	1250	loss: 0.13511724770069122	lr: 0.00100
train acc: 0.93750	 validation acc: 0.88867
22	1300	loss: 0.4177854657173157	lr: 0.00100
train acc: 0.78125	 validation acc: 0.88672
22	1350	loss: 0.29759225249290466	lr: 0.00100
train acc: 0.87500	 validation acc: 0.88086
22	1400	loss: 0.3875266909599304	lr: 0.00100
train acc: 0.87500	 validation acc: 0.89648
22	1450	loss: 0.36190906167030334	lr: 0.00100
train acc: 0.87500	 validation acc: 0.89258
22	1500	loss: 0.34133318066596985	lr: 0.00100
train acc: 0.90625	 validation acc: 0.87891
22	1550	loss: 0.29062724113464355	lr: 0.00100
train acc: 0.87500	 validation acc: 0.88672
epoch:  22	epoch acc: 0.8778645833333333
23	0	loss: 0.23090997338294983	lr: 0.00100
train acc: 0.90625	 validation acc: 0.88086
23	50	loss: 0.37342673540115356	lr: 0.00100
train acc: 0.87500	 validation acc: 0.88477
23	100	loss: 0.31923237442970276	lr: 0.00100
train acc: 0.87500	 validation acc: 0.88086
23	150	loss: 0.25693702697753906	lr: 0.00100
train acc: 0.90625	 validation acc: 0.88672
23	200	loss: 0.4988318085670471	lr: 0.00100
train acc: 0.87500	 validation acc: 0.88867
23	250	loss: 0.44177085161209106	lr: 0.00100
train acc: 0.78125	 validation acc: 0.89258
23	300	loss: 0.23623041808605194	lr: 0.00100
train acc: 0.90625	 validation acc: 0.88281
23	350	loss: 0.33294472098350525	lr: 0.00100
train acc: 0.87500	 validation acc: 0.88672
23	400	loss: 0.3011852502822876	lr: 0.00100
train acc: 0.87500	 validation acc: 0.88477
23	450	loss: 0.32585784792900085	lr: 0.00100
train acc: 0.87500	 validation acc: 0.89453
23	500	loss: 0.28593236207962036	lr: 0.00100
train acc: 0.90625	 validation acc: 0.90039
23	550	loss: 0.2182796597480774	lr: 0.00100
train acc: 0.93750	 validation acc: 0.89648
23	600	loss: 0.7301795482635498	lr: 0.00100
train acc: 0.78125	 validation acc: 0.87695
23	650	loss: 0.11607061326503754	lr: 0.00100
train acc: 0.93750	 validation acc: 0.88867
23	700	loss: 0.28523188829421997	lr: 0.00100
train acc: 0.87500	 validation acc: 0.88086
23	750	loss: 0.18174730241298676	lr: 0.00100
train acc: 0.90625	 validation acc: 0.88672
23	800	loss: 0.17376042902469635	lr: 0.00100
train acc: 0.93750	 validation acc: 0.88867
23	850	loss: 0.2950917184352875	lr: 0.00100
train acc: 0.87500	 validation acc: 0.88477
23	900	loss: 0.24654237926006317	lr: 0.00100
train acc: 0.87500	 validation acc: 0.87891
23	950	loss: 0.3055504560470581	lr: 0.00100
train acc: 0.87500	 validation acc: 0.88477
23	1000	loss: 0.32437676191329956	lr: 0.00100
train acc: 0.87500	 validation acc: 0.88086
23	1050	loss: 0.31024274230003357	lr: 0.00100
train acc: 0.90625	 validation acc: 0.86914
23	1100	loss: 0.18441317975521088	lr: 0.00100
train acc: 0.90625	 validation acc: 0.87891
23	1150	loss: 0.46456024050712585	lr: 0.00100
train acc: 0.84375	 validation acc: 0.87695
23	1200	loss: 0.12001730501651764	lr: 0.00100
train acc: 0.96875	 validation acc: 0.88086
23	1250	loss: 0.1874523013830185	lr: 0.00100
train acc: 0.93750	 validation acc: 0.88867
23	1300	loss: 0.30088818073272705	lr: 0.00100
train acc: 0.90625	 validation acc: 0.88281
23	1350	loss: 0.14684201776981354	lr: 0.00100
train acc: 0.93750	 validation acc: 0.88867
23	1400	loss: 0.35058385133743286	lr: 0.00100
train acc: 0.87500	 validation acc: 0.88672
23	1450	loss: 0.45592349767684937	lr: 0.00100
train acc: 0.87500	 validation acc: 0.88867
23	1500	loss: 0.4073684513568878	lr: 0.00100
train acc: 0.84375	 validation acc: 0.88672
23	1550	loss: 0.3342389166355133	lr: 0.00100
train acc: 0.90625	 validation acc: 0.88867
epoch:  23	epoch acc: 0.879296875
24	0	loss: 0.13468514382839203	lr: 0.00100
train acc: 0.96875	 validation acc: 0.88672
24	50	loss: 0.4946945011615753	lr: 0.00100
train acc: 0.81250	 validation acc: 0.88867
24	100	loss: 0.30879631638526917	lr: 0.00100
train acc: 0.87500	 validation acc: 0.88281
24	150	loss: 0.1578940451145172	lr: 0.00100
train acc: 0.96875	 validation acc: 0.87695
24	200	loss: 0.39683446288108826	lr: 0.00100
train acc: 0.84375	 validation acc: 0.88281
24	250	loss: 0.41594526171684265	lr: 0.00100
train acc: 0.84375	 validation acc: 0.88086
24	300	loss: 0.2789973318576813	lr: 0.00100
train acc: 0.90625	 validation acc: 0.88672
24	350	loss: 0.2995569109916687	lr: 0.00100
train acc: 0.90625	 validation acc: 0.87891
24	400	loss: 0.18385043740272522	lr: 0.00100
train acc: 0.90625	 validation acc: 0.87500
24	450	loss: 0.4647131562232971	lr: 0.00100
train acc: 0.81250	 validation acc: 0.88281
24	500	loss: 0.3461568355560303	lr: 0.00100
train acc: 0.90625	 validation acc: 0.87891
24	550	loss: 0.2017272263765335	lr: 0.00100
train acc: 0.93750	 validation acc: 0.87891
24	600	loss: 0.4852445125579834	lr: 0.00100
train acc: 0.87500	 validation acc: 0.88086
24	650	loss: 0.16215096414089203	lr: 0.00100
train acc: 0.96875	 validation acc: 0.88672
24	700	loss: 0.36997541785240173	lr: 0.00100
train acc: 0.90625	 validation acc: 0.88477
24	750	loss: 0.10943660885095596	lr: 0.00100
train acc: 0.96875	 validation acc: 0.88672
24	800	loss: 0.15464486181735992	lr: 0.00100
train acc: 0.96875	 validation acc: 0.89062
24	850	loss: 0.19858971238136292	lr: 0.00100
train acc: 0.96875	 validation acc: 0.88867
24	900	loss: 0.1693783402442932	lr: 0.00100
train acc: 0.93750	 validation acc: 0.88477
24	950	loss: 0.27310895919799805	lr: 0.00100
train acc: 0.90625	 validation acc: 0.88672
24	1000	loss: 0.33102524280548096	lr: 0.00100
train acc: 0.84375	 validation acc: 0.89648
24	1050	loss: 0.32577040791511536	lr: 0.00100
train acc: 0.87500	 validation acc: 0.87500
24	1100	loss: 0.22654521465301514	lr: 0.00100
train acc: 0.93750	 validation acc: 0.88672
24	1150	loss: 0.304634690284729	lr: 0.00100
train acc: 0.87500	 validation acc: 0.88672
24	1200	loss: 0.16020527482032776	lr: 0.00100
train acc: 0.93750	 validation acc: 0.88281
24	1250	loss: 0.13550415635108948	lr: 0.00100
train acc: 0.96875	 validation acc: 0.89062
24	1300	loss: 0.33466213941574097	lr: 0.00100
train acc: 0.90625	 validation acc: 0.88867
24	1350	loss: 0.23485416173934937	lr: 0.00100
train acc: 0.90625	 validation acc: 0.89258
24	1400	loss: 0.365959107875824	lr: 0.00100
train acc: 0.90625	 validation acc: 0.90234
24	1450	loss: 0.3710263669490814	lr: 0.00100
train acc: 0.90625	 validation acc: 0.89062
24	1500	loss: 0.34978553652763367	lr: 0.00100
train acc: 0.90625	 validation acc: 0.88672
24	1550	loss: 0.26816025376319885	lr: 0.00100
train acc: 0.90625	 validation acc: 0.88672
epoch:  24	epoch acc: 0.878515625
25	0	loss: 0.07882411777973175	lr: 0.00100
train acc: 1.00000	 validation acc: 0.88672
25	50	loss: 0.41204553842544556	lr: 0.00100
train acc: 0.87500	 validation acc: 0.88086
25	100	loss: 0.23984241485595703	lr: 0.00100
train acc: 0.90625	 validation acc: 0.87695
25	150	loss: 0.16120216250419617	lr: 0.00100
train acc: 0.93750	 validation acc: 0.88477
25	200	loss: 0.42309901118278503	lr: 0.00100
train acc: 0.87500	 validation acc: 0.87109
25	250	loss: 0.3441740870475769	lr: 0.00100
train acc: 0.87500	 validation acc: 0.87891
25	300	loss: 0.3471865653991699	lr: 0.00100
train acc: 0.84375	 validation acc: 0.88867
25	350	loss: 0.14879679679870605	lr: 0.00100
train acc: 0.96875	 validation acc: 0.88281
25	400	loss: 0.3093852698802948	lr: 0.00100
train acc: 0.84375	 validation acc: 0.88672
25	450	loss: 0.27199119329452515	lr: 0.00100
train acc: 0.90625	 validation acc: 0.87891
25	500	loss: 0.2651362121105194	lr: 0.00100
train acc: 0.90625	 validation acc: 0.88086
25	550	loss: 0.09865248203277588	lr: 0.00100
train acc: 0.96875	 validation acc: 0.87891
25	600	loss: 0.3868224322795868	lr: 0.00100
train acc: 0.87500	 validation acc: 0.88086
25	650	loss: 0.1173831894993782	lr: 0.00100
train acc: 0.93750	 validation acc: 0.89062
25	700	loss: 0.3197150230407715	lr: 0.00100
train acc: 0.90625	 validation acc: 0.89258
25	750	loss: 0.07801467180252075	lr: 0.00100
train acc: 1.00000	 validation acc: 0.88281
25	800	loss: 0.1505066156387329	lr: 0.00100
train acc: 0.93750	 validation acc: 0.89062
25	850	loss: 0.16769197583198547	lr: 0.00100
train acc: 0.93750	 validation acc: 0.89062
25	900	loss: 0.23926648497581482	lr: 0.00100
train acc: 0.87500	 validation acc: 0.88086
25	950	loss: 0.29989904165267944	lr: 0.00100
train acc: 0.87500	 validation acc: 0.89062
25	1000	loss: 0.1988106369972229	lr: 0.00100
train acc: 0.93750	 validation acc: 0.88086
25	1050	loss: 0.25814202427864075	lr: 0.00100
train acc: 0.87500	 validation acc: 0.88477
25	1100	loss: 0.18697232007980347	lr: 0.00100
train acc: 0.93750	 validation acc: 0.88281
25	1150	loss: 0.20072989165782928	lr: 0.00100
train acc: 0.93750	 validation acc: 0.89844
25	1200	loss: 0.152381032705307	lr: 0.00100
train acc: 0.96875	 validation acc: 0.88867
25	1250	loss: 0.14812089502811432	lr: 0.00100
train acc: 0.93750	 validation acc: 0.88867
25	1300	loss: 0.46020281314849854	lr: 0.00100
train acc: 0.84375	 validation acc: 0.88477
25	1350	loss: 0.20559118688106537	lr: 0.00100
train acc: 0.96875	 validation acc: 0.88867
25	1400	loss: 0.3385915458202362	lr: 0.00100
train acc: 0.90625	 validation acc: 0.88672
25	1450	loss: 0.475065141916275	lr: 0.00100
train acc: 0.87500	 validation acc: 0.88477
25	1500	loss: 0.32988619804382324	lr: 0.00100
train acc: 0.87500	 validation acc: 0.87695
25	1550	loss: 0.3207865357398987	lr: 0.00100
train acc: 0.87500	 validation acc: 0.87305
epoch:  25	epoch acc: 0.87890625
26	0	loss: 0.1403511017560959	lr: 0.00100
train acc: 0.93750	 validation acc: 0.87109
26	50	loss: 0.3355313241481781	lr: 0.00100
train acc: 0.90625	 validation acc: 0.87695
26	100	loss: 0.2668670117855072	lr: 0.00100
train acc: 0.87500	 validation acc: 0.88086
26	150	loss: 0.36677658557891846	lr: 0.00100
train acc: 0.90625	 validation acc: 0.88086
26	200	loss: 0.4328991770744324	lr: 0.00100
train acc: 0.87500	 validation acc: 0.88086
26	250	loss: 0.3628520369529724	lr: 0.00100
train acc: 0.87500	 validation acc: 0.87891
26	300	loss: 0.32518330216407776	lr: 0.00100
train acc: 0.90625	 validation acc: 0.87305
26	350	loss: 0.1868501901626587	lr: 0.00100
train acc: 0.90625	 validation acc: 0.87695
26	400	loss: 0.2911924421787262	lr: 0.00100
train acc: 0.87500	 validation acc: 0.88477
26	450	loss: 0.32441654801368713	lr: 0.00100
train acc: 0.90625	 validation acc: 0.87500
26	500	loss: 0.2500053644180298	lr: 0.00100
train acc: 0.93750	 validation acc: 0.87891
26	550	loss: 0.16353479027748108	lr: 0.00100
train acc: 0.96875	 validation acc: 0.87891
26	600	loss: 0.4119841158390045	lr: 0.00100
train acc: 0.87500	 validation acc: 0.87305
26	650	loss: 0.16896304488182068	lr: 0.00100
train acc: 0.93750	 validation acc: 0.88672
26	700	loss: 0.24063318967819214	lr: 0.00100
train acc: 0.90625	 validation acc: 0.86523
26	750	loss: 0.09343982487916946	lr: 0.00100
train acc: 0.96875	 validation acc: 0.87109
26	800	loss: 0.17053212225437164	lr: 0.00100
train acc: 0.90625	 validation acc: 0.87109
26	850	loss: 0.32765114307403564	lr: 0.00100
train acc: 0.87500	 validation acc: 0.87109
26	900	loss: 0.17663812637329102	lr: 0.00100
train acc: 0.90625	 validation acc: 0.87109
26	950	loss: 0.2775742709636688	lr: 0.00100
train acc: 0.93750	 validation acc: 0.87109
26	1000	loss: 0.330653578042984	lr: 0.00100
train acc: 0.90625	 validation acc: 0.87500
26	1050	loss: 0.3080459237098694	lr: 0.00100
train acc: 0.90625	 validation acc: 0.88672
26	1100	loss: 0.2789815664291382	lr: 0.00100
train acc: 0.90625	 validation acc: 0.87695
26	1150	loss: 0.3838661313056946	lr: 0.00100
train acc: 0.90625	 validation acc: 0.88672
26	1200	loss: 0.0983375757932663	lr: 0.00100
train acc: 0.96875	 validation acc: 0.88281
26	1250	loss: 0.1884213387966156	lr: 0.00100
train acc: 0.93750	 validation acc: 0.88477
26	1300	loss: 0.2633824050426483	lr: 0.00100
train acc: 0.93750	 validation acc: 0.88867
26	1350	loss: 0.1925221085548401	lr: 0.00100
train acc: 0.93750	 validation acc: 0.89062
26	1400	loss: 0.4318431317806244	lr: 0.00100
train acc: 0.84375	 validation acc: 0.88867
26	1450	loss: 0.4608030617237091	lr: 0.00100
train acc: 0.87500	 validation acc: 0.89258
26	1500	loss: 0.2556280493736267	lr: 0.00100
train acc: 0.90625	 validation acc: 0.89258
26	1550	loss: 0.20692849159240723	lr: 0.00100
train acc: 0.93750	 validation acc: 0.89062
epoch:  26	epoch acc: 0.8830729166666667
27	0	loss: 0.17662787437438965	lr: 0.00100
train acc: 0.93750	 validation acc: 0.88867
27	50	loss: 0.27628210186958313	lr: 0.00100
train acc: 0.93750	 validation acc: 0.88672
27	100	loss: 0.20084744691848755	lr: 0.00100
train acc: 0.90625	 validation acc: 0.88672
27	150	loss: 0.2479068636894226	lr: 0.00100
train acc: 0.90625	 validation acc: 0.88672
27	200	loss: 0.38216254115104675	lr: 0.00100
train acc: 0.90625	 validation acc: 0.88477
27	250	loss: 0.288908451795578	lr: 0.00100
train acc: 0.90625	 validation acc: 0.88281
27	300	loss: 0.20355945825576782	lr: 0.00100
train acc: 0.96875	 validation acc: 0.88672
27	350	loss: 0.1913217306137085	lr: 0.00100
train acc: 0.93750	 validation acc: 0.87500
27	400	loss: 0.42709726095199585	lr: 0.00100
train acc: 0.84375	 validation acc: 0.87500
27	450	loss: 0.3139243423938751	lr: 0.00100
train acc: 0.84375	 validation acc: 0.88477
27	500	loss: 0.26831018924713135	lr: 0.00100
train acc: 0.93750	 validation acc: 0.87891
27	550	loss: 0.10339544713497162	lr: 0.00100
train acc: 0.96875	 validation acc: 0.88867
27	600	loss: 0.5255442261695862	lr: 0.00100
train acc: 0.87500	 validation acc: 0.87891
27	650	loss: 0.20028631389141083	lr: 0.00100
train acc: 0.84375	 validation acc: 0.89258
27	700	loss: 0.25732943415641785	lr: 0.00100
train acc: 0.87500	 validation acc: 0.88477
27	750	loss: 0.1408809870481491	lr: 0.00100
train acc: 0.93750	 validation acc: 0.88477
27	800	loss: 0.16207152605056763	lr: 0.00100
train acc: 0.90625	 validation acc: 0.88281
27	850	loss: 0.14749816060066223	lr: 0.00100
train acc: 0.96875	 validation acc: 0.88672
27	900	loss: 0.18317067623138428	lr: 0.00100
train acc: 0.90625	 validation acc: 0.88086
27	950	loss: 0.3276476263999939	lr: 0.00100
train acc: 0.93750	 validation acc: 0.88672
27	1000	loss: 0.2108486294746399	lr: 0.00100
train acc: 0.90625	 validation acc: 0.88672
27	1050	loss: 0.25817346572875977	lr: 0.00100
train acc: 0.87500	 validation acc: 0.87500
27	1100	loss: 0.13642248511314392	lr: 0.00100
train acc: 0.93750	 validation acc: 0.88086
27	1150	loss: 0.4794796109199524	lr: 0.00100
train acc: 0.81250	 validation acc: 0.89258
27	1200	loss: 0.10812059044837952	lr: 0.00100
train acc: 0.93750	 validation acc: 0.88867
27	1250	loss: 0.26804089546203613	lr: 0.00100
train acc: 0.87500	 validation acc: 0.90234
27	1300	loss: 0.38192322850227356	lr: 0.00100
train acc: 0.81250	 validation acc: 0.89258
27	1350	loss: 0.17840178310871124	lr: 0.00100
train acc: 0.90625	 validation acc: 0.89258
27	1400	loss: 0.4575261175632477	lr: 0.00100
train acc: 0.84375	 validation acc: 0.88867
27	1450	loss: 0.4683629870414734	lr: 0.00100
train acc: 0.87500	 validation acc: 0.89844
27	1500	loss: 0.2868480980396271	lr: 0.00100
train acc: 0.93750	 validation acc: 0.89258
27	1550	loss: 0.27317363023757935	lr: 0.00100
train acc: 0.84375	 validation acc: 0.89453
epoch:  27	epoch acc: 0.8828125
28	0	loss: 0.1804686188697815	lr: 0.00010
train acc: 0.93750	 validation acc: 0.88672
28	50	loss: 0.4727398455142975	lr: 0.00010
train acc: 0.84375	 validation acc: 0.88867
28	100	loss: 0.26647230982780457	lr: 0.00010
train acc: 0.90625	 validation acc: 0.87891
28	150	loss: 0.2241554707288742	lr: 0.00010
train acc: 0.93750	 validation acc: 0.88672
28	200	loss: 0.3855227530002594	lr: 0.00010
train acc: 0.87500	 validation acc: 0.89062
28	250	loss: 0.39154189825057983	lr: 0.00010
train acc: 0.90625	 validation acc: 0.88672
28	300	loss: 0.3305448889732361	lr: 0.00010
train acc: 0.90625	 validation acc: 0.88672
28	350	loss: 0.27294814586639404	lr: 0.00010
train acc: 0.90625	 validation acc: 0.88672
28	400	loss: 0.2744704484939575	lr: 0.00010
train acc: 0.87500	 validation acc: 0.88867
28	450	loss: 0.2522834837436676	lr: 0.00010
train acc: 0.87500	 validation acc: 0.88477
28	500	loss: 0.2679866552352905	lr: 0.00010
train acc: 0.93750	 validation acc: 0.89062
28	550	loss: 0.14721527695655823	lr: 0.00010
train acc: 0.96875	 validation acc: 0.88477
28	600	loss: 0.3985746502876282	lr: 0.00010
train acc: 0.87500	 validation acc: 0.89062
28	650	loss: 0.1039508730173111	lr: 0.00010
train acc: 0.96875	 validation acc: 0.89453
28	700	loss: 0.26877909898757935	lr: 0.00010
train acc: 0.87500	 validation acc: 0.88672
28	750	loss: 0.0921194851398468	lr: 0.00010
train acc: 1.00000	 validation acc: 0.88672
28	800	loss: 0.1824447363615036	lr: 0.00010
train acc: 0.90625	 validation acc: 0.88086
28	850	loss: 0.23449230194091797	lr: 0.00010
train acc: 0.93750	 validation acc: 0.87891
28	900	loss: 0.13951794803142548	lr: 0.00010
train acc: 0.96875	 validation acc: 0.88672
28	950	loss: 0.2589358985424042	lr: 0.00010
train acc: 0.90625	 validation acc: 0.88672
28	1000	loss: 0.22968171536922455	lr: 0.00010
train acc: 0.93750	 validation acc: 0.89453
28	1050	loss: 0.2556297183036804	lr: 0.00010
train acc: 0.90625	 validation acc: 0.88477
28	1100	loss: 0.16539864242076874	lr: 0.00010
train acc: 0.96875	 validation acc: 0.88281
28	1150	loss: 0.38825803995132446	lr: 0.00010
train acc: 0.87500	 validation acc: 0.89453
28	1200	loss: 0.1302069127559662	lr: 0.00010
train acc: 0.96875	 validation acc: 0.88867
28	1250	loss: 0.13391710817813873	lr: 0.00010
train acc: 0.96875	 validation acc: 0.88477
28	1300	loss: 0.36770007014274597	lr: 0.00010
train acc: 0.90625	 validation acc: 0.89062
28	1350	loss: 0.15622389316558838	lr: 0.00010
train acc: 0.93750	 validation acc: 0.87891
28	1400	loss: 0.4272681474685669	lr: 0.00010
train acc: 0.87500	 validation acc: 0.88867
28	1450	loss: 0.4237360656261444	lr: 0.00010
train acc: 0.90625	 validation acc: 0.88281
28	1500	loss: 0.18845203518867493	lr: 0.00010
train acc: 0.93750	 validation acc: 0.88281
28	1550	loss: 0.26653924584388733	lr: 0.00010
train acc: 0.93750	 validation acc: 0.88867
epoch:  28	epoch acc: 0.883203125
29	0	loss: 0.13966144621372223	lr: 0.00010
train acc: 0.93750	 validation acc: 0.89258
29	50	loss: 0.3742183446884155	lr: 0.00010
train acc: 0.87500	 validation acc: 0.88086
29	100	loss: 0.27138078212738037	lr: 0.00010
train acc: 0.90625	 validation acc: 0.87500
29	150	loss: 0.11495886743068695	lr: 0.00010
train acc: 1.00000	 validation acc: 0.88281
29	200	loss: 0.4040902853012085	lr: 0.00010
train acc: 0.84375	 validation acc: 0.88086
29	250	loss: 0.2987903654575348	lr: 0.00010
train acc: 0.87500	 validation acc: 0.87695
29	300	loss: 0.2161010354757309	lr: 0.00010
train acc: 0.90625	 validation acc: 0.88867
29	350	loss: 0.2280697375535965	lr: 0.00010
train acc: 0.90625	 validation acc: 0.88281
29	400	loss: 0.2524956464767456	lr: 0.00010
train acc: 0.87500	 validation acc: 0.88867
29	450	loss: 0.3036418855190277	lr: 0.00010
train acc: 0.81250	 validation acc: 0.88477
29	500	loss: 0.2984587550163269	lr: 0.00010
train acc: 0.87500	 validation acc: 0.88477
29	550	loss: 0.11190587282180786	lr: 0.00010
train acc: 0.96875	 validation acc: 0.88086
29	600	loss: 0.4688974618911743	lr: 0.00010
train acc: 0.81250	 validation acc: 0.88477
29	650	loss: 0.05733934044837952	lr: 0.00010
train acc: 1.00000	 validation acc: 0.88672
29	700	loss: 0.2307886928319931	lr: 0.00010
train acc: 0.90625	 validation acc: 0.88086
29	750	loss: 0.07112012803554535	lr: 0.00010
train acc: 0.96875	 validation acc: 0.88281
29	800	loss: 0.15119010210037231	lr: 0.00010
train acc: 1.00000	 validation acc: 0.88281
29	850	loss: 0.24896375834941864	lr: 0.00010
train acc: 0.90625	 validation acc: 0.87891
29	900	loss: 0.20655255019664764	lr: 0.00010
train acc: 0.90625	 validation acc: 0.88281
29	950	loss: 0.26681315898895264	lr: 0.00010
train acc: 0.87500	 validation acc: 0.88086
29	1000	loss: 0.19510520994663239	lr: 0.00010
train acc: 0.90625	 validation acc: 0.89062
29	1050	loss: 0.2993607819080353	lr: 0.00010
train acc: 0.87500	 validation acc: 0.88281
29	1100	loss: 0.10583329945802689	lr: 0.00010
train acc: 0.96875	 validation acc: 0.88086
29	1150	loss: 0.13781031966209412	lr: 0.00010
train acc: 0.96875	 validation acc: 0.88867
29	1200	loss: 0.13041023910045624	lr: 0.00010
train acc: 0.96875	 validation acc: 0.89062
29	1250	loss: 0.12289024889469147	lr: 0.00010
train acc: 0.93750	 validation acc: 0.88672
29	1300	loss: 0.2972137928009033	lr: 0.00010
train acc: 0.87500	 validation acc: 0.88672
29	1350	loss: 0.19659724831581116	lr: 0.00010
train acc: 0.93750	 validation acc: 0.88086
29	1400	loss: 0.32097721099853516	lr: 0.00010
train acc: 0.87500	 validation acc: 0.88672
29	1450	loss: 0.47105568647384644	lr: 0.00010
train acc: 0.81250	 validation acc: 0.88477
29	1500	loss: 0.17706075310707092	lr: 0.00010
train acc: 0.93750	 validation acc: 0.88477
29	1550	loss: 0.19848251342773438	lr: 0.00010
train acc: 0.90625	 validation acc: 0.88867
epoch:  29	epoch acc: 0.8850260416666667
30	0	loss: 0.08845067024230957	lr: 0.00010
train acc: 0.96875	 validation acc: 0.89258
30	50	loss: 0.27370983362197876	lr: 0.00010
train acc: 0.90625	 validation acc: 0.88672
30	100	loss: 0.4130434989929199	lr: 0.00010
train acc: 0.81250	 validation acc: 0.88281
30	150	loss: 0.2211608588695526	lr: 0.00010
train acc: 0.93750	 validation acc: 0.88672
30	200	loss: 0.3829929530620575	lr: 0.00010
train acc: 0.87500	 validation acc: 0.88086
30	250	loss: 0.28701964020729065	lr: 0.00010
train acc: 0.84375	 validation acc: 0.88672
30	300	loss: 0.30314135551452637	lr: 0.00010
train acc: 0.90625	 validation acc: 0.88672
30	350	loss: 0.2884727120399475	lr: 0.00010
train acc: 0.90625	 validation acc: 0.88281
30	400	loss: 0.16286779940128326	lr: 0.00010
train acc: 0.93750	 validation acc: 0.88477
30	450	loss: 0.2123546153306961	lr: 0.00010
train acc: 0.90625	 validation acc: 0.88672
30	500	loss: 0.3211040496826172	lr: 0.00010
train acc: 0.90625	 validation acc: 0.88281
30	550	loss: 0.15863996744155884	lr: 0.00010
train acc: 0.96875	 validation acc: 0.88477
30	600	loss: 0.39834484457969666	lr: 0.00010
train acc: 0.90625	 validation acc: 0.88672
30	650	loss: 0.08884537220001221	lr: 0.00010
train acc: 1.00000	 validation acc: 0.89258
30	700	loss: 0.25413936376571655	lr: 0.00010
train acc: 0.90625	 validation acc: 0.87695
30	750	loss: 0.1134982630610466	lr: 0.00010
train acc: 1.00000	 validation acc: 0.88477
30	800	loss: 0.18311841785907745	lr: 0.00010
train acc: 0.96875	 validation acc: 0.88086
30	850	loss: 0.1437702625989914	lr: 0.00010
train acc: 0.93750	 validation acc: 0.87891
30	900	loss: 0.15562579035758972	lr: 0.00010
train acc: 0.96875	 validation acc: 0.88086
30	950	loss: 0.18992610275745392	lr: 0.00010
train acc: 0.93750	 validation acc: 0.88281
30	1000	loss: 0.24708379805088043	lr: 0.00010
train acc: 0.87500	 validation acc: 0.89062
30	1050	loss: 0.28280866146087646	lr: 0.00010
train acc: 0.87500	 validation acc: 0.88867
30	1100	loss: 0.14803273975849152	lr: 0.00010
train acc: 0.93750	 validation acc: 0.88672
30	1150	loss: 0.28654977679252625	lr: 0.00010
train acc: 0.87500	 validation acc: 0.88867
30	1200	loss: 0.14326444268226624	lr: 0.00010
train acc: 0.96875	 validation acc: 0.89258
30	1250	loss: 0.08177688717842102	lr: 0.00010
train acc: 1.00000	 validation acc: 0.88867
30	1300	loss: 0.3203696310520172	lr: 0.00010
train acc: 0.87500	 validation acc: 0.89062
30	1350	loss: 0.2310401052236557	lr: 0.00010
train acc: 0.90625	 validation acc: 0.87891
30	1400	loss: 0.3867586851119995	lr: 0.00010
train acc: 0.87500	 validation acc: 0.88477
30	1450	loss: 0.47248750925064087	lr: 0.00010
train acc: 0.87500	 validation acc: 0.88867
30	1500	loss: 0.3079509437084198	lr: 0.00010
train acc: 0.84375	 validation acc: 0.88867
30	1550	loss: 0.25321781635284424	lr: 0.00010
train acc: 0.93750	 validation acc: 0.89453
epoch:  30	epoch acc: 0.8821614583333334
31	0	loss: 0.19236025214195251	lr: 0.00010
train acc: 0.90625	 validation acc: 0.89062
31	50	loss: 0.23231904208660126	lr: 0.00010
train acc: 0.90625	 validation acc: 0.89258
31	100	loss: 0.28180140256881714	lr: 0.00010
train acc: 0.87500	 validation acc: 0.87891
31	150	loss: 0.2131524533033371	lr: 0.00010
train acc: 0.90625	 validation acc: 0.88672
31	200	loss: 0.3359028697013855	lr: 0.00010
train acc: 0.90625	 validation acc: 0.88281
31	250	loss: 0.4973384141921997	lr: 0.00010
train acc: 0.78125	 validation acc: 0.88477
31	300	loss: 0.28910720348358154	lr: 0.00010
train acc: 0.90625	 validation acc: 0.89062
31	350	loss: 0.244419127702713	lr: 0.00010
train acc: 0.87500	 validation acc: 0.88086
31	400	loss: 0.3033517003059387	lr: 0.00010
train acc: 0.84375	 validation acc: 0.88477
31	450	loss: 0.49490365386009216	lr: 0.00010
train acc: 0.81250	 validation acc: 0.88477
31	500	loss: 0.2130458950996399	lr: 0.00010
train acc: 0.93750	 validation acc: 0.88672
31	550	loss: 0.14393573999404907	lr: 0.00010
train acc: 0.96875	 validation acc: 0.88672
31	600	loss: 0.4899230897426605	lr: 0.00010
train acc: 0.84375	 validation acc: 0.88867
31	650	loss: 0.07915135473012924	lr: 0.00010
train acc: 1.00000	 validation acc: 0.89062
31	700	loss: 0.35442373156547546	lr: 0.00010
train acc: 0.84375	 validation acc: 0.88281
31	750	loss: 0.0867752879858017	lr: 0.00010
train acc: 0.96875	 validation acc: 0.88086
31	800	loss: 0.13705101609230042	lr: 0.00010
train acc: 0.96875	 validation acc: 0.88672
31	850	loss: 0.1752079427242279	lr: 0.00010
train acc: 0.93750	 validation acc: 0.88086
31	900	loss: 0.12933138012886047	lr: 0.00010
train acc: 0.96875	 validation acc: 0.88086
31	950	loss: 0.16627031564712524	lr: 0.00010
train acc: 0.93750	 validation acc: 0.88867
31	1000	loss: 0.24677228927612305	lr: 0.00010
train acc: 0.90625	 validation acc: 0.89453
31	1050	loss: 0.28208768367767334	lr: 0.00010
train acc: 0.90625	 validation acc: 0.88477
31	1100	loss: 0.1420532464981079	lr: 0.00010
train acc: 0.93750	 validation acc: 0.88867
31	1150	loss: 0.12884041666984558	lr: 0.00010
train acc: 0.96875	 validation acc: 0.89062
31	1200	loss: 0.15593869984149933	lr: 0.00010
train acc: 0.93750	 validation acc: 0.89453
31	1250	loss: 0.13890057802200317	lr: 0.00010
train acc: 0.93750	 validation acc: 0.88477
31	1300	loss: 0.262577086687088	lr: 0.00010
train acc: 0.90625	 validation acc: 0.89062
31	1350	loss: 0.2335439771413803	lr: 0.00010
train acc: 0.90625	 validation acc: 0.87891
31	1400	loss: 0.3636644184589386	lr: 0.00010
train acc: 0.84375	 validation acc: 0.88672
31	1450	loss: 0.41834601759910583	lr: 0.00010
train acc: 0.84375	 validation acc: 0.88867
31	1500	loss: 0.33459359407424927	lr: 0.00010
train acc: 0.90625	 validation acc: 0.88867
31	1550	loss: 0.22049085795879364	lr: 0.00010
train acc: 0.93750	 validation acc: 0.89258
epoch:  31	epoch acc: 0.8838541666666667
Training time:2096
ILV: {'loss': 0.0019246518950972722, 'train': 0.005536586126835621, 'val': 0.00472122889495623}
EFR: {'loss': 0.039304711181157644, 'train': 0.1130447035170189, 'val': 0.04705241703068789}
Accuracy: 0.8838541666666667
