nohup: ignoring input
0	0	loss: 2.3439037799835205	lr: 0.10000
train acc: 0.17188	 validation acc: 0.09570
0	50	loss: 1.9507124423980713	lr: 0.10000
train acc: 0.17188	 validation acc: 0.23047
0	100	loss: 1.8258053064346313	lr: 0.10000
train acc: 0.28125	 validation acc: 0.29102
0	150	loss: 1.7967705726623535	lr: 0.10000
train acc: 0.34375	 validation acc: 0.26758
0	200	loss: 1.4906649589538574	lr: 0.10000
train acc: 0.50000	 validation acc: 0.39062
0	250	loss: 1.663481593132019	lr: 0.10000
train acc: 0.39062	 validation acc: 0.28516
0	300	loss: 1.7412434816360474	lr: 0.10000
train acc: 0.34375	 validation acc: 0.37695
0	350	loss: 1.7463293075561523	lr: 0.10000
train acc: 0.32812	 validation acc: 0.41602
0	400	loss: 1.7176378965377808	lr: 0.10000
train acc: 0.42188	 validation acc: 0.43359
0	450	loss: 1.580601453781128	lr: 0.10000
train acc: 0.45312	 validation acc: 0.43164
0	500	loss: 1.6573656797409058	lr: 0.10000
train acc: 0.32812	 validation acc: 0.43555
0	550	loss: 1.4993973970413208	lr: 0.10000
train acc: 0.48438	 validation acc: 0.45312
0	600	loss: 1.660020351409912	lr: 0.10000
train acc: 0.39062	 validation acc: 0.44336
0	650	loss: 1.4267034530639648	lr: 0.10000
train acc: 0.50000	 validation acc: 0.45312
0	700	loss: 1.500113844871521	lr: 0.10000
train acc: 0.45312	 validation acc: 0.49219
0	750	loss: 1.712226390838623	lr: 0.10000
train acc: 0.43750	 validation acc: 0.48438
epoch:   0	epoch acc: 0.48854166666666665
1	0	loss: 1.4890732765197754	lr: 0.10000
train acc: 0.56250	 validation acc: 0.49219
1	50	loss: 1.2828482389450073	lr: 0.10000
train acc: 0.57812	 validation acc: 0.47656
1	100	loss: 1.483641266822815	lr: 0.10000
train acc: 0.37500	 validation acc: 0.46484
1	150	loss: 1.5241150856018066	lr: 0.10000
train acc: 0.46875	 validation acc: 0.43359
1	200	loss: 1.1524208784103394	lr: 0.10000
train acc: 0.57812	 validation acc: 0.54102
1	250	loss: 1.333191990852356	lr: 0.10000
train acc: 0.56250	 validation acc: 0.45703
1	300	loss: 1.3399101495742798	lr: 0.10000
train acc: 0.42188	 validation acc: 0.52344
1	350	loss: 1.4219112396240234	lr: 0.10000
train acc: 0.43750	 validation acc: 0.51562
1	400	loss: 1.3425630331039429	lr: 0.10000
train acc: 0.50000	 validation acc: 0.51367
1	450	loss: 1.1402649879455566	lr: 0.10000
train acc: 0.56250	 validation acc: 0.52734
1	500	loss: 1.337199330329895	lr: 0.10000
train acc: 0.59375	 validation acc: 0.55078
1	550	loss: 0.9727980494499207	lr: 0.10000
train acc: 0.68750	 validation acc: 0.55469
1	600	loss: 1.3107166290283203	lr: 0.10000
train acc: 0.53125	 validation acc: 0.50977
1	650	loss: 0.9879319667816162	lr: 0.10000
train acc: 0.62500	 validation acc: 0.53516
1	700	loss: 1.0886027812957764	lr: 0.10000
train acc: 0.54688	 validation acc: 0.56445
1	750	loss: 1.4108692407608032	lr: 0.10000
train acc: 0.59375	 validation acc: 0.57031
epoch:   1	epoch acc: 0.5782552083333333
2	0	loss: 1.1080471277236938	lr: 0.10000
train acc: 0.60938	 validation acc: 0.57812
2	50	loss: 1.0397311449050903	lr: 0.10000
train acc: 0.57812	 validation acc: 0.59766
2	100	loss: 1.045975923538208	lr: 0.10000
train acc: 0.59375	 validation acc: 0.58789
2	150	loss: 1.3838505744934082	lr: 0.10000
train acc: 0.56250	 validation acc: 0.54102
2	200	loss: 0.8081982731819153	lr: 0.10000
train acc: 0.68750	 validation acc: 0.57422
2	250	loss: 0.9049474000930786	lr: 0.10000
train acc: 0.70312	 validation acc: 0.56836
2	300	loss: 1.0686019659042358	lr: 0.10000
train acc: 0.59375	 validation acc: 0.65430
2	350	loss: 1.0308387279510498	lr: 0.10000
train acc: 0.57812	 validation acc: 0.57617
2	400	loss: 1.0034849643707275	lr: 0.10000
train acc: 0.71875	 validation acc: 0.67578
2	450	loss: 0.9284361600875854	lr: 0.10000
train acc: 0.65625	 validation acc: 0.61133
2	500	loss: 1.4311158657073975	lr: 0.10000
train acc: 0.53125	 validation acc: 0.60547
2	550	loss: 0.8967720866203308	lr: 0.10000
train acc: 0.68750	 validation acc: 0.65625
2	600	loss: 0.9319894909858704	lr: 0.10000
train acc: 0.62500	 validation acc: 0.59180
2	650	loss: 0.8702641129493713	lr: 0.10000
train acc: 0.73438	 validation acc: 0.51562
2	700	loss: 1.0758708715438843	lr: 0.10000
train acc: 0.67188	 validation acc: 0.62695
2	750	loss: 1.1893043518066406	lr: 0.10000
train acc: 0.60938	 validation acc: 0.69336
epoch:   2	epoch acc: 0.5854166666666667
3	0	loss: 0.8405543565750122	lr: 0.10000
train acc: 0.71875	 validation acc: 0.52930
3	50	loss: 0.8427953124046326	lr: 0.10000
train acc: 0.71875	 validation acc: 0.66211
3	100	loss: 1.012709379196167	lr: 0.10000
train acc: 0.59375	 validation acc: 0.61328
3	150	loss: 0.9812376499176025	lr: 0.10000
train acc: 0.68750	 validation acc: 0.62305
3	200	loss: 0.8519002795219421	lr: 0.10000
train acc: 0.70312	 validation acc: 0.60547
3	250	loss: 0.6893221735954285	lr: 0.10000
train acc: 0.81250	 validation acc: 0.57617
3	300	loss: 0.910528302192688	lr: 0.10000
train acc: 0.67188	 validation acc: 0.64844
3	350	loss: 0.8618181943893433	lr: 0.10000
train acc: 0.65625	 validation acc: 0.68750
3	400	loss: 0.9382246732711792	lr: 0.10000
train acc: 0.67188	 validation acc: 0.69141
3	450	loss: 0.7634788751602173	lr: 0.10000
train acc: 0.75000	 validation acc: 0.65234
3	500	loss: 1.3919597864151	lr: 0.10000
train acc: 0.57812	 validation acc: 0.67578
3	550	loss: 0.731137216091156	lr: 0.10000
train acc: 0.75000	 validation acc: 0.64648
3	600	loss: 0.9279558062553406	lr: 0.10000
train acc: 0.68750	 validation acc: 0.67578
3	650	loss: 0.870617687702179	lr: 0.10000
train acc: 0.71875	 validation acc: 0.60156
3	700	loss: 1.0043132305145264	lr: 0.10000
train acc: 0.70312	 validation acc: 0.56836
3	750	loss: 0.9324416518211365	lr: 0.10000
train acc: 0.70312	 validation acc: 0.67773
epoch:   3	epoch acc: 0.6990885416666667
4	0	loss: 0.826522946357727	lr: 0.10000
train acc: 0.75000	 validation acc: 0.70703
4	50	loss: 0.8409388065338135	lr: 0.10000
train acc: 0.70312	 validation acc: 0.71289
4	100	loss: 0.878566563129425	lr: 0.10000
train acc: 0.71875	 validation acc: 0.72461
4	150	loss: 0.9856651425361633	lr: 0.10000
train acc: 0.65625	 validation acc: 0.60156
4	200	loss: 0.5674652457237244	lr: 0.10000
train acc: 0.84375	 validation acc: 0.70508
4	250	loss: 0.6864743232727051	lr: 0.10000
train acc: 0.76562	 validation acc: 0.71484
4	300	loss: 0.9089495539665222	lr: 0.10000
train acc: 0.70312	 validation acc: 0.70312
4	350	loss: 0.8865841627120972	lr: 0.10000
train acc: 0.59375	 validation acc: 0.60938
4	400	loss: 1.005022644996643	lr: 0.10000
train acc: 0.64062	 validation acc: 0.73438
4	450	loss: 0.6899518370628357	lr: 0.10000
train acc: 0.81250	 validation acc: 0.69141
4	500	loss: 1.2097783088684082	lr: 0.10000
train acc: 0.59375	 validation acc: 0.72852
4	550	loss: 0.6765758395195007	lr: 0.10000
train acc: 0.79688	 validation acc: 0.73633
4	600	loss: 0.7191630005836487	lr: 0.10000
train acc: 0.71875	 validation acc: 0.68945
4	650	loss: 0.724875807762146	lr: 0.10000
train acc: 0.79688	 validation acc: 0.70703
4	700	loss: 0.9037986397743225	lr: 0.10000
train acc: 0.75000	 validation acc: 0.66211
4	750	loss: 0.9990293383598328	lr: 0.10000
train acc: 0.65625	 validation acc: 0.68945
epoch:   4	epoch acc: 0.6798177083333333
5	0	loss: 0.694117546081543	lr: 0.10000
train acc: 0.75000	 validation acc: 0.62500
5	50	loss: 0.7522381544113159	lr: 0.10000
train acc: 0.68750	 validation acc: 0.74414
5	100	loss: 0.8210636973381042	lr: 0.10000
train acc: 0.68750	 validation acc: 0.72266
5	150	loss: 0.8238620758056641	lr: 0.10000
train acc: 0.67188	 validation acc: 0.64453
5	200	loss: 0.6958856582641602	lr: 0.10000
train acc: 0.78125	 validation acc: 0.63281
5	250	loss: 0.6161916255950928	lr: 0.10000
train acc: 0.78125	 validation acc: 0.61133
5	300	loss: 0.7450312376022339	lr: 0.10000
train acc: 0.75000	 validation acc: 0.69336
5	350	loss: 0.9356990456581116	lr: 0.10000
train acc: 0.65625	 validation acc: 0.56641
5	400	loss: 0.7893222570419312	lr: 0.10000
train acc: 0.75000	 validation acc: 0.74219
5	450	loss: 0.6788310408592224	lr: 0.10000
train acc: 0.78125	 validation acc: 0.69727
5	500	loss: 1.1504054069519043	lr: 0.10000
train acc: 0.59375	 validation acc: 0.69531
5	550	loss: 0.7195725440979004	lr: 0.10000
train acc: 0.73438	 validation acc: 0.71094
5	600	loss: 0.7312485575675964	lr: 0.10000
train acc: 0.76562	 validation acc: 0.70508
5	650	loss: 0.604040801525116	lr: 0.10000
train acc: 0.76562	 validation acc: 0.69727
5	700	loss: 0.8733714818954468	lr: 0.10000
train acc: 0.71875	 validation acc: 0.70312
5	750	loss: 0.9168055057525635	lr: 0.10000
train acc: 0.67188	 validation acc: 0.72070
epoch:   5	epoch acc: 0.6557291666666667
6	0	loss: 0.6738801002502441	lr: 0.10000
train acc: 0.78125	 validation acc: 0.63477
6	50	loss: 0.7242526412010193	lr: 0.10000
train acc: 0.75000	 validation acc: 0.72266
6	100	loss: 0.8397722244262695	lr: 0.10000
train acc: 0.67188	 validation acc: 0.76172
6	150	loss: 0.8197510838508606	lr: 0.10000
train acc: 0.73438	 validation acc: 0.62695
6	200	loss: 0.5776156187057495	lr: 0.10000
train acc: 0.76562	 validation acc: 0.73633
6	250	loss: 0.6673498749732971	lr: 0.10000
train acc: 0.81250	 validation acc: 0.65234
6	300	loss: 0.8164995908737183	lr: 0.10000
train acc: 0.75000	 validation acc: 0.75586
6	350	loss: 0.7408448457717896	lr: 0.10000
train acc: 0.73438	 validation acc: 0.68359
6	400	loss: 0.716627836227417	lr: 0.10000
train acc: 0.75000	 validation acc: 0.73828
6	450	loss: 0.6197639107704163	lr: 0.10000
train acc: 0.78125	 validation acc: 0.72266
6	500	loss: 0.9292808175086975	lr: 0.10000
train acc: 0.64062	 validation acc: 0.73242
6	550	loss: 0.5986912846565247	lr: 0.10000
train acc: 0.82812	 validation acc: 0.71875
6	600	loss: 0.845690906047821	lr: 0.10000
train acc: 0.75000	 validation acc: 0.74805
6	650	loss: 0.5978937745094299	lr: 0.10000
train acc: 0.78125	 validation acc: 0.69141
6	700	loss: 0.9537114500999451	lr: 0.10000
train acc: 0.62500	 validation acc: 0.74023
6	750	loss: 0.8598754405975342	lr: 0.10000
train acc: 0.70312	 validation acc: 0.68945
epoch:   6	epoch acc: 0.7640625
7	0	loss: 0.7148551940917969	lr: 0.10000
train acc: 0.81250	 validation acc: 0.75195
7	50	loss: 0.6889433860778809	lr: 0.10000
train acc: 0.73438	 validation acc: 0.74219
7	100	loss: 0.6968718767166138	lr: 0.10000
train acc: 0.73438	 validation acc: 0.70508
7	150	loss: 0.7118812203407288	lr: 0.10000
train acc: 0.79688	 validation acc: 0.64258
7	200	loss: 0.5928423404693604	lr: 0.10000
train acc: 0.78125	 validation acc: 0.72656
7	250	loss: 0.6563414335250854	lr: 0.10000
train acc: 0.75000	 validation acc: 0.66602
7	300	loss: 0.732904851436615	lr: 0.10000
train acc: 0.76562	 validation acc: 0.73438
7	350	loss: 0.8890113830566406	lr: 0.10000
train acc: 0.67188	 validation acc: 0.66211
7	400	loss: 0.9437351226806641	lr: 0.10000
train acc: 0.62500	 validation acc: 0.71289
7	450	loss: 0.5807068943977356	lr: 0.10000
train acc: 0.81250	 validation acc: 0.72852
7	500	loss: 1.0104596614837646	lr: 0.10000
train acc: 0.65625	 validation acc: 0.76367
7	550	loss: 0.5820960402488708	lr: 0.10000
train acc: 0.76562	 validation acc: 0.72461
7	600	loss: 0.8449960350990295	lr: 0.10000
train acc: 0.71875	 validation acc: 0.69727
7	650	loss: 0.47896409034729004	lr: 0.10000
train acc: 0.82812	 validation acc: 0.70898
7	700	loss: 0.8625714778900146	lr: 0.10000
train acc: 0.73438	 validation acc: 0.62500
7	750	loss: 0.7544375061988831	lr: 0.10000
train acc: 0.76562	 validation acc: 0.72656
epoch:   7	epoch acc: 0.69453125
8	0	loss: 0.7507402300834656	lr: 0.10000
train acc: 0.75000	 validation acc: 0.68945
8	50	loss: 0.6557099223136902	lr: 0.10000
train acc: 0.78125	 validation acc: 0.71875
8	100	loss: 0.6840938925743103	lr: 0.10000
train acc: 0.81250	 validation acc: 0.73438
8	150	loss: 0.8993073105812073	lr: 0.10000
train acc: 0.70312	 validation acc: 0.63281
8	200	loss: 0.6244267225265503	lr: 0.10000
train acc: 0.78125	 validation acc: 0.76172
8	250	loss: 0.5548268556594849	lr: 0.10000
train acc: 0.81250	 validation acc: 0.65820
8	300	loss: 0.6938611268997192	lr: 0.10000
train acc: 0.71875	 validation acc: 0.73047
8	350	loss: 0.5973513722419739	lr: 0.10000
train acc: 0.76562	 validation acc: 0.72852
8	400	loss: 0.6227615475654602	lr: 0.10000
train acc: 0.76562	 validation acc: 0.76562
8	450	loss: 0.6025274991989136	lr: 0.10000
train acc: 0.75000	 validation acc: 0.71094
8	500	loss: 0.945094883441925	lr: 0.10000
train acc: 0.68750	 validation acc: 0.74414
8	550	loss: 0.5952900648117065	lr: 0.10000
train acc: 0.81250	 validation acc: 0.70703
8	600	loss: 0.8440518975257874	lr: 0.10000
train acc: 0.71875	 validation acc: 0.66797
8	650	loss: 0.5298395752906799	lr: 0.10000
train acc: 0.82812	 validation acc: 0.70898
8	700	loss: 0.8317316770553589	lr: 0.10000
train acc: 0.73438	 validation acc: 0.65039
8	750	loss: 0.9256348609924316	lr: 0.10000
train acc: 0.68750	 validation acc: 0.65625
epoch:   8	epoch acc: 0.7352864583333333
9	0	loss: 0.6703069806098938	lr: 0.10000
train acc: 0.79688	 validation acc: 0.66602
9	50	loss: 0.6597147583961487	lr: 0.10000
train acc: 0.76562	 validation acc: 0.73438
9	100	loss: 0.665116012096405	lr: 0.10000
train acc: 0.79688	 validation acc: 0.74023
9	150	loss: 0.8706907629966736	lr: 0.10000
train acc: 0.71875	 validation acc: 0.69336
9	200	loss: 0.5198075771331787	lr: 0.10000
train acc: 0.82812	 validation acc: 0.74219
9	250	loss: 0.6602054834365845	lr: 0.10000
train acc: 0.79688	 validation acc: 0.59375
9	300	loss: 0.8298861384391785	lr: 0.10000
train acc: 0.75000	 validation acc: 0.73438
9	350	loss: 0.6920657753944397	lr: 0.10000
train acc: 0.71875	 validation acc: 0.74609
9	400	loss: 0.7375316619873047	lr: 0.10000
train acc: 0.73438	 validation acc: 0.76172
9	450	loss: 0.525270402431488	lr: 0.10000
train acc: 0.81250	 validation acc: 0.75391
9	500	loss: 0.9062094688415527	lr: 0.10000
train acc: 0.73438	 validation acc: 0.71094
9	550	loss: 0.47948989272117615	lr: 0.10000
train acc: 0.87500	 validation acc: 0.69727
9	600	loss: 0.7873581647872925	lr: 0.10000
train acc: 0.76562	 validation acc: 0.73828
9	650	loss: 0.5778347253799438	lr: 0.10000
train acc: 0.78125	 validation acc: 0.75391
9	700	loss: 0.8141646385192871	lr: 0.10000
train acc: 0.76562	 validation acc: 0.71875
9	750	loss: 0.7863678932189941	lr: 0.10000
train acc: 0.73438	 validation acc: 0.70898
epoch:   9	epoch acc: 0.7484375
10	0	loss: 0.5271768569946289	lr: 0.01000
train acc: 0.82812	 validation acc: 0.76172
10	50	loss: 0.4347522556781769	lr: 0.01000
train acc: 0.84375	 validation acc: 0.82617
10	100	loss: 0.5831027030944824	lr: 0.01000
train acc: 0.79688	 validation acc: 0.82422
10	150	loss: 0.6013188362121582	lr: 0.01000
train acc: 0.78125	 validation acc: 0.82812
10	200	loss: 0.3495788872241974	lr: 0.01000
train acc: 0.90625	 validation acc: 0.83984
10	250	loss: 0.4696422219276428	lr: 0.01000
train acc: 0.84375	 validation acc: 0.85156
10	300	loss: 0.5701943039894104	lr: 0.01000
train acc: 0.79688	 validation acc: 0.84570
10	350	loss: 0.3944287896156311	lr: 0.01000
train acc: 0.84375	 validation acc: 0.84180
10	400	loss: 0.4426206052303314	lr: 0.01000
train acc: 0.84375	 validation acc: 0.85352
10	450	loss: 0.42188671231269836	lr: 0.01000
train acc: 0.79688	 validation acc: 0.85742
10	500	loss: 0.7723894715309143	lr: 0.01000
train acc: 0.75000	 validation acc: 0.85352
10	550	loss: 0.3897342383861542	lr: 0.01000
train acc: 0.84375	 validation acc: 0.85352
10	600	loss: 0.537445604801178	lr: 0.01000
train acc: 0.75000	 validation acc: 0.85547
10	650	loss: 0.4732418358325958	lr: 0.01000
train acc: 0.81250	 validation acc: 0.84570
10	700	loss: 0.55645352602005	lr: 0.01000
train acc: 0.81250	 validation acc: 0.84766
10	750	loss: 0.377510666847229	lr: 0.01000
train acc: 0.90625	 validation acc: 0.84375
epoch:  10	epoch acc: 0.8466145833333333
11	0	loss: 0.4018669128417969	lr: 0.01000
train acc: 0.82812	 validation acc: 0.85547
11	50	loss: 0.3973180055618286	lr: 0.01000
train acc: 0.84375	 validation acc: 0.86328
11	100	loss: 0.5102615356445312	lr: 0.01000
train acc: 0.84375	 validation acc: 0.86133
11	150	loss: 0.5449771881103516	lr: 0.01000
train acc: 0.76562	 validation acc: 0.86328
11	200	loss: 0.2717919647693634	lr: 0.01000
train acc: 0.89062	 validation acc: 0.86523
11	250	loss: 0.433419793844223	lr: 0.01000
train acc: 0.84375	 validation acc: 0.88867
11	300	loss: 0.5906143188476562	lr: 0.01000
train acc: 0.82812	 validation acc: 0.86328
11	350	loss: 0.3704526424407959	lr: 0.01000
train acc: 0.84375	 validation acc: 0.85156
11	400	loss: 0.3381528854370117	lr: 0.01000
train acc: 0.87500	 validation acc: 0.86719
11	450	loss: 0.35638049244880676	lr: 0.01000
train acc: 0.87500	 validation acc: 0.86523
11	500	loss: 0.646885335445404	lr: 0.01000
train acc: 0.79688	 validation acc: 0.85742
11	550	loss: 0.3507597744464874	lr: 0.01000
train acc: 0.89062	 validation acc: 0.86719
11	600	loss: 0.470236212015152	lr: 0.01000
train acc: 0.79688	 validation acc: 0.85938
11	650	loss: 0.4785902500152588	lr: 0.01000
train acc: 0.79688	 validation acc: 0.86719
11	700	loss: 0.5988254547119141	lr: 0.01000
train acc: 0.79688	 validation acc: 0.87891
11	750	loss: 0.43331822752952576	lr: 0.01000
train acc: 0.85938	 validation acc: 0.87109
epoch:  11	epoch acc: 0.8524739583333333
12	0	loss: 0.2985907196998596	lr: 0.01000
train acc: 0.89062	 validation acc: 0.87109
12	50	loss: 0.2994564175605774	lr: 0.01000
train acc: 0.93750	 validation acc: 0.88086
12	100	loss: 0.4447772204875946	lr: 0.01000
train acc: 0.85938	 validation acc: 0.85742
12	150	loss: 0.43600547313690186	lr: 0.01000
train acc: 0.81250	 validation acc: 0.88281
12	200	loss: 0.28355348110198975	lr: 0.01000
train acc: 0.90625	 validation acc: 0.85352
12	250	loss: 0.4384942650794983	lr: 0.01000
train acc: 0.82812	 validation acc: 0.86914
12	300	loss: 0.4903987646102905	lr: 0.01000
train acc: 0.81250	 validation acc: 0.87109
12	350	loss: 0.2972192168235779	lr: 0.01000
train acc: 0.90625	 validation acc: 0.86328
12	400	loss: 0.37159600853919983	lr: 0.01000
train acc: 0.85938	 validation acc: 0.86523
12	450	loss: 0.3108196258544922	lr: 0.01000
train acc: 0.87500	 validation acc: 0.86523
12	500	loss: 0.6482434272766113	lr: 0.01000
train acc: 0.78125	 validation acc: 0.85938
12	550	loss: 0.2709886431694031	lr: 0.01000
train acc: 0.92188	 validation acc: 0.86328
12	600	loss: 0.44641879200935364	lr: 0.01000
train acc: 0.84375	 validation acc: 0.85352
12	650	loss: 0.46228867769241333	lr: 0.01000
train acc: 0.85938	 validation acc: 0.86914
12	700	loss: 0.5352943539619446	lr: 0.01000
train acc: 0.85938	 validation acc: 0.86719
12	750	loss: 0.43246522545814514	lr: 0.01000
train acc: 0.85938	 validation acc: 0.87109
epoch:  12	epoch acc: 0.85546875
13	0	loss: 0.2429080605506897	lr: 0.01000
train acc: 0.93750	 validation acc: 0.87109
13	50	loss: 0.32181644439697266	lr: 0.01000
train acc: 0.85938	 validation acc: 0.86523
13	100	loss: 0.41510361433029175	lr: 0.01000
train acc: 0.85938	 validation acc: 0.86914
13	150	loss: 0.41283607482910156	lr: 0.01000
train acc: 0.85938	 validation acc: 0.86914
13	200	loss: 0.260108083486557	lr: 0.01000
train acc: 0.92188	 validation acc: 0.87695
13	250	loss: 0.41903141140937805	lr: 0.01000
train acc: 0.85938	 validation acc: 0.88867
13	300	loss: 0.5209945440292358	lr: 0.01000
train acc: 0.81250	 validation acc: 0.87891
13	350	loss: 0.2909647226333618	lr: 0.01000
train acc: 0.87500	 validation acc: 0.86914
13	400	loss: 0.30348679423332214	lr: 0.01000
train acc: 0.89062	 validation acc: 0.87500
13	450	loss: 0.3287550210952759	lr: 0.01000
train acc: 0.87500	 validation acc: 0.88672
13	500	loss: 0.6174306273460388	lr: 0.01000
train acc: 0.79688	 validation acc: 0.85742
13	550	loss: 0.3260040879249573	lr: 0.01000
train acc: 0.92188	 validation acc: 0.85547
13	600	loss: 0.35259944200515747	lr: 0.01000
train acc: 0.85938	 validation acc: 0.87695
13	650	loss: 0.36252349615097046	lr: 0.01000
train acc: 0.85938	 validation acc: 0.87891
13	700	loss: 0.5050138235092163	lr: 0.01000
train acc: 0.82812	 validation acc: 0.86133
13	750	loss: 0.4063807725906372	lr: 0.01000
train acc: 0.84375	 validation acc: 0.87305
epoch:  13	epoch acc: 0.8571614583333333
14	0	loss: 0.33635181188583374	lr: 0.01000
train acc: 0.85938	 validation acc: 0.86719
14	50	loss: 0.3408798575401306	lr: 0.01000
train acc: 0.87500	 validation acc: 0.88281
14	100	loss: 0.44564563035964966	lr: 0.01000
train acc: 0.82812	 validation acc: 0.86914
14	150	loss: 0.3778500556945801	lr: 0.01000
train acc: 0.87500	 validation acc: 0.87500
14	200	loss: 0.30067259073257446	lr: 0.01000
train acc: 0.90625	 validation acc: 0.86719
14	250	loss: 0.38584721088409424	lr: 0.01000
train acc: 0.87500	 validation acc: 0.88477
14	300	loss: 0.5977555513381958	lr: 0.01000
train acc: 0.79688	 validation acc: 0.86523
14	350	loss: 0.3729398548603058	lr: 0.01000
train acc: 0.82812	 validation acc: 0.85156
14	400	loss: 0.3260101079940796	lr: 0.01000
train acc: 0.87500	 validation acc: 0.86133
14	450	loss: 0.3128906786441803	lr: 0.01000
train acc: 0.85938	 validation acc: 0.87500
14	500	loss: 0.5605337023735046	lr: 0.01000
train acc: 0.82812	 validation acc: 0.85156
14	550	loss: 0.3080017566680908	lr: 0.01000
train acc: 0.89062	 validation acc: 0.86133
14	600	loss: 0.39958012104034424	lr: 0.01000
train acc: 0.81250	 validation acc: 0.86719
14	650	loss: 0.46226924657821655	lr: 0.01000
train acc: 0.81250	 validation acc: 0.87109
14	700	loss: 0.5503139495849609	lr: 0.01000
train acc: 0.81250	 validation acc: 0.86914
14	750	loss: 0.3768049478530884	lr: 0.01000
train acc: 0.87500	 validation acc: 0.86914
epoch:  14	epoch acc: 0.860546875
15	0	loss: 0.2631162703037262	lr: 0.01000
train acc: 0.90625	 validation acc: 0.86523
15	50	loss: 0.2206580489873886	lr: 0.01000
train acc: 0.92188	 validation acc: 0.87109
15	100	loss: 0.34253203868865967	lr: 0.01000
train acc: 0.87500	 validation acc: 0.86719
15	150	loss: 0.41234225034713745	lr: 0.01000
train acc: 0.87500	 validation acc: 0.88672
15	200	loss: 0.3059745132923126	lr: 0.01000
train acc: 0.90625	 validation acc: 0.86914
15	250	loss: 0.3893231451511383	lr: 0.01000
train acc: 0.89062	 validation acc: 0.88086
15	300	loss: 0.4715114235877991	lr: 0.01000
train acc: 0.82812	 validation acc: 0.86328
15	350	loss: 0.29679545760154724	lr: 0.01000
train acc: 0.87500	 validation acc: 0.85547
15	400	loss: 0.38394278287887573	lr: 0.01000
train acc: 0.85938	 validation acc: 0.87109
15	450	loss: 0.24901771545410156	lr: 0.01000
train acc: 0.87500	 validation acc: 0.88281
15	500	loss: 0.6545706987380981	lr: 0.01000
train acc: 0.84375	 validation acc: 0.86914
15	550	loss: 0.2617890238761902	lr: 0.01000
train acc: 0.93750	 validation acc: 0.87500
15	600	loss: 0.38803887367248535	lr: 0.01000
train acc: 0.82812	 validation acc: 0.88086
15	650	loss: 0.2803539037704468	lr: 0.01000
train acc: 0.89062	 validation acc: 0.87891
15	700	loss: 0.3677150011062622	lr: 0.01000
train acc: 0.84375	 validation acc: 0.86719
15	750	loss: 0.3815496563911438	lr: 0.01000
train acc: 0.89062	 validation acc: 0.87500
epoch:  15	epoch acc: 0.8610677083333333
16	0	loss: 0.2772883176803589	lr: 0.01000
train acc: 0.92188	 validation acc: 0.85938
16	50	loss: 0.23171450197696686	lr: 0.01000
train acc: 0.90625	 validation acc: 0.87305
16	100	loss: 0.3956463634967804	lr: 0.01000
train acc: 0.85938	 validation acc: 0.88867
16	150	loss: 0.3279912769794464	lr: 0.01000
train acc: 0.89062	 validation acc: 0.87695
16	200	loss: 0.18671903014183044	lr: 0.01000
train acc: 0.95312	 validation acc: 0.86914
16	250	loss: 0.4126465320587158	lr: 0.01000
train acc: 0.85938	 validation acc: 0.88477
16	300	loss: 0.49864405393600464	lr: 0.01000
train acc: 0.82812	 validation acc: 0.86328
16	350	loss: 0.29134219884872437	lr: 0.01000
train acc: 0.92188	 validation acc: 0.85742
16	400	loss: 0.32597342133522034	lr: 0.01000
train acc: 0.85938	 validation acc: 0.87109
16	450	loss: 0.29707521200180054	lr: 0.01000
train acc: 0.89062	 validation acc: 0.87109
16	500	loss: 0.6021628975868225	lr: 0.01000
train acc: 0.78125	 validation acc: 0.85938
16	550	loss: 0.2538151443004608	lr: 0.01000
train acc: 0.92188	 validation acc: 0.86523
16	600	loss: 0.4007713198661804	lr: 0.01000
train acc: 0.85938	 validation acc: 0.86719
16	650	loss: 0.3386610746383667	lr: 0.01000
train acc: 0.85938	 validation acc: 0.86133
16	700	loss: 0.5055513978004456	lr: 0.01000
train acc: 0.85938	 validation acc: 0.86523
16	750	loss: 0.3327988386154175	lr: 0.01000
train acc: 0.89062	 validation acc: 0.85547
epoch:  16	epoch acc: 0.8584635416666667
17	0	loss: 0.2302180528640747	lr: 0.01000
train acc: 0.93750	 validation acc: 0.86914
17	50	loss: 0.24033305048942566	lr: 0.01000
train acc: 0.93750	 validation acc: 0.87305
17	100	loss: 0.38800498843193054	lr: 0.01000
train acc: 0.87500	 validation acc: 0.86719
17	150	loss: 0.32926124334335327	lr: 0.01000
train acc: 0.92188	 validation acc: 0.88086
17	200	loss: 0.18619239330291748	lr: 0.01000
train acc: 0.93750	 validation acc: 0.87109
17	250	loss: 0.4134231209754944	lr: 0.01000
train acc: 0.90625	 validation acc: 0.87500
17	300	loss: 0.3966524600982666	lr: 0.01000
train acc: 0.87500	 validation acc: 0.87695
17	350	loss: 0.27318403124809265	lr: 0.01000
train acc: 0.90625	 validation acc: 0.86719
17	400	loss: 0.2693457305431366	lr: 0.01000
train acc: 0.89062	 validation acc: 0.87305
17	450	loss: 0.23273268342018127	lr: 0.01000
train acc: 0.90625	 validation acc: 0.88672
17	500	loss: 0.3976055085659027	lr: 0.01000
train acc: 0.82812	 validation acc: 0.87305
17	550	loss: 0.2144986391067505	lr: 0.01000
train acc: 0.89062	 validation acc: 0.87891
17	600	loss: 0.3829810321331024	lr: 0.01000
train acc: 0.87500	 validation acc: 0.88086
17	650	loss: 0.36907708644866943	lr: 0.01000
train acc: 0.87500	 validation acc: 0.86328
17	700	loss: 0.5093216896057129	lr: 0.01000
train acc: 0.78125	 validation acc: 0.87109
17	750	loss: 0.2776104211807251	lr: 0.01000
train acc: 0.90625	 validation acc: 0.88867
epoch:  17	epoch acc: 0.864453125
18	0	loss: 0.19397121667861938	lr: 0.01000
train acc: 0.96875	 validation acc: 0.86523
18	50	loss: 0.2671734690666199	lr: 0.01000
train acc: 0.89062	 validation acc: 0.88281
18	100	loss: 0.2897607684135437	lr: 0.01000
train acc: 0.90625	 validation acc: 0.88086
18	150	loss: 0.30958184599876404	lr: 0.01000
train acc: 0.90625	 validation acc: 0.90234
18	200	loss: 0.23131942749023438	lr: 0.01000
train acc: 0.92188	 validation acc: 0.88086
18	250	loss: 0.3547532856464386	lr: 0.01000
train acc: 0.87500	 validation acc: 0.89453
18	300	loss: 0.3928936719894409	lr: 0.01000
train acc: 0.87500	 validation acc: 0.89258
18	350	loss: 0.31950080394744873	lr: 0.01000
train acc: 0.85938	 validation acc: 0.88281
18	400	loss: 0.3131379187107086	lr: 0.01000
train acc: 0.84375	 validation acc: 0.88086
18	450	loss: 0.26859718561172485	lr: 0.01000
train acc: 0.89062	 validation acc: 0.86914
18	500	loss: 0.535051703453064	lr: 0.01000
train acc: 0.81250	 validation acc: 0.85156
18	550	loss: 0.27448904514312744	lr: 0.01000
train acc: 0.89062	 validation acc: 0.86523
18	600	loss: 0.3892400562763214	lr: 0.01000
train acc: 0.84375	 validation acc: 0.86328
18	650	loss: 0.38063716888427734	lr: 0.01000
train acc: 0.84375	 validation acc: 0.87305
18	700	loss: 0.4488671123981476	lr: 0.01000
train acc: 0.85938	 validation acc: 0.85156
18	750	loss: 0.31856924295425415	lr: 0.01000
train acc: 0.92188	 validation acc: 0.87695
epoch:  18	epoch acc: 0.856640625
19	0	loss: 0.30079811811447144	lr: 0.00100
train acc: 0.89062	 validation acc: 0.87109
19	50	loss: 0.2674112319946289	lr: 0.00100
train acc: 0.89062	 validation acc: 0.87695
19	100	loss: 0.31768983602523804	lr: 0.00100
train acc: 0.90625	 validation acc: 0.88477
19	150	loss: 0.3668797016143799	lr: 0.00100
train acc: 0.89062	 validation acc: 0.88086
19	200	loss: 0.213360995054245	lr: 0.00100
train acc: 0.93750	 validation acc: 0.89062
19	250	loss: 0.3179057836532593	lr: 0.00100
train acc: 0.90625	 validation acc: 0.89453
19	300	loss: 0.3940744996070862	lr: 0.00100
train acc: 0.82812	 validation acc: 0.88867
19	350	loss: 0.23192520439624786	lr: 0.00100
train acc: 0.90625	 validation acc: 0.88281
19	400	loss: 0.23886491358280182	lr: 0.00100
train acc: 0.90625	 validation acc: 0.89062
19	450	loss: 0.20756497979164124	lr: 0.00100
train acc: 0.90625	 validation acc: 0.89062
19	500	loss: 0.411257266998291	lr: 0.00100
train acc: 0.85938	 validation acc: 0.88672
19	550	loss: 0.18025436997413635	lr: 0.00100
train acc: 0.92188	 validation acc: 0.89258
19	600	loss: 0.3454865515232086	lr: 0.00100
train acc: 0.87500	 validation acc: 0.88867
19	650	loss: 0.25196152925491333	lr: 0.00100
train acc: 0.90625	 validation acc: 0.88867
19	700	loss: 0.33087158203125	lr: 0.00100
train acc: 0.84375	 validation acc: 0.89258
19	750	loss: 0.2023659348487854	lr: 0.00100
train acc: 0.95312	 validation acc: 0.89062
epoch:  19	epoch acc: 0.8766927083333333
20	0	loss: 0.14086681604385376	lr: 0.00100
train acc: 0.92188	 validation acc: 0.90039
20	50	loss: 0.17133420705795288	lr: 0.00100
train acc: 0.92188	 validation acc: 0.88867
20	100	loss: 0.2548302412033081	lr: 0.00100
train acc: 0.90625	 validation acc: 0.87891
20	150	loss: 0.319214791059494	lr: 0.00100
train acc: 0.92188	 validation acc: 0.89648
20	200	loss: 0.174402117729187	lr: 0.00100
train acc: 0.95312	 validation acc: 0.89844
20	250	loss: 0.32120203971862793	lr: 0.00100
train acc: 0.89062	 validation acc: 0.90430
20	300	loss: 0.387750506401062	lr: 0.00100
train acc: 0.84375	 validation acc: 0.89844
20	350	loss: 0.2547694742679596	lr: 0.00100
train acc: 0.93750	 validation acc: 0.89844
20	400	loss: 0.2266983985900879	lr: 0.00100
train acc: 0.92188	 validation acc: 0.89648
20	450	loss: 0.20980560779571533	lr: 0.00100
train acc: 0.89062	 validation acc: 0.89648
20	500	loss: 0.3015280067920685	lr: 0.00100
train acc: 0.90625	 validation acc: 0.89258
20	550	loss: 0.15905103087425232	lr: 0.00100
train acc: 0.98438	 validation acc: 0.89648
20	600	loss: 0.19773247838020325	lr: 0.00100
train acc: 0.92188	 validation acc: 0.90039
20	650	loss: 0.2981903553009033	lr: 0.00100
train acc: 0.89062	 validation acc: 0.89648
20	700	loss: 0.3036510944366455	lr: 0.00100
train acc: 0.93750	 validation acc: 0.90234
20	750	loss: 0.21149194240570068	lr: 0.00100
train acc: 0.95312	 validation acc: 0.90039
epoch:  20	epoch acc: 0.8787760416666667
21	0	loss: 0.14381307363510132	lr: 0.00100
train acc: 0.95312	 validation acc: 0.89844
21	50	loss: 0.1684396117925644	lr: 0.00100
train acc: 0.95312	 validation acc: 0.90234
21	100	loss: 0.24050214886665344	lr: 0.00100
train acc: 0.90625	 validation acc: 0.89453
21	150	loss: 0.2231578826904297	lr: 0.00100
train acc: 0.93750	 validation acc: 0.90039
21	200	loss: 0.14286097884178162	lr: 0.00100
train acc: 0.96875	 validation acc: 0.90234
21	250	loss: 0.2957477271556854	lr: 0.00100
train acc: 0.87500	 validation acc: 0.90430
21	300	loss: 0.31052130460739136	lr: 0.00100
train acc: 0.89062	 validation acc: 0.90625
21	350	loss: 0.27288979291915894	lr: 0.00100
train acc: 0.92188	 validation acc: 0.90234
21	400	loss: 0.23344917595386505	lr: 0.00100
train acc: 0.92188	 validation acc: 0.90039
21	450	loss: 0.1930803805589676	lr: 0.00100
train acc: 0.92188	 validation acc: 0.89844
21	500	loss: 0.3808175325393677	lr: 0.00100
train acc: 0.85938	 validation acc: 0.89648
21	550	loss: 0.17730319499969482	lr: 0.00100
train acc: 0.89062	 validation acc: 0.89844
21	600	loss: 0.2510536313056946	lr: 0.00100
train acc: 0.89062	 validation acc: 0.89844
21	650	loss: 0.24123013019561768	lr: 0.00100
train acc: 0.92188	 validation acc: 0.89453
21	700	loss: 0.3683101236820221	lr: 0.00100
train acc: 0.87500	 validation acc: 0.89648
21	750	loss: 0.17213769257068634	lr: 0.00100
train acc: 0.93750	 validation acc: 0.90234
epoch:  21	epoch acc: 0.8791666666666667
22	0	loss: 0.11959908902645111	lr: 0.00100
train acc: 0.96875	 validation acc: 0.90430
22	50	loss: 0.18365462124347687	lr: 0.00100
train acc: 0.93750	 validation acc: 0.89844
22	100	loss: 0.27589863538742065	lr: 0.00100
train acc: 0.89062	 validation acc: 0.90039
22	150	loss: 0.22238829731941223	lr: 0.00100
train acc: 0.92188	 validation acc: 0.90430
22	200	loss: 0.20882469415664673	lr: 0.00100
train acc: 0.92188	 validation acc: 0.89844
22	250	loss: 0.312175452709198	lr: 0.00100
train acc: 0.85938	 validation acc: 0.90430
22	300	loss: 0.31858915090560913	lr: 0.00100
train acc: 0.87500	 validation acc: 0.89844
22	350	loss: 0.17560751736164093	lr: 0.00100
train acc: 0.93750	 validation acc: 0.89648
22	400	loss: 0.2314053177833557	lr: 0.00100
train acc: 0.93750	 validation acc: 0.89062
22	450	loss: 0.20320473611354828	lr: 0.00100
train acc: 0.93750	 validation acc: 0.90039
22	500	loss: 0.32103288173675537	lr: 0.00100
train acc: 0.87500	 validation acc: 0.89648
22	550	loss: 0.15790167450904846	lr: 0.00100
train acc: 0.92188	 validation acc: 0.89844
22	600	loss: 0.27994614839553833	lr: 0.00100
train acc: 0.85938	 validation acc: 0.90430
22	650	loss: 0.22290492057800293	lr: 0.00100
train acc: 0.89062	 validation acc: 0.89062
22	700	loss: 0.31155210733413696	lr: 0.00100
train acc: 0.87500	 validation acc: 0.89258
22	750	loss: 0.20682702958583832	lr: 0.00100
train acc: 0.95312	 validation acc: 0.90039
epoch:  22	epoch acc: 0.8803385416666667
23	0	loss: 0.16341465711593628	lr: 0.00100
train acc: 0.96875	 validation acc: 0.91016
23	50	loss: 0.22641868889331818	lr: 0.00100
train acc: 0.92188	 validation acc: 0.89844
23	100	loss: 0.3232949376106262	lr: 0.00100
train acc: 0.89062	 validation acc: 0.89844
23	150	loss: 0.23236989974975586	lr: 0.00100
train acc: 0.93750	 validation acc: 0.89453
23	200	loss: 0.14440354704856873	lr: 0.00100
train acc: 0.95312	 validation acc: 0.90430
23	250	loss: 0.30825164914131165	lr: 0.00100
train acc: 0.89062	 validation acc: 0.90820
23	300	loss: 0.2586187720298767	lr: 0.00100
train acc: 0.92188	 validation acc: 0.90234
23	350	loss: 0.19360655546188354	lr: 0.00100
train acc: 0.95312	 validation acc: 0.89844
23	400	loss: 0.2734755873680115	lr: 0.00100
train acc: 0.87500	 validation acc: 0.90234
23	450	loss: 0.17958037555217743	lr: 0.00100
train acc: 0.90625	 validation acc: 0.90234
23	500	loss: 0.2531278729438782	lr: 0.00100
train acc: 0.92188	 validation acc: 0.90234
23	550	loss: 0.24212393164634705	lr: 0.00100
train acc: 0.90625	 validation acc: 0.90625
23	600	loss: 0.29296284914016724	lr: 0.00100
train acc: 0.90625	 validation acc: 0.90234
23	650	loss: 0.2454328089952469	lr: 0.00100
train acc: 0.90625	 validation acc: 0.90039
23	700	loss: 0.2651599049568176	lr: 0.00100
train acc: 0.93750	 validation acc: 0.89844
23	750	loss: 0.257330983877182	lr: 0.00100
train acc: 0.89062	 validation acc: 0.90234
epoch:  23	epoch acc: 0.883984375
24	0	loss: 0.1560918539762497	lr: 0.00100
train acc: 0.96875	 validation acc: 0.90430
24	50	loss: 0.20901523530483246	lr: 0.00100
train acc: 0.92188	 validation acc: 0.90234
24	100	loss: 0.33825579285621643	lr: 0.00100
train acc: 0.92188	 validation acc: 0.90430
24	150	loss: 0.2866317927837372	lr: 0.00100
train acc: 0.92188	 validation acc: 0.89844
24	200	loss: 0.1506597399711609	lr: 0.00100
train acc: 0.93750	 validation acc: 0.90430
24	250	loss: 0.32069236040115356	lr: 0.00100
train acc: 0.89062	 validation acc: 0.91211
24	300	loss: 0.26408177614212036	lr: 0.00100
train acc: 0.89062	 validation acc: 0.91016
24	350	loss: 0.19067801535129547	lr: 0.00100
train acc: 0.93750	 validation acc: 0.91016
24	400	loss: 0.20370422303676605	lr: 0.00100
train acc: 0.93750	 validation acc: 0.89844
24	450	loss: 0.1888388842344284	lr: 0.00100
train acc: 0.92188	 validation acc: 0.90039
24	500	loss: 0.33076342940330505	lr: 0.00100
train acc: 0.89062	 validation acc: 0.89844
24	550	loss: 0.14272144436836243	lr: 0.00100
train acc: 0.93750	 validation acc: 0.89453
24	600	loss: 0.2993374168872833	lr: 0.00100
train acc: 0.90625	 validation acc: 0.89648
24	650	loss: 0.20311741530895233	lr: 0.00100
train acc: 0.93750	 validation acc: 0.90430
24	700	loss: 0.2444937378168106	lr: 0.00100
train acc: 0.93750	 validation acc: 0.90039
24	750	loss: 0.2398911416530609	lr: 0.00100
train acc: 0.95312	 validation acc: 0.89648
epoch:  24	epoch acc: 0.8838541666666667
25	0	loss: 0.10611504316329956	lr: 0.00100
train acc: 0.98438	 validation acc: 0.89844
25	50	loss: 0.16485638916492462	lr: 0.00100
train acc: 0.93750	 validation acc: 0.90625
25	100	loss: 0.2624090313911438	lr: 0.00100
train acc: 0.93750	 validation acc: 0.90039
25	150	loss: 0.21019932627677917	lr: 0.00100
train acc: 0.95312	 validation acc: 0.90625
25	200	loss: 0.14268429577350616	lr: 0.00100
train acc: 0.95312	 validation acc: 0.91016
25	250	loss: 0.31781303882598877	lr: 0.00100
train acc: 0.93750	 validation acc: 0.91016
25	300	loss: 0.17787836492061615	lr: 0.00100
train acc: 0.95312	 validation acc: 0.89844
25	350	loss: 0.13822709023952484	lr: 0.00100
train acc: 0.96875	 validation acc: 0.90430
25	400	loss: 0.19390031695365906	lr: 0.00100
train acc: 0.90625	 validation acc: 0.90234
25	450	loss: 0.1471710056066513	lr: 0.00100
train acc: 0.95312	 validation acc: 0.90820
25	500	loss: 0.31307050585746765	lr: 0.00100
train acc: 0.90625	 validation acc: 0.90430
25	550	loss: 0.17179489135742188	lr: 0.00100
train acc: 0.92188	 validation acc: 0.90430
25	600	loss: 0.2283059060573578	lr: 0.00100
train acc: 0.93750	 validation acc: 0.90625
25	650	loss: 0.2128199338912964	lr: 0.00100
train acc: 0.90625	 validation acc: 0.90430
25	700	loss: 0.30250245332717896	lr: 0.00100
train acc: 0.90625	 validation acc: 0.89453
25	750	loss: 0.23644131422042847	lr: 0.00100
train acc: 0.92188	 validation acc: 0.90234
epoch:  25	epoch acc: 0.8848958333333333
26	0	loss: 0.1394256055355072	lr: 0.00100
train acc: 0.96875	 validation acc: 0.90820
26	50	loss: 0.16194242238998413	lr: 0.00100
train acc: 0.93750	 validation acc: 0.90820
26	100	loss: 0.2574898600578308	lr: 0.00100
train acc: 0.92188	 validation acc: 0.89844
26	150	loss: 0.22368764877319336	lr: 0.00100
train acc: 0.92188	 validation acc: 0.90039
26	200	loss: 0.10644450038671494	lr: 0.00100
train acc: 0.96875	 validation acc: 0.90625
26	250	loss: 0.23799088597297668	lr: 0.00100
train acc: 0.89062	 validation acc: 0.90234
26	300	loss: 0.2523154020309448	lr: 0.00100
train acc: 0.90625	 validation acc: 0.91211
26	350	loss: 0.1962415874004364	lr: 0.00100
train acc: 0.93750	 validation acc: 0.90039
26	400	loss: 0.20782971382141113	lr: 0.00100
train acc: 0.92188	 validation acc: 0.89648
26	450	loss: 0.12680929899215698	lr: 0.00100
train acc: 0.95312	 validation acc: 0.90820
26	500	loss: 0.3602053225040436	lr: 0.00100
train acc: 0.87500	 validation acc: 0.89844
26	550	loss: 0.17810140550136566	lr: 0.00100
train acc: 0.93750	 validation acc: 0.90234
26	600	loss: 0.2635304033756256	lr: 0.00100
train acc: 0.90625	 validation acc: 0.90234
26	650	loss: 0.20081035792827606	lr: 0.00100
train acc: 0.90625	 validation acc: 0.90625
26	700	loss: 0.2688392400741577	lr: 0.00100
train acc: 0.92188	 validation acc: 0.90430
26	750	loss: 0.17863517999649048	lr: 0.00100
train acc: 0.93750	 validation acc: 0.90625
epoch:  26	epoch acc: 0.88515625
27	0	loss: 0.13690106570720673	lr: 0.00100
train acc: 0.95312	 validation acc: 0.91406
27	50	loss: 0.16802562773227692	lr: 0.00100
train acc: 0.92188	 validation acc: 0.91016
27	100	loss: 0.3212021589279175	lr: 0.00100
train acc: 0.90625	 validation acc: 0.90430
27	150	loss: 0.23039951920509338	lr: 0.00100
train acc: 0.92188	 validation acc: 0.90625
27	200	loss: 0.1301489770412445	lr: 0.00100
train acc: 0.95312	 validation acc: 0.91211
27	250	loss: 0.3282874822616577	lr: 0.00100
train acc: 0.90625	 validation acc: 0.91211
27	300	loss: 0.2418031394481659	lr: 0.00100
train acc: 0.92188	 validation acc: 0.91211
27	350	loss: 0.21432268619537354	lr: 0.00100
train acc: 0.95312	 validation acc: 0.91016
27	400	loss: 0.17754662036895752	lr: 0.00100
train acc: 0.95312	 validation acc: 0.90820
27	450	loss: 0.17757639288902283	lr: 0.00100
train acc: 0.93750	 validation acc: 0.90820
27	500	loss: 0.24084100127220154	lr: 0.00100
train acc: 0.90625	 validation acc: 0.91406
27	550	loss: 0.2101006805896759	lr: 0.00100
train acc: 0.90625	 validation acc: 0.90820
27	600	loss: 0.1785644292831421	lr: 0.00100
train acc: 0.95312	 validation acc: 0.90625
27	650	loss: 0.15179216861724854	lr: 0.00100
train acc: 0.92188	 validation acc: 0.90820
27	700	loss: 0.34120815992355347	lr: 0.00100
train acc: 0.90625	 validation acc: 0.90234
27	750	loss: 0.21844707429409027	lr: 0.00100
train acc: 0.93750	 validation acc: 0.89648
epoch:  27	epoch acc: 0.8859375
28	0	loss: 0.09120973199605942	lr: 0.00010
train acc: 0.98438	 validation acc: 0.90625
28	50	loss: 0.2171936184167862	lr: 0.00010
train acc: 0.90625	 validation acc: 0.91211
28	100	loss: 0.3059138059616089	lr: 0.00010
train acc: 0.90625	 validation acc: 0.91016
28	150	loss: 0.2367195338010788	lr: 0.00010
train acc: 0.92188	 validation acc: 0.90820
28	200	loss: 0.10051636397838593	lr: 0.00010
train acc: 0.95312	 validation acc: 0.91016
28	250	loss: 0.2791059911251068	lr: 0.00010
train acc: 0.90625	 validation acc: 0.90625
28	300	loss: 0.2791919708251953	lr: 0.00010
train acc: 0.89062	 validation acc: 0.91211
28	350	loss: 0.20029395818710327	lr: 0.00010
train acc: 0.93750	 validation acc: 0.91211
28	400	loss: 0.17510512471199036	lr: 0.00010
train acc: 0.93750	 validation acc: 0.90625
28	450	loss: 0.17137211561203003	lr: 0.00010
train acc: 0.93750	 validation acc: 0.91211
28	500	loss: 0.28229597210884094	lr: 0.00010
train acc: 0.92188	 validation acc: 0.91406
28	550	loss: 0.12131624668836594	lr: 0.00010
train acc: 0.93750	 validation acc: 0.91016
28	600	loss: 0.23630279302597046	lr: 0.00010
train acc: 0.93750	 validation acc: 0.91602
28	650	loss: 0.17949658632278442	lr: 0.00010
train acc: 0.92188	 validation acc: 0.90625
28	700	loss: 0.23869210481643677	lr: 0.00010
train acc: 0.93750	 validation acc: 0.90820
28	750	loss: 0.17362165451049805	lr: 0.00010
train acc: 0.96875	 validation acc: 0.90234
epoch:  28	epoch acc: 0.8864583333333333
29	0	loss: 0.1911061704158783	lr: 0.00010
train acc: 0.90625	 validation acc: 0.90234
29	50	loss: 0.1283964067697525	lr: 0.00010
train acc: 0.96875	 validation acc: 0.90820
29	100	loss: 0.34150224924087524	lr: 0.00010
train acc: 0.87500	 validation acc: 0.91406
29	150	loss: 0.21972250938415527	lr: 0.00010
train acc: 0.93750	 validation acc: 0.90820
29	200	loss: 0.08349163085222244	lr: 0.00010
train acc: 0.98438	 validation acc: 0.91211
29	250	loss: 0.2978798747062683	lr: 0.00010
train acc: 0.92188	 validation acc: 0.90625
29	300	loss: 0.25246375799179077	lr: 0.00010
train acc: 0.89062	 validation acc: 0.91406
29	350	loss: 0.19676530361175537	lr: 0.00010
train acc: 0.93750	 validation acc: 0.91016
29	400	loss: 0.21630895137786865	lr: 0.00010
train acc: 0.92188	 validation acc: 0.90430
29	450	loss: 0.16107694804668427	lr: 0.00010
train acc: 0.93750	 validation acc: 0.91602
29	500	loss: 0.25646355748176575	lr: 0.00010
train acc: 0.95312	 validation acc: 0.91211
29	550	loss: 0.14100013673305511	lr: 0.00010
train acc: 0.93750	 validation acc: 0.90039
29	600	loss: 0.2694733738899231	lr: 0.00010
train acc: 0.90625	 validation acc: 0.90820
29	650	loss: 0.2235424667596817	lr: 0.00010
train acc: 0.90625	 validation acc: 0.90820
29	700	loss: 0.2513585686683655	lr: 0.00010
train acc: 0.95312	 validation acc: 0.90820
29	750	loss: 0.30389106273651123	lr: 0.00010
train acc: 0.92188	 validation acc: 0.90430
epoch:  29	epoch acc: 0.8864583333333333
30	0	loss: 0.1172553077340126	lr: 0.00010
train acc: 0.96875	 validation acc: 0.90430
30	50	loss: 0.197652205824852	lr: 0.00010
train acc: 0.92188	 validation acc: 0.91016
30	100	loss: 0.23698961734771729	lr: 0.00010
train acc: 0.92188	 validation acc: 0.90820
30	150	loss: 0.2678152322769165	lr: 0.00010
train acc: 0.89062	 validation acc: 0.91211
30	200	loss: 0.13803452253341675	lr: 0.00010
train acc: 0.96875	 validation acc: 0.91211
30	250	loss: 0.34175124764442444	lr: 0.00010
train acc: 0.87500	 validation acc: 0.90820
30	300	loss: 0.25769859552383423	lr: 0.00010
train acc: 0.93750	 validation acc: 0.91797
30	350	loss: 0.16386528313159943	lr: 0.00010
train acc: 0.93750	 validation acc: 0.91211
30	400	loss: 0.2251802682876587	lr: 0.00010
train acc: 0.89062	 validation acc: 0.90234
30	450	loss: 0.16409428417682648	lr: 0.00010
train acc: 0.92188	 validation acc: 0.91992
30	500	loss: 0.34337756037712097	lr: 0.00010
train acc: 0.90625	 validation acc: 0.91602
30	550	loss: 0.09033109992742538	lr: 0.00010
train acc: 0.96875	 validation acc: 0.90430
30	600	loss: 0.1858266294002533	lr: 0.00010
train acc: 0.95312	 validation acc: 0.91016
30	650	loss: 0.136410191655159	lr: 0.00010
train acc: 0.96875	 validation acc: 0.91016
30	700	loss: 0.27417194843292236	lr: 0.00010
train acc: 0.89062	 validation acc: 0.91211
30	750	loss: 0.1909715235233307	lr: 0.00010
train acc: 0.93750	 validation acc: 0.90430
epoch:  30	epoch acc: 0.8873697916666666
31	0	loss: 0.12459097802639008	lr: 0.00010
train acc: 0.95312	 validation acc: 0.90234
31	50	loss: 0.16814950108528137	lr: 0.00010
train acc: 0.95312	 validation acc: 0.91406
31	100	loss: 0.29398518800735474	lr: 0.00010
train acc: 0.92188	 validation acc: 0.91016
31	150	loss: 0.17753879725933075	lr: 0.00010
train acc: 0.93750	 validation acc: 0.90820
31	200	loss: 0.11301585286855698	lr: 0.00010
train acc: 0.98438	 validation acc: 0.91992
31	250	loss: 0.2574910521507263	lr: 0.00010
train acc: 0.90625	 validation acc: 0.91016
31	300	loss: 0.23777247965335846	lr: 0.00010
train acc: 0.93750	 validation acc: 0.91211
31	350	loss: 0.1782662272453308	lr: 0.00010
train acc: 0.93750	 validation acc: 0.91016
31	400	loss: 0.17335890233516693	lr: 0.00010
train acc: 0.96875	 validation acc: 0.90430
31	450	loss: 0.15045636892318726	lr: 0.00010
train acc: 0.95312	 validation acc: 0.91797
31	500	loss: 0.3292214274406433	lr: 0.00010
train acc: 0.92188	 validation acc: 0.91406
31	550	loss: 0.14374640583992004	lr: 0.00010
train acc: 0.92188	 validation acc: 0.90430
31	600	loss: 0.1886751502752304	lr: 0.00010
train acc: 0.95312	 validation acc: 0.90625
31	650	loss: 0.16003325581550598	lr: 0.00010
train acc: 0.96875	 validation acc: 0.91016
31	700	loss: 0.1898156702518463	lr: 0.00010
train acc: 0.93750	 validation acc: 0.91211
31	750	loss: 0.1575843095779419	lr: 0.00010
train acc: 0.96875	 validation acc: 0.90234
epoch:  31	epoch acc: 0.8875
Training time:1270
ILV: {'loss': 0.0022834334701801497, 'train': 0.008062543067025614, 'val': 0.0071868255453867635}
EFR: {'loss': 0.032884789882426796, 'train': 0.1174254184030398, 'val': 0.052719845649987704}
Accuracy: 0.8875
