nohup: ignoring input
0	0	loss: 2.505617618560791	lr: 0.10000
train acc: 0.04688	 validation acc: 0.09961
0	50	loss: 2.4842429161071777	lr: 0.10000
train acc: 0.14062	 validation acc: 0.13281
0	100	loss: 2.134634256362915	lr: 0.10000
train acc: 0.09375	 validation acc: 0.18164
0	150	loss: 1.9131476879119873	lr: 0.10000
train acc: 0.32812	 validation acc: 0.18555
0	200	loss: 1.897452712059021	lr: 0.10000
train acc: 0.21875	 validation acc: 0.21680
0	250	loss: 1.8651134967803955	lr: 0.10000
train acc: 0.21875	 validation acc: 0.21094
0	300	loss: 1.8743364810943604	lr: 0.10000
train acc: 0.25000	 validation acc: 0.28711
0	350	loss: 1.9561307430267334	lr: 0.10000
train acc: 0.23438	 validation acc: 0.25781
0	400	loss: 1.801445484161377	lr: 0.10000
train acc: 0.40625	 validation acc: 0.32617
0	450	loss: 1.6470234394073486	lr: 0.10000
train acc: 0.46875	 validation acc: 0.31445
0	500	loss: 1.811075210571289	lr: 0.10000
train acc: 0.21875	 validation acc: 0.36328
0	550	loss: 1.605454444885254	lr: 0.10000
train acc: 0.32812	 validation acc: 0.42773
0	600	loss: 1.819543719291687	lr: 0.10000
train acc: 0.31250	 validation acc: 0.35742
0	650	loss: 1.548721432685852	lr: 0.10000
train acc: 0.39062	 validation acc: 0.41211
0	700	loss: 1.5980150699615479	lr: 0.10000
train acc: 0.39062	 validation acc: 0.38672
0	750	loss: 2.029597759246826	lr: 0.10000
train acc: 0.28125	 validation acc: 0.37500
epoch:   0	epoch acc: 0.44166666666666665
1	0	loss: 1.5493630170822144	lr: 0.10000
train acc: 0.37500	 validation acc: 0.46094
1	50	loss: 1.5057092905044556	lr: 0.10000
train acc: 0.40625	 validation acc: 0.41406
1	100	loss: 1.657161831855774	lr: 0.10000
train acc: 0.31250	 validation acc: 0.45508
1	150	loss: 1.6377785205841064	lr: 0.10000
train acc: 0.28125	 validation acc: 0.44531
1	200	loss: 1.248335599899292	lr: 0.10000
train acc: 0.50000	 validation acc: 0.43359
1	250	loss: 1.4960083961486816	lr: 0.10000
train acc: 0.46875	 validation acc: 0.43555
1	300	loss: 1.5394502878189087	lr: 0.10000
train acc: 0.46875	 validation acc: 0.44727
1	350	loss: 1.5366021394729614	lr: 0.10000
train acc: 0.40625	 validation acc: 0.42969
1	400	loss: 1.3879601955413818	lr: 0.10000
train acc: 0.45312	 validation acc: 0.43945
1	450	loss: 1.30311918258667	lr: 0.10000
train acc: 0.53125	 validation acc: 0.48438
1	500	loss: 1.4231410026550293	lr: 0.10000
train acc: 0.48438	 validation acc: 0.46289
1	550	loss: 1.2303011417388916	lr: 0.10000
train acc: 0.50000	 validation acc: 0.51758
1	600	loss: 1.4762295484542847	lr: 0.10000
train acc: 0.43750	 validation acc: 0.46094
1	650	loss: 1.2065865993499756	lr: 0.10000
train acc: 0.56250	 validation acc: 0.48633
1	700	loss: 1.4895505905151367	lr: 0.10000
train acc: 0.42188	 validation acc: 0.47461
1	750	loss: 1.5634230375289917	lr: 0.10000
train acc: 0.45312	 validation acc: 0.42773
epoch:   1	epoch acc: 0.5231770833333333
2	0	loss: 1.3907064199447632	lr: 0.10000
train acc: 0.50000	 validation acc: 0.53516
2	50	loss: 1.2506282329559326	lr: 0.10000
train acc: 0.60938	 validation acc: 0.51758
2	100	loss: 1.3592427968978882	lr: 0.10000
train acc: 0.51562	 validation acc: 0.56445
2	150	loss: 1.5366486310958862	lr: 0.10000
train acc: 0.43750	 validation acc: 0.50977
2	200	loss: 0.9816197156906128	lr: 0.10000
train acc: 0.60938	 validation acc: 0.53516
2	250	loss: 1.157341480255127	lr: 0.10000
train acc: 0.62500	 validation acc: 0.51953
2	300	loss: 1.2173428535461426	lr: 0.10000
train acc: 0.53125	 validation acc: 0.54297
2	350	loss: 1.3857014179229736	lr: 0.10000
train acc: 0.48438	 validation acc: 0.51367
2	400	loss: 1.328331708908081	lr: 0.10000
train acc: 0.48438	 validation acc: 0.56250
2	450	loss: 1.073366403579712	lr: 0.10000
train acc: 0.64062	 validation acc: 0.56250
2	500	loss: 1.32680082321167	lr: 0.10000
train acc: 0.57812	 validation acc: 0.56641
2	550	loss: 1.1516785621643066	lr: 0.10000
train acc: 0.53125	 validation acc: 0.60352
2	600	loss: 1.094389796257019	lr: 0.10000
train acc: 0.56250	 validation acc: 0.55469
2	650	loss: 1.0194499492645264	lr: 0.10000
train acc: 0.65625	 validation acc: 0.58398
2	700	loss: 1.174505591392517	lr: 0.10000
train acc: 0.57812	 validation acc: 0.56836
2	750	loss: 1.3396999835968018	lr: 0.10000
train acc: 0.60938	 validation acc: 0.59375
epoch:   2	epoch acc: 0.6223958333333334
3	0	loss: 1.0784190893173218	lr: 0.10000
train acc: 0.60938	 validation acc: 0.62305
3	50	loss: 0.9302542209625244	lr: 0.10000
train acc: 0.64062	 validation acc: 0.57227
3	100	loss: 1.1425721645355225	lr: 0.10000
train acc: 0.54688	 validation acc: 0.62891
3	150	loss: 1.1952239274978638	lr: 0.10000
train acc: 0.60938	 validation acc: 0.58984
3	200	loss: 0.8439974784851074	lr: 0.10000
train acc: 0.75000	 validation acc: 0.62891
3	250	loss: 0.9211607575416565	lr: 0.10000
train acc: 0.67188	 validation acc: 0.60938
3	300	loss: 1.0843755006790161	lr: 0.10000
train acc: 0.57812	 validation acc: 0.66016
3	350	loss: 1.0964536666870117	lr: 0.10000
train acc: 0.57812	 validation acc: 0.64258
3	400	loss: 1.0295034646987915	lr: 0.10000
train acc: 0.62500	 validation acc: 0.66992
3	450	loss: 1.0658230781555176	lr: 0.10000
train acc: 0.59375	 validation acc: 0.63672
3	500	loss: 1.2886496782302856	lr: 0.10000
train acc: 0.62500	 validation acc: 0.61719
3	550	loss: 0.8115124106407166	lr: 0.10000
train acc: 0.71875	 validation acc: 0.61719
3	600	loss: 0.9547592401504517	lr: 0.10000
train acc: 0.65625	 validation acc: 0.64453
3	650	loss: 0.9530069828033447	lr: 0.10000
train acc: 0.64062	 validation acc: 0.59375
3	700	loss: 1.05827796459198	lr: 0.10000
train acc: 0.67188	 validation acc: 0.61719
3	750	loss: 1.1825124025344849	lr: 0.10000
train acc: 0.64062	 validation acc: 0.56836
epoch:   3	epoch acc: 0.641796875
4	0	loss: 0.8972325921058655	lr: 0.10000
train acc: 0.65625	 validation acc: 0.64844
4	50	loss: 0.8673809170722961	lr: 0.10000
train acc: 0.68750	 validation acc: 0.67578
4	100	loss: 0.9398738145828247	lr: 0.10000
train acc: 0.64062	 validation acc: 0.65820
4	150	loss: 0.9941686987876892	lr: 0.10000
train acc: 0.54688	 validation acc: 0.65234
4	200	loss: 0.6911382675170898	lr: 0.10000
train acc: 0.76562	 validation acc: 0.67773
4	250	loss: 0.7927802205085754	lr: 0.10000
train acc: 0.76562	 validation acc: 0.66211
4	300	loss: 1.0154023170471191	lr: 0.10000
train acc: 0.65625	 validation acc: 0.66406
4	350	loss: 0.9426155686378479	lr: 0.10000
train acc: 0.64062	 validation acc: 0.59180
4	400	loss: 0.9805151224136353	lr: 0.10000
train acc: 0.60938	 validation acc: 0.71094
4	450	loss: 0.8486951589584351	lr: 0.10000
train acc: 0.73438	 validation acc: 0.59961
4	500	loss: 1.270179033279419	lr: 0.10000
train acc: 0.64062	 validation acc: 0.66406
4	550	loss: 0.800751268863678	lr: 0.10000
train acc: 0.73438	 validation acc: 0.71289
4	600	loss: 0.8941131830215454	lr: 0.10000
train acc: 0.70312	 validation acc: 0.64453
4	650	loss: 0.6808686852455139	lr: 0.10000
train acc: 0.81250	 validation acc: 0.64844
4	700	loss: 0.8631641268730164	lr: 0.10000
train acc: 0.64062	 validation acc: 0.67773
4	750	loss: 0.952867865562439	lr: 0.10000
train acc: 0.75000	 validation acc: 0.62695
epoch:   4	epoch acc: 0.6783854166666666
5	0	loss: 0.7793774008750916	lr: 0.10000
train acc: 0.71875	 validation acc: 0.67578
5	50	loss: 0.7826458811759949	lr: 0.10000
train acc: 0.75000	 validation acc: 0.73242
5	100	loss: 0.7349022030830383	lr: 0.10000
train acc: 0.73438	 validation acc: 0.73242
5	150	loss: 0.8630377054214478	lr: 0.10000
train acc: 0.67188	 validation acc: 0.60352
5	200	loss: 0.7026346325874329	lr: 0.10000
train acc: 0.81250	 validation acc: 0.70312
5	250	loss: 0.6507663726806641	lr: 0.10000
train acc: 0.78125	 validation acc: 0.60742
5	300	loss: 0.924225389957428	lr: 0.10000
train acc: 0.65625	 validation acc: 0.72852
5	350	loss: 0.6882139444351196	lr: 0.10000
train acc: 0.70312	 validation acc: 0.65234
5	400	loss: 0.8550626039505005	lr: 0.10000
train acc: 0.71875	 validation acc: 0.78516
5	450	loss: 0.6409176588058472	lr: 0.10000
train acc: 0.76562	 validation acc: 0.72852
5	500	loss: 1.1906368732452393	lr: 0.10000
train acc: 0.67188	 validation acc: 0.72852
5	550	loss: 0.6377139091491699	lr: 0.10000
train acc: 0.75000	 validation acc: 0.72656
5	600	loss: 0.7765688896179199	lr: 0.10000
train acc: 0.73438	 validation acc: 0.71680
5	650	loss: 0.6268057227134705	lr: 0.10000
train acc: 0.75000	 validation acc: 0.64062
5	700	loss: 0.8991296887397766	lr: 0.10000
train acc: 0.71875	 validation acc: 0.71875
5	750	loss: 0.7923291921615601	lr: 0.10000
train acc: 0.70312	 validation acc: 0.70508
epoch:   5	epoch acc: 0.7147135416666667
6	0	loss: 0.5979228019714355	lr: 0.10000
train acc: 0.76562	 validation acc: 0.71484
6	50	loss: 0.5760650634765625	lr: 0.10000
train acc: 0.78125	 validation acc: 0.68359
6	100	loss: 0.7070394158363342	lr: 0.10000
train acc: 0.78125	 validation acc: 0.72266
6	150	loss: 1.0743606090545654	lr: 0.10000
train acc: 0.67188	 validation acc: 0.66211
6	200	loss: 0.5720876455307007	lr: 0.10000
train acc: 0.84375	 validation acc: 0.77734
6	250	loss: 0.5596930980682373	lr: 0.10000
train acc: 0.82812	 validation acc: 0.66406
6	300	loss: 0.7711222171783447	lr: 0.10000
train acc: 0.78125	 validation acc: 0.72070
6	350	loss: 0.6403108239173889	lr: 0.10000
train acc: 0.73438	 validation acc: 0.66602
6	400	loss: 0.7534343004226685	lr: 0.10000
train acc: 0.71875	 validation acc: 0.73828
6	450	loss: 0.7258027791976929	lr: 0.10000
train acc: 0.73438	 validation acc: 0.71680
6	500	loss: 1.0704407691955566	lr: 0.10000
train acc: 0.67188	 validation acc: 0.77539
6	550	loss: 0.6520678400993347	lr: 0.10000
train acc: 0.76562	 validation acc: 0.75195
6	600	loss: 0.8314005732536316	lr: 0.10000
train acc: 0.70312	 validation acc: 0.71094
6	650	loss: 0.5471820831298828	lr: 0.10000
train acc: 0.78125	 validation acc: 0.61328
6	700	loss: 0.8766334652900696	lr: 0.10000
train acc: 0.68750	 validation acc: 0.69727
6	750	loss: 0.7230034470558167	lr: 0.10000
train acc: 0.75000	 validation acc: 0.69336
epoch:   6	epoch acc: 0.7684895833333333
7	0	loss: 0.6388880610466003	lr: 0.10000
train acc: 0.78125	 validation acc: 0.78711
7	50	loss: 0.669517993927002	lr: 0.10000
train acc: 0.75000	 validation acc: 0.76953
7	100	loss: 0.7812452912330627	lr: 0.10000
train acc: 0.70312	 validation acc: 0.76172
7	150	loss: 0.6694982051849365	lr: 0.10000
train acc: 0.81250	 validation acc: 0.70703
7	200	loss: 0.5537466406822205	lr: 0.10000
train acc: 0.79688	 validation acc: 0.76367
7	250	loss: 0.6590796113014221	lr: 0.10000
train acc: 0.78125	 validation acc: 0.67773
7	300	loss: 0.7625908851623535	lr: 0.10000
train acc: 0.73438	 validation acc: 0.74219
7	350	loss: 0.5164772272109985	lr: 0.10000
train acc: 0.82812	 validation acc: 0.65039
7	400	loss: 0.6627440452575684	lr: 0.10000
train acc: 0.68750	 validation acc: 0.77539
7	450	loss: 0.6398294568061829	lr: 0.10000
train acc: 0.76562	 validation acc: 0.79688
7	500	loss: 1.024044156074524	lr: 0.10000
train acc: 0.65625	 validation acc: 0.81055
7	550	loss: 0.5582015514373779	lr: 0.10000
train acc: 0.78125	 validation acc: 0.75391
7	600	loss: 0.9043723940849304	lr: 0.10000
train acc: 0.73438	 validation acc: 0.66602
7	650	loss: 0.5279306769371033	lr: 0.10000
train acc: 0.81250	 validation acc: 0.72461
7	700	loss: 0.778259813785553	lr: 0.10000
train acc: 0.68750	 validation acc: 0.68555
7	750	loss: 0.6477311849594116	lr: 0.10000
train acc: 0.70312	 validation acc: 0.66992
epoch:   7	epoch acc: 0.7666666666666667
8	0	loss: 0.5188153386116028	lr: 0.10000
train acc: 0.84375	 validation acc: 0.75195
8	50	loss: 0.5774132013320923	lr: 0.10000
train acc: 0.78125	 validation acc: 0.75781
8	100	loss: 0.672908365726471	lr: 0.10000
train acc: 0.78125	 validation acc: 0.75000
8	150	loss: 0.7523879408836365	lr: 0.10000
train acc: 0.73438	 validation acc: 0.74219
8	200	loss: 0.5027764439582825	lr: 0.10000
train acc: 0.79688	 validation acc: 0.72070
8	250	loss: 0.6038529872894287	lr: 0.10000
train acc: 0.76562	 validation acc: 0.69531
8	300	loss: 0.6980475783348083	lr: 0.10000
train acc: 0.71875	 validation acc: 0.75586
8	350	loss: 0.47421103715896606	lr: 0.10000
train acc: 0.79688	 validation acc: 0.72852
8	400	loss: 0.7014694213867188	lr: 0.10000
train acc: 0.81250	 validation acc: 0.77344
8	450	loss: 0.5862429141998291	lr: 0.10000
train acc: 0.78125	 validation acc: 0.72461
8	500	loss: 0.7303428053855896	lr: 0.10000
train acc: 0.76562	 validation acc: 0.77344
8	550	loss: 0.6100485920906067	lr: 0.10000
train acc: 0.79688	 validation acc: 0.77148
8	600	loss: 0.8751096725463867	lr: 0.10000
train acc: 0.75000	 validation acc: 0.74219
8	650	loss: 0.44931650161743164	lr: 0.10000
train acc: 0.85938	 validation acc: 0.75977
8	700	loss: 0.889352023601532	lr: 0.10000
train acc: 0.70312	 validation acc: 0.74414
8	750	loss: 0.8001480102539062	lr: 0.10000
train acc: 0.70312	 validation acc: 0.71484
epoch:   8	epoch acc: 0.7794270833333333
9	0	loss: 0.5620233416557312	lr: 0.10000
train acc: 0.84375	 validation acc: 0.75391
9	50	loss: 0.5212447643280029	lr: 0.10000
train acc: 0.82812	 validation acc: 0.76172
9	100	loss: 0.5352020263671875	lr: 0.10000
train acc: 0.87500	 validation acc: 0.77148
9	150	loss: 0.7594879865646362	lr: 0.10000
train acc: 0.71875	 validation acc: 0.67969
9	200	loss: 0.40843209624290466	lr: 0.10000
train acc: 0.89062	 validation acc: 0.71484
9	250	loss: 0.4640604257583618	lr: 0.10000
train acc: 0.89062	 validation acc: 0.72656
9	300	loss: 0.6704648733139038	lr: 0.10000
train acc: 0.78125	 validation acc: 0.73047
9	350	loss: 0.7702465653419495	lr: 0.10000
train acc: 0.75000	 validation acc: 0.73242
9	400	loss: 0.7079353928565979	lr: 0.10000
train acc: 0.78125	 validation acc: 0.78711
9	450	loss: 0.48918384313583374	lr: 0.10000
train acc: 0.81250	 validation acc: 0.73633
9	500	loss: 0.8130435347557068	lr: 0.10000
train acc: 0.73438	 validation acc: 0.74219
9	550	loss: 0.6238721609115601	lr: 0.10000
train acc: 0.78125	 validation acc: 0.78320
9	600	loss: 0.7231818437576294	lr: 0.10000
train acc: 0.78125	 validation acc: 0.70312
9	650	loss: 0.7105412483215332	lr: 0.10000
train acc: 0.73438	 validation acc: 0.79297
9	700	loss: 0.7190225124359131	lr: 0.10000
train acc: 0.76562	 validation acc: 0.74219
9	750	loss: 0.8072765469551086	lr: 0.10000
train acc: 0.65625	 validation acc: 0.67188
epoch:   9	epoch acc: 0.7049479166666667
10	0	loss: 0.6623415350914001	lr: 0.01000
train acc: 0.81250	 validation acc: 0.69336
10	50	loss: 0.36639946699142456	lr: 0.01000
train acc: 0.90625	 validation acc: 0.83984
10	100	loss: 0.4135420322418213	lr: 0.01000
train acc: 0.89062	 validation acc: 0.85547
10	150	loss: 0.5144875645637512	lr: 0.01000
train acc: 0.82812	 validation acc: 0.84961
10	200	loss: 0.3532850742340088	lr: 0.01000
train acc: 0.90625	 validation acc: 0.86719
10	250	loss: 0.389285683631897	lr: 0.01000
train acc: 0.85938	 validation acc: 0.85742
10	300	loss: 0.4848729372024536	lr: 0.01000
train acc: 0.82812	 validation acc: 0.87305
10	350	loss: 0.3072485625743866	lr: 0.01000
train acc: 0.89062	 validation acc: 0.86719
10	400	loss: 0.36701256036758423	lr: 0.01000
train acc: 0.89062	 validation acc: 0.85742
10	450	loss: 0.25979551672935486	lr: 0.01000
train acc: 0.89062	 validation acc: 0.87305
10	500	loss: 0.5631328225135803	lr: 0.01000
train acc: 0.81250	 validation acc: 0.87305
10	550	loss: 0.2969680428504944	lr: 0.01000
train acc: 0.90625	 validation acc: 0.88281
10	600	loss: 0.470991849899292	lr: 0.01000
train acc: 0.82812	 validation acc: 0.88086
10	650	loss: 0.3566128611564636	lr: 0.01000
train acc: 0.89062	 validation acc: 0.88086
10	700	loss: 0.40081173181533813	lr: 0.01000
train acc: 0.89062	 validation acc: 0.88281
10	750	loss: 0.3195018768310547	lr: 0.01000
train acc: 0.89062	 validation acc: 0.88086
epoch:  10	epoch acc: 0.8705729166666667
11	0	loss: 0.30009663105010986	lr: 0.01000
train acc: 0.90625	 validation acc: 0.88281
11	50	loss: 0.30274853110313416	lr: 0.01000
train acc: 0.89062	 validation acc: 0.88086
11	100	loss: 0.37296003103256226	lr: 0.01000
train acc: 0.87500	 validation acc: 0.88672
11	150	loss: 0.36564698815345764	lr: 0.01000
train acc: 0.89062	 validation acc: 0.88477
11	200	loss: 0.28670352697372437	lr: 0.01000
train acc: 0.90625	 validation acc: 0.88672
11	250	loss: 0.39766383171081543	lr: 0.01000
train acc: 0.89062	 validation acc: 0.88867
11	300	loss: 0.4141877293586731	lr: 0.01000
train acc: 0.82812	 validation acc: 0.88086
11	350	loss: 0.26615917682647705	lr: 0.01000
train acc: 0.87500	 validation acc: 0.88867
11	400	loss: 0.2937687635421753	lr: 0.01000
train acc: 0.89062	 validation acc: 0.87695
11	450	loss: 0.24204939603805542	lr: 0.01000
train acc: 0.89062	 validation acc: 0.87891
11	500	loss: 0.4904046654701233	lr: 0.01000
train acc: 0.82812	 validation acc: 0.87695
11	550	loss: 0.24805626273155212	lr: 0.01000
train acc: 0.92188	 validation acc: 0.87500
11	600	loss: 0.23870672285556793	lr: 0.01000
train acc: 0.90625	 validation acc: 0.88086
11	650	loss: 0.32295453548431396	lr: 0.01000
train acc: 0.89062	 validation acc: 0.88672
11	700	loss: 0.3708101809024811	lr: 0.01000
train acc: 0.87500	 validation acc: 0.88281
11	750	loss: 0.22392041981220245	lr: 0.01000
train acc: 0.95312	 validation acc: 0.87695
epoch:  11	epoch acc: 0.8817708333333333
12	0	loss: 0.2476537823677063	lr: 0.01000
train acc: 0.90625	 validation acc: 0.87695
12	50	loss: 0.2646917700767517	lr: 0.01000
train acc: 0.89062	 validation acc: 0.88086
12	100	loss: 0.34205323457717896	lr: 0.01000
train acc: 0.90625	 validation acc: 0.89062
12	150	loss: 0.344973623752594	lr: 0.01000
train acc: 0.92188	 validation acc: 0.88281
12	200	loss: 0.19434314966201782	lr: 0.01000
train acc: 0.95312	 validation acc: 0.89844
12	250	loss: 0.30391937494277954	lr: 0.01000
train acc: 0.92188	 validation acc: 0.89062
12	300	loss: 0.35066303610801697	lr: 0.01000
train acc: 0.87500	 validation acc: 0.89453
12	350	loss: 0.21041148900985718	lr: 0.01000
train acc: 0.93750	 validation acc: 0.89453
12	400	loss: 0.23361653089523315	lr: 0.01000
train acc: 0.93750	 validation acc: 0.89062
12	450	loss: 0.2246238738298416	lr: 0.01000
train acc: 0.92188	 validation acc: 0.88672
12	500	loss: 0.39204487204551697	lr: 0.01000
train acc: 0.87500	 validation acc: 0.88086
12	550	loss: 0.2348666787147522	lr: 0.01000
train acc: 0.90625	 validation acc: 0.88867
12	600	loss: 0.32634201645851135	lr: 0.01000
train acc: 0.84375	 validation acc: 0.89062
12	650	loss: 0.18709643185138702	lr: 0.01000
train acc: 0.92188	 validation acc: 0.89258
12	700	loss: 0.3945687413215637	lr: 0.01000
train acc: 0.85938	 validation acc: 0.88281
12	750	loss: 0.28203219175338745	lr: 0.01000
train acc: 0.89062	 validation acc: 0.88477
epoch:  12	epoch acc: 0.8838541666666667
13	0	loss: 0.22509223222732544	lr: 0.01000
train acc: 0.93750	 validation acc: 0.88477
13	50	loss: 0.2666460871696472	lr: 0.01000
train acc: 0.89062	 validation acc: 0.89258
13	100	loss: 0.2879684865474701	lr: 0.01000
train acc: 0.93750	 validation acc: 0.90430
13	150	loss: 0.2569883465766907	lr: 0.01000
train acc: 0.92188	 validation acc: 0.90234
13	200	loss: 0.1659095585346222	lr: 0.01000
train acc: 0.95312	 validation acc: 0.89648
13	250	loss: 0.33006811141967773	lr: 0.01000
train acc: 0.89062	 validation acc: 0.90039
13	300	loss: 0.35824382305145264	lr: 0.01000
train acc: 0.82812	 validation acc: 0.90039
13	350	loss: 0.23984721302986145	lr: 0.01000
train acc: 0.92188	 validation acc: 0.90039
13	400	loss: 0.21896636486053467	lr: 0.01000
train acc: 0.93750	 validation acc: 0.90234
13	450	loss: 0.1845979392528534	lr: 0.01000
train acc: 0.92188	 validation acc: 0.88086
13	500	loss: 0.3754408359527588	lr: 0.01000
train acc: 0.89062	 validation acc: 0.88867
13	550	loss: 0.13104510307312012	lr: 0.01000
train acc: 0.95312	 validation acc: 0.89062
13	600	loss: 0.2935999929904938	lr: 0.01000
train acc: 0.87500	 validation acc: 0.89453
13	650	loss: 0.18382182717323303	lr: 0.01000
train acc: 0.93750	 validation acc: 0.90039
13	700	loss: 0.3118974566459656	lr: 0.01000
train acc: 0.90625	 validation acc: 0.90234
13	750	loss: 0.18725945055484772	lr: 0.01000
train acc: 0.93750	 validation acc: 0.89453
epoch:  13	epoch acc: 0.8876302083333333
14	0	loss: 0.1787089705467224	lr: 0.01000
train acc: 0.93750	 validation acc: 0.89844
14	50	loss: 0.19862103462219238	lr: 0.01000
train acc: 0.92188	 validation acc: 0.90430
14	100	loss: 0.28673434257507324	lr: 0.01000
train acc: 0.90625	 validation acc: 0.90430
14	150	loss: 0.2921035587787628	lr: 0.01000
train acc: 0.89062	 validation acc: 0.91211
14	200	loss: 0.14104130864143372	lr: 0.01000
train acc: 0.95312	 validation acc: 0.89258
14	250	loss: 0.30937862396240234	lr: 0.01000
train acc: 0.92188	 validation acc: 0.90430
14	300	loss: 0.3168718218803406	lr: 0.01000
train acc: 0.89062	 validation acc: 0.90039
14	350	loss: 0.24287977814674377	lr: 0.01000
train acc: 0.90625	 validation acc: 0.89648
14	400	loss: 0.27613088488578796	lr: 0.01000
train acc: 0.89062	 validation acc: 0.90430
14	450	loss: 0.17064283788204193	lr: 0.01000
train acc: 0.92188	 validation acc: 0.91016
14	500	loss: 0.3237955570220947	lr: 0.01000
train acc: 0.90625	 validation acc: 0.89844
14	550	loss: 0.25434911251068115	lr: 0.01000
train acc: 0.87500	 validation acc: 0.90234
14	600	loss: 0.28507205843925476	lr: 0.01000
train acc: 0.87500	 validation acc: 0.88867
14	650	loss: 0.20015138387680054	lr: 0.01000
train acc: 0.92188	 validation acc: 0.89648
14	700	loss: 0.3151276707649231	lr: 0.01000
train acc: 0.92188	 validation acc: 0.89648
14	750	loss: 0.16828759014606476	lr: 0.01000
train acc: 0.95312	 validation acc: 0.89844
epoch:  14	epoch acc: 0.88515625
15	0	loss: 0.14362752437591553	lr: 0.01000
train acc: 0.96875	 validation acc: 0.90234
15	50	loss: 0.22634947299957275	lr: 0.01000
train acc: 0.90625	 validation acc: 0.89844
15	100	loss: 0.25760722160339355	lr: 0.01000
train acc: 0.92188	 validation acc: 0.88086
15	150	loss: 0.23200750350952148	lr: 0.01000
train acc: 0.95312	 validation acc: 0.90039
15	200	loss: 0.15586495399475098	lr: 0.01000
train acc: 0.93750	 validation acc: 0.89453
15	250	loss: 0.29074421525001526	lr: 0.01000
train acc: 0.89062	 validation acc: 0.90234
15	300	loss: 0.40214860439300537	lr: 0.01000
train acc: 0.85938	 validation acc: 0.89062
15	350	loss: 0.2384612262248993	lr: 0.01000
train acc: 0.89062	 validation acc: 0.90234
15	400	loss: 0.16199076175689697	lr: 0.01000
train acc: 0.92188	 validation acc: 0.89648
15	450	loss: 0.2145337164402008	lr: 0.01000
train acc: 0.90625	 validation acc: 0.89453
15	500	loss: 0.33367252349853516	lr: 0.01000
train acc: 0.90625	 validation acc: 0.89844
15	550	loss: 0.11851882934570312	lr: 0.01000
train acc: 0.96875	 validation acc: 0.88867
15	600	loss: 0.23528724908828735	lr: 0.01000
train acc: 0.90625	 validation acc: 0.89258
15	650	loss: 0.3090446889400482	lr: 0.01000
train acc: 0.90625	 validation acc: 0.89453
15	700	loss: 0.3120002746582031	lr: 0.01000
train acc: 0.85938	 validation acc: 0.87500
15	750	loss: 0.281940758228302	lr: 0.01000
train acc: 0.90625	 validation acc: 0.89258
epoch:  15	epoch acc: 0.88828125
16	0	loss: 0.16334863007068634	lr: 0.01000
train acc: 0.93750	 validation acc: 0.89453
16	50	loss: 0.151094451546669	lr: 0.01000
train acc: 0.95312	 validation acc: 0.89258
16	100	loss: 0.21475796401500702	lr: 0.01000
train acc: 0.92188	 validation acc: 0.90039
16	150	loss: 0.2558082938194275	lr: 0.01000
train acc: 0.93750	 validation acc: 0.90039
16	200	loss: 0.11043527722358704	lr: 0.01000
train acc: 0.95312	 validation acc: 0.89453
16	250	loss: 0.3213621973991394	lr: 0.01000
train acc: 0.92188	 validation acc: 0.90430
16	300	loss: 0.25937992334365845	lr: 0.01000
train acc: 0.92188	 validation acc: 0.90039
16	350	loss: 0.17014893889427185	lr: 0.01000
train acc: 0.95312	 validation acc: 0.89453
16	400	loss: 0.20124997198581696	lr: 0.01000
train acc: 0.93750	 validation acc: 0.89648
16	450	loss: 0.19605092704296112	lr: 0.01000
train acc: 0.89062	 validation acc: 0.88281
16	500	loss: 0.2814846634864807	lr: 0.01000
train acc: 0.89062	 validation acc: 0.88477
16	550	loss: 0.21824072301387787	lr: 0.01000
train acc: 0.92188	 validation acc: 0.88281
16	600	loss: 0.2853623032569885	lr: 0.01000
train acc: 0.85938	 validation acc: 0.91211
16	650	loss: 0.17729218304157257	lr: 0.01000
train acc: 0.93750	 validation acc: 0.89453
16	700	loss: 0.27976977825164795	lr: 0.01000
train acc: 0.90625	 validation acc: 0.87695
16	750	loss: 0.15975630283355713	lr: 0.01000
train acc: 0.96875	 validation acc: 0.88086
epoch:  16	epoch acc: 0.889453125
17	0	loss: 0.1065727025270462	lr: 0.01000
train acc: 0.96875	 validation acc: 0.88672
17	50	loss: 0.18560189008712769	lr: 0.01000
train acc: 0.93750	 validation acc: 0.89062
17	100	loss: 0.27359259128570557	lr: 0.01000
train acc: 0.92188	 validation acc: 0.89258
17	150	loss: 0.20876085758209229	lr: 0.01000
train acc: 0.93750	 validation acc: 0.89453
17	200	loss: 0.11699377000331879	lr: 0.01000
train acc: 0.96875	 validation acc: 0.88867
17	250	loss: 0.37517088651657104	lr: 0.01000
train acc: 0.89062	 validation acc: 0.89453
17	300	loss: 0.30904287099838257	lr: 0.01000
train acc: 0.89062	 validation acc: 0.89062
17	350	loss: 0.19203869998455048	lr: 0.01000
train acc: 0.93750	 validation acc: 0.87695
17	400	loss: 0.20151644945144653	lr: 0.01000
train acc: 0.93750	 validation acc: 0.90625
17	450	loss: 0.18319149315357208	lr: 0.01000
train acc: 0.89062	 validation acc: 0.90234
17	500	loss: 0.2641026973724365	lr: 0.01000
train acc: 0.89062	 validation acc: 0.89062
17	550	loss: 0.17578931152820587	lr: 0.01000
train acc: 0.95312	 validation acc: 0.88086
17	600	loss: 0.2662948966026306	lr: 0.01000
train acc: 0.90625	 validation acc: 0.90234
17	650	loss: 0.24230150878429413	lr: 0.01000
train acc: 0.90625	 validation acc: 0.90234
17	700	loss: 0.32242244482040405	lr: 0.01000
train acc: 0.90625	 validation acc: 0.89453
17	750	loss: 0.2853948473930359	lr: 0.01000
train acc: 0.90625	 validation acc: 0.89844
epoch:  17	epoch acc: 0.887890625
18	0	loss: 0.15929096937179565	lr: 0.01000
train acc: 0.92188	 validation acc: 0.90039
18	50	loss: 0.12465199828147888	lr: 0.01000
train acc: 0.95312	 validation acc: 0.88672
18	100	loss: 0.21245500445365906	lr: 0.01000
train acc: 0.92188	 validation acc: 0.88672
18	150	loss: 0.23726284503936768	lr: 0.01000
train acc: 0.92188	 validation acc: 0.90234
18	200	loss: 0.14200502634048462	lr: 0.01000
train acc: 0.92188	 validation acc: 0.90039
18	250	loss: 0.19895976781845093	lr: 0.01000
train acc: 0.93750	 validation acc: 0.90820
18	300	loss: 0.21378116309642792	lr: 0.01000
train acc: 0.95312	 validation acc: 0.91406
18	350	loss: 0.1497408002614975	lr: 0.01000
train acc: 0.95312	 validation acc: 0.89648
18	400	loss: 0.14533096551895142	lr: 0.01000
train acc: 0.95312	 validation acc: 0.89844
18	450	loss: 0.14065146446228027	lr: 0.01000
train acc: 0.96875	 validation acc: 0.90039
18	500	loss: 0.310935378074646	lr: 0.01000
train acc: 0.92188	 validation acc: 0.88867
18	550	loss: 0.1259038746356964	lr: 0.01000
train acc: 0.95312	 validation acc: 0.88672
18	600	loss: 0.25725308060646057	lr: 0.01000
train acc: 0.92188	 validation acc: 0.89648
18	650	loss: 0.2517417073249817	lr: 0.01000
train acc: 0.90625	 validation acc: 0.89844
18	700	loss: 0.2866746187210083	lr: 0.01000
train acc: 0.92188	 validation acc: 0.89648
18	750	loss: 0.18168972432613373	lr: 0.01000
train acc: 0.95312	 validation acc: 0.89844
epoch:  18	epoch acc: 0.8893229166666666
19	0	loss: 0.1602427065372467	lr: 0.00100
train acc: 0.95312	 validation acc: 0.90430
19	50	loss: 0.09506996721029282	lr: 0.00100
train acc: 0.98438	 validation acc: 0.90430
19	100	loss: 0.16356487572193146	lr: 0.00100
train acc: 0.92188	 validation acc: 0.91016
19	150	loss: 0.1879063993692398	lr: 0.00100
train acc: 0.92188	 validation acc: 0.90430
19	200	loss: 0.1119881197810173	lr: 0.00100
train acc: 0.92188	 validation acc: 0.90820
19	250	loss: 0.21200481057167053	lr: 0.00100
train acc: 0.90625	 validation acc: 0.90234
19	300	loss: 0.1939346194267273	lr: 0.00100
train acc: 0.92188	 validation acc: 0.91602
19	350	loss: 0.14855393767356873	lr: 0.00100
train acc: 0.95312	 validation acc: 0.91406
19	400	loss: 0.12838362157344818	lr: 0.00100
train acc: 0.95312	 validation acc: 0.92188
19	450	loss: 0.15230759978294373	lr: 0.00100
train acc: 0.93750	 validation acc: 0.91602
19	500	loss: 0.2666444480419159	lr: 0.00100
train acc: 0.89062	 validation acc: 0.91406
19	550	loss: 0.0942116528749466	lr: 0.00100
train acc: 0.93750	 validation acc: 0.91406
19	600	loss: 0.12656977772712708	lr: 0.00100
train acc: 0.96875	 validation acc: 0.91602
19	650	loss: 0.06671746075153351	lr: 0.00100
train acc: 0.98438	 validation acc: 0.91211
19	700	loss: 0.14205019176006317	lr: 0.00100
train acc: 0.93750	 validation acc: 0.91406
19	750	loss: 0.0479762926697731	lr: 0.00100
train acc: 1.00000	 validation acc: 0.91406
epoch:  19	epoch acc: 0.9022135416666667
20	0	loss: 0.12841498851776123	lr: 0.00100
train acc: 0.95312	 validation acc: 0.91602
20	50	loss: 0.06113743409514427	lr: 0.00100
train acc: 0.98438	 validation acc: 0.91406
20	100	loss: 0.16241061687469482	lr: 0.00100
train acc: 0.96875	 validation acc: 0.91016
20	150	loss: 0.10608678311109543	lr: 0.00100
train acc: 0.95312	 validation acc: 0.91992
20	200	loss: 0.09103627502918243	lr: 0.00100
train acc: 0.96875	 validation acc: 0.92188
20	250	loss: 0.14574414491653442	lr: 0.00100
train acc: 0.95312	 validation acc: 0.91211
20	300	loss: 0.2094680666923523	lr: 0.00100
train acc: 0.89062	 validation acc: 0.91992
20	350	loss: 0.1429310441017151	lr: 0.00100
train acc: 0.92188	 validation acc: 0.91602
20	400	loss: 0.11348941922187805	lr: 0.00100
train acc: 0.96875	 validation acc: 0.92969
20	450	loss: 0.13944610953330994	lr: 0.00100
train acc: 0.93750	 validation acc: 0.92188
20	500	loss: 0.22953751683235168	lr: 0.00100
train acc: 0.93750	 validation acc: 0.91992
20	550	loss: 0.03931874781847	lr: 0.00100
train acc: 0.98438	 validation acc: 0.91211
20	600	loss: 0.1099623590707779	lr: 0.00100
train acc: 0.98438	 validation acc: 0.91211
20	650	loss: 0.102505162358284	lr: 0.00100
train acc: 0.96875	 validation acc: 0.91406
20	700	loss: 0.07366630434989929	lr: 0.00100
train acc: 0.98438	 validation acc: 0.91602
20	750	loss: 0.08818262815475464	lr: 0.00100
train acc: 0.96875	 validation acc: 0.91797
epoch:  20	epoch acc: 0.906640625
21	0	loss: 0.06499890238046646	lr: 0.00100
train acc: 0.98438	 validation acc: 0.91211
21	50	loss: 0.052561476826667786	lr: 0.00100
train acc: 1.00000	 validation acc: 0.92188
21	100	loss: 0.15675415098667145	lr: 0.00100
train acc: 0.95312	 validation acc: 0.91797
21	150	loss: 0.0791928768157959	lr: 0.00100
train acc: 0.98438	 validation acc: 0.92188
21	200	loss: 0.07765928655862808	lr: 0.00100
train acc: 0.98438	 validation acc: 0.91406
21	250	loss: 0.18232277035713196	lr: 0.00100
train acc: 0.92188	 validation acc: 0.91406
21	300	loss: 0.15016067028045654	lr: 0.00100
train acc: 0.96875	 validation acc: 0.92383
21	350	loss: 0.07399129867553711	lr: 0.00100
train acc: 0.98438	 validation acc: 0.91992
21	400	loss: 0.06144854798913002	lr: 0.00100
train acc: 0.98438	 validation acc: 0.92578
21	450	loss: 0.1541331261396408	lr: 0.00100
train acc: 0.92188	 validation acc: 0.91992
21	500	loss: 0.21036866307258606	lr: 0.00100
train acc: 0.92188	 validation acc: 0.92383
21	550	loss: 0.05863123759627342	lr: 0.00100
train acc: 0.98438	 validation acc: 0.91406
21	600	loss: 0.07273231446743011	lr: 0.00100
train acc: 1.00000	 validation acc: 0.91406
21	650	loss: 0.07848406583070755	lr: 0.00100
train acc: 0.96875	 validation acc: 0.91211
21	700	loss: 0.12128151953220367	lr: 0.00100
train acc: 0.96875	 validation acc: 0.91992
21	750	loss: 0.08216573297977448	lr: 0.00100
train acc: 0.96875	 validation acc: 0.92383
epoch:  21	epoch acc: 0.9045572916666667
22	0	loss: 0.066703662276268	lr: 0.00100
train acc: 1.00000	 validation acc: 0.91406
22	50	loss: 0.08125133812427521	lr: 0.00100
train acc: 0.96875	 validation acc: 0.91602
22	100	loss: 0.09113531559705734	lr: 0.00100
train acc: 0.96875	 validation acc: 0.91602
22	150	loss: 0.11534508317708969	lr: 0.00100
train acc: 0.95312	 validation acc: 0.92188
22	200	loss: 0.0811532586812973	lr: 0.00100
train acc: 0.96875	 validation acc: 0.91992
22	250	loss: 0.1381763517856598	lr: 0.00100
train acc: 0.95312	 validation acc: 0.92383
22	300	loss: 0.18953756988048553	lr: 0.00100
train acc: 0.95312	 validation acc: 0.92969
22	350	loss: 0.10195185244083405	lr: 0.00100
train acc: 0.95312	 validation acc: 0.92578
22	400	loss: 0.09825339913368225	lr: 0.00100
train acc: 0.98438	 validation acc: 0.91992
22	450	loss: 0.11266420036554337	lr: 0.00100
train acc: 0.95312	 validation acc: 0.91797
22	500	loss: 0.18779602646827698	lr: 0.00100
train acc: 0.93750	 validation acc: 0.92578
22	550	loss: 0.059132613241672516	lr: 0.00100
train acc: 0.98438	 validation acc: 0.91797
22	600	loss: 0.09772052615880966	lr: 0.00100
train acc: 0.98438	 validation acc: 0.91797
22	650	loss: 0.10064084827899933	lr: 0.00100
train acc: 0.96875	 validation acc: 0.91602
22	700	loss: 0.13316045701503754	lr: 0.00100
train acc: 0.93750	 validation acc: 0.91406
22	750	loss: 0.0881592333316803	lr: 0.00100
train acc: 0.96875	 validation acc: 0.92188
epoch:  22	epoch acc: 0.9049479166666666
23	0	loss: 0.08160579204559326	lr: 0.00100
train acc: 0.98438	 validation acc: 0.91602
23	50	loss: 0.051483072340488434	lr: 0.00100
train acc: 0.98438	 validation acc: 0.91016
23	100	loss: 0.11844414472579956	lr: 0.00100
train acc: 0.96875	 validation acc: 0.91016
23	150	loss: 0.137247234582901	lr: 0.00100
train acc: 0.95312	 validation acc: 0.91016
23	200	loss: 0.05644180625677109	lr: 0.00100
train acc: 0.98438	 validation acc: 0.91602
23	250	loss: 0.12382995337247849	lr: 0.00100
train acc: 0.93750	 validation acc: 0.91992
23	300	loss: 0.05377615615725517	lr: 0.00100
train acc: 1.00000	 validation acc: 0.92383
23	350	loss: 0.04738559201359749	lr: 0.00100
train acc: 1.00000	 validation acc: 0.91797
23	400	loss: 0.0319807305932045	lr: 0.00100
train acc: 1.00000	 validation acc: 0.92773
23	450	loss: 0.09171346575021744	lr: 0.00100
train acc: 0.96875	 validation acc: 0.91992
23	500	loss: 0.23268449306488037	lr: 0.00100
train acc: 0.90625	 validation acc: 0.92578
23	550	loss: 0.045110054314136505	lr: 0.00100
train acc: 1.00000	 validation acc: 0.91016
23	600	loss: 0.09585212916135788	lr: 0.00100
train acc: 0.98438	 validation acc: 0.91016
23	650	loss: 0.055111147463321686	lr: 0.00100
train acc: 1.00000	 validation acc: 0.91406
23	700	loss: 0.07014329731464386	lr: 0.00100
train acc: 0.96875	 validation acc: 0.90820
23	750	loss: 0.07362616807222366	lr: 0.00100
train acc: 0.98438	 validation acc: 0.92188
epoch:  23	epoch acc: 0.9067708333333333
24	0	loss: 0.07814855873584747	lr: 0.00100
train acc: 0.96875	 validation acc: 0.91602
24	50	loss: 0.044819943606853485	lr: 0.00100
train acc: 1.00000	 validation acc: 0.90625
24	100	loss: 0.09278427064418793	lr: 0.00100
train acc: 0.96875	 validation acc: 0.91406
24	150	loss: 0.07487849146127701	lr: 0.00100
train acc: 0.96875	 validation acc: 0.91602
24	200	loss: 0.047170013189315796	lr: 0.00100
train acc: 0.98438	 validation acc: 0.91797
24	250	loss: 0.19904494285583496	lr: 0.00100
train acc: 0.93750	 validation acc: 0.92578
24	300	loss: 0.09653519093990326	lr: 0.00100
train acc: 0.98438	 validation acc: 0.92578
24	350	loss: 0.049101345241069794	lr: 0.00100
train acc: 1.00000	 validation acc: 0.92383
24	400	loss: 0.09701672941446304	lr: 0.00100
train acc: 0.96875	 validation acc: 0.91992
24	450	loss: 0.061799973249435425	lr: 0.00100
train acc: 0.98438	 validation acc: 0.92773
24	500	loss: 0.17108526825904846	lr: 0.00100
train acc: 0.93750	 validation acc: 0.92383
24	550	loss: 0.02445494383573532	lr: 0.00100
train acc: 1.00000	 validation acc: 0.91602
24	600	loss: 0.07719513028860092	lr: 0.00100
train acc: 0.98438	 validation acc: 0.91211
24	650	loss: 0.09078814834356308	lr: 0.00100
train acc: 0.96875	 validation acc: 0.91602
24	700	loss: 0.11646648496389389	lr: 0.00100
train acc: 0.96875	 validation acc: 0.91797
24	750	loss: 0.06253554672002792	lr: 0.00100
train acc: 0.98438	 validation acc: 0.92188
epoch:  24	epoch acc: 0.909375
25	0	loss: 0.07236339151859283	lr: 0.00100
train acc: 0.96875	 validation acc: 0.92383
25	50	loss: 0.0401269793510437	lr: 0.00100
train acc: 1.00000	 validation acc: 0.91406
25	100	loss: 0.08017338812351227	lr: 0.00100
train acc: 0.96875	 validation acc: 0.91211
25	150	loss: 0.08395569026470184	lr: 0.00100
train acc: 0.96875	 validation acc: 0.91797
25	200	loss: 0.0937521755695343	lr: 0.00100
train acc: 0.95312	 validation acc: 0.92383
25	250	loss: 0.10657870024442673	lr: 0.00100
train acc: 0.96875	 validation acc: 0.92578
25	300	loss: 0.11171744763851166	lr: 0.00100
train acc: 0.96875	 validation acc: 0.92383
25	350	loss: 0.11063569039106369	lr: 0.00100
train acc: 0.96875	 validation acc: 0.91992
25	400	loss: 0.05528024584054947	lr: 0.00100
train acc: 0.98438	 validation acc: 0.92969
25	450	loss: 0.07748056203126907	lr: 0.00100
train acc: 0.98438	 validation acc: 0.91992
25	500	loss: 0.12548959255218506	lr: 0.00100
train acc: 0.96875	 validation acc: 0.91602
25	550	loss: 0.026801124215126038	lr: 0.00100
train acc: 1.00000	 validation acc: 0.91992
25	600	loss: 0.07169260084629059	lr: 0.00100
train acc: 0.96875	 validation acc: 0.91016
25	650	loss: 0.053062573075294495	lr: 0.00100
train acc: 0.98438	 validation acc: 0.91406
25	700	loss: 0.07779037952423096	lr: 0.00100
train acc: 0.96875	 validation acc: 0.91211
25	750	loss: 0.058031048625707626	lr: 0.00100
train acc: 0.98438	 validation acc: 0.91797
epoch:  25	epoch acc: 0.9061197916666667
26	0	loss: 0.059334661811590195	lr: 0.00100
train acc: 0.98438	 validation acc: 0.92188
26	50	loss: 0.05183407664299011	lr: 0.00100
train acc: 0.98438	 validation acc: 0.91406
26	100	loss: 0.15048691630363464	lr: 0.00100
train acc: 0.93750	 validation acc: 0.91406
26	150	loss: 0.06751558184623718	lr: 0.00100
train acc: 0.96875	 validation acc: 0.91992
26	200	loss: 0.03445606678724289	lr: 0.00100
train acc: 1.00000	 validation acc: 0.91992
26	250	loss: 0.14518070220947266	lr: 0.00100
train acc: 0.92188	 validation acc: 0.92578
26	300	loss: 0.13546256721019745	lr: 0.00100
train acc: 0.96875	 validation acc: 0.91992
26	350	loss: 0.07163115590810776	lr: 0.00100
train acc: 0.95312	 validation acc: 0.92383
26	400	loss: 0.062271855771541595	lr: 0.00100
train acc: 0.98438	 validation acc: 0.91797
26	450	loss: 0.06330370157957077	lr: 0.00100
train acc: 1.00000	 validation acc: 0.91992
26	500	loss: 0.17225030064582825	lr: 0.00100
train acc: 0.96875	 validation acc: 0.92578
26	550	loss: 0.027882114052772522	lr: 0.00100
train acc: 1.00000	 validation acc: 0.91797
26	600	loss: 0.05204924941062927	lr: 0.00100
train acc: 1.00000	 validation acc: 0.92188
26	650	loss: 0.06524534523487091	lr: 0.00100
train acc: 0.96875	 validation acc: 0.90820
26	700	loss: 0.10156068950891495	lr: 0.00100
train acc: 0.96875	 validation acc: 0.91602
26	750	loss: 0.08630888909101486	lr: 0.00100
train acc: 0.96875	 validation acc: 0.92188
epoch:  26	epoch acc: 0.9100260416666667
27	0	loss: 0.04234639182686806	lr: 0.00100
train acc: 0.98438	 validation acc: 0.92383
27	50	loss: 0.03944319486618042	lr: 0.00100
train acc: 1.00000	 validation acc: 0.91016
27	100	loss: 0.08254854381084442	lr: 0.00100
train acc: 0.96875	 validation acc: 0.91406
27	150	loss: 0.055761389434337616	lr: 0.00100
train acc: 0.98438	 validation acc: 0.91602
27	200	loss: 0.05298885330557823	lr: 0.00100
train acc: 0.98438	 validation acc: 0.91406
27	250	loss: 0.10469803959131241	lr: 0.00100
train acc: 0.96875	 validation acc: 0.92188
27	300	loss: 0.12561406195163727	lr: 0.00100
train acc: 0.95312	 validation acc: 0.92188
27	350	loss: 0.04034591466188431	lr: 0.00100
train acc: 1.00000	 validation acc: 0.92773
27	400	loss: 0.03302501142024994	lr: 0.00100
train acc: 1.00000	 validation acc: 0.92773
27	450	loss: 0.0823134109377861	lr: 0.00100
train acc: 0.95312	 validation acc: 0.92188
27	500	loss: 0.10195133090019226	lr: 0.00100
train acc: 0.98438	 validation acc: 0.91992
27	550	loss: 0.03689049184322357	lr: 0.00100
train acc: 0.98438	 validation acc: 0.91406
27	600	loss: 0.07308582961559296	lr: 0.00100
train acc: 0.96875	 validation acc: 0.91406
27	650	loss: 0.07403616607189178	lr: 0.00100
train acc: 0.96875	 validation acc: 0.91211
27	700	loss: 0.06580650061368942	lr: 0.00100
train acc: 0.98438	 validation acc: 0.91016
27	750	loss: 0.09696731716394424	lr: 0.00100
train acc: 0.98438	 validation acc: 0.91406
epoch:  27	epoch acc: 0.90859375
28	0	loss: 0.04302412271499634	lr: 0.00010
train acc: 0.98438	 validation acc: 0.91211
28	50	loss: 0.053115587681531906	lr: 0.00010
train acc: 0.96875	 validation acc: 0.91602
28	100	loss: 0.08413513004779816	lr: 0.00010
train acc: 0.96875	 validation acc: 0.91406
28	150	loss: 0.04684337228536606	lr: 0.00010
train acc: 0.96875	 validation acc: 0.91797
28	200	loss: 0.04188064485788345	lr: 0.00010
train acc: 0.98438	 validation acc: 0.91406
28	250	loss: 0.10845937579870224	lr: 0.00010
train acc: 0.93750	 validation acc: 0.91406
28	300	loss: 0.08989540487527847	lr: 0.00010
train acc: 0.98438	 validation acc: 0.92188
28	350	loss: 0.05296999216079712	lr: 0.00010
train acc: 0.98438	 validation acc: 0.91211
28	400	loss: 0.06685721129179001	lr: 0.00010
train acc: 0.98438	 validation acc: 0.91406
28	450	loss: 0.054744526743888855	lr: 0.00010
train acc: 0.98438	 validation acc: 0.91406
28	500	loss: 0.11200668662786484	lr: 0.00010
train acc: 0.95312	 validation acc: 0.91406
28	550	loss: 0.038781680166721344	lr: 0.00010
train acc: 0.98438	 validation acc: 0.91406
28	600	loss: 0.09808804839849472	lr: 0.00010
train acc: 0.96875	 validation acc: 0.91211
28	650	loss: 0.04031853377819061	lr: 0.00010
train acc: 1.00000	 validation acc: 0.91406
28	700	loss: 0.05484509840607643	lr: 0.00010
train acc: 0.96875	 validation acc: 0.91211
28	750	loss: 0.06326650083065033	lr: 0.00010
train acc: 0.96875	 validation acc: 0.91406
epoch:  28	epoch acc: 0.9095052083333334
29	0	loss: 0.05267437919974327	lr: 0.00010
train acc: 1.00000	 validation acc: 0.91602
29	50	loss: 0.029355507344007492	lr: 0.00010
train acc: 1.00000	 validation acc: 0.91211
29	100	loss: 0.1347634643316269	lr: 0.00010
train acc: 0.95312	 validation acc: 0.91211
29	150	loss: 0.06409747153520584	lr: 0.00010
train acc: 0.96875	 validation acc: 0.91602
29	200	loss: 0.037118099629879	lr: 0.00010
train acc: 0.98438	 validation acc: 0.91797
29	250	loss: 0.09978532046079636	lr: 0.00010
train acc: 0.93750	 validation acc: 0.91797
29	300	loss: 0.056865252554416656	lr: 0.00010
train acc: 0.98438	 validation acc: 0.91797
29	350	loss: 0.042272984981536865	lr: 0.00010
train acc: 1.00000	 validation acc: 0.91211
29	400	loss: 0.039094969630241394	lr: 0.00010
train acc: 1.00000	 validation acc: 0.91406
29	450	loss: 0.04502382129430771	lr: 0.00010
train acc: 1.00000	 validation acc: 0.91406
29	500	loss: 0.12267482280731201	lr: 0.00010
train acc: 0.96875	 validation acc: 0.91406
29	550	loss: 0.024358198046684265	lr: 0.00010
train acc: 1.00000	 validation acc: 0.91211
29	600	loss: 0.056740421801805496	lr: 0.00010
train acc: 0.98438	 validation acc: 0.91602
29	650	loss: 0.06462448090314865	lr: 0.00010
train acc: 0.98438	 validation acc: 0.91406
29	700	loss: 0.06308631598949432	lr: 0.00010
train acc: 0.96875	 validation acc: 0.90820
29	750	loss: 0.054780539125204086	lr: 0.00010
train acc: 0.98438	 validation acc: 0.91406
epoch:  29	epoch acc: 0.909375
30	0	loss: 0.03680279478430748	lr: 0.00010
train acc: 1.00000	 validation acc: 0.91797
30	50	loss: 0.03003305196762085	lr: 0.00010
train acc: 0.98438	 validation acc: 0.91602
30	100	loss: 0.10779432952404022	lr: 0.00010
train acc: 0.96875	 validation acc: 0.91211
30	150	loss: 0.04808846861124039	lr: 0.00010
train acc: 1.00000	 validation acc: 0.91797
30	200	loss: 0.04765316843986511	lr: 0.00010
train acc: 0.98438	 validation acc: 0.91797
30	250	loss: 0.05269135534763336	lr: 0.00010
train acc: 0.98438	 validation acc: 0.91602
30	300	loss: 0.0485689751803875	lr: 0.00010
train acc: 1.00000	 validation acc: 0.91797
30	350	loss: 0.0650787353515625	lr: 0.00010
train acc: 0.96875	 validation acc: 0.91406
30	400	loss: 0.04771006107330322	lr: 0.00010
train acc: 0.98438	 validation acc: 0.91406
30	450	loss: 0.03178424388170242	lr: 0.00010
train acc: 0.98438	 validation acc: 0.91602
30	500	loss: 0.11259712278842926	lr: 0.00010
train acc: 0.96875	 validation acc: 0.91992
30	550	loss: 0.019511111080646515	lr: 0.00010
train acc: 1.00000	 validation acc: 0.91211
30	600	loss: 0.07786346971988678	lr: 0.00010
train acc: 0.95312	 validation acc: 0.91016
30	650	loss: 0.024709783494472504	lr: 0.00010
train acc: 1.00000	 validation acc: 0.91602
30	700	loss: 0.06953179836273193	lr: 0.00010
train acc: 0.96875	 validation acc: 0.90820
30	750	loss: 0.05178353190422058	lr: 0.00010
train acc: 0.98438	 validation acc: 0.91797
epoch:  30	epoch acc: 0.9100260416666667
31	0	loss: 0.04840759560465813	lr: 0.00010
train acc: 1.00000	 validation acc: 0.91602
31	50	loss: 0.04030352085828781	lr: 0.00010
train acc: 0.98438	 validation acc: 0.91406
31	100	loss: 0.09356598556041718	lr: 0.00010
train acc: 0.98438	 validation acc: 0.91211
31	150	loss: 0.07546515762805939	lr: 0.00010
train acc: 0.98438	 validation acc: 0.91797
31	200	loss: 0.013240329921245575	lr: 0.00010
train acc: 1.00000	 validation acc: 0.91797
31	250	loss: 0.06227116286754608	lr: 0.00010
train acc: 0.98438	 validation acc: 0.91602
31	300	loss: 0.07156451046466827	lr: 0.00010
train acc: 0.98438	 validation acc: 0.91797
31	350	loss: 0.10042479634284973	lr: 0.00010
train acc: 0.96875	 validation acc: 0.91211
31	400	loss: 0.026756301522254944	lr: 0.00010
train acc: 1.00000	 validation acc: 0.91406
31	450	loss: 0.029971137642860413	lr: 0.00010
train acc: 1.00000	 validation acc: 0.91406
31	500	loss: 0.05562852323055267	lr: 0.00010
train acc: 0.98438	 validation acc: 0.92188
31	550	loss: 0.02478276938199997	lr: 0.00010
train acc: 1.00000	 validation acc: 0.91602
31	600	loss: 0.03259832412004471	lr: 0.00010
train acc: 1.00000	 validation acc: 0.91406
31	650	loss: 0.029072817414999008	lr: 0.00010
train acc: 1.00000	 validation acc: 0.91602
31	700	loss: 0.06542590260505676	lr: 0.00010
train acc: 0.98438	 validation acc: 0.90820
31	750	loss: 0.06508606672286987	lr: 0.00010
train acc: 0.98438	 validation acc: 0.91602
epoch:  31	epoch acc: 0.91015625
Training time:2695
ILV: {'loss': 0.007814117173349148, 'train': 0.010179432749498674, 'val': 0.008625281271564443}
EFR: {'loss': 0.04589281080334836, 'train': 0.11082290988382842, 'val': 0.045567204589744795}
Accuracy: 0.91015625
