nohup: ignoring input
0	0	loss: 2.5540688037872314	lr: 0.10000
train acc: 0.12500	 validation acc: 0.09766
0	50	loss: 2.6915597915649414	lr: 0.10000
train acc: 0.06250	 validation acc: 0.16406
0	100	loss: 2.1553640365600586	lr: 0.10000
train acc: 0.18750	 validation acc: 0.21484
0	150	loss: 2.1931490898132324	lr: 0.10000
train acc: 0.12500	 validation acc: 0.24023
0	200	loss: 2.2055206298828125	lr: 0.10000
train acc: 0.12500	 validation acc: 0.16602
0	250	loss: 2.131124496459961	lr: 0.10000
train acc: 0.12500	 validation acc: 0.22070
0	300	loss: 1.818291187286377	lr: 0.10000
train acc: 0.31250	 validation acc: 0.25586
0	350	loss: 1.8818128108978271	lr: 0.10000
train acc: 0.37500	 validation acc: 0.25977
0	400	loss: 1.8969272375106812	lr: 0.10000
train acc: 0.31250	 validation acc: 0.25000
0	450	loss: 1.9247076511383057	lr: 0.10000
train acc: 0.18750	 validation acc: 0.25195
0	500	loss: 1.8779971599578857	lr: 0.10000
train acc: 0.31250	 validation acc: 0.27930
0	550	loss: 2.0400564670562744	lr: 0.10000
train acc: 0.25000	 validation acc: 0.27734
0	600	loss: 2.1631860733032227	lr: 0.10000
train acc: 0.06250	 validation acc: 0.28125
0	650	loss: 1.7784104347229004	lr: 0.10000
train acc: 0.37500	 validation acc: 0.26758
0	700	loss: 1.6880823373794556	lr: 0.10000
train acc: 0.50000	 validation acc: 0.32812
0	750	loss: 1.805119514465332	lr: 0.10000
train acc: 0.18750	 validation acc: 0.26953
0	800	loss: 2.2288973331451416	lr: 0.10000
train acc: 0.12500	 validation acc: 0.30859
0	850	loss: 1.8091330528259277	lr: 0.10000
train acc: 0.31250	 validation acc: 0.33984
0	900	loss: 1.8268624544143677	lr: 0.10000
train acc: 0.31250	 validation acc: 0.29688
0	950	loss: 2.1161692142486572	lr: 0.10000
train acc: 0.12500	 validation acc: 0.34961
0	1000	loss: 2.092813491821289	lr: 0.10000
train acc: 0.25000	 validation acc: 0.27734
0	1050	loss: 1.912522315979004	lr: 0.10000
train acc: 0.18750	 validation acc: 0.34180
0	1100	loss: 1.9677451848983765	lr: 0.10000
train acc: 0.37500	 validation acc: 0.32812
0	1150	loss: 1.6176098585128784	lr: 0.10000
train acc: 0.37500	 validation acc: 0.31445
0	1200	loss: 2.0217971801757812	lr: 0.10000
train acc: 0.12500	 validation acc: 0.29883
0	1250	loss: 2.0112736225128174	lr: 0.10000
train acc: 0.25000	 validation acc: 0.37109
0	1300	loss: 2.127772569656372	lr: 0.10000
train acc: 0.18750	 validation acc: 0.39648
0	1350	loss: 1.6000020503997803	lr: 0.10000
train acc: 0.37500	 validation acc: 0.37500
0	1400	loss: 2.019770622253418	lr: 0.10000
train acc: 0.18750	 validation acc: 0.34180
0	1450	loss: 1.9485822916030884	lr: 0.10000
train acc: 0.37500	 validation acc: 0.40234
0	1500	loss: 1.1972124576568604	lr: 0.10000
train acc: 0.62500	 validation acc: 0.32227
0	1550	loss: 1.7278560400009155	lr: 0.10000
train acc: 0.43750	 validation acc: 0.36328
0	1600	loss: 2.0706562995910645	lr: 0.10000
train acc: 0.31250	 validation acc: 0.39844
0	1650	loss: 1.8014943599700928	lr: 0.10000
train acc: 0.37500	 validation acc: 0.36328
0	1700	loss: 1.8538589477539062	lr: 0.10000
train acc: 0.25000	 validation acc: 0.39258
0	1750	loss: 1.6027495861053467	lr: 0.10000
train acc: 0.43750	 validation acc: 0.36328
0	1800	loss: 1.3378970623016357	lr: 0.10000
train acc: 0.37500	 validation acc: 0.36523
0	1850	loss: 1.4097579717636108	lr: 0.10000
train acc: 0.43750	 validation acc: 0.36133
0	1900	loss: 1.5906217098236084	lr: 0.10000
train acc: 0.31250	 validation acc: 0.33789
0	1950	loss: 2.0746476650238037	lr: 0.10000
train acc: 0.31250	 validation acc: 0.34180
0	2000	loss: 1.4113010168075562	lr: 0.10000
train acc: 0.43750	 validation acc: 0.40039
0	2050	loss: 1.8184115886688232	lr: 0.10000
train acc: 0.31250	 validation acc: 0.40625
0	2100	loss: 2.0951414108276367	lr: 0.10000
train acc: 0.25000	 validation acc: 0.42383
0	2150	loss: 1.3505628108978271	lr: 0.10000
train acc: 0.50000	 validation acc: 0.40430
0	2200	loss: 1.67509126663208	lr: 0.10000
train acc: 0.43750	 validation acc: 0.35352
0	2250	loss: 2.156013250350952	lr: 0.10000
train acc: 0.18750	 validation acc: 0.41211
0	2300	loss: 1.9721295833587646	lr: 0.10000
train acc: 0.25000	 validation acc: 0.37891
0	2350	loss: 1.704791784286499	lr: 0.10000
train acc: 0.31250	 validation acc: 0.44141
0	2400	loss: 1.6258505582809448	lr: 0.10000
train acc: 0.43750	 validation acc: 0.40625
0	2450	loss: 1.5043582916259766	lr: 0.10000
train acc: 0.37500	 validation acc: 0.41211
0	2500	loss: 1.6975706815719604	lr: 0.10000
train acc: 0.31250	 validation acc: 0.41992
0	2550	loss: 1.6801655292510986	lr: 0.10000
train acc: 0.37500	 validation acc: 0.40820
0	2600	loss: 1.7941375970840454	lr: 0.10000
train acc: 0.25000	 validation acc: 0.41211
0	2650	loss: 1.6632578372955322	lr: 0.10000
train acc: 0.25000	 validation acc: 0.42578
0	2700	loss: 1.6151409149169922	lr: 0.10000
train acc: 0.25000	 validation acc: 0.45117
0	2750	loss: 1.6675844192504883	lr: 0.10000
train acc: 0.37500	 validation acc: 0.38086
0	2800	loss: 1.9629807472229004	lr: 0.10000
train acc: 0.25000	 validation acc: 0.39258
0	2850	loss: 2.0154953002929688	lr: 0.10000
train acc: 0.31250	 validation acc: 0.42188
0	2900	loss: 1.5973269939422607	lr: 0.10000
train acc: 0.37500	 validation acc: 0.37695
0	2950	loss: 1.7787729501724243	lr: 0.10000
train acc: 0.31250	 validation acc: 0.41602
0	3000	loss: 1.7463405132293701	lr: 0.10000
train acc: 0.43750	 validation acc: 0.38672
0	3050	loss: 1.9467278718948364	lr: 0.10000
train acc: 0.31250	 validation acc: 0.42578
0	3100	loss: 1.5982900857925415	lr: 0.10000
train acc: 0.31250	 validation acc: 0.40234
epoch:   0	epoch acc: 0.4114583333333333
1	0	loss: 1.4180281162261963	lr: 0.10000
train acc: 0.56250	 validation acc: 0.44727
1	50	loss: 1.753080129623413	lr: 0.10000
train acc: 0.18750	 validation acc: 0.42969
1	100	loss: 1.6685785055160522	lr: 0.10000
train acc: 0.31250	 validation acc: 0.32031
1	150	loss: 2.1218204498291016	lr: 0.10000
train acc: 0.37500	 validation acc: 0.39844
1	200	loss: 1.6815896034240723	lr: 0.10000
train acc: 0.43750	 validation acc: 0.42188
1	250	loss: 1.5984171628952026	lr: 0.10000
train acc: 0.43750	 validation acc: 0.43750
1	300	loss: 1.148085355758667	lr: 0.10000
train acc: 0.68750	 validation acc: 0.47461
1	350	loss: 1.1776143312454224	lr: 0.10000
train acc: 0.56250	 validation acc: 0.35938
1	400	loss: 1.4597063064575195	lr: 0.10000
train acc: 0.37500	 validation acc: 0.46289
1	450	loss: 1.5284979343414307	lr: 0.10000
train acc: 0.31250	 validation acc: 0.40625
1	500	loss: 1.6422438621520996	lr: 0.10000
train acc: 0.25000	 validation acc: 0.46875
1	550	loss: 1.8254995346069336	lr: 0.10000
train acc: 0.31250	 validation acc: 0.34961
1	600	loss: 2.4219226837158203	lr: 0.10000
train acc: 0.31250	 validation acc: 0.42383
1	650	loss: 1.4444667100906372	lr: 0.10000
train acc: 0.43750	 validation acc: 0.27930
1	700	loss: 1.3786253929138184	lr: 0.10000
train acc: 0.56250	 validation acc: 0.40234
1	750	loss: 1.737194538116455	lr: 0.10000
train acc: 0.31250	 validation acc: 0.34961
1	800	loss: 1.441002368927002	lr: 0.10000
train acc: 0.50000	 validation acc: 0.40625
1	850	loss: 1.2014089822769165	lr: 0.10000
train acc: 0.50000	 validation acc: 0.46484
1	900	loss: 1.542747139930725	lr: 0.10000
train acc: 0.56250	 validation acc: 0.43750
1	950	loss: 1.7836178541183472	lr: 0.10000
train acc: 0.37500	 validation acc: 0.44727
1	1000	loss: 1.737203598022461	lr: 0.10000
train acc: 0.31250	 validation acc: 0.40430
1	1050	loss: 1.9115684032440186	lr: 0.10000
train acc: 0.25000	 validation acc: 0.41992
1	1100	loss: 1.728750228881836	lr: 0.10000
train acc: 0.50000	 validation acc: 0.40234
1	1150	loss: 1.1955573558807373	lr: 0.10000
train acc: 0.50000	 validation acc: 0.41797
1	1200	loss: 1.6878293752670288	lr: 0.10000
train acc: 0.31250	 validation acc: 0.38477
1	1250	loss: 1.601617455482483	lr: 0.10000
train acc: 0.43750	 validation acc: 0.44922
1	1300	loss: 2.202843427658081	lr: 0.10000
train acc: 0.18750	 validation acc: 0.47266
1	1350	loss: 1.193808674812317	lr: 0.10000
train acc: 0.56250	 validation acc: 0.46484
1	1400	loss: 1.8496617078781128	lr: 0.10000
train acc: 0.25000	 validation acc: 0.43164
1	1450	loss: 1.7660354375839233	lr: 0.10000
train acc: 0.31250	 validation acc: 0.49414
1	1500	loss: 1.0721867084503174	lr: 0.10000
train acc: 0.56250	 validation acc: 0.47852
1	1550	loss: 1.6028127670288086	lr: 0.10000
train acc: 0.37500	 validation acc: 0.37500
1	1600	loss: 1.4926507472991943	lr: 0.10000
train acc: 0.43750	 validation acc: 0.49414
1	1650	loss: 1.0249419212341309	lr: 0.10000
train acc: 0.62500	 validation acc: 0.49414
1	1700	loss: 1.8213255405426025	lr: 0.10000
train acc: 0.18750	 validation acc: 0.47656
1	1750	loss: 1.3640035390853882	lr: 0.10000
train acc: 0.43750	 validation acc: 0.50781
1	1800	loss: 0.9898529052734375	lr: 0.10000
train acc: 0.62500	 validation acc: 0.46094
1	1850	loss: 1.1744385957717896	lr: 0.10000
train acc: 0.56250	 validation acc: 0.46680
1	1900	loss: 1.4731072187423706	lr: 0.10000
train acc: 0.50000	 validation acc: 0.54492
1	1950	loss: 1.7258400917053223	lr: 0.10000
train acc: 0.25000	 validation acc: 0.47070
1	2000	loss: 1.3726553916931152	lr: 0.10000
train acc: 0.50000	 validation acc: 0.45312
1	2050	loss: 1.53425133228302	lr: 0.10000
train acc: 0.56250	 validation acc: 0.48242
1	2100	loss: 1.8586986064910889	lr: 0.10000
train acc: 0.37500	 validation acc: 0.53320
1	2150	loss: 1.077784538269043	lr: 0.10000
train acc: 0.75000	 validation acc: 0.54492
1	2200	loss: 1.2881203889846802	lr: 0.10000
train acc: 0.50000	 validation acc: 0.49609
1	2250	loss: 1.6736314296722412	lr: 0.10000
train acc: 0.37500	 validation acc: 0.45898
1	2300	loss: 1.4274404048919678	lr: 0.10000
train acc: 0.50000	 validation acc: 0.45508
1	2350	loss: 1.1747571229934692	lr: 0.10000
train acc: 0.56250	 validation acc: 0.50000
1	2400	loss: 1.004040241241455	lr: 0.10000
train acc: 0.68750	 validation acc: 0.48242
1	2450	loss: 1.3701180219650269	lr: 0.10000
train acc: 0.50000	 validation acc: 0.50000
1	2500	loss: 1.4482814073562622	lr: 0.10000
train acc: 0.43750	 validation acc: 0.47461
1	2550	loss: 1.5968637466430664	lr: 0.10000
train acc: 0.50000	 validation acc: 0.47656
1	2600	loss: 1.3252946138381958	lr: 0.10000
train acc: 0.50000	 validation acc: 0.45703
1	2650	loss: 1.299199104309082	lr: 0.10000
train acc: 0.50000	 validation acc: 0.49805
1	2700	loss: 1.0716180801391602	lr: 0.10000
train acc: 0.62500	 validation acc: 0.52930
1	2750	loss: 1.218790888786316	lr: 0.10000
train acc: 0.62500	 validation acc: 0.53125
1	2800	loss: 1.5834850072860718	lr: 0.10000
train acc: 0.37500	 validation acc: 0.52734
1	2850	loss: 1.924797534942627	lr: 0.10000
train acc: 0.37500	 validation acc: 0.45703
1	2900	loss: 1.222888469696045	lr: 0.10000
train acc: 0.62500	 validation acc: 0.52930
1	2950	loss: 1.258692741394043	lr: 0.10000
train acc: 0.37500	 validation acc: 0.52539
1	3000	loss: 1.4729115962982178	lr: 0.10000
train acc: 0.31250	 validation acc: 0.46094
1	3050	loss: 1.5479570627212524	lr: 0.10000
train acc: 0.62500	 validation acc: 0.47266
1	3100	loss: 1.1688123941421509	lr: 0.10000
train acc: 0.62500	 validation acc: 0.52734
epoch:   1	epoch acc: 0.540234375
2	0	loss: 0.8349573612213135	lr: 0.10000
train acc: 0.68750	 validation acc: 0.56250
2	50	loss: 1.7125649452209473	lr: 0.10000
train acc: 0.37500	 validation acc: 0.54492
2	100	loss: 1.336793065071106	lr: 0.10000
train acc: 0.62500	 validation acc: 0.46094
2	150	loss: 1.7445943355560303	lr: 0.10000
train acc: 0.37500	 validation acc: 0.57617
2	200	loss: 1.8453279733657837	lr: 0.10000
train acc: 0.43750	 validation acc: 0.50781
2	250	loss: 1.5252293348312378	lr: 0.10000
train acc: 0.43750	 validation acc: 0.57617
2	300	loss: 1.0627360343933105	lr: 0.10000
train acc: 0.62500	 validation acc: 0.57812
2	350	loss: 0.9945408701896667	lr: 0.10000
train acc: 0.50000	 validation acc: 0.46875
2	400	loss: 1.151157021522522	lr: 0.10000
train acc: 0.62500	 validation acc: 0.54297
2	450	loss: 1.3057001829147339	lr: 0.10000
train acc: 0.50000	 validation acc: 0.40820
2	500	loss: 1.5345665216445923	lr: 0.10000
train acc: 0.43750	 validation acc: 0.46875
2	550	loss: 1.6004880666732788	lr: 0.10000
train acc: 0.43750	 validation acc: 0.53711
2	600	loss: 1.7746803760528564	lr: 0.10000
train acc: 0.31250	 validation acc: 0.53320
2	650	loss: 0.8110319972038269	lr: 0.10000
train acc: 0.75000	 validation acc: 0.49805
2	700	loss: 1.2613569498062134	lr: 0.10000
train acc: 0.56250	 validation acc: 0.58203
2	750	loss: 1.6393202543258667	lr: 0.10000
train acc: 0.37500	 validation acc: 0.45703
2	800	loss: 1.4391065835952759	lr: 0.10000
train acc: 0.50000	 validation acc: 0.56055
2	850	loss: 1.0058298110961914	lr: 0.10000
train acc: 0.68750	 validation acc: 0.56445
2	900	loss: 1.247220516204834	lr: 0.10000
train acc: 0.62500	 validation acc: 0.57617
2	950	loss: 1.5437885522842407	lr: 0.10000
train acc: 0.37500	 validation acc: 0.62109
2	1000	loss: 1.6518940925598145	lr: 0.10000
train acc: 0.50000	 validation acc: 0.49219
2	1050	loss: 1.5514873266220093	lr: 0.10000
train acc: 0.37500	 validation acc: 0.48633
2	1100	loss: 1.220710039138794	lr: 0.10000
train acc: 0.50000	 validation acc: 0.53711
2	1150	loss: 1.048173427581787	lr: 0.10000
train acc: 0.56250	 validation acc: 0.52734
2	1200	loss: 1.3714416027069092	lr: 0.10000
train acc: 0.50000	 validation acc: 0.51172
2	1250	loss: 1.3162816762924194	lr: 0.10000
train acc: 0.56250	 validation acc: 0.62109
2	1300	loss: 1.6160366535186768	lr: 0.10000
train acc: 0.43750	 validation acc: 0.57812
2	1350	loss: 1.1054513454437256	lr: 0.10000
train acc: 0.56250	 validation acc: 0.51758
2	1400	loss: 1.7408462762832642	lr: 0.10000
train acc: 0.43750	 validation acc: 0.53711
2	1450	loss: 1.7835986614227295	lr: 0.10000
train acc: 0.50000	 validation acc: 0.54102
2	1500	loss: 0.9495769739151001	lr: 0.10000
train acc: 0.68750	 validation acc: 0.54883
2	1550	loss: 1.290550708770752	lr: 0.10000
train acc: 0.43750	 validation acc: 0.41992
2	1600	loss: 1.4905943870544434	lr: 0.10000
train acc: 0.56250	 validation acc: 0.51562
2	1650	loss: 0.6758228540420532	lr: 0.10000
train acc: 0.87500	 validation acc: 0.57227
2	1700	loss: 1.5063984394073486	lr: 0.10000
train acc: 0.43750	 validation acc: 0.64258
2	1750	loss: 0.8658395409584045	lr: 0.10000
train acc: 0.81250	 validation acc: 0.58203
2	1800	loss: 1.0470863580703735	lr: 0.10000
train acc: 0.50000	 validation acc: 0.62500
2	1850	loss: 1.0074714422225952	lr: 0.10000
train acc: 0.68750	 validation acc: 0.47266
2	1900	loss: 1.302174687385559	lr: 0.10000
train acc: 0.62500	 validation acc: 0.63086
2	1950	loss: 1.3666049242019653	lr: 0.10000
train acc: 0.43750	 validation acc: 0.56641
2	2000	loss: 1.0936620235443115	lr: 0.10000
train acc: 0.56250	 validation acc: 0.53906
2	2050	loss: 0.9831868410110474	lr: 0.10000
train acc: 0.75000	 validation acc: 0.48242
2	2100	loss: 1.6142349243164062	lr: 0.10000
train acc: 0.43750	 validation acc: 0.56445
2	2150	loss: 1.0580271482467651	lr: 0.10000
train acc: 0.62500	 validation acc: 0.58789
2	2200	loss: 1.364520788192749	lr: 0.10000
train acc: 0.50000	 validation acc: 0.58594
2	2250	loss: 1.549970269203186	lr: 0.10000
train acc: 0.37500	 validation acc: 0.53711
2	2300	loss: 0.7221376895904541	lr: 0.10000
train acc: 0.75000	 validation acc: 0.55273
2	2350	loss: 1.2018972635269165	lr: 0.10000
train acc: 0.43750	 validation acc: 0.45312
2	2400	loss: 0.77951979637146	lr: 0.10000
train acc: 0.75000	 validation acc: 0.50781
2	2450	loss: 0.7888681888580322	lr: 0.10000
train acc: 0.68750	 validation acc: 0.53320
2	2500	loss: 1.320682168006897	lr: 0.10000
train acc: 0.50000	 validation acc: 0.55469
2	2550	loss: 1.1999778747558594	lr: 0.10000
train acc: 0.62500	 validation acc: 0.52148
2	2600	loss: 1.164162516593933	lr: 0.10000
train acc: 0.62500	 validation acc: 0.60742
2	2650	loss: 1.293835997581482	lr: 0.10000
train acc: 0.56250	 validation acc: 0.50195
2	2700	loss: 1.0146278142929077	lr: 0.10000
train acc: 0.50000	 validation acc: 0.59375
2	2750	loss: 0.9247775077819824	lr: 0.10000
train acc: 0.68750	 validation acc: 0.62891
2	2800	loss: 1.4817988872528076	lr: 0.10000
train acc: 0.50000	 validation acc: 0.50586
2	2850	loss: 1.5904850959777832	lr: 0.10000
train acc: 0.50000	 validation acc: 0.52344
2	2900	loss: 0.7104019522666931	lr: 0.10000
train acc: 0.81250	 validation acc: 0.62305
2	2950	loss: 0.9462556838989258	lr: 0.10000
train acc: 0.81250	 validation acc: 0.53320
2	3000	loss: 1.4219352006912231	lr: 0.10000
train acc: 0.43750	 validation acc: 0.59180
2	3050	loss: 1.3017171621322632	lr: 0.10000
train acc: 0.68750	 validation acc: 0.53516
2	3100	loss: 1.0774624347686768	lr: 0.10000
train acc: 0.68750	 validation acc: 0.57812
epoch:   2	epoch acc: 0.5571614583333333
3	0	loss: 0.9240096211433411	lr: 0.10000
train acc: 0.62500	 validation acc: 0.58203
3	50	loss: 1.4303081035614014	lr: 0.10000
train acc: 0.50000	 validation acc: 0.47852
3	100	loss: 1.1396430730819702	lr: 0.10000
train acc: 0.68750	 validation acc: 0.48438
3	150	loss: 1.7906968593597412	lr: 0.10000
train acc: 0.37500	 validation acc: 0.52734
3	200	loss: 1.386296033859253	lr: 0.10000
train acc: 0.50000	 validation acc: 0.63867
3	250	loss: 1.2966525554656982	lr: 0.10000
train acc: 0.50000	 validation acc: 0.60742
3	300	loss: 1.2083818912506104	lr: 0.10000
train acc: 0.62500	 validation acc: 0.50586
3	350	loss: 0.6647887229919434	lr: 0.10000
train acc: 0.75000	 validation acc: 0.53320
3	400	loss: 1.2768988609313965	lr: 0.10000
train acc: 0.50000	 validation acc: 0.59570
3	450	loss: 0.9112522006034851	lr: 0.10000
train acc: 0.62500	 validation acc: 0.54102
3	500	loss: 1.1917362213134766	lr: 0.10000
train acc: 0.62500	 validation acc: 0.58984
3	550	loss: 1.6915806531906128	lr: 0.10000
train acc: 0.31250	 validation acc: 0.47461
3	600	loss: 1.6400117874145508	lr: 0.10000
train acc: 0.56250	 validation acc: 0.60547
3	650	loss: 0.86261385679245	lr: 0.10000
train acc: 0.62500	 validation acc: 0.63086
3	700	loss: 0.9814232587814331	lr: 0.10000
train acc: 0.68750	 validation acc: 0.59375
3	750	loss: 1.464233636856079	lr: 0.10000
train acc: 0.50000	 validation acc: 0.57031
3	800	loss: 1.3242864608764648	lr: 0.10000
train acc: 0.62500	 validation acc: 0.65820
3	850	loss: 1.0580066442489624	lr: 0.10000
train acc: 0.43750	 validation acc: 0.63477
3	900	loss: 1.165230393409729	lr: 0.10000
train acc: 0.68750	 validation acc: 0.61133
3	950	loss: 1.421498417854309	lr: 0.10000
train acc: 0.43750	 validation acc: 0.61914
3	1000	loss: 1.1215976476669312	lr: 0.10000
train acc: 0.62500	 validation acc: 0.60547
3	1050	loss: 1.5398229360580444	lr: 0.10000
train acc: 0.37500	 validation acc: 0.53516
3	1100	loss: 1.0429589748382568	lr: 0.10000
train acc: 0.56250	 validation acc: 0.50000
3	1150	loss: 1.1481770277023315	lr: 0.10000
train acc: 0.62500	 validation acc: 0.54688
3	1200	loss: 1.0477325916290283	lr: 0.10000
train acc: 0.62500	 validation acc: 0.55859
3	1250	loss: 1.1665492057800293	lr: 0.10000
train acc: 0.62500	 validation acc: 0.61719
3	1300	loss: 1.6500205993652344	lr: 0.10000
train acc: 0.56250	 validation acc: 0.61133
3	1350	loss: 0.9486833810806274	lr: 0.10000
train acc: 0.68750	 validation acc: 0.57031
3	1400	loss: 1.6016887426376343	lr: 0.10000
train acc: 0.31250	 validation acc: 0.47852
3	1450	loss: 1.5999598503112793	lr: 0.10000
train acc: 0.62500	 validation acc: 0.58789
3	1500	loss: 0.9668342471122742	lr: 0.10000
train acc: 0.62500	 validation acc: 0.61719
3	1550	loss: 1.0622282028198242	lr: 0.10000
train acc: 0.75000	 validation acc: 0.48047
3	1600	loss: 1.314915657043457	lr: 0.10000
train acc: 0.56250	 validation acc: 0.60547
3	1650	loss: 0.6095419526100159	lr: 0.10000
train acc: 0.87500	 validation acc: 0.59570
3	1700	loss: 1.2914516925811768	lr: 0.10000
train acc: 0.56250	 validation acc: 0.58398
3	1750	loss: 1.1536564826965332	lr: 0.10000
train acc: 0.50000	 validation acc: 0.58203
3	1800	loss: 0.5615094304084778	lr: 0.10000
train acc: 0.87500	 validation acc: 0.58008
3	1850	loss: 0.8784472942352295	lr: 0.10000
train acc: 0.56250	 validation acc: 0.56055
3	1900	loss: 1.2202274799346924	lr: 0.10000
train acc: 0.68750	 validation acc: 0.64648
3	1950	loss: 1.1097849607467651	lr: 0.10000
train acc: 0.56250	 validation acc: 0.61914
3	2000	loss: 1.1438846588134766	lr: 0.10000
train acc: 0.56250	 validation acc: 0.59180
3	2050	loss: 1.1660394668579102	lr: 0.10000
train acc: 0.56250	 validation acc: 0.60742
3	2100	loss: 1.6912691593170166	lr: 0.10000
train acc: 0.31250	 validation acc: 0.50781
3	2150	loss: 1.0244392156600952	lr: 0.10000
train acc: 0.68750	 validation acc: 0.61523
3	2200	loss: 1.4289417266845703	lr: 0.10000
train acc: 0.50000	 validation acc: 0.59375
3	2250	loss: 1.7932195663452148	lr: 0.10000
train acc: 0.43750	 validation acc: 0.57227
3	2300	loss: 1.0574092864990234	lr: 0.10000
train acc: 0.56250	 validation acc: 0.59375
3	2350	loss: 0.9724469184875488	lr: 0.10000
train acc: 0.56250	 validation acc: 0.57812
3	2400	loss: 0.8322542905807495	lr: 0.10000
train acc: 0.81250	 validation acc: 0.55859
3	2450	loss: 0.5715271234512329	lr: 0.10000
train acc: 0.81250	 validation acc: 0.45508
3	2500	loss: 0.9888585805892944	lr: 0.10000
train acc: 0.56250	 validation acc: 0.58594
3	2550	loss: 0.8467618227005005	lr: 0.10000
train acc: 0.93750	 validation acc: 0.60352
3	2600	loss: 1.0987797975540161	lr: 0.10000
train acc: 0.56250	 validation acc: 0.61328
3	2650	loss: 0.8727192878723145	lr: 0.10000
train acc: 0.68750	 validation acc: 0.64258
3	2700	loss: 0.8035996556282043	lr: 0.10000
train acc: 0.68750	 validation acc: 0.63867
3	2750	loss: 0.844434380531311	lr: 0.10000
train acc: 0.81250	 validation acc: 0.55469
3	2800	loss: 1.284163236618042	lr: 0.10000
train acc: 0.56250	 validation acc: 0.59375
3	2850	loss: 1.7285027503967285	lr: 0.10000
train acc: 0.43750	 validation acc: 0.47656
3	2900	loss: 0.7562543153762817	lr: 0.10000
train acc: 0.75000	 validation acc: 0.57031
3	2950	loss: 0.8651362657546997	lr: 0.10000
train acc: 0.81250	 validation acc: 0.61133
3	3000	loss: 1.365584135055542	lr: 0.10000
train acc: 0.50000	 validation acc: 0.50195
3	3050	loss: 1.1970285177230835	lr: 0.10000
train acc: 0.68750	 validation acc: 0.50977
3	3100	loss: 1.2031631469726562	lr: 0.10000
train acc: 0.56250	 validation acc: 0.62109
epoch:   3	epoch acc: 0.6342447916666667
4	0	loss: 0.8670183420181274	lr: 0.10000
train acc: 0.81250	 validation acc: 0.66016
4	50	loss: 1.4039239883422852	lr: 0.10000
train acc: 0.50000	 validation acc: 0.53906
4	100	loss: 0.8452373743057251	lr: 0.10000
train acc: 0.81250	 validation acc: 0.61133
4	150	loss: 1.6566810607910156	lr: 0.10000
train acc: 0.37500	 validation acc: 0.62695
4	200	loss: 1.5581122636795044	lr: 0.10000
train acc: 0.50000	 validation acc: 0.62695
4	250	loss: 1.3443396091461182	lr: 0.10000
train acc: 0.62500	 validation acc: 0.61133
4	300	loss: 1.2357707023620605	lr: 0.10000
train acc: 0.62500	 validation acc: 0.63477
4	350	loss: 0.5642061829566956	lr: 0.10000
train acc: 0.81250	 validation acc: 0.50586
4	400	loss: 1.2226022481918335	lr: 0.10000
train acc: 0.56250	 validation acc: 0.56250
4	450	loss: 1.003359317779541	lr: 0.10000
train acc: 0.62500	 validation acc: 0.53320
4	500	loss: 1.6086798906326294	lr: 0.10000
train acc: 0.37500	 validation acc: 0.62305
4	550	loss: 1.4688658714294434	lr: 0.10000
train acc: 0.56250	 validation acc: 0.65234
4	600	loss: 1.5323195457458496	lr: 0.10000
train acc: 0.50000	 validation acc: 0.62109
4	650	loss: 0.7911592721939087	lr: 0.10000
train acc: 0.87500	 validation acc: 0.58203
4	700	loss: 1.133981466293335	lr: 0.10000
train acc: 0.56250	 validation acc: 0.60156
4	750	loss: 1.67571222782135	lr: 0.10000
train acc: 0.43750	 validation acc: 0.64844
4	800	loss: 1.2727954387664795	lr: 0.10000
train acc: 0.50000	 validation acc: 0.61914
4	850	loss: 1.1621496677398682	lr: 0.10000
train acc: 0.56250	 validation acc: 0.56055
4	900	loss: 0.9742763042449951	lr: 0.10000
train acc: 0.75000	 validation acc: 0.57812
4	950	loss: 1.2298535108566284	lr: 0.10000
train acc: 0.56250	 validation acc: 0.56641
4	1000	loss: 1.2511062622070312	lr: 0.10000
train acc: 0.56250	 validation acc: 0.59961
4	1050	loss: 1.4718005657196045	lr: 0.10000
train acc: 0.50000	 validation acc: 0.62305
4	1100	loss: 1.0400381088256836	lr: 0.10000
train acc: 0.50000	 validation acc: 0.53320
4	1150	loss: 0.8050110340118408	lr: 0.10000
train acc: 0.75000	 validation acc: 0.54883
4	1200	loss: 1.2767740488052368	lr: 0.10000
train acc: 0.37500	 validation acc: 0.53320
4	1250	loss: 0.9057037830352783	lr: 0.10000
train acc: 0.62500	 validation acc: 0.61328
4	1300	loss: 1.5108414888381958	lr: 0.10000
train acc: 0.43750	 validation acc: 0.60938
4	1350	loss: 1.0764317512512207	lr: 0.10000
train acc: 0.56250	 validation acc: 0.58594
4	1400	loss: 1.8012714385986328	lr: 0.10000
train acc: 0.31250	 validation acc: 0.61914
4	1450	loss: 1.2171671390533447	lr: 0.10000
train acc: 0.68750	 validation acc: 0.61719
4	1500	loss: 0.8413717150688171	lr: 0.10000
train acc: 0.81250	 validation acc: 0.65039
4	1550	loss: 0.9561008810997009	lr: 0.10000
train acc: 0.56250	 validation acc: 0.53320
4	1600	loss: 1.264613151550293	lr: 0.10000
train acc: 0.56250	 validation acc: 0.54883
4	1650	loss: 0.5246700048446655	lr: 0.10000
train acc: 0.81250	 validation acc: 0.58789
4	1700	loss: 1.1884137392044067	lr: 0.10000
train acc: 0.56250	 validation acc: 0.60938
4	1750	loss: 1.0038408041000366	lr: 0.10000
train acc: 0.56250	 validation acc: 0.61523
4	1800	loss: 0.8695564866065979	lr: 0.10000
train acc: 0.62500	 validation acc: 0.61133
4	1850	loss: 1.03933584690094	lr: 0.10000
train acc: 0.62500	 validation acc: 0.54492
4	1900	loss: 1.4401500225067139	lr: 0.10000
train acc: 0.56250	 validation acc: 0.68945
4	1950	loss: 1.3303534984588623	lr: 0.10000
train acc: 0.75000	 validation acc: 0.59375
4	2000	loss: 0.9829049110412598	lr: 0.10000
train acc: 0.62500	 validation acc: 0.52734
4	2050	loss: 1.1837661266326904	lr: 0.10000
train acc: 0.62500	 validation acc: 0.58398
4	2100	loss: 1.4829949140548706	lr: 0.10000
train acc: 0.43750	 validation acc: 0.61914
4	2150	loss: 0.9289941191673279	lr: 0.10000
train acc: 0.75000	 validation acc: 0.60742
4	2200	loss: 1.2382029294967651	lr: 0.10000
train acc: 0.56250	 validation acc: 0.65039
4	2250	loss: 1.4086439609527588	lr: 0.10000
train acc: 0.62500	 validation acc: 0.63477
4	2300	loss: 0.9480392336845398	lr: 0.10000
train acc: 0.68750	 validation acc: 0.62891
4	2350	loss: 1.1017699241638184	lr: 0.10000
train acc: 0.50000	 validation acc: 0.63281
4	2400	loss: 0.914316713809967	lr: 0.10000
train acc: 0.62500	 validation acc: 0.64258
4	2450	loss: 0.6820451021194458	lr: 0.10000
train acc: 0.68750	 validation acc: 0.63086
4	2500	loss: 1.016013264656067	lr: 0.10000
train acc: 0.68750	 validation acc: 0.48828
4	2550	loss: 1.048316478729248	lr: 0.10000
train acc: 0.75000	 validation acc: 0.59375
4	2600	loss: 0.9626506567001343	lr: 0.10000
train acc: 0.56250	 validation acc: 0.54492
4	2650	loss: 1.104293704032898	lr: 0.10000
train acc: 0.68750	 validation acc: 0.62500
4	2700	loss: 1.0203220844268799	lr: 0.10000
train acc: 0.56250	 validation acc: 0.62109
4	2750	loss: 0.922582745552063	lr: 0.10000
train acc: 0.75000	 validation acc: 0.61719
4	2800	loss: 1.1316633224487305	lr: 0.10000
train acc: 0.62500	 validation acc: 0.59180
4	2850	loss: 2.0249598026275635	lr: 0.10000
train acc: 0.43750	 validation acc: 0.43359
4	2900	loss: 0.5729418992996216	lr: 0.10000
train acc: 0.87500	 validation acc: 0.59180
4	2950	loss: 0.8765459060668945	lr: 0.10000
train acc: 0.75000	 validation acc: 0.61523
4	3000	loss: 1.107438325881958	lr: 0.10000
train acc: 0.56250	 validation acc: 0.68945
4	3050	loss: 1.5000967979431152	lr: 0.10000
train acc: 0.62500	 validation acc: 0.60742
4	3100	loss: 1.1323423385620117	lr: 0.10000
train acc: 0.62500	 validation acc: 0.63477
epoch:   4	epoch acc: 0.5717447916666667
5	0	loss: 0.9573096036911011	lr: 0.10000
train acc: 0.56250	 validation acc: 0.59570
5	50	loss: 1.3154326677322388	lr: 0.10000
train acc: 0.43750	 validation acc: 0.59570
5	100	loss: 1.3003787994384766	lr: 0.10000
train acc: 0.56250	 validation acc: 0.47852
5	150	loss: 1.1830971240997314	lr: 0.10000
train acc: 0.50000	 validation acc: 0.67188
5	200	loss: 1.704390287399292	lr: 0.10000
train acc: 0.43750	 validation acc: 0.55078
5	250	loss: 1.2823609113693237	lr: 0.10000
train acc: 0.56250	 validation acc: 0.63867
5	300	loss: 1.1597440242767334	lr: 0.10000
train acc: 0.56250	 validation acc: 0.63867
5	350	loss: 0.6775639653205872	lr: 0.10000
train acc: 0.81250	 validation acc: 0.57422
5	400	loss: 1.0603249073028564	lr: 0.10000
train acc: 0.68750	 validation acc: 0.63281
5	450	loss: 1.0749248266220093	lr: 0.10000
train acc: 0.62500	 validation acc: 0.62305
5	500	loss: 1.4240015745162964	lr: 0.10000
train acc: 0.50000	 validation acc: 0.61328
5	550	loss: 1.6004974842071533	lr: 0.10000
train acc: 0.43750	 validation acc: 0.59570
5	600	loss: 1.8887537717819214	lr: 0.10000
train acc: 0.50000	 validation acc: 0.62109
5	650	loss: 1.007421851158142	lr: 0.10000
train acc: 0.62500	 validation acc: 0.65039
5	700	loss: 1.0036838054656982	lr: 0.10000
train acc: 0.68750	 validation acc: 0.55664
5	750	loss: 1.4628511667251587	lr: 0.10000
train acc: 0.43750	 validation acc: 0.65820
5	800	loss: 0.9052174091339111	lr: 0.10000
train acc: 0.68750	 validation acc: 0.57031
5	850	loss: 1.0183132886886597	lr: 0.10000
train acc: 0.56250	 validation acc: 0.68750
5	900	loss: 1.0587414503097534	lr: 0.10000
train acc: 0.56250	 validation acc: 0.65039
5	950	loss: 1.2180119752883911	lr: 0.10000
train acc: 0.50000	 validation acc: 0.51172
5	1000	loss: 1.2203477621078491	lr: 0.10000
train acc: 0.56250	 validation acc: 0.59961
5	1050	loss: 1.552128553390503	lr: 0.10000
train acc: 0.50000	 validation acc: 0.62109
5	1100	loss: 0.8408687710762024	lr: 0.10000
train acc: 0.62500	 validation acc: 0.52539
5	1150	loss: 0.7864470481872559	lr: 0.10000
train acc: 0.68750	 validation acc: 0.47461
5	1200	loss: 0.8787684440612793	lr: 0.10000
train acc: 0.62500	 validation acc: 0.60742
5	1250	loss: 1.2856818437576294	lr: 0.10000
train acc: 0.50000	 validation acc: 0.60352
5	1300	loss: 1.382306694984436	lr: 0.10000
train acc: 0.43750	 validation acc: 0.60547
5	1350	loss: 0.8971884250640869	lr: 0.10000
train acc: 0.62500	 validation acc: 0.58398
5	1400	loss: 1.5979626178741455	lr: 0.10000
train acc: 0.43750	 validation acc: 0.63867
5	1450	loss: 1.3494430780410767	lr: 0.10000
train acc: 0.56250	 validation acc: 0.59180
5	1500	loss: 0.851811945438385	lr: 0.10000
train acc: 0.68750	 validation acc: 0.65234
5	1550	loss: 1.03265380859375	lr: 0.10000
train acc: 0.56250	 validation acc: 0.50391
5	1600	loss: 1.508226752281189	lr: 0.10000
train acc: 0.43750	 validation acc: 0.45117
5	1650	loss: 0.6301279067993164	lr: 0.10000
train acc: 0.75000	 validation acc: 0.63867
5	1700	loss: 1.1729947328567505	lr: 0.10000
train acc: 0.56250	 validation acc: 0.62305
5	1750	loss: 0.7899870276451111	lr: 0.10000
train acc: 0.68750	 validation acc: 0.65820
5	1800	loss: 0.619499921798706	lr: 0.10000
train acc: 0.75000	 validation acc: 0.61328
5	1850	loss: 0.7857308387756348	lr: 0.10000
train acc: 0.75000	 validation acc: 0.59570
5	1900	loss: 1.2018859386444092	lr: 0.10000
train acc: 0.68750	 validation acc: 0.67969
5	1950	loss: 1.1557472944259644	lr: 0.10000
train acc: 0.68750	 validation acc: 0.60938
5	2000	loss: 1.008312463760376	lr: 0.10000
train acc: 0.50000	 validation acc: 0.56250
5	2050	loss: 1.0376464128494263	lr: 0.10000
train acc: 0.62500	 validation acc: 0.59766
5	2100	loss: 1.4123371839523315	lr: 0.10000
train acc: 0.43750	 validation acc: 0.55078
5	2150	loss: 1.092340350151062	lr: 0.10000
train acc: 0.75000	 validation acc: 0.59766
5	2200	loss: 0.9762905240058899	lr: 0.10000
train acc: 0.50000	 validation acc: 0.63672
5	2250	loss: 1.5353515148162842	lr: 0.10000
train acc: 0.31250	 validation acc: 0.60742
5	2300	loss: 1.0134522914886475	lr: 0.10000
train acc: 0.62500	 validation acc: 0.59570
5	2350	loss: 1.0509010553359985	lr: 0.10000
train acc: 0.68750	 validation acc: 0.54492
5	2400	loss: 1.2039799690246582	lr: 0.10000
train acc: 0.62500	 validation acc: 0.53320
5	2450	loss: 0.4564601480960846	lr: 0.10000
train acc: 0.87500	 validation acc: 0.69336
5	2500	loss: 0.9624260067939758	lr: 0.10000
train acc: 0.68750	 validation acc: 0.54102
5	2550	loss: 0.933997392654419	lr: 0.10000
train acc: 0.81250	 validation acc: 0.53906
5	2600	loss: 0.8365586400032043	lr: 0.10000
train acc: 0.75000	 validation acc: 0.58594
5	2650	loss: 0.8518979549407959	lr: 0.10000
train acc: 0.75000	 validation acc: 0.62109
5	2700	loss: 0.7770594954490662	lr: 0.10000
train acc: 0.68750	 validation acc: 0.59766
5	2750	loss: 1.0083634853363037	lr: 0.10000
train acc: 0.50000	 validation acc: 0.62305
5	2800	loss: 1.2636330127716064	lr: 0.10000
train acc: 0.68750	 validation acc: 0.59961
5	2850	loss: 1.2260017395019531	lr: 0.10000
train acc: 0.50000	 validation acc: 0.60547
5	2900	loss: 0.7486616373062134	lr: 0.10000
train acc: 0.75000	 validation acc: 0.62500
5	2950	loss: 1.3110332489013672	lr: 0.10000
train acc: 0.81250	 validation acc: 0.51367
5	3000	loss: 1.1992135047912598	lr: 0.10000
train acc: 0.62500	 validation acc: 0.57031
5	3050	loss: 1.2888538837432861	lr: 0.10000
train acc: 0.56250	 validation acc: 0.59961
5	3100	loss: 1.144388198852539	lr: 0.10000
train acc: 0.62500	 validation acc: 0.62891
epoch:   5	epoch acc: 0.6009114583333334
6	0	loss: 0.8144477605819702	lr: 0.10000
train acc: 0.68750	 validation acc: 0.61914
6	50	loss: 1.5989408493041992	lr: 0.10000
train acc: 0.56250	 validation acc: 0.63086
6	100	loss: 1.3341412544250488	lr: 0.10000
train acc: 0.50000	 validation acc: 0.45508
6	150	loss: 1.7227221727371216	lr: 0.10000
train acc: 0.37500	 validation acc: 0.65039
6	200	loss: 1.3817698955535889	lr: 0.10000
train acc: 0.43750	 validation acc: 0.61719
6	250	loss: 1.1460602283477783	lr: 0.10000
train acc: 0.62500	 validation acc: 0.59961
6	300	loss: 1.1473007202148438	lr: 0.10000
train acc: 0.62500	 validation acc: 0.66016
6	350	loss: 0.7508499622344971	lr: 0.10000
train acc: 0.75000	 validation acc: 0.61328
6	400	loss: 1.1326014995574951	lr: 0.10000
train acc: 0.56250	 validation acc: 0.55469
6	450	loss: 0.8746124505996704	lr: 0.10000
train acc: 0.62500	 validation acc: 0.58789
6	500	loss: 0.8704225420951843	lr: 0.10000
train acc: 0.62500	 validation acc: 0.60938
6	550	loss: 1.4745371341705322	lr: 0.10000
train acc: 0.50000	 validation acc: 0.66797
6	600	loss: 1.572190761566162	lr: 0.10000
train acc: 0.50000	 validation acc: 0.56250
6	650	loss: 1.0010793209075928	lr: 0.10000
train acc: 0.56250	 validation acc: 0.67188
6	700	loss: 1.3492337465286255	lr: 0.10000
train acc: 0.62500	 validation acc: 0.57617
6	750	loss: 1.2884595394134521	lr: 0.10000
train acc: 0.56250	 validation acc: 0.60742
6	800	loss: 1.284584879875183	lr: 0.10000
train acc: 0.68750	 validation acc: 0.63086
6	850	loss: 0.8781748414039612	lr: 0.10000
train acc: 0.68750	 validation acc: 0.68945
6	900	loss: 0.9432200789451599	lr: 0.10000
train acc: 0.68750	 validation acc: 0.68750
6	950	loss: 1.4738850593566895	lr: 0.10000
train acc: 0.43750	 validation acc: 0.61523
6	1000	loss: 1.2540327310562134	lr: 0.10000
train acc: 0.62500	 validation acc: 0.62305
6	1050	loss: 1.6039172410964966	lr: 0.10000
train acc: 0.50000	 validation acc: 0.61719
6	1100	loss: 0.9246858358383179	lr: 0.10000
train acc: 0.62500	 validation acc: 0.54297
6	1150	loss: 0.7384958863258362	lr: 0.10000
train acc: 0.75000	 validation acc: 0.52344
6	1200	loss: 0.8653399348258972	lr: 0.10000
train acc: 0.56250	 validation acc: 0.62695
6	1250	loss: 0.8715385794639587	lr: 0.10000
train acc: 0.81250	 validation acc: 0.58203
6	1300	loss: 1.2940313816070557	lr: 0.10000
train acc: 0.62500	 validation acc: 0.56055
6	1350	loss: 0.7897918224334717	lr: 0.10000
train acc: 0.62500	 validation acc: 0.50781
6	1400	loss: 1.693864345550537	lr: 0.10000
train acc: 0.50000	 validation acc: 0.51562
6	1450	loss: 1.481285810470581	lr: 0.10000
train acc: 0.56250	 validation acc: 0.60742
6	1500	loss: 0.8819236159324646	lr: 0.10000
train acc: 0.56250	 validation acc: 0.63672
6	1550	loss: 0.8221248388290405	lr: 0.10000
train acc: 0.56250	 validation acc: 0.58203
6	1600	loss: 1.1249661445617676	lr: 0.10000
train acc: 0.81250	 validation acc: 0.60352
6	1650	loss: 0.8315486907958984	lr: 0.10000
train acc: 0.75000	 validation acc: 0.63281
6	1700	loss: 1.519060730934143	lr: 0.10000
train acc: 0.50000	 validation acc: 0.63867
6	1750	loss: 0.9199840426445007	lr: 0.10000
train acc: 0.68750	 validation acc: 0.50977
6	1800	loss: 0.7879688739776611	lr: 0.10000
train acc: 0.75000	 validation acc: 0.47656
6	1850	loss: 0.8389557003974915	lr: 0.10000
train acc: 0.75000	 validation acc: 0.62305
6	1900	loss: 1.0798922777175903	lr: 0.10000
train acc: 0.75000	 validation acc: 0.69141
6	1950	loss: 1.062103271484375	lr: 0.10000
train acc: 0.68750	 validation acc: 0.66797
6	2000	loss: 1.109610676765442	lr: 0.10000
train acc: 0.56250	 validation acc: 0.55469
6	2050	loss: 0.7961375713348389	lr: 0.10000
train acc: 0.75000	 validation acc: 0.59961
6	2100	loss: 1.309643030166626	lr: 0.10000
train acc: 0.37500	 validation acc: 0.59961
6	2150	loss: 1.2379629611968994	lr: 0.10000
train acc: 0.75000	 validation acc: 0.64453
6	2200	loss: 1.057092547416687	lr: 0.10000
train acc: 0.62500	 validation acc: 0.57617
6	2250	loss: 1.9416232109069824	lr: 0.10000
train acc: 0.37500	 validation acc: 0.57031
6	2300	loss: 0.8184711337089539	lr: 0.10000
train acc: 0.62500	 validation acc: 0.60156
6	2350	loss: 0.7583920955657959	lr: 0.10000
train acc: 0.75000	 validation acc: 0.58008
6	2400	loss: 1.1174871921539307	lr: 0.10000
train acc: 0.68750	 validation acc: 0.60156
6	2450	loss: 0.49281570315361023	lr: 0.10000
train acc: 0.81250	 validation acc: 0.62891
6	2500	loss: 1.3039623498916626	lr: 0.10000
train acc: 0.56250	 validation acc: 0.53711
6	2550	loss: 0.7903576493263245	lr: 0.10000
train acc: 0.87500	 validation acc: 0.63086
6	2600	loss: 0.9362133741378784	lr: 0.10000
train acc: 0.81250	 validation acc: 0.60938
6	2650	loss: 0.9479723572731018	lr: 0.10000
train acc: 0.62500	 validation acc: 0.62305
6	2700	loss: 0.6253867149353027	lr: 0.10000
train acc: 0.87500	 validation acc: 0.64258
6	2750	loss: 0.8920362591743469	lr: 0.10000
train acc: 0.68750	 validation acc: 0.52734
6	2800	loss: 1.319534182548523	lr: 0.10000
train acc: 0.62500	 validation acc: 0.61523
6	2850	loss: 1.3441390991210938	lr: 0.10000
train acc: 0.37500	 validation acc: 0.58008
6	2900	loss: 0.728474497795105	lr: 0.10000
train acc: 0.81250	 validation acc: 0.63477
6	2950	loss: 0.94044029712677	lr: 0.10000
train acc: 0.56250	 validation acc: 0.64258
6	3000	loss: 1.3043560981750488	lr: 0.10000
train acc: 0.43750	 validation acc: 0.58203
6	3050	loss: 1.2064759731292725	lr: 0.10000
train acc: 0.62500	 validation acc: 0.52734
6	3100	loss: 0.8560203313827515	lr: 0.10000
train acc: 0.68750	 validation acc: 0.61719
epoch:   6	epoch acc: 0.6055989583333333
7	0	loss: 1.0863035917282104	lr: 0.10000
train acc: 0.62500	 validation acc: 0.62695
7	50	loss: 1.456743597984314	lr: 0.10000
train acc: 0.50000	 validation acc: 0.51953
7	100	loss: 0.6818522214889526	lr: 0.10000
train acc: 0.75000	 validation acc: 0.62109
7	150	loss: 1.4579064846038818	lr: 0.10000
train acc: 0.37500	 validation acc: 0.62109
7	200	loss: 1.9061567783355713	lr: 0.10000
train acc: 0.31250	 validation acc: 0.50195
7	250	loss: 1.3000011444091797	lr: 0.10000
train acc: 0.56250	 validation acc: 0.55469
7	300	loss: 1.186255931854248	lr: 0.10000
train acc: 0.62500	 validation acc: 0.57617
7	350	loss: 0.6666830778121948	lr: 0.10000
train acc: 0.75000	 validation acc: 0.58398
7	400	loss: 1.2397215366363525	lr: 0.10000
train acc: 0.56250	 validation acc: 0.61133
7	450	loss: 0.8910434246063232	lr: 0.10000
train acc: 0.56250	 validation acc: 0.49609
7	500	loss: 1.1581788063049316	lr: 0.10000
train acc: 0.50000	 validation acc: 0.63672
7	550	loss: 1.6327368021011353	lr: 0.10000
train acc: 0.50000	 validation acc: 0.64258
7	600	loss: 1.88491690158844	lr: 0.10000
train acc: 0.56250	 validation acc: 0.61133
7	650	loss: 0.9319605231285095	lr: 0.10000
train acc: 0.56250	 validation acc: 0.64453
7	700	loss: 0.9356929063796997	lr: 0.10000
train acc: 0.62500	 validation acc: 0.60742
7	750	loss: 1.3037407398223877	lr: 0.10000
train acc: 0.43750	 validation acc: 0.62305
7	800	loss: 0.980422854423523	lr: 0.10000
train acc: 0.75000	 validation acc: 0.58789
7	850	loss: 0.7708358764648438	lr: 0.10000
train acc: 0.68750	 validation acc: 0.62695
7	900	loss: 0.9942834973335266	lr: 0.10000
train acc: 0.68750	 validation acc: 0.60547
7	950	loss: 1.3097370862960815	lr: 0.10000
train acc: 0.62500	 validation acc: 0.64258
7	1000	loss: 1.3458830118179321	lr: 0.10000
train acc: 0.43750	 validation acc: 0.62305
7	1050	loss: 1.694489598274231	lr: 0.10000
train acc: 0.43750	 validation acc: 0.60547
7	1100	loss: 0.7610777020454407	lr: 0.10000
train acc: 0.81250	 validation acc: 0.60938
7	1150	loss: 0.8584543466567993	lr: 0.10000
train acc: 0.81250	 validation acc: 0.53125
7	1200	loss: 1.0980079174041748	lr: 0.10000
train acc: 0.56250	 validation acc: 0.61914
7	1250	loss: 1.0039594173431396	lr: 0.10000
train acc: 0.62500	 validation acc: 0.56445
7	1300	loss: 1.793969750404358	lr: 0.10000
train acc: 0.43750	 validation acc: 0.56055
7	1350	loss: 0.5556094646453857	lr: 0.10000
train acc: 0.81250	 validation acc: 0.54688
7	1400	loss: 1.6624650955200195	lr: 0.10000
train acc: 0.43750	 validation acc: 0.60742
7	1450	loss: 1.493955135345459	lr: 0.10000
train acc: 0.50000	 validation acc: 0.66016
7	1500	loss: 0.9642690420150757	lr: 0.10000
train acc: 0.62500	 validation acc: 0.60938
7	1550	loss: 1.0426018238067627	lr: 0.10000
train acc: 0.75000	 validation acc: 0.62109
7	1600	loss: 1.336956262588501	lr: 0.10000
train acc: 0.50000	 validation acc: 0.60547
7	1650	loss: 0.5172252655029297	lr: 0.10000
train acc: 0.68750	 validation acc: 0.60938
7	1700	loss: 1.151045322418213	lr: 0.10000
train acc: 0.68750	 validation acc: 0.59961
7	1750	loss: 0.6653088331222534	lr: 0.10000
train acc: 0.81250	 validation acc: 0.62500
7	1800	loss: 0.5032659769058228	lr: 0.10000
train acc: 0.87500	 validation acc: 0.58398
7	1850	loss: 0.7085127830505371	lr: 0.10000
train acc: 0.75000	 validation acc: 0.61914
7	1900	loss: 1.0403251647949219	lr: 0.10000
train acc: 0.75000	 validation acc: 0.59766
7	1950	loss: 1.0725287199020386	lr: 0.10000
train acc: 0.68750	 validation acc: 0.56250
7	2000	loss: 0.919133186340332	lr: 0.10000
train acc: 0.62500	 validation acc: 0.61133
7	2050	loss: 0.8610138297080994	lr: 0.10000
train acc: 0.81250	 validation acc: 0.65625
7	2100	loss: 1.3071249723434448	lr: 0.10000
train acc: 0.56250	 validation acc: 0.60938
7	2150	loss: 0.9126385450363159	lr: 0.10000
train acc: 0.68750	 validation acc: 0.64844
7	2200	loss: 1.311085820198059	lr: 0.10000
train acc: 0.43750	 validation acc: 0.57617
7	2250	loss: 1.370070457458496	lr: 0.10000
train acc: 0.37500	 validation acc: 0.65430
7	2300	loss: 0.7612626552581787	lr: 0.10000
train acc: 0.75000	 validation acc: 0.60742
7	2350	loss: 0.9596830010414124	lr: 0.10000
train acc: 0.62500	 validation acc: 0.59375
7	2400	loss: 0.7899580001831055	lr: 0.10000
train acc: 0.75000	 validation acc: 0.64258
7	2450	loss: 0.8417196869850159	lr: 0.10000
train acc: 0.62500	 validation acc: 0.64453
7	2500	loss: 0.9469346404075623	lr: 0.10000
train acc: 0.68750	 validation acc: 0.51953
7	2550	loss: 1.2241171598434448	lr: 0.10000
train acc: 0.62500	 validation acc: 0.62305
7	2600	loss: 0.6895344257354736	lr: 0.10000
train acc: 0.75000	 validation acc: 0.50000
7	2650	loss: 0.9342988133430481	lr: 0.10000
train acc: 0.68750	 validation acc: 0.60742
7	2700	loss: 0.5660983920097351	lr: 0.10000
train acc: 0.75000	 validation acc: 0.65234
7	2750	loss: 0.8851242661476135	lr: 0.10000
train acc: 0.75000	 validation acc: 0.54102
7	2800	loss: 1.2347831726074219	lr: 0.10000
train acc: 0.62500	 validation acc: 0.63281
7	2850	loss: 1.099661111831665	lr: 0.10000
train acc: 0.56250	 validation acc: 0.56836
7	2900	loss: 0.6164645552635193	lr: 0.10000
train acc: 0.81250	 validation acc: 0.56445
7	2950	loss: 0.8339983224868774	lr: 0.10000
train acc: 0.81250	 validation acc: 0.52734
7	3000	loss: 0.8620896935462952	lr: 0.10000
train acc: 0.56250	 validation acc: 0.58203
7	3050	loss: 1.0743147134780884	lr: 0.10000
train acc: 0.68750	 validation acc: 0.57227
7	3100	loss: 1.2425462007522583	lr: 0.10000
train acc: 0.56250	 validation acc: 0.62500
epoch:   7	epoch acc: 0.5790364583333333
8	0	loss: 0.7595287561416626	lr: 0.10000
train acc: 0.87500	 validation acc: 0.59766
8	50	loss: 1.348504662513733	lr: 0.10000
train acc: 0.50000	 validation acc: 0.57617
8	100	loss: 1.2994691133499146	lr: 0.10000
train acc: 0.62500	 validation acc: 0.58984
8	150	loss: 1.3187298774719238	lr: 0.10000
train acc: 0.56250	 validation acc: 0.67773
8	200	loss: 1.4750832319259644	lr: 0.10000
train acc: 0.56250	 validation acc: 0.55078
8	250	loss: 1.0928453207015991	lr: 0.10000
train acc: 0.62500	 validation acc: 0.65234
8	300	loss: 1.2204771041870117	lr: 0.10000
train acc: 0.56250	 validation acc: 0.67383
8	350	loss: 0.677487850189209	lr: 0.10000
train acc: 0.81250	 validation acc: 0.60547
8	400	loss: 1.1951266527175903	lr: 0.10000
train acc: 0.56250	 validation acc: 0.66602
8	450	loss: 0.9295365214347839	lr: 0.10000
train acc: 0.62500	 validation acc: 0.50781
8	500	loss: 0.9191683530807495	lr: 0.10000
train acc: 0.56250	 validation acc: 0.66797
8	550	loss: 1.4293184280395508	lr: 0.10000
train acc: 0.50000	 validation acc: 0.59375
8	600	loss: 1.8516626358032227	lr: 0.10000
train acc: 0.25000	 validation acc: 0.64258
8	650	loss: 0.8908920288085938	lr: 0.10000
train acc: 0.68750	 validation acc: 0.66797
8	700	loss: 0.8832981586456299	lr: 0.10000
train acc: 0.68750	 validation acc: 0.65039
8	750	loss: 1.355841875076294	lr: 0.10000
train acc: 0.56250	 validation acc: 0.61914
8	800	loss: 0.9769362807273865	lr: 0.10000
train acc: 0.68750	 validation acc: 0.61523
8	850	loss: 0.7312541007995605	lr: 0.10000
train acc: 0.68750	 validation acc: 0.61328
8	900	loss: 0.992299497127533	lr: 0.10000
train acc: 0.68750	 validation acc: 0.63867
8	950	loss: 1.3781523704528809	lr: 0.10000
train acc: 0.37500	 validation acc: 0.56836
8	1000	loss: 1.3642566204071045	lr: 0.10000
train acc: 0.50000	 validation acc: 0.53711
8	1050	loss: 1.4469727277755737	lr: 0.10000
train acc: 0.68750	 validation acc: 0.60352
8	1100	loss: 0.7552779912948608	lr: 0.10000
train acc: 0.68750	 validation acc: 0.52539
8	1150	loss: 0.7309296131134033	lr: 0.10000
train acc: 0.87500	 validation acc: 0.59180
8	1200	loss: 0.75748211145401	lr: 0.10000
train acc: 0.68750	 validation acc: 0.56055
8	1250	loss: 1.1601321697235107	lr: 0.10000
train acc: 0.62500	 validation acc: 0.61328
8	1300	loss: 1.28603196144104	lr: 0.10000
train acc: 0.62500	 validation acc: 0.62109
8	1350	loss: 0.9214828014373779	lr: 0.10000
train acc: 0.62500	 validation acc: 0.61523
8	1400	loss: 1.2916910648345947	lr: 0.10000
train acc: 0.43750	 validation acc: 0.48242
8	1450	loss: 1.2418879270553589	lr: 0.10000
train acc: 0.68750	 validation acc: 0.60156
8	1500	loss: 0.961969792842865	lr: 0.10000
train acc: 0.68750	 validation acc: 0.70508
8	1550	loss: 1.0472583770751953	lr: 0.10000
train acc: 0.62500	 validation acc: 0.52344
8	1600	loss: 1.2377400398254395	lr: 0.10000
train acc: 0.56250	 validation acc: 0.54688
8	1650	loss: 0.7271379232406616	lr: 0.10000
train acc: 0.87500	 validation acc: 0.57031
8	1700	loss: 1.1901750564575195	lr: 0.10000
train acc: 0.62500	 validation acc: 0.63672
8	1750	loss: 0.7808072566986084	lr: 0.10000
train acc: 0.68750	 validation acc: 0.58984
8	1800	loss: 0.8731604218482971	lr: 0.10000
train acc: 0.62500	 validation acc: 0.60352
8	1850	loss: 0.7691876888275146	lr: 0.10000
train acc: 0.62500	 validation acc: 0.60742
8	1900	loss: 0.9701136350631714	lr: 0.10000
train acc: 0.75000	 validation acc: 0.65234
8	1950	loss: 1.2430551052093506	lr: 0.10000
train acc: 0.62500	 validation acc: 0.59766
8	2000	loss: 1.0287158489227295	lr: 0.10000
train acc: 0.56250	 validation acc: 0.65430
8	2050	loss: 1.1186655759811401	lr: 0.10000
train acc: 0.68750	 validation acc: 0.61133
8	2100	loss: 1.2506649494171143	lr: 0.10000
train acc: 0.56250	 validation acc: 0.57227
8	2150	loss: 1.314134955406189	lr: 0.10000
train acc: 0.56250	 validation acc: 0.57422
8	2200	loss: 1.1881099939346313	lr: 0.10000
train acc: 0.56250	 validation acc: 0.61133
8	2250	loss: 1.3831310272216797	lr: 0.10000
train acc: 0.43750	 validation acc: 0.55664
8	2300	loss: 0.833996057510376	lr: 0.10000
train acc: 0.75000	 validation acc: 0.60156
8	2350	loss: 1.0564751625061035	lr: 0.10000
train acc: 0.68750	 validation acc: 0.59375
8	2400	loss: 0.8850383758544922	lr: 0.10000
train acc: 0.68750	 validation acc: 0.59961
8	2450	loss: 0.7843987941741943	lr: 0.10000
train acc: 0.68750	 validation acc: 0.69727
8	2500	loss: 1.2224012613296509	lr: 0.10000
train acc: 0.68750	 validation acc: 0.57031
8	2550	loss: 0.7286937236785889	lr: 0.10000
train acc: 0.81250	 validation acc: 0.55859
8	2600	loss: 0.8147441744804382	lr: 0.10000
train acc: 0.75000	 validation acc: 0.63867
8	2650	loss: 1.0249381065368652	lr: 0.10000
train acc: 0.68750	 validation acc: 0.65234
8	2700	loss: 0.6656507253646851	lr: 0.10000
train acc: 0.68750	 validation acc: 0.65039
8	2750	loss: 0.8704630136489868	lr: 0.10000
train acc: 0.62500	 validation acc: 0.60547
8	2800	loss: 1.2581956386566162	lr: 0.10000
train acc: 0.62500	 validation acc: 0.53125
8	2850	loss: 1.1742488145828247	lr: 0.10000
train acc: 0.50000	 validation acc: 0.62109
8	2900	loss: 0.7640267610549927	lr: 0.10000
train acc: 0.68750	 validation acc: 0.61914
8	2950	loss: 0.7426080107688904	lr: 0.10000
train acc: 0.81250	 validation acc: 0.61719
8	3000	loss: 1.1775484085083008	lr: 0.10000
train acc: 0.56250	 validation acc: 0.59766
8	3050	loss: 1.2460505962371826	lr: 0.10000
train acc: 0.50000	 validation acc: 0.56250
8	3100	loss: 0.9662305116653442	lr: 0.10000
train acc: 0.81250	 validation acc: 0.60547
epoch:   8	epoch acc: 0.6298177083333333
9	0	loss: 1.0170531272888184	lr: 0.10000
train acc: 0.50000	 validation acc: 0.61719
9	50	loss: 1.3106257915496826	lr: 0.10000
train acc: 0.50000	 validation acc: 0.60156
9	100	loss: 0.8528550267219543	lr: 0.10000
train acc: 0.62500	 validation acc: 0.59375
9	150	loss: 1.380881667137146	lr: 0.10000
train acc: 0.50000	 validation acc: 0.64453
9	200	loss: 1.6298154592514038	lr: 0.10000
train acc: 0.50000	 validation acc: 0.63867
9	250	loss: 1.0561692714691162	lr: 0.10000
train acc: 0.62500	 validation acc: 0.53516
9	300	loss: 0.8433370590209961	lr: 0.10000
train acc: 0.75000	 validation acc: 0.65820
9	350	loss: 0.7219140529632568	lr: 0.10000
train acc: 0.75000	 validation acc: 0.62500
9	400	loss: 1.095360517501831	lr: 0.10000
train acc: 0.62500	 validation acc: 0.63086
9	450	loss: 0.9735687375068665	lr: 0.10000
train acc: 0.62500	 validation acc: 0.56445
9	500	loss: 1.157670497894287	lr: 0.10000
train acc: 0.62500	 validation acc: 0.63477
9	550	loss: 1.3098770380020142	lr: 0.10000
train acc: 0.62500	 validation acc: 0.61914
9	600	loss: 1.3291536569595337	lr: 0.10000
train acc: 0.56250	 validation acc: 0.69922
9	650	loss: 0.8317968845367432	lr: 0.10000
train acc: 0.62500	 validation acc: 0.69531
9	700	loss: 0.6413648128509521	lr: 0.10000
train acc: 0.87500	 validation acc: 0.68945
9	750	loss: 1.238836646080017	lr: 0.10000
train acc: 0.62500	 validation acc: 0.66211
9	800	loss: 1.066558837890625	lr: 0.10000
train acc: 0.68750	 validation acc: 0.60547
9	850	loss: 0.7295205593109131	lr: 0.10000
train acc: 0.68750	 validation acc: 0.64844
9	900	loss: 1.1048908233642578	lr: 0.10000
train acc: 0.68750	 validation acc: 0.57227
9	950	loss: 1.3017592430114746	lr: 0.10000
train acc: 0.37500	 validation acc: 0.63086
9	1000	loss: 1.2068480253219604	lr: 0.10000
train acc: 0.68750	 validation acc: 0.61133
9	1050	loss: 1.392478346824646	lr: 0.10000
train acc: 0.56250	 validation acc: 0.67773
9	1100	loss: 0.9053719639778137	lr: 0.10000
train acc: 0.68750	 validation acc: 0.54102
9	1150	loss: 0.6016511917114258	lr: 0.10000
train acc: 0.81250	 validation acc: 0.54492
9	1200	loss: 0.7908744215965271	lr: 0.10000
train acc: 0.75000	 validation acc: 0.61914
9	1250	loss: 0.9207782745361328	lr: 0.10000
train acc: 0.68750	 validation acc: 0.61328
9	1300	loss: 1.3621494770050049	lr: 0.10000
train acc: 0.56250	 validation acc: 0.58789
9	1350	loss: 0.948340654373169	lr: 0.10000
train acc: 0.62500	 validation acc: 0.55859
9	1400	loss: 1.3317515850067139	lr: 0.10000
train acc: 0.37500	 validation acc: 0.54492
9	1450	loss: 1.5088530778884888	lr: 0.10000
train acc: 0.62500	 validation acc: 0.67773
9	1500	loss: 0.8352384567260742	lr: 0.10000
train acc: 0.62500	 validation acc: 0.63086
9	1550	loss: 1.1037386655807495	lr: 0.10000
train acc: 0.62500	 validation acc: 0.59375
9	1600	loss: 1.1380679607391357	lr: 0.10000
train acc: 0.62500	 validation acc: 0.59375
9	1650	loss: 0.7855492830276489	lr: 0.10000
train acc: 0.68750	 validation acc: 0.64258
9	1700	loss: 1.1097028255462646	lr: 0.10000
train acc: 0.68750	 validation acc: 0.62305
9	1750	loss: 0.6055891513824463	lr: 0.10000
train acc: 0.81250	 validation acc: 0.59180
9	1800	loss: 0.7055627703666687	lr: 0.10000
train acc: 0.81250	 validation acc: 0.53711
9	1850	loss: 0.7471415996551514	lr: 0.10000
train acc: 0.75000	 validation acc: 0.62695
9	1900	loss: 0.9782399535179138	lr: 0.10000
train acc: 0.68750	 validation acc: 0.64453
9	1950	loss: 1.2753010988235474	lr: 0.10000
train acc: 0.50000	 validation acc: 0.58398
9	2000	loss: 0.8709206581115723	lr: 0.10000
train acc: 0.62500	 validation acc: 0.62109
9	2050	loss: 1.1894866228103638	lr: 0.10000
train acc: 0.50000	 validation acc: 0.61719
9	2100	loss: 1.267841100692749	lr: 0.10000
train acc: 0.50000	 validation acc: 0.63086
9	2150	loss: 0.9964994192123413	lr: 0.10000
train acc: 0.68750	 validation acc: 0.60156
9	2200	loss: 1.2152526378631592	lr: 0.10000
train acc: 0.56250	 validation acc: 0.60547
9	2250	loss: 1.6230175495147705	lr: 0.10000
train acc: 0.50000	 validation acc: 0.61523
9	2300	loss: 0.7085297703742981	lr: 0.10000
train acc: 0.81250	 validation acc: 0.62891
9	2350	loss: 1.0000096559524536	lr: 0.10000
train acc: 0.56250	 validation acc: 0.61719
9	2400	loss: 0.9374819993972778	lr: 0.10000
train acc: 0.87500	 validation acc: 0.59766
9	2450	loss: 0.5191627144813538	lr: 0.10000
train acc: 0.81250	 validation acc: 0.68164
9	2500	loss: 1.1163506507873535	lr: 0.10000
train acc: 0.68750	 validation acc: 0.58789
9	2550	loss: 1.1180720329284668	lr: 0.10000
train acc: 0.68750	 validation acc: 0.57812
9	2600	loss: 0.7583381533622742	lr: 0.10000
train acc: 0.75000	 validation acc: 0.58008
9	2650	loss: 0.8018421530723572	lr: 0.10000
train acc: 0.75000	 validation acc: 0.64453
9	2700	loss: 0.5894397497177124	lr: 0.10000
train acc: 0.81250	 validation acc: 0.66992
9	2750	loss: 0.9828544855117798	lr: 0.10000
train acc: 0.56250	 validation acc: 0.55469
9	2800	loss: 1.3870902061462402	lr: 0.10000
train acc: 0.43750	 validation acc: 0.65234
9	2850	loss: 1.5211002826690674	lr: 0.10000
train acc: 0.50000	 validation acc: 0.61719
9	2900	loss: 0.5892439484596252	lr: 0.10000
train acc: 0.75000	 validation acc: 0.60742
9	2950	loss: 1.1107531785964966	lr: 0.10000
train acc: 0.50000	 validation acc: 0.55469
9	3000	loss: 1.053545355796814	lr: 0.10000
train acc: 0.68750	 validation acc: 0.53711
9	3050	loss: 1.330568790435791	lr: 0.10000
train acc: 0.56250	 validation acc: 0.46484
9	3100	loss: 1.02223539352417	lr: 0.10000
train acc: 0.62500	 validation acc: 0.62500
epoch:   9	epoch acc: 0.6404947916666667
10	0	loss: 0.7194026708602905	lr: 0.01000
train acc: 0.62500	 validation acc: 0.65820
10	50	loss: 1.2956461906433105	lr: 0.01000
train acc: 0.37500	 validation acc: 0.73633
10	100	loss: 0.9115387201309204	lr: 0.01000
train acc: 0.68750	 validation acc: 0.75781
10	150	loss: 1.1224833726882935	lr: 0.01000
train acc: 0.56250	 validation acc: 0.75781
10	200	loss: 0.8937041759490967	lr: 0.01000
train acc: 0.75000	 validation acc: 0.76172
10	250	loss: 1.2030692100524902	lr: 0.01000
train acc: 0.62500	 validation acc: 0.77539
10	300	loss: 0.9146747589111328	lr: 0.01000
train acc: 0.68750	 validation acc: 0.78320
10	350	loss: 0.687903642654419	lr: 0.01000
train acc: 0.81250	 validation acc: 0.77734
10	400	loss: 0.9323438405990601	lr: 0.01000
train acc: 0.68750	 validation acc: 0.79883
10	450	loss: 0.3335951566696167	lr: 0.01000
train acc: 1.00000	 validation acc: 0.79883
10	500	loss: 0.7412761449813843	lr: 0.01000
train acc: 0.75000	 validation acc: 0.77734
10	550	loss: 1.0060046911239624	lr: 0.01000
train acc: 0.50000	 validation acc: 0.78125
10	600	loss: 0.9925563335418701	lr: 0.01000
train acc: 0.56250	 validation acc: 0.77734
10	650	loss: 0.5107091665267944	lr: 0.01000
train acc: 0.75000	 validation acc: 0.79102
10	700	loss: 0.6117016077041626	lr: 0.01000
train acc: 0.81250	 validation acc: 0.79492
10	750	loss: 0.7410786747932434	lr: 0.01000
train acc: 0.81250	 validation acc: 0.79492
10	800	loss: 0.6909382939338684	lr: 0.01000
train acc: 0.75000	 validation acc: 0.80078
10	850	loss: 0.6163942813873291	lr: 0.01000
train acc: 0.75000	 validation acc: 0.78711
10	900	loss: 0.5579702854156494	lr: 0.01000
train acc: 0.81250	 validation acc: 0.78320
10	950	loss: 0.8598942756652832	lr: 0.01000
train acc: 0.68750	 validation acc: 0.78711
10	1000	loss: 1.070735216140747	lr: 0.01000
train acc: 0.62500	 validation acc: 0.78516
10	1050	loss: 1.320129156112671	lr: 0.01000
train acc: 0.56250	 validation acc: 0.78711
10	1100	loss: 0.6419463157653809	lr: 0.01000
train acc: 0.75000	 validation acc: 0.78516
10	1150	loss: 0.6328836679458618	lr: 0.01000
train acc: 0.81250	 validation acc: 0.79297
10	1200	loss: 0.4531426429748535	lr: 0.01000
train acc: 0.87500	 validation acc: 0.78516
10	1250	loss: 0.48432081937789917	lr: 0.01000
train acc: 0.75000	 validation acc: 0.77344
10	1300	loss: 1.1110059022903442	lr: 0.01000
train acc: 0.62500	 validation acc: 0.78320
10	1350	loss: 0.8133804202079773	lr: 0.01000
train acc: 0.81250	 validation acc: 0.79102
10	1400	loss: 1.1503652334213257	lr: 0.01000
train acc: 0.62500	 validation acc: 0.78125
10	1450	loss: 1.060953140258789	lr: 0.01000
train acc: 0.62500	 validation acc: 0.80273
10	1500	loss: 0.8323827981948853	lr: 0.01000
train acc: 0.75000	 validation acc: 0.78711
10	1550	loss: 0.5523399114608765	lr: 0.01000
train acc: 0.87500	 validation acc: 0.80078
10	1600	loss: 0.8067580461502075	lr: 0.01000
train acc: 0.62500	 validation acc: 0.80078
10	1650	loss: 0.5371220707893372	lr: 0.01000
train acc: 0.81250	 validation acc: 0.80078
10	1700	loss: 0.6393159627914429	lr: 0.01000
train acc: 0.68750	 validation acc: 0.80273
10	1750	loss: 0.5360617637634277	lr: 0.01000
train acc: 0.87500	 validation acc: 0.78516
10	1800	loss: 0.33868977427482605	lr: 0.01000
train acc: 0.87500	 validation acc: 0.79102
10	1850	loss: 0.26331794261932373	lr: 0.01000
train acc: 1.00000	 validation acc: 0.80273
10	1900	loss: 0.4717387855052948	lr: 0.01000
train acc: 0.81250	 validation acc: 0.80273
10	1950	loss: 0.886569619178772	lr: 0.01000
train acc: 0.68750	 validation acc: 0.78125
10	2000	loss: 0.41175490617752075	lr: 0.01000
train acc: 0.81250	 validation acc: 0.79883
10	2050	loss: 0.9236105680465698	lr: 0.01000
train acc: 0.68750	 validation acc: 0.80078
10	2100	loss: 0.7142454385757446	lr: 0.01000
train acc: 0.81250	 validation acc: 0.78516
10	2150	loss: 0.7926497459411621	lr: 0.01000
train acc: 0.75000	 validation acc: 0.79102
10	2200	loss: 0.7320118546485901	lr: 0.01000
train acc: 0.75000	 validation acc: 0.79688
10	2250	loss: 0.7544804215431213	lr: 0.01000
train acc: 0.62500	 validation acc: 0.79688
10	2300	loss: 0.6358477473258972	lr: 0.01000
train acc: 0.75000	 validation acc: 0.77734
10	2350	loss: 0.6114307641983032	lr: 0.01000
train acc: 0.68750	 validation acc: 0.79297
10	2400	loss: 0.4894132614135742	lr: 0.01000
train acc: 0.81250	 validation acc: 0.78125
10	2450	loss: 0.32247185707092285	lr: 0.01000
train acc: 0.93750	 validation acc: 0.79883
10	2500	loss: 0.6499713063240051	lr: 0.01000
train acc: 0.75000	 validation acc: 0.78516
10	2550	loss: 0.7184991240501404	lr: 0.01000
train acc: 0.93750	 validation acc: 0.78711
10	2600	loss: 0.5559220314025879	lr: 0.01000
train acc: 0.81250	 validation acc: 0.79492
10	2650	loss: 0.8221678733825684	lr: 0.01000
train acc: 0.68750	 validation acc: 0.80469
10	2700	loss: 0.5791856050491333	lr: 0.01000
train acc: 0.75000	 validation acc: 0.80859
10	2750	loss: 0.3728865385055542	lr: 0.01000
train acc: 0.81250	 validation acc: 0.78906
10	2800	loss: 0.7230850458145142	lr: 0.01000
train acc: 0.87500	 validation acc: 0.79492
10	2850	loss: 0.45681366324424744	lr: 0.01000
train acc: 0.75000	 validation acc: 0.79492
10	2900	loss: 0.4694672226905823	lr: 0.01000
train acc: 0.87500	 validation acc: 0.81250
10	2950	loss: 0.378154993057251	lr: 0.01000
train acc: 0.87500	 validation acc: 0.78320
10	3000	loss: 0.5202739238739014	lr: 0.01000
train acc: 0.93750	 validation acc: 0.79492
10	3050	loss: 0.7332137823104858	lr: 0.01000
train acc: 0.68750	 validation acc: 0.80078
10	3100	loss: 0.6733195781707764	lr: 0.01000
train acc: 0.81250	 validation acc: 0.79688
epoch:  10	epoch acc: 0.7940104166666667
11	0	loss: 0.3255924880504608	lr: 0.01000
train acc: 0.81250	 validation acc: 0.80078
11	50	loss: 1.1051113605499268	lr: 0.01000
train acc: 0.68750	 validation acc: 0.81250
11	100	loss: 1.0152952671051025	lr: 0.01000
train acc: 0.75000	 validation acc: 0.81250
11	150	loss: 0.8931303024291992	lr: 0.01000
train acc: 0.62500	 validation acc: 0.80078
11	200	loss: 0.7918344736099243	lr: 0.01000
train acc: 0.81250	 validation acc: 0.79688
11	250	loss: 0.7001146078109741	lr: 0.01000
train acc: 0.81250	 validation acc: 0.81445
11	300	loss: 0.7805575132369995	lr: 0.01000
train acc: 0.81250	 validation acc: 0.80859
11	350	loss: 0.44645529985427856	lr: 0.01000
train acc: 0.87500	 validation acc: 0.80859
11	400	loss: 0.9828738570213318	lr: 0.01000
train acc: 0.62500	 validation acc: 0.81250
11	450	loss: 0.47230100631713867	lr: 0.01000
train acc: 0.75000	 validation acc: 0.81445
11	500	loss: 0.8434560298919678	lr: 0.01000
train acc: 0.62500	 validation acc: 0.83008
11	550	loss: 0.749823808670044	lr: 0.01000
train acc: 0.68750	 validation acc: 0.81641
11	600	loss: 0.9311785101890564	lr: 0.01000
train acc: 0.75000	 validation acc: 0.80078
11	650	loss: 0.4767267107963562	lr: 0.01000
train acc: 0.81250	 validation acc: 0.82422
11	700	loss: 0.38910111784935	lr: 0.01000
train acc: 0.93750	 validation acc: 0.82227
11	750	loss: 0.570381760597229	lr: 0.01000
train acc: 0.75000	 validation acc: 0.81836
11	800	loss: 0.753025472164154	lr: 0.01000
train acc: 0.68750	 validation acc: 0.80469
11	850	loss: 0.449866384267807	lr: 0.01000
train acc: 0.87500	 validation acc: 0.80469
11	900	loss: 0.5684108138084412	lr: 0.01000
train acc: 0.81250	 validation acc: 0.80078
11	950	loss: 0.8736060261726379	lr: 0.01000
train acc: 0.75000	 validation acc: 0.79883
11	1000	loss: 1.0796376466751099	lr: 0.01000
train acc: 0.68750	 validation acc: 0.80859
11	1050	loss: 1.049576997756958	lr: 0.01000
train acc: 0.50000	 validation acc: 0.79883
11	1100	loss: 0.4143522083759308	lr: 0.01000
train acc: 0.87500	 validation acc: 0.80859
11	1150	loss: 0.5271344184875488	lr: 0.01000
train acc: 0.87500	 validation acc: 0.81836
11	1200	loss: 0.5893198251724243	lr: 0.01000
train acc: 0.81250	 validation acc: 0.80859
11	1250	loss: 0.34505417943000793	lr: 0.01000
train acc: 0.93750	 validation acc: 0.82031
11	1300	loss: 0.9550291895866394	lr: 0.01000
train acc: 0.62500	 validation acc: 0.79883
11	1350	loss: 0.62771075963974	lr: 0.01000
train acc: 0.75000	 validation acc: 0.80469
11	1400	loss: 1.0505237579345703	lr: 0.01000
train acc: 0.62500	 validation acc: 0.79688
11	1450	loss: 0.6792389750480652	lr: 0.01000
train acc: 0.81250	 validation acc: 0.80273
11	1500	loss: 0.4464133381843567	lr: 0.01000
train acc: 0.81250	 validation acc: 0.80469
11	1550	loss: 0.5084216594696045	lr: 0.01000
train acc: 0.81250	 validation acc: 0.79883
11	1600	loss: 0.7695846557617188	lr: 0.01000
train acc: 0.68750	 validation acc: 0.79492
11	1650	loss: 0.3934727609157562	lr: 0.01000
train acc: 0.81250	 validation acc: 0.80859
11	1700	loss: 0.6732149124145508	lr: 0.01000
train acc: 0.75000	 validation acc: 0.80078
11	1750	loss: 0.5223667621612549	lr: 0.01000
train acc: 0.87500	 validation acc: 0.78711
11	1800	loss: 0.22109603881835938	lr: 0.01000
train acc: 0.87500	 validation acc: 0.81445
11	1850	loss: 0.42601025104522705	lr: 0.01000
train acc: 0.75000	 validation acc: 0.83008
11	1900	loss: 0.5528846979141235	lr: 0.01000
train acc: 0.75000	 validation acc: 0.82227
11	1950	loss: 0.7994911670684814	lr: 0.01000
train acc: 0.75000	 validation acc: 0.80859
11	2000	loss: 0.35030698776245117	lr: 0.01000
train acc: 0.87500	 validation acc: 0.81445
11	2050	loss: 0.782862663269043	lr: 0.01000
train acc: 0.81250	 validation acc: 0.79102
11	2100	loss: 0.7519385814666748	lr: 0.01000
train acc: 0.75000	 validation acc: 0.78711
11	2150	loss: 0.7170539498329163	lr: 0.01000
train acc: 0.68750	 validation acc: 0.80078
11	2200	loss: 0.7470467686653137	lr: 0.01000
train acc: 0.62500	 validation acc: 0.81055
11	2250	loss: 0.7018585801124573	lr: 0.01000
train acc: 0.68750	 validation acc: 0.80273
11	2300	loss: 0.6417992115020752	lr: 0.01000
train acc: 0.68750	 validation acc: 0.78516
11	2350	loss: 0.4641301929950714	lr: 0.01000
train acc: 0.81250	 validation acc: 0.81055
11	2400	loss: 0.4373670816421509	lr: 0.01000
train acc: 0.87500	 validation acc: 0.80664
11	2450	loss: 0.32179245352745056	lr: 0.01000
train acc: 0.93750	 validation acc: 0.81836
11	2500	loss: 0.6653470993041992	lr: 0.01000
train acc: 0.75000	 validation acc: 0.80859
11	2550	loss: 0.6563202142715454	lr: 0.01000
train acc: 0.87500	 validation acc: 0.82617
11	2600	loss: 0.4506743848323822	lr: 0.01000
train acc: 0.87500	 validation acc: 0.81641
11	2650	loss: 0.7083221673965454	lr: 0.01000
train acc: 0.75000	 validation acc: 0.82227
11	2700	loss: 0.5689867734909058	lr: 0.01000
train acc: 0.81250	 validation acc: 0.82422
11	2750	loss: 0.28445369005203247	lr: 0.01000
train acc: 0.87500	 validation acc: 0.81445
11	2800	loss: 0.7263691425323486	lr: 0.01000
train acc: 0.75000	 validation acc: 0.79492
11	2850	loss: 0.5228523015975952	lr: 0.01000
train acc: 0.81250	 validation acc: 0.80273
11	2900	loss: 0.3536204993724823	lr: 0.01000
train acc: 0.87500	 validation acc: 0.81250
11	2950	loss: 0.34943681955337524	lr: 0.01000
train acc: 0.93750	 validation acc: 0.79688
11	3000	loss: 0.3615593910217285	lr: 0.01000
train acc: 0.93750	 validation acc: 0.78125
11	3050	loss: 0.6024579405784607	lr: 0.01000
train acc: 0.81250	 validation acc: 0.79492
11	3100	loss: 0.7819883227348328	lr: 0.01000
train acc: 0.68750	 validation acc: 0.81445
epoch:  11	epoch acc: 0.8079427083333334
12	0	loss: 0.24814718961715698	lr: 0.01000
train acc: 0.87500	 validation acc: 0.79492
12	50	loss: 0.9901273846626282	lr: 0.01000
train acc: 0.68750	 validation acc: 0.80664
12	100	loss: 0.5724483728408813	lr: 0.01000
train acc: 0.81250	 validation acc: 0.80469
12	150	loss: 0.8365453481674194	lr: 0.01000
train acc: 0.62500	 validation acc: 0.80078
12	200	loss: 0.5047259330749512	lr: 0.01000
train acc: 0.81250	 validation acc: 0.80469
12	250	loss: 1.017611026763916	lr: 0.01000
train acc: 0.68750	 validation acc: 0.82227
12	300	loss: 0.49679243564605713	lr: 0.01000
train acc: 0.87500	 validation acc: 0.82617
12	350	loss: 0.6166677474975586	lr: 0.01000
train acc: 0.75000	 validation acc: 0.82227
12	400	loss: 0.8742157220840454	lr: 0.01000
train acc: 0.75000	 validation acc: 0.80469
12	450	loss: 0.5693508386611938	lr: 0.01000
train acc: 0.75000	 validation acc: 0.81250
12	500	loss: 1.0125102996826172	lr: 0.01000
train acc: 0.62500	 validation acc: 0.81250
12	550	loss: 0.9206103086471558	lr: 0.01000
train acc: 0.68750	 validation acc: 0.80859
12	600	loss: 0.6867595911026001	lr: 0.01000
train acc: 0.75000	 validation acc: 0.79883
12	650	loss: 0.5250461101531982	lr: 0.01000
train acc: 0.81250	 validation acc: 0.82227
12	700	loss: 0.5356992483139038	lr: 0.01000
train acc: 0.87500	 validation acc: 0.82617
12	750	loss: 0.6510132551193237	lr: 0.01000
train acc: 0.81250	 validation acc: 0.81836
12	800	loss: 0.7491413354873657	lr: 0.01000
train acc: 0.75000	 validation acc: 0.81250
12	850	loss: 0.45788905024528503	lr: 0.01000
train acc: 0.81250	 validation acc: 0.80273
12	900	loss: 0.5169379711151123	lr: 0.01000
train acc: 0.75000	 validation acc: 0.81836
12	950	loss: 0.7087889909744263	lr: 0.01000
train acc: 0.75000	 validation acc: 0.80273
12	1000	loss: 0.9311033487319946	lr: 0.01000
train acc: 0.56250	 validation acc: 0.80859
12	1050	loss: 1.1207983493804932	lr: 0.01000
train acc: 0.56250	 validation acc: 0.79492
12	1100	loss: 0.40078413486480713	lr: 0.01000
train acc: 0.87500	 validation acc: 0.80859
12	1150	loss: 0.5897815823554993	lr: 0.01000
train acc: 0.87500	 validation acc: 0.79102
12	1200	loss: 0.574939489364624	lr: 0.01000
train acc: 0.75000	 validation acc: 0.80273
12	1250	loss: 0.24668852984905243	lr: 0.01000
train acc: 0.93750	 validation acc: 0.80078
12	1300	loss: 0.7073749303817749	lr: 0.01000
train acc: 0.75000	 validation acc: 0.77930
12	1350	loss: 0.5897687077522278	lr: 0.01000
train acc: 0.75000	 validation acc: 0.79688
12	1400	loss: 0.9092601537704468	lr: 0.01000
train acc: 0.62500	 validation acc: 0.80664
12	1450	loss: 1.058200716972351	lr: 0.01000
train acc: 0.75000	 validation acc: 0.81445
12	1500	loss: 0.4201927185058594	lr: 0.01000
train acc: 0.81250	 validation acc: 0.81836
12	1550	loss: 0.4678143262863159	lr: 0.01000
train acc: 0.93750	 validation acc: 0.79492
12	1600	loss: 0.8040117025375366	lr: 0.01000
train acc: 0.68750	 validation acc: 0.79688
12	1650	loss: 0.617252767086029	lr: 0.01000
train acc: 0.81250	 validation acc: 0.82031
12	1700	loss: 0.6672509908676147	lr: 0.01000
train acc: 0.81250	 validation acc: 0.81641
12	1750	loss: 0.4347788393497467	lr: 0.01000
train acc: 0.87500	 validation acc: 0.77930
12	1800	loss: 0.21808335185050964	lr: 0.01000
train acc: 0.93750	 validation acc: 0.80664
12	1850	loss: 0.403779536485672	lr: 0.01000
train acc: 0.87500	 validation acc: 0.80273
12	1900	loss: 0.5058705806732178	lr: 0.01000
train acc: 0.81250	 validation acc: 0.82031
12	1950	loss: 0.7043235301971436	lr: 0.01000
train acc: 0.68750	 validation acc: 0.81445
12	2000	loss: 0.3328319191932678	lr: 0.01000
train acc: 0.93750	 validation acc: 0.81445
12	2050	loss: 0.8150694370269775	lr: 0.01000
train acc: 0.75000	 validation acc: 0.80664
12	2100	loss: 0.6611505746841431	lr: 0.01000
train acc: 0.75000	 validation acc: 0.81250
12	2150	loss: 0.6774803400039673	lr: 0.01000
train acc: 0.75000	 validation acc: 0.80664
12	2200	loss: 0.6103792190551758	lr: 0.01000
train acc: 0.75000	 validation acc: 0.81250
12	2250	loss: 0.9236555099487305	lr: 0.01000
train acc: 0.62500	 validation acc: 0.78516
12	2300	loss: 0.5689020156860352	lr: 0.01000
train acc: 0.75000	 validation acc: 0.79297
12	2350	loss: 0.37964576482772827	lr: 0.01000
train acc: 0.93750	 validation acc: 0.79688
12	2400	loss: 0.3952690660953522	lr: 0.01000
train acc: 0.87500	 validation acc: 0.82227
12	2450	loss: 0.32382941246032715	lr: 0.01000
train acc: 0.87500	 validation acc: 0.81250
12	2500	loss: 0.6628012657165527	lr: 0.01000
train acc: 0.75000	 validation acc: 0.82227
12	2550	loss: 0.635418713092804	lr: 0.01000
train acc: 0.87500	 validation acc: 0.80273
12	2600	loss: 0.5462082624435425	lr: 0.01000
train acc: 0.75000	 validation acc: 0.80273
12	2650	loss: 0.7920049428939819	lr: 0.01000
train acc: 0.75000	 validation acc: 0.82227
12	2700	loss: 0.3250959515571594	lr: 0.01000
train acc: 0.87500	 validation acc: 0.83398
12	2750	loss: 0.4592277705669403	lr: 0.01000
train acc: 0.81250	 validation acc: 0.80273
12	2800	loss: 0.8469215631484985	lr: 0.01000
train acc: 0.68750	 validation acc: 0.80664
12	2850	loss: 0.5950586795806885	lr: 0.01000
train acc: 0.75000	 validation acc: 0.81055
12	2900	loss: 0.6178328990936279	lr: 0.01000
train acc: 0.75000	 validation acc: 0.81445
12	2950	loss: 0.29115092754364014	lr: 0.01000
train acc: 1.00000	 validation acc: 0.80469
12	3000	loss: 0.4559856951236725	lr: 0.01000
train acc: 0.87500	 validation acc: 0.80273
12	3050	loss: 0.5746318101882935	lr: 0.01000
train acc: 0.81250	 validation acc: 0.77930
12	3100	loss: 0.6766664981842041	lr: 0.01000
train acc: 0.87500	 validation acc: 0.80664
epoch:  12	epoch acc: 0.796484375
13	0	loss: 0.14596277475357056	lr: 0.01000
train acc: 1.00000	 validation acc: 0.80078
13	50	loss: 1.063072681427002	lr: 0.01000
train acc: 0.68750	 validation acc: 0.83789
13	100	loss: 0.9511555433273315	lr: 0.01000
train acc: 0.75000	 validation acc: 0.80273
13	150	loss: 0.9173433780670166	lr: 0.01000
train acc: 0.56250	 validation acc: 0.82617
13	200	loss: 0.8583316206932068	lr: 0.01000
train acc: 0.75000	 validation acc: 0.81836
13	250	loss: 0.5381748676300049	lr: 0.01000
train acc: 0.81250	 validation acc: 0.83008
13	300	loss: 0.5632666945457458	lr: 0.01000
train acc: 0.75000	 validation acc: 0.82617
13	350	loss: 0.4895768463611603	lr: 0.01000
train acc: 0.81250	 validation acc: 0.83984
13	400	loss: 0.8998658061027527	lr: 0.01000
train acc: 0.75000	 validation acc: 0.81836
13	450	loss: 0.6154667735099792	lr: 0.01000
train acc: 0.75000	 validation acc: 0.82422
13	500	loss: 0.5979124307632446	lr: 0.01000
train acc: 0.75000	 validation acc: 0.81445
13	550	loss: 0.770979642868042	lr: 0.01000
train acc: 0.68750	 validation acc: 0.80664
13	600	loss: 0.7588697671890259	lr: 0.01000
train acc: 0.68750	 validation acc: 0.80859
13	650	loss: 0.5463531017303467	lr: 0.01000
train acc: 0.75000	 validation acc: 0.83203
13	700	loss: 0.3480180501937866	lr: 0.01000
train acc: 0.87500	 validation acc: 0.79297
13	750	loss: 0.6518625020980835	lr: 0.01000
train acc: 0.68750	 validation acc: 0.82422
13	800	loss: 0.754362165927887	lr: 0.01000
train acc: 0.81250	 validation acc: 0.80273
13	850	loss: 0.6152635216712952	lr: 0.01000
train acc: 0.68750	 validation acc: 0.81055
13	900	loss: 0.5454861521720886	lr: 0.01000
train acc: 0.81250	 validation acc: 0.79688
13	950	loss: 0.5466694831848145	lr: 0.01000
train acc: 0.75000	 validation acc: 0.82617
13	1000	loss: 1.3557145595550537	lr: 0.01000
train acc: 0.68750	 validation acc: 0.81836
13	1050	loss: 1.0963730812072754	lr: 0.01000
train acc: 0.56250	 validation acc: 0.81250
13	1100	loss: 0.20701919496059418	lr: 0.01000
train acc: 1.00000	 validation acc: 0.81445
13	1150	loss: 0.588016927242279	lr: 0.01000
train acc: 0.93750	 validation acc: 0.83008
13	1200	loss: 0.40904325246810913	lr: 0.01000
train acc: 0.87500	 validation acc: 0.81836
13	1250	loss: 0.38682636618614197	lr: 0.01000
train acc: 0.87500	 validation acc: 0.78906
13	1300	loss: 0.5948328375816345	lr: 0.01000
train acc: 0.81250	 validation acc: 0.79492
13	1350	loss: 0.31720104813575745	lr: 0.01000
train acc: 0.87500	 validation acc: 0.81445
13	1400	loss: 1.1010302305221558	lr: 0.01000
train acc: 0.56250	 validation acc: 0.81836
13	1450	loss: 0.8587837815284729	lr: 0.01000
train acc: 0.75000	 validation acc: 0.83203
13	1500	loss: 0.47118762135505676	lr: 0.01000
train acc: 0.81250	 validation acc: 0.83203
13	1550	loss: 0.3965100646018982	lr: 0.01000
train acc: 0.87500	 validation acc: 0.81250
13	1600	loss: 0.6726251244544983	lr: 0.01000
train acc: 0.75000	 validation acc: 0.79688
13	1650	loss: 0.6466928720474243	lr: 0.01000
train acc: 0.81250	 validation acc: 0.80273
13	1700	loss: 0.7730558514595032	lr: 0.01000
train acc: 0.75000	 validation acc: 0.80469
13	1750	loss: 0.37806084752082825	lr: 0.01000
train acc: 0.93750	 validation acc: 0.79492
13	1800	loss: 0.2677195370197296	lr: 0.01000
train acc: 0.81250	 validation acc: 0.81055
13	1850	loss: 0.35364171862602234	lr: 0.01000
train acc: 0.87500	 validation acc: 0.82617
13	1900	loss: 0.37586379051208496	lr: 0.01000
train acc: 0.87500	 validation acc: 0.81836
13	1950	loss: 0.7590275406837463	lr: 0.01000
train acc: 0.75000	 validation acc: 0.80273
13	2000	loss: 0.36251911520957947	lr: 0.01000
train acc: 0.87500	 validation acc: 0.78906
13	2050	loss: 0.8870656490325928	lr: 0.01000
train acc: 0.75000	 validation acc: 0.79883
13	2100	loss: 0.6874774694442749	lr: 0.01000
train acc: 0.75000	 validation acc: 0.80859
13	2150	loss: 0.5385819673538208	lr: 0.01000
train acc: 0.75000	 validation acc: 0.80859
13	2200	loss: 0.697919487953186	lr: 0.01000
train acc: 0.68750	 validation acc: 0.81250
13	2250	loss: 0.6519516706466675	lr: 0.01000
train acc: 0.75000	 validation acc: 0.77539
13	2300	loss: 0.6507515907287598	lr: 0.01000
train acc: 0.68750	 validation acc: 0.76758
13	2350	loss: 0.45321327447891235	lr: 0.01000
train acc: 0.87500	 validation acc: 0.80664
13	2400	loss: 0.4852583110332489	lr: 0.01000
train acc: 0.87500	 validation acc: 0.82031
13	2450	loss: 0.28295406699180603	lr: 0.01000
train acc: 0.93750	 validation acc: 0.78320
13	2500	loss: 0.6974455118179321	lr: 0.01000
train acc: 0.68750	 validation acc: 0.80469
13	2550	loss: 0.5559634566307068	lr: 0.01000
train acc: 0.87500	 validation acc: 0.82227
13	2600	loss: 0.4114742875099182	lr: 0.01000
train acc: 0.93750	 validation acc: 0.81641
13	2650	loss: 0.5104449987411499	lr: 0.01000
train acc: 0.81250	 validation acc: 0.80859
13	2700	loss: 0.2897089123725891	lr: 0.01000
train acc: 0.93750	 validation acc: 0.81641
13	2750	loss: 0.380418986082077	lr: 0.01000
train acc: 0.81250	 validation acc: 0.79883
13	2800	loss: 0.853861391544342	lr: 0.01000
train acc: 0.75000	 validation acc: 0.80859
13	2850	loss: 0.8301987648010254	lr: 0.01000
train acc: 0.75000	 validation acc: 0.81055
13	2900	loss: 0.4882088899612427	lr: 0.01000
train acc: 0.81250	 validation acc: 0.81055
13	2950	loss: 0.31119194626808167	lr: 0.01000
train acc: 0.93750	 validation acc: 0.79688
13	3000	loss: 0.3799198567867279	lr: 0.01000
train acc: 0.93750	 validation acc: 0.77734
13	3050	loss: 0.5447414517402649	lr: 0.01000
train acc: 0.81250	 validation acc: 0.82227
13	3100	loss: 0.7712342143058777	lr: 0.01000
train acc: 0.81250	 validation acc: 0.81445
epoch:  13	epoch acc: 0.8052083333333333
14	0	loss: 0.16801419854164124	lr: 0.01000
train acc: 1.00000	 validation acc: 0.79492
14	50	loss: 1.2005927562713623	lr: 0.01000
train acc: 0.56250	 validation acc: 0.78320
14	100	loss: 0.7175937294960022	lr: 0.01000
train acc: 0.68750	 validation acc: 0.79883
14	150	loss: 0.6864386796951294	lr: 0.01000
train acc: 0.75000	 validation acc: 0.79492
14	200	loss: 0.6261947154998779	lr: 0.01000
train acc: 0.81250	 validation acc: 0.82812
14	250	loss: 0.7943924069404602	lr: 0.01000
train acc: 0.81250	 validation acc: 0.81445
14	300	loss: 0.6001807451248169	lr: 0.01000
train acc: 0.87500	 validation acc: 0.81836
14	350	loss: 0.5070582628250122	lr: 0.01000
train acc: 0.81250	 validation acc: 0.81250
14	400	loss: 0.9026774168014526	lr: 0.01000
train acc: 0.68750	 validation acc: 0.83203
14	450	loss: 0.415962815284729	lr: 0.01000
train acc: 0.81250	 validation acc: 0.82422
14	500	loss: 0.5727195143699646	lr: 0.01000
train acc: 0.81250	 validation acc: 0.81445
14	550	loss: 0.6902173757553101	lr: 0.01000
train acc: 0.81250	 validation acc: 0.78906
14	600	loss: 0.7273285388946533	lr: 0.01000
train acc: 0.81250	 validation acc: 0.82812
14	650	loss: 0.4141263961791992	lr: 0.01000
train acc: 0.87500	 validation acc: 0.78711
14	700	loss: 0.36845195293426514	lr: 0.01000
train acc: 0.93750	 validation acc: 0.81641
14	750	loss: 0.5901864767074585	lr: 0.01000
train acc: 0.81250	 validation acc: 0.82031
14	800	loss: 0.7365000247955322	lr: 0.01000
train acc: 0.68750	 validation acc: 0.82617
14	850	loss: 0.4745770990848541	lr: 0.01000
train acc: 0.81250	 validation acc: 0.81641
14	900	loss: 0.3782464265823364	lr: 0.01000
train acc: 0.93750	 validation acc: 0.80859
14	950	loss: 0.44006359577178955	lr: 0.01000
train acc: 0.87500	 validation acc: 0.79492
14	1000	loss: 1.0783485174179077	lr: 0.01000
train acc: 0.68750	 validation acc: 0.80078
14	1050	loss: 0.9839119911193848	lr: 0.01000
train acc: 0.62500	 validation acc: 0.79688
14	1100	loss: 0.31178587675094604	lr: 0.01000
train acc: 0.93750	 validation acc: 0.79688
14	1150	loss: 0.5497363805770874	lr: 0.01000
train acc: 0.81250	 validation acc: 0.81641
14	1200	loss: 0.3699129819869995	lr: 0.01000
train acc: 0.87500	 validation acc: 0.79102
14	1250	loss: 0.47545868158340454	lr: 0.01000
train acc: 0.81250	 validation acc: 0.82812
14	1300	loss: 0.9597869515419006	lr: 0.01000
train acc: 0.50000	 validation acc: 0.78320
14	1350	loss: 0.5547043085098267	lr: 0.01000
train acc: 0.68750	 validation acc: 0.77539
14	1400	loss: 0.9689632058143616	lr: 0.01000
train acc: 0.62500	 validation acc: 0.79297
14	1450	loss: 0.951885998249054	lr: 0.01000
train acc: 0.75000	 validation acc: 0.83398
14	1500	loss: 0.5354273319244385	lr: 0.01000
train acc: 0.81250	 validation acc: 0.82812
14	1550	loss: 0.461738258600235	lr: 0.01000
train acc: 0.93750	 validation acc: 0.81055
14	1600	loss: 0.7418208122253418	lr: 0.01000
train acc: 0.62500	 validation acc: 0.80273
14	1650	loss: 0.4937278628349304	lr: 0.01000
train acc: 0.81250	 validation acc: 0.78125
14	1700	loss: 0.7159581780433655	lr: 0.01000
train acc: 0.75000	 validation acc: 0.80664
14	1750	loss: 0.3930779695510864	lr: 0.01000
train acc: 0.87500	 validation acc: 0.78516
14	1800	loss: 0.4977654814720154	lr: 0.01000
train acc: 0.81250	 validation acc: 0.80664
14	1850	loss: 0.2885255515575409	lr: 0.01000
train acc: 0.93750	 validation acc: 0.81641
14	1900	loss: 0.5419663190841675	lr: 0.01000
train acc: 0.81250	 validation acc: 0.82227
14	1950	loss: 0.49695247411727905	lr: 0.01000
train acc: 0.87500	 validation acc: 0.80469
14	2000	loss: 0.6548200845718384	lr: 0.01000
train acc: 0.75000	 validation acc: 0.79688
14	2050	loss: 1.0678887367248535	lr: 0.01000
train acc: 0.68750	 validation acc: 0.83008
14	2100	loss: 0.6807003021240234	lr: 0.01000
train acc: 0.75000	 validation acc: 0.81250
14	2150	loss: 0.5157215595245361	lr: 0.01000
train acc: 0.81250	 validation acc: 0.80273
14	2200	loss: 0.6586791276931763	lr: 0.01000
train acc: 0.75000	 validation acc: 0.80469
14	2250	loss: 0.7802597284317017	lr: 0.01000
train acc: 0.81250	 validation acc: 0.79297
14	2300	loss: 0.5132520198822021	lr: 0.01000
train acc: 0.81250	 validation acc: 0.80664
14	2350	loss: 0.34819135069847107	lr: 0.01000
train acc: 0.87500	 validation acc: 0.79883
14	2400	loss: 0.349238783121109	lr: 0.01000
train acc: 0.93750	 validation acc: 0.81250
14	2450	loss: 0.28632473945617676	lr: 0.01000
train acc: 0.93750	 validation acc: 0.78320
14	2500	loss: 0.636408805847168	lr: 0.01000
train acc: 0.81250	 validation acc: 0.78516
14	2550	loss: 0.6678205132484436	lr: 0.01000
train acc: 0.81250	 validation acc: 0.82031
14	2600	loss: 0.5023088455200195	lr: 0.01000
train acc: 0.81250	 validation acc: 0.81836
14	2650	loss: 0.7325549125671387	lr: 0.01000
train acc: 0.81250	 validation acc: 0.81836
14	2700	loss: 0.32550087571144104	lr: 0.01000
train acc: 0.93750	 validation acc: 0.80273
14	2750	loss: 0.2962300479412079	lr: 0.01000
train acc: 0.81250	 validation acc: 0.80859
14	2800	loss: 0.8344526290893555	lr: 0.01000
train acc: 0.81250	 validation acc: 0.79883
14	2850	loss: 0.5341165661811829	lr: 0.01000
train acc: 0.81250	 validation acc: 0.81445
14	2900	loss: 0.4822608530521393	lr: 0.01000
train acc: 0.81250	 validation acc: 0.81445
14	2950	loss: 0.37990593910217285	lr: 0.01000
train acc: 0.93750	 validation acc: 0.78906
14	3000	loss: 0.4630962014198303	lr: 0.01000
train acc: 0.87500	 validation acc: 0.78711
14	3050	loss: 0.5578792095184326	lr: 0.01000
train acc: 0.75000	 validation acc: 0.80273
14	3100	loss: 0.8603068590164185	lr: 0.01000
train acc: 0.68750	 validation acc: 0.81836
epoch:  14	epoch acc: 0.812109375
15	0	loss: 0.2511930465698242	lr: 0.01000
train acc: 0.93750	 validation acc: 0.82031
15	50	loss: 1.3253986835479736	lr: 0.01000
train acc: 0.68750	 validation acc: 0.82031
15	100	loss: 0.9835256338119507	lr: 0.01000
train acc: 0.62500	 validation acc: 0.83203
15	150	loss: 0.9473457336425781	lr: 0.01000
train acc: 0.68750	 validation acc: 0.80859
15	200	loss: 0.733193576335907	lr: 0.01000
train acc: 0.68750	 validation acc: 0.83398
15	250	loss: 0.619455099105835	lr: 0.01000
train acc: 0.81250	 validation acc: 0.81055
15	300	loss: 0.4089747965335846	lr: 0.01000
train acc: 0.87500	 validation acc: 0.81445
15	350	loss: 0.680736780166626	lr: 0.01000
train acc: 0.68750	 validation acc: 0.82031
15	400	loss: 1.0534125566482544	lr: 0.01000
train acc: 0.62500	 validation acc: 0.81250
15	450	loss: 0.6253112554550171	lr: 0.01000
train acc: 0.75000	 validation acc: 0.80859
15	500	loss: 0.6288592219352722	lr: 0.01000
train acc: 0.68750	 validation acc: 0.82812
15	550	loss: 0.7998806238174438	lr: 0.01000
train acc: 0.75000	 validation acc: 0.80078
15	600	loss: 0.5360275506973267	lr: 0.01000
train acc: 0.75000	 validation acc: 0.83203
15	650	loss: 0.41821417212486267	lr: 0.01000
train acc: 0.87500	 validation acc: 0.79688
15	700	loss: 0.4147912859916687	lr: 0.01000
train acc: 0.93750	 validation acc: 0.80469
15	750	loss: 0.7006316781044006	lr: 0.01000
train acc: 0.68750	 validation acc: 0.82812
15	800	loss: 0.7827101945877075	lr: 0.01000
train acc: 0.62500	 validation acc: 0.81250
15	850	loss: 0.6264774799346924	lr: 0.01000
train acc: 0.75000	 validation acc: 0.81445
15	900	loss: 0.5208252668380737	lr: 0.01000
train acc: 0.75000	 validation acc: 0.81445
15	950	loss: 0.5522394180297852	lr: 0.01000
train acc: 0.75000	 validation acc: 0.81250
15	1000	loss: 0.967435359954834	lr: 0.01000
train acc: 0.62500	 validation acc: 0.77539
15	1050	loss: 0.9728583097457886	lr: 0.01000
train acc: 0.50000	 validation acc: 0.79688
15	1100	loss: 0.3191991150379181	lr: 0.01000
train acc: 0.81250	 validation acc: 0.80664
15	1150	loss: 0.505531907081604	lr: 0.01000
train acc: 0.81250	 validation acc: 0.79492
15	1200	loss: 0.43180978298187256	lr: 0.01000
train acc: 0.81250	 validation acc: 0.80078
15	1250	loss: 0.3836020231246948	lr: 0.01000
train acc: 0.87500	 validation acc: 0.81445
15	1300	loss: 0.6090237498283386	lr: 0.01000
train acc: 0.75000	 validation acc: 0.80664
15	1350	loss: 0.325265109539032	lr: 0.01000
train acc: 0.87500	 validation acc: 0.79883
15	1400	loss: 0.7539672255516052	lr: 0.01000
train acc: 0.75000	 validation acc: 0.81250
15	1450	loss: 1.0086841583251953	lr: 0.01000
train acc: 0.75000	 validation acc: 0.78711
15	1500	loss: 0.5659847259521484	lr: 0.01000
train acc: 0.68750	 validation acc: 0.81641
15	1550	loss: 0.328529953956604	lr: 0.01000
train acc: 0.93750	 validation acc: 0.78711
15	1600	loss: 0.6380921602249146	lr: 0.01000
train acc: 0.75000	 validation acc: 0.80859
15	1650	loss: 0.3354925811290741	lr: 0.01000
train acc: 0.87500	 validation acc: 0.79102
15	1700	loss: 0.4609769582748413	lr: 0.01000
train acc: 1.00000	 validation acc: 0.80664
15	1750	loss: 0.2927221655845642	lr: 0.01000
train acc: 0.87500	 validation acc: 0.79688
15	1800	loss: 0.3798219859600067	lr: 0.01000
train acc: 0.81250	 validation acc: 0.76172
15	1850	loss: 0.25244417786598206	lr: 0.01000
train acc: 0.93750	 validation acc: 0.82422
15	1900	loss: 0.5359477400779724	lr: 0.01000
train acc: 0.81250	 validation acc: 0.82031
15	1950	loss: 0.6581366658210754	lr: 0.01000
train acc: 0.81250	 validation acc: 0.81250
15	2000	loss: 0.5589211583137512	lr: 0.01000
train acc: 0.75000	 validation acc: 0.81055
15	2050	loss: 0.6566323637962341	lr: 0.01000
train acc: 0.68750	 validation acc: 0.77539
15	2100	loss: 0.5003430247306824	lr: 0.01000
train acc: 0.81250	 validation acc: 0.80078
15	2150	loss: 0.8190537095069885	lr: 0.01000
train acc: 0.75000	 validation acc: 0.82031
15	2200	loss: 0.9980980753898621	lr: 0.01000
train acc: 0.68750	 validation acc: 0.82227
15	2250	loss: 0.5927495956420898	lr: 0.01000
train acc: 0.81250	 validation acc: 0.79688
15	2300	loss: 0.7200172543525696	lr: 0.01000
train acc: 0.68750	 validation acc: 0.78906
15	2350	loss: 0.2898731827735901	lr: 0.01000
train acc: 0.87500	 validation acc: 0.82812
15	2400	loss: 0.4686564803123474	lr: 0.01000
train acc: 0.87500	 validation acc: 0.80664
15	2450	loss: 0.3141082525253296	lr: 0.01000
train acc: 0.93750	 validation acc: 0.79883
15	2500	loss: 0.7312385439872742	lr: 0.01000
train acc: 0.81250	 validation acc: 0.79883
15	2550	loss: 0.5983781218528748	lr: 0.01000
train acc: 0.87500	 validation acc: 0.82031
15	2600	loss: 0.4597477614879608	lr: 0.01000
train acc: 0.81250	 validation acc: 0.80859
15	2650	loss: 0.39609119296073914	lr: 0.01000
train acc: 0.93750	 validation acc: 0.79883
15	2700	loss: 0.3630315959453583	lr: 0.01000
train acc: 0.75000	 validation acc: 0.81445
15	2750	loss: 0.1889817863702774	lr: 0.01000
train acc: 0.93750	 validation acc: 0.77734
15	2800	loss: 0.8162849545478821	lr: 0.01000
train acc: 0.68750	 validation acc: 0.78711
15	2850	loss: 0.7365145087242126	lr: 0.01000
train acc: 0.75000	 validation acc: 0.79883
15	2900	loss: 0.4766259789466858	lr: 0.01000
train acc: 0.87500	 validation acc: 0.80859
15	2950	loss: 0.2871488034725189	lr: 0.01000
train acc: 0.87500	 validation acc: 0.81250
15	3000	loss: 0.43097901344299316	lr: 0.01000
train acc: 0.87500	 validation acc: 0.80664
15	3050	loss: 0.8970813155174255	lr: 0.01000
train acc: 0.62500	 validation acc: 0.80273
15	3100	loss: 0.6373391151428223	lr: 0.01000
train acc: 0.87500	 validation acc: 0.80469
epoch:  15	epoch acc: 0.7998697916666667
Training time:1930
ILV: {'loss': 0.0021477136041737647, 'train': 0.0031037239291156287, 'val': 0.0031355272638375134}
EFR: {'loss': 0.04568691589585718, 'train': 0.1226962006592855, 'val': 0.038203976694222166}
Accuracy: 0.7998697916666667
