nohup: ignoring input
0	0	loss: 2.2979981899261475	lr: 0.10000
train acc: 0.14062	 validation acc: 0.10547
0	50	loss: 2.167790651321411	lr: 0.10000
train acc: 0.18750	 validation acc: 0.21484
0	100	loss: 2.11398983001709	lr: 0.10000
train acc: 0.17188	 validation acc: 0.22070
0	150	loss: 1.9825161695480347	lr: 0.10000
train acc: 0.21875	 validation acc: 0.26953
0	200	loss: 1.8720604181289673	lr: 0.10000
train acc: 0.28125	 validation acc: 0.24219
0	250	loss: 1.9863065481185913	lr: 0.10000
train acc: 0.21875	 validation acc: 0.27539
0	300	loss: 1.828750729560852	lr: 0.10000
train acc: 0.17188	 validation acc: 0.35352
0	350	loss: 1.7754499912261963	lr: 0.10000
train acc: 0.34375	 validation acc: 0.27930
0	400	loss: 1.723325490951538	lr: 0.10000
train acc: 0.48438	 validation acc: 0.34961
0	450	loss: 1.6143302917480469	lr: 0.10000
train acc: 0.37500	 validation acc: 0.36914
0	500	loss: 1.8193120956420898	lr: 0.10000
train acc: 0.23438	 validation acc: 0.39062
0	550	loss: 1.5593054294586182	lr: 0.10000
train acc: 0.35938	 validation acc: 0.35742
0	600	loss: 1.8699229955673218	lr: 0.10000
train acc: 0.35938	 validation acc: 0.38672
0	650	loss: 1.6642132997512817	lr: 0.10000
train acc: 0.37500	 validation acc: 0.43164
0	700	loss: 1.609059453010559	lr: 0.10000
train acc: 0.31250	 validation acc: 0.37695
0	750	loss: 2.1446480751037598	lr: 0.10000
train acc: 0.23438	 validation acc: 0.37891
epoch:   0	epoch acc: 0.384765625
1	0	loss: 1.7565054893493652	lr: 0.10000
train acc: 0.39062	 validation acc: 0.39844
1	50	loss: 1.7986221313476562	lr: 0.10000
train acc: 0.43750	 validation acc: 0.41211
1	100	loss: 1.669363021850586	lr: 0.10000
train acc: 0.46875	 validation acc: 0.39648
1	150	loss: 1.8415192365646362	lr: 0.10000
train acc: 0.29688	 validation acc: 0.42773
1	200	loss: 1.4741511344909668	lr: 0.10000
train acc: 0.42188	 validation acc: 0.43359
1	250	loss: 1.6967780590057373	lr: 0.10000
train acc: 0.39062	 validation acc: 0.43750
1	300	loss: 1.6016027927398682	lr: 0.10000
train acc: 0.39062	 validation acc: 0.50391
1	350	loss: 1.6006319522857666	lr: 0.10000
train acc: 0.34375	 validation acc: 0.37891
1	400	loss: 1.4770663976669312	lr: 0.10000
train acc: 0.50000	 validation acc: 0.47070
1	450	loss: 1.2734113931655884	lr: 0.10000
train acc: 0.57812	 validation acc: 0.46484
1	500	loss: 1.5111334323883057	lr: 0.10000
train acc: 0.40625	 validation acc: 0.48828
1	550	loss: 1.273899793624878	lr: 0.10000
train acc: 0.57812	 validation acc: 0.50000
1	600	loss: 1.488016963005066	lr: 0.10000
train acc: 0.45312	 validation acc: 0.47852
1	650	loss: 1.3249962329864502	lr: 0.10000
train acc: 0.51562	 validation acc: 0.49023
1	700	loss: 1.5139579772949219	lr: 0.10000
train acc: 0.35938	 validation acc: 0.48828
1	750	loss: 1.903382658958435	lr: 0.10000
train acc: 0.31250	 validation acc: 0.51758
epoch:   1	epoch acc: 0.4608072916666667
2	0	loss: 1.435154676437378	lr: 0.10000
train acc: 0.45312	 validation acc: 0.45703
2	50	loss: 1.4648381471633911	lr: 0.10000
train acc: 0.50000	 validation acc: 0.51172
2	100	loss: 1.4678820371627808	lr: 0.10000
train acc: 0.43750	 validation acc: 0.48633
2	150	loss: 1.709005355834961	lr: 0.10000
train acc: 0.40625	 validation acc: 0.53125
2	200	loss: 1.3199183940887451	lr: 0.10000
train acc: 0.45312	 validation acc: 0.48242
2	250	loss: 1.3114312887191772	lr: 0.10000
train acc: 0.53125	 validation acc: 0.50977
2	300	loss: 1.3581987619400024	lr: 0.10000
train acc: 0.50000	 validation acc: 0.49609
2	350	loss: 1.515758991241455	lr: 0.10000
train acc: 0.35938	 validation acc: 0.53516
2	400	loss: 1.4317625761032104	lr: 0.10000
train acc: 0.53125	 validation acc: 0.53906
2	450	loss: 0.994951069355011	lr: 0.10000
train acc: 0.65625	 validation acc: 0.52539
2	500	loss: 1.4434751272201538	lr: 0.10000
train acc: 0.42188	 validation acc: 0.54688
2	550	loss: 1.1157186031341553	lr: 0.10000
train acc: 0.64062	 validation acc: 0.58008
2	600	loss: 1.2936676740646362	lr: 0.10000
train acc: 0.51562	 validation acc: 0.54102
2	650	loss: 1.0724855661392212	lr: 0.10000
train acc: 0.67188	 validation acc: 0.56641
2	700	loss: 1.4936927556991577	lr: 0.10000
train acc: 0.45312	 validation acc: 0.61328
2	750	loss: 1.5816540718078613	lr: 0.10000
train acc: 0.45312	 validation acc: 0.60938
epoch:   2	epoch acc: 0.583203125
3	0	loss: 1.3078855276107788	lr: 0.10000
train acc: 0.59375	 validation acc: 0.56445
3	50	loss: 1.2163735628128052	lr: 0.10000
train acc: 0.65625	 validation acc: 0.57422
3	100	loss: 1.420064926147461	lr: 0.10000
train acc: 0.51562	 validation acc: 0.58008
3	150	loss: 1.2349321842193604	lr: 0.10000
train acc: 0.60938	 validation acc: 0.58398
3	200	loss: 1.0471906661987305	lr: 0.10000
train acc: 0.50000	 validation acc: 0.58789
3	250	loss: 1.2446255683898926	lr: 0.10000
train acc: 0.53125	 validation acc: 0.58008
3	300	loss: 1.0219835042953491	lr: 0.10000
train acc: 0.64062	 validation acc: 0.61133
3	350	loss: 1.4917882680892944	lr: 0.10000
train acc: 0.46875	 validation acc: 0.62109
3	400	loss: 1.3051656484603882	lr: 0.10000
train acc: 0.53125	 validation acc: 0.58594
3	450	loss: 0.9429107904434204	lr: 0.10000
train acc: 0.71875	 validation acc: 0.61719
3	500	loss: 1.3014556169509888	lr: 0.10000
train acc: 0.48438	 validation acc: 0.62305
3	550	loss: 0.9994438886642456	lr: 0.10000
train acc: 0.59375	 validation acc: 0.62305
3	600	loss: 1.1352180242538452	lr: 0.10000
train acc: 0.65625	 validation acc: 0.60938
3	650	loss: 1.006937861442566	lr: 0.10000
train acc: 0.56250	 validation acc: 0.57422
3	700	loss: 1.0857354402542114	lr: 0.10000
train acc: 0.57812	 validation acc: 0.61133
3	750	loss: 1.636242389678955	lr: 0.10000
train acc: 0.54688	 validation acc: 0.59766
epoch:   3	epoch acc: 0.612109375
4	0	loss: 1.1599448919296265	lr: 0.10000
train acc: 0.65625	 validation acc: 0.58398
4	50	loss: 1.1509002447128296	lr: 0.10000
train acc: 0.65625	 validation acc: 0.62109
4	100	loss: 1.0355345010757446	lr: 0.10000
train acc: 0.65625	 validation acc: 0.65820
4	150	loss: 1.0695925951004028	lr: 0.10000
train acc: 0.57812	 validation acc: 0.64453
4	200	loss: 0.7501611709594727	lr: 0.10000
train acc: 0.75000	 validation acc: 0.60742
4	250	loss: 1.0070616006851196	lr: 0.10000
train acc: 0.68750	 validation acc: 0.64648
4	300	loss: 1.1027014255523682	lr: 0.10000
train acc: 0.60938	 validation acc: 0.63477
4	350	loss: 1.035844087600708	lr: 0.10000
train acc: 0.62500	 validation acc: 0.66797
4	400	loss: 1.264159917831421	lr: 0.10000
train acc: 0.53125	 validation acc: 0.62695
4	450	loss: 0.9058544039726257	lr: 0.10000
train acc: 0.71875	 validation acc: 0.63281
4	500	loss: 1.223309874534607	lr: 0.10000
train acc: 0.53125	 validation acc: 0.68945
4	550	loss: 0.9438422322273254	lr: 0.10000
train acc: 0.62500	 validation acc: 0.63672
4	600	loss: 0.9526281356811523	lr: 0.10000
train acc: 0.75000	 validation acc: 0.68945
4	650	loss: 1.060868740081787	lr: 0.10000
train acc: 0.56250	 validation acc: 0.58398
4	700	loss: 1.158036708831787	lr: 0.10000
train acc: 0.59375	 validation acc: 0.64258
4	750	loss: 1.0237312316894531	lr: 0.10000
train acc: 0.68750	 validation acc: 0.67773
epoch:   4	epoch acc: 0.6486979166666667
5	0	loss: 1.1216139793395996	lr: 0.10000
train acc: 0.57812	 validation acc: 0.68359
5	50	loss: 0.9760140180587769	lr: 0.10000
train acc: 0.67188	 validation acc: 0.66406
5	100	loss: 0.9944032430648804	lr: 0.10000
train acc: 0.65625	 validation acc: 0.66797
5	150	loss: 1.1209079027175903	lr: 0.10000
train acc: 0.56250	 validation acc: 0.68359
5	200	loss: 0.6955612301826477	lr: 0.10000
train acc: 0.73438	 validation acc: 0.69336
5	250	loss: 0.9868753552436829	lr: 0.10000
train acc: 0.68750	 validation acc: 0.64453
5	300	loss: 0.8751838803291321	lr: 0.10000
train acc: 0.70312	 validation acc: 0.65234
5	350	loss: 1.0074143409729004	lr: 0.10000
train acc: 0.60938	 validation acc: 0.62891
5	400	loss: 1.1281110048294067	lr: 0.10000
train acc: 0.56250	 validation acc: 0.64844
5	450	loss: 0.978965699672699	lr: 0.10000
train acc: 0.64062	 validation acc: 0.72266
5	500	loss: 1.2571077346801758	lr: 0.10000
train acc: 0.54688	 validation acc: 0.68164
5	550	loss: 1.1271430253982544	lr: 0.10000
train acc: 0.57812	 validation acc: 0.68750
5	600	loss: 1.022500991821289	lr: 0.10000
train acc: 0.62500	 validation acc: 0.67773
5	650	loss: 0.8306723237037659	lr: 0.10000
train acc: 0.73438	 validation acc: 0.73047
5	700	loss: 1.262622594833374	lr: 0.10000
train acc: 0.54688	 validation acc: 0.66016
5	750	loss: 1.1928718090057373	lr: 0.10000
train acc: 0.64062	 validation acc: 0.68359
epoch:   5	epoch acc: 0.647265625
6	0	loss: 0.9968618154525757	lr: 0.10000
train acc: 0.65625	 validation acc: 0.62305
6	50	loss: 0.7939770221710205	lr: 0.10000
train acc: 0.76562	 validation acc: 0.67773
6	100	loss: 0.8833838105201721	lr: 0.10000
train acc: 0.70312	 validation acc: 0.72852
6	150	loss: 0.9104003310203552	lr: 0.10000
train acc: 0.67188	 validation acc: 0.69727
6	200	loss: 0.8693357110023499	lr: 0.10000
train acc: 0.68750	 validation acc: 0.68555
6	250	loss: 0.8773607015609741	lr: 0.10000
train acc: 0.75000	 validation acc: 0.69531
6	300	loss: 0.9904224276542664	lr: 0.10000
train acc: 0.64062	 validation acc: 0.64453
6	350	loss: 0.9725887179374695	lr: 0.10000
train acc: 0.59375	 validation acc: 0.70312
6	400	loss: 0.983730137348175	lr: 0.10000
train acc: 0.67188	 validation acc: 0.69531
6	450	loss: 0.9636355042457581	lr: 0.10000
train acc: 0.65625	 validation acc: 0.63867
6	500	loss: 1.1612266302108765	lr: 0.10000
train acc: 0.65625	 validation acc: 0.68945
6	550	loss: 0.7384231686592102	lr: 0.10000
train acc: 0.73438	 validation acc: 0.68750
6	600	loss: 1.0581412315368652	lr: 0.10000
train acc: 0.62500	 validation acc: 0.69922
6	650	loss: 1.063157558441162	lr: 0.10000
train acc: 0.54688	 validation acc: 0.69727
6	700	loss: 1.154116153717041	lr: 0.10000
train acc: 0.57812	 validation acc: 0.66211
6	750	loss: 1.1467043161392212	lr: 0.10000
train acc: 0.57812	 validation acc: 0.69141
epoch:   6	epoch acc: 0.6760416666666667
7	0	loss: 0.878585159778595	lr: 0.10000
train acc: 0.70312	 validation acc: 0.65234
7	50	loss: 0.8464998006820679	lr: 0.10000
train acc: 0.65625	 validation acc: 0.68359
7	100	loss: 0.7979018092155457	lr: 0.10000
train acc: 0.64062	 validation acc: 0.70898
7	150	loss: 1.058765172958374	lr: 0.10000
train acc: 0.62500	 validation acc: 0.68555
7	200	loss: 0.9807218313217163	lr: 0.10000
train acc: 0.59375	 validation acc: 0.66797
7	250	loss: 0.8405236005783081	lr: 0.10000
train acc: 0.76562	 validation acc: 0.70508
7	300	loss: 0.8759791254997253	lr: 0.10000
train acc: 0.75000	 validation acc: 0.68555
7	350	loss: 0.9620290994644165	lr: 0.10000
train acc: 0.64062	 validation acc: 0.72656
7	400	loss: 0.8337509632110596	lr: 0.10000
train acc: 0.71875	 validation acc: 0.71484
7	450	loss: 0.7651812434196472	lr: 0.10000
train acc: 0.73438	 validation acc: 0.71680
7	500	loss: 1.4674274921417236	lr: 0.10000
train acc: 0.51562	 validation acc: 0.69727
7	550	loss: 0.8286992907524109	lr: 0.10000
train acc: 0.75000	 validation acc: 0.72656
7	600	loss: 0.8025562167167664	lr: 0.10000
train acc: 0.67188	 validation acc: 0.71289
7	650	loss: 0.8290454745292664	lr: 0.10000
train acc: 0.65625	 validation acc: 0.70117
7	700	loss: 1.0066405534744263	lr: 0.10000
train acc: 0.68750	 validation acc: 0.70312
7	750	loss: 1.2146453857421875	lr: 0.10000
train acc: 0.60938	 validation acc: 0.70508
epoch:   7	epoch acc: 0.675
8	0	loss: 0.91791832447052	lr: 0.10000
train acc: 0.75000	 validation acc: 0.67578
8	50	loss: 0.815180778503418	lr: 0.10000
train acc: 0.76562	 validation acc: 0.72266
8	100	loss: 1.0194445848464966	lr: 0.10000
train acc: 0.67188	 validation acc: 0.73047
8	150	loss: 0.9533709287643433	lr: 0.10000
train acc: 0.64062	 validation acc: 0.73242
8	200	loss: 0.6766347885131836	lr: 0.10000
train acc: 0.78125	 validation acc: 0.69727
8	250	loss: 0.7498483657836914	lr: 0.10000
train acc: 0.78125	 validation acc: 0.68164
8	300	loss: 0.8471493721008301	lr: 0.10000
train acc: 0.70312	 validation acc: 0.69922
8	350	loss: 1.0022066831588745	lr: 0.10000
train acc: 0.62500	 validation acc: 0.71289
8	400	loss: 0.9545783400535583	lr: 0.10000
train acc: 0.70312	 validation acc: 0.72070
8	450	loss: 0.7400214076042175	lr: 0.10000
train acc: 0.71875	 validation acc: 0.72852
8	500	loss: 1.0651981830596924	lr: 0.10000
train acc: 0.62500	 validation acc: 0.74219
8	550	loss: 0.7087495923042297	lr: 0.10000
train acc: 0.78125	 validation acc: 0.73438
8	600	loss: 0.7862362861633301	lr: 0.10000
train acc: 0.68750	 validation acc: 0.72852
8	650	loss: 0.6880203485488892	lr: 0.10000
train acc: 0.82812	 validation acc: 0.72070
8	700	loss: 1.0114387273788452	lr: 0.10000
train acc: 0.65625	 validation acc: 0.70898
8	750	loss: 0.9677757620811462	lr: 0.10000
train acc: 0.68750	 validation acc: 0.72266
epoch:   8	epoch acc: 0.6688802083333333
9	0	loss: 0.9397353529930115	lr: 0.10000
train acc: 0.70312	 validation acc: 0.66016
9	50	loss: 0.7819314002990723	lr: 0.10000
train acc: 0.68750	 validation acc: 0.72852
9	100	loss: 0.7871999144554138	lr: 0.10000
train acc: 0.70312	 validation acc: 0.73633
9	150	loss: 0.999363124370575	lr: 0.10000
train acc: 0.71875	 validation acc: 0.74414
9	200	loss: 0.8986551761627197	lr: 0.10000
train acc: 0.68750	 validation acc: 0.69727
9	250	loss: 0.839842677116394	lr: 0.10000
train acc: 0.78125	 validation acc: 0.70312
9	300	loss: 0.8821179270744324	lr: 0.10000
train acc: 0.70312	 validation acc: 0.71484
9	350	loss: 0.9494811296463013	lr: 0.10000
train acc: 0.59375	 validation acc: 0.71484
9	400	loss: 0.8948062658309937	lr: 0.10000
train acc: 0.67188	 validation acc: 0.74805
9	450	loss: 0.728476345539093	lr: 0.10000
train acc: 0.76562	 validation acc: 0.74023
9	500	loss: 1.0292876958847046	lr: 0.10000
train acc: 0.64062	 validation acc: 0.75195
9	550	loss: 0.8309418559074402	lr: 0.10000
train acc: 0.75000	 validation acc: 0.73242
9	600	loss: 0.8062145113945007	lr: 0.10000
train acc: 0.76562	 validation acc: 0.69141
9	650	loss: 0.9983575344085693	lr: 0.10000
train acc: 0.67188	 validation acc: 0.71875
9	700	loss: 1.1015355587005615	lr: 0.10000
train acc: 0.60938	 validation acc: 0.71680
9	750	loss: 1.2943042516708374	lr: 0.10000
train acc: 0.64062	 validation acc: 0.73828
epoch:   9	epoch acc: 0.6983072916666667
10	0	loss: 1.0838261842727661	lr: 0.01000
train acc: 0.68750	 validation acc: 0.67969
10	50	loss: 0.5891579985618591	lr: 0.01000
train acc: 0.78125	 validation acc: 0.78125
10	100	loss: 0.5835515856742859	lr: 0.01000
train acc: 0.79688	 validation acc: 0.80273
10	150	loss: 0.6733424663543701	lr: 0.01000
train acc: 0.79688	 validation acc: 0.79688
10	200	loss: 0.5213679075241089	lr: 0.01000
train acc: 0.79688	 validation acc: 0.80078
10	250	loss: 0.5077848434448242	lr: 0.01000
train acc: 0.84375	 validation acc: 0.79883
10	300	loss: 0.575438916683197	lr: 0.01000
train acc: 0.78125	 validation acc: 0.81055
10	350	loss: 0.5695128440856934	lr: 0.01000
train acc: 0.78125	 validation acc: 0.80859
10	400	loss: 0.6486942768096924	lr: 0.01000
train acc: 0.73438	 validation acc: 0.80664
10	450	loss: 0.37886813282966614	lr: 0.01000
train acc: 0.87500	 validation acc: 0.82031
10	500	loss: 0.757053554058075	lr: 0.01000
train acc: 0.71875	 validation acc: 0.81250
10	550	loss: 0.5623471736907959	lr: 0.01000
train acc: 0.81250	 validation acc: 0.82812
10	600	loss: 0.5619715452194214	lr: 0.01000
train acc: 0.79688	 validation acc: 0.82422
10	650	loss: 0.568625271320343	lr: 0.01000
train acc: 0.79688	 validation acc: 0.83594
10	700	loss: 0.6675551533699036	lr: 0.01000
train acc: 0.78125	 validation acc: 0.81641
10	750	loss: 0.6738175749778748	lr: 0.01000
train acc: 0.81250	 validation acc: 0.81641
epoch:  10	epoch acc: 0.8173177083333333
11	0	loss: 0.42272987961769104	lr: 0.01000
train acc: 0.87500	 validation acc: 0.83398
11	50	loss: 0.40898770093917847	lr: 0.01000
train acc: 0.82812	 validation acc: 0.82422
11	100	loss: 0.5532726049423218	lr: 0.01000
train acc: 0.78125	 validation acc: 0.81836
11	150	loss: 0.46544235944747925	lr: 0.01000
train acc: 0.85938	 validation acc: 0.81250
11	200	loss: 0.3336549401283264	lr: 0.01000
train acc: 0.90625	 validation acc: 0.81250
11	250	loss: 0.5795952081680298	lr: 0.01000
train acc: 0.85938	 validation acc: 0.82617
11	300	loss: 0.5074818134307861	lr: 0.01000
train acc: 0.82812	 validation acc: 0.83594
11	350	loss: 0.45598500967025757	lr: 0.01000
train acc: 0.79688	 validation acc: 0.83398
11	400	loss: 0.5271749496459961	lr: 0.01000
train acc: 0.78125	 validation acc: 0.82227
11	450	loss: 0.3127624988555908	lr: 0.01000
train acc: 0.89062	 validation acc: 0.84375
11	500	loss: 0.7291937470436096	lr: 0.01000
train acc: 0.70312	 validation acc: 0.83984
11	550	loss: 0.5037878751754761	lr: 0.01000
train acc: 0.82812	 validation acc: 0.83594
11	600	loss: 0.40081101655960083	lr: 0.01000
train acc: 0.84375	 validation acc: 0.84570
11	650	loss: 0.4304553270339966	lr: 0.01000
train acc: 0.81250	 validation acc: 0.85938
11	700	loss: 0.5489993691444397	lr: 0.01000
train acc: 0.79688	 validation acc: 0.84180
11	750	loss: 0.6975674033164978	lr: 0.01000
train acc: 0.84375	 validation acc: 0.83594
epoch:  11	epoch acc: 0.8302083333333333
12	0	loss: 0.4359595775604248	lr: 0.01000
train acc: 0.87500	 validation acc: 0.84375
12	50	loss: 0.32415759563446045	lr: 0.01000
train acc: 0.85938	 validation acc: 0.83398
12	100	loss: 0.3821396231651306	lr: 0.01000
train acc: 0.87500	 validation acc: 0.84180
12	150	loss: 0.4894324243068695	lr: 0.01000
train acc: 0.85938	 validation acc: 0.84961
12	200	loss: 0.3976040482521057	lr: 0.01000
train acc: 0.87500	 validation acc: 0.84766
12	250	loss: 0.4464089274406433	lr: 0.01000
train acc: 0.87500	 validation acc: 0.84570
12	300	loss: 0.40196317434310913	lr: 0.01000
train acc: 0.85938	 validation acc: 0.85156
12	350	loss: 0.47260305285453796	lr: 0.01000
train acc: 0.79688	 validation acc: 0.84375
12	400	loss: 0.4871424734592438	lr: 0.01000
train acc: 0.81250	 validation acc: 0.83008
12	450	loss: 0.3653634488582611	lr: 0.01000
train acc: 0.84375	 validation acc: 0.84375
12	500	loss: 0.5535591244697571	lr: 0.01000
train acc: 0.81250	 validation acc: 0.84375
12	550	loss: 0.4159897267818451	lr: 0.01000
train acc: 0.85938	 validation acc: 0.84180
12	600	loss: 0.4940960109233856	lr: 0.01000
train acc: 0.79688	 validation acc: 0.84180
12	650	loss: 0.34468716382980347	lr: 0.01000
train acc: 0.84375	 validation acc: 0.85156
12	700	loss: 0.49227985739707947	lr: 0.01000
train acc: 0.78125	 validation acc: 0.84570
12	750	loss: 0.7115037441253662	lr: 0.01000
train acc: 0.79688	 validation acc: 0.85156
epoch:  12	epoch acc: 0.8334635416666667
13	0	loss: 0.44862279295921326	lr: 0.01000
train acc: 0.82812	 validation acc: 0.84570
13	50	loss: 0.33188435435295105	lr: 0.01000
train acc: 0.84375	 validation acc: 0.84766
13	100	loss: 0.3776742219924927	lr: 0.01000
train acc: 0.85938	 validation acc: 0.85547
13	150	loss: 0.4406975209712982	lr: 0.01000
train acc: 0.85938	 validation acc: 0.85742
13	200	loss: 0.32360130548477173	lr: 0.01000
train acc: 0.92188	 validation acc: 0.85547
13	250	loss: 0.3717326819896698	lr: 0.01000
train acc: 0.93750	 validation acc: 0.84375
13	300	loss: 0.40716493129730225	lr: 0.01000
train acc: 0.84375	 validation acc: 0.86523
13	350	loss: 0.4483606815338135	lr: 0.01000
train acc: 0.84375	 validation acc: 0.84766
13	400	loss: 0.5042489171028137	lr: 0.01000
train acc: 0.81250	 validation acc: 0.84180
13	450	loss: 0.28505179286003113	lr: 0.01000
train acc: 0.89062	 validation acc: 0.85742
13	500	loss: 0.631597638130188	lr: 0.01000
train acc: 0.79688	 validation acc: 0.85352
13	550	loss: 0.34707120060920715	lr: 0.01000
train acc: 0.85938	 validation acc: 0.84570
13	600	loss: 0.4694848954677582	lr: 0.01000
train acc: 0.79688	 validation acc: 0.84961
13	650	loss: 0.3821635842323303	lr: 0.01000
train acc: 0.85938	 validation acc: 0.86523
13	700	loss: 0.411941796541214	lr: 0.01000
train acc: 0.85938	 validation acc: 0.85352
13	750	loss: 0.3746618628501892	lr: 0.01000
train acc: 0.89062	 validation acc: 0.85547
epoch:  13	epoch acc: 0.8395833333333333
14	0	loss: 0.3427169620990753	lr: 0.01000
train acc: 0.89062	 validation acc: 0.85352
14	50	loss: 0.28931137919425964	lr: 0.01000
train acc: 0.87500	 validation acc: 0.86719
14	100	loss: 0.41069602966308594	lr: 0.01000
train acc: 0.85938	 validation acc: 0.87109
14	150	loss: 0.3873154819011688	lr: 0.01000
train acc: 0.89062	 validation acc: 0.86133
14	200	loss: 0.41962048411369324	lr: 0.01000
train acc: 0.87500	 validation acc: 0.85547
14	250	loss: 0.39659714698791504	lr: 0.01000
train acc: 0.89062	 validation acc: 0.86133
14	300	loss: 0.3891327381134033	lr: 0.01000
train acc: 0.89062	 validation acc: 0.86328
14	350	loss: 0.44211116433143616	lr: 0.01000
train acc: 0.82812	 validation acc: 0.86328
14	400	loss: 0.49130237102508545	lr: 0.01000
train acc: 0.79688	 validation acc: 0.87109
14	450	loss: 0.3398940861225128	lr: 0.01000
train acc: 0.87500	 validation acc: 0.86914
14	500	loss: 0.5514975786209106	lr: 0.01000
train acc: 0.79688	 validation acc: 0.86328
14	550	loss: 0.3206595182418823	lr: 0.01000
train acc: 0.87500	 validation acc: 0.84180
14	600	loss: 0.359671413898468	lr: 0.01000
train acc: 0.85938	 validation acc: 0.85547
14	650	loss: 0.4633021950721741	lr: 0.01000
train acc: 0.79688	 validation acc: 0.86523
14	700	loss: 0.3517794907093048	lr: 0.01000
train acc: 0.87500	 validation acc: 0.85742
14	750	loss: 0.4583670496940613	lr: 0.01000
train acc: 0.92188	 validation acc: 0.86328
epoch:  14	epoch acc: 0.8479166666666667
15	0	loss: 0.30076950788497925	lr: 0.01000
train acc: 0.89062	 validation acc: 0.86914
15	50	loss: 0.20712526142597198	lr: 0.01000
train acc: 0.93750	 validation acc: 0.87109
15	100	loss: 0.31497567892074585	lr: 0.01000
train acc: 0.93750	 validation acc: 0.87305
15	150	loss: 0.32963040471076965	lr: 0.01000
train acc: 0.90625	 validation acc: 0.86914
15	200	loss: 0.3790215253829956	lr: 0.01000
train acc: 0.85938	 validation acc: 0.86328
15	250	loss: 0.39528799057006836	lr: 0.01000
train acc: 0.89062	 validation acc: 0.86523
15	300	loss: 0.4138610064983368	lr: 0.01000
train acc: 0.89062	 validation acc: 0.87500
15	350	loss: 0.3724988102912903	lr: 0.01000
train acc: 0.85938	 validation acc: 0.86328
15	400	loss: 0.4465275704860687	lr: 0.01000
train acc: 0.84375	 validation acc: 0.87305
15	450	loss: 0.2619558572769165	lr: 0.01000
train acc: 0.90625	 validation acc: 0.87695
15	500	loss: 0.5894019603729248	lr: 0.01000
train acc: 0.78125	 validation acc: 0.85547
15	550	loss: 0.2737484872341156	lr: 0.01000
train acc: 0.92188	 validation acc: 0.85938
15	600	loss: 0.3398686647415161	lr: 0.01000
train acc: 0.87500	 validation acc: 0.87109
15	650	loss: 0.2974134683609009	lr: 0.01000
train acc: 0.90625	 validation acc: 0.86914
15	700	loss: 0.40178829431533813	lr: 0.01000
train acc: 0.85938	 validation acc: 0.86133
15	750	loss: 0.4341505169868469	lr: 0.01000
train acc: 0.85938	 validation acc: 0.87500
epoch:  15	epoch acc: 0.8510416666666667
16	0	loss: 0.28313714265823364	lr: 0.01000
train acc: 0.92188	 validation acc: 0.86523
16	50	loss: 0.285034716129303	lr: 0.01000
train acc: 0.87500	 validation acc: 0.87500
16	100	loss: 0.32518863677978516	lr: 0.01000
train acc: 0.92188	 validation acc: 0.88672
16	150	loss: 0.3137323260307312	lr: 0.01000
train acc: 0.92188	 validation acc: 0.88086
16	200	loss: 0.26753634214401245	lr: 0.01000
train acc: 0.90625	 validation acc: 0.86914
16	250	loss: 0.3647576570510864	lr: 0.01000
train acc: 0.90625	 validation acc: 0.86328
16	300	loss: 0.3127865493297577	lr: 0.01000
train acc: 0.93750	 validation acc: 0.87695
16	350	loss: 0.35459086298942566	lr: 0.01000
train acc: 0.89062	 validation acc: 0.85938
16	400	loss: 0.3516915738582611	lr: 0.01000
train acc: 0.87500	 validation acc: 0.86523
16	450	loss: 0.2992856800556183	lr: 0.01000
train acc: 0.90625	 validation acc: 0.87500
16	500	loss: 0.5674128532409668	lr: 0.01000
train acc: 0.79688	 validation acc: 0.85547
16	550	loss: 0.3049188256263733	lr: 0.01000
train acc: 0.87500	 validation acc: 0.85547
16	600	loss: 0.47587233781814575	lr: 0.01000
train acc: 0.79688	 validation acc: 0.85742
16	650	loss: 0.3256085515022278	lr: 0.01000
train acc: 0.87500	 validation acc: 0.87305
16	700	loss: 0.5374259352684021	lr: 0.01000
train acc: 0.81250	 validation acc: 0.85742
16	750	loss: 0.37295547127723694	lr: 0.01000
train acc: 0.90625	 validation acc: 0.85547
epoch:  16	epoch acc: 0.8516927083333333
17	0	loss: 0.24775484204292297	lr: 0.01000
train acc: 0.92188	 validation acc: 0.86523
17	50	loss: 0.270228773355484	lr: 0.01000
train acc: 0.90625	 validation acc: 0.87500
17	100	loss: 0.34642747044563293	lr: 0.01000
train acc: 0.90625	 validation acc: 0.87109
17	150	loss: 0.3395567536354065	lr: 0.01000
train acc: 0.90625	 validation acc: 0.86719
17	200	loss: 0.2536694407463074	lr: 0.01000
train acc: 0.92188	 validation acc: 0.86523
17	250	loss: 0.287008136510849	lr: 0.01000
train acc: 0.90625	 validation acc: 0.86914
17	300	loss: 0.34841543436050415	lr: 0.01000
train acc: 0.89062	 validation acc: 0.87109
17	350	loss: 0.3551616668701172	lr: 0.01000
train acc: 0.89062	 validation acc: 0.88281
17	400	loss: 0.46004730463027954	lr: 0.01000
train acc: 0.79688	 validation acc: 0.86914
17	450	loss: 0.2502654790878296	lr: 0.01000
train acc: 0.90625	 validation acc: 0.88086
17	500	loss: 0.4974457323551178	lr: 0.01000
train acc: 0.81250	 validation acc: 0.87109
17	550	loss: 0.2973038852214813	lr: 0.01000
train acc: 0.92188	 validation acc: 0.84375
17	600	loss: 0.3969837427139282	lr: 0.01000
train acc: 0.85938	 validation acc: 0.88867
17	650	loss: 0.19214661419391632	lr: 0.01000
train acc: 0.92188	 validation acc: 0.87891
17	700	loss: 0.4157305955886841	lr: 0.01000
train acc: 0.89062	 validation acc: 0.85547
17	750	loss: 0.30244767665863037	lr: 0.01000
train acc: 0.84375	 validation acc: 0.85547
epoch:  17	epoch acc: 0.84375
18	0	loss: 0.3230275511741638	lr: 0.01000
train acc: 0.90625	 validation acc: 0.86133
18	50	loss: 0.22182323038578033	lr: 0.01000
train acc: 0.92188	 validation acc: 0.87695
18	100	loss: 0.27434784173965454	lr: 0.01000
train acc: 0.90625	 validation acc: 0.87109
18	150	loss: 0.31268006563186646	lr: 0.01000
train acc: 0.87500	 validation acc: 0.86133
18	200	loss: 0.3078409433364868	lr: 0.01000
train acc: 0.89062	 validation acc: 0.86719
18	250	loss: 0.2981511950492859	lr: 0.01000
train acc: 0.92188	 validation acc: 0.86914
18	300	loss: 0.3648114800453186	lr: 0.01000
train acc: 0.85938	 validation acc: 0.87109
18	350	loss: 0.3318304419517517	lr: 0.01000
train acc: 0.85938	 validation acc: 0.86523
18	400	loss: 0.34722647070884705	lr: 0.01000
train acc: 0.90625	 validation acc: 0.88477
18	450	loss: 0.20027002692222595	lr: 0.01000
train acc: 0.92188	 validation acc: 0.88867
18	500	loss: 0.42241016030311584	lr: 0.01000
train acc: 0.84375	 validation acc: 0.86523
18	550	loss: 0.2552625238895416	lr: 0.01000
train acc: 0.92188	 validation acc: 0.86328
18	600	loss: 0.40340352058410645	lr: 0.01000
train acc: 0.81250	 validation acc: 0.85547
18	650	loss: 0.2680322825908661	lr: 0.01000
train acc: 0.87500	 validation acc: 0.85742
18	700	loss: 0.3477843701839447	lr: 0.01000
train acc: 0.87500	 validation acc: 0.86914
18	750	loss: 0.49314582347869873	lr: 0.01000
train acc: 0.79688	 validation acc: 0.86133
epoch:  18	epoch acc: 0.8540364583333333
19	0	loss: 0.20586393773555756	lr: 0.00100
train acc: 0.92188	 validation acc: 0.88281
19	50	loss: 0.2443176507949829	lr: 0.00100
train acc: 0.87500	 validation acc: 0.88477
19	100	loss: 0.26567763090133667	lr: 0.00100
train acc: 0.89062	 validation acc: 0.89258
19	150	loss: 0.24070215225219727	lr: 0.00100
train acc: 0.93750	 validation acc: 0.89258
19	200	loss: 0.20710505545139313	lr: 0.00100
train acc: 0.93750	 validation acc: 0.89453
19	250	loss: 0.26128721237182617	lr: 0.00100
train acc: 0.87500	 validation acc: 0.89453
19	300	loss: 0.24908435344696045	lr: 0.00100
train acc: 0.93750	 validation acc: 0.89648
19	350	loss: 0.29760032892227173	lr: 0.00100
train acc: 0.87500	 validation acc: 0.89258
19	400	loss: 0.3011927306652069	lr: 0.00100
train acc: 0.89062	 validation acc: 0.89453
19	450	loss: 0.2197037786245346	lr: 0.00100
train acc: 0.95312	 validation acc: 0.89258
19	500	loss: 0.3902638554573059	lr: 0.00100
train acc: 0.85938	 validation acc: 0.89844
19	550	loss: 0.24789650738239288	lr: 0.00100
train acc: 0.92188	 validation acc: 0.89844
19	600	loss: 0.26108649373054504	lr: 0.00100
train acc: 0.90625	 validation acc: 0.89844
19	650	loss: 0.19077438116073608	lr: 0.00100
train acc: 0.90625	 validation acc: 0.89453
19	700	loss: 0.3622327744960785	lr: 0.00100
train acc: 0.87500	 validation acc: 0.88867
19	750	loss: 0.2503058910369873	lr: 0.00100
train acc: 0.89062	 validation acc: 0.89062
epoch:  19	epoch acc: 0.870703125
20	0	loss: 0.25445646047592163	lr: 0.00100
train acc: 0.90625	 validation acc: 0.89258
20	50	loss: 0.16803334653377533	lr: 0.00100
train acc: 0.93750	 validation acc: 0.89062
20	100	loss: 0.25294047594070435	lr: 0.00100
train acc: 0.89062	 validation acc: 0.89648
20	150	loss: 0.22603552043437958	lr: 0.00100
train acc: 0.92188	 validation acc: 0.89453
20	200	loss: 0.17864027619361877	lr: 0.00100
train acc: 0.95312	 validation acc: 0.90234
20	250	loss: 0.3031938374042511	lr: 0.00100
train acc: 0.90625	 validation acc: 0.90039
20	300	loss: 0.22026517987251282	lr: 0.00100
train acc: 0.92188	 validation acc: 0.90039
20	350	loss: 0.2515518069267273	lr: 0.00100
train acc: 0.89062	 validation acc: 0.89844
20	400	loss: 0.3543993830680847	lr: 0.00100
train acc: 0.84375	 validation acc: 0.90234
20	450	loss: 0.17554537951946259	lr: 0.00100
train acc: 0.93750	 validation acc: 0.89844
20	500	loss: 0.34463730454444885	lr: 0.00100
train acc: 0.85938	 validation acc: 0.90039
20	550	loss: 0.2387445569038391	lr: 0.00100
train acc: 0.90625	 validation acc: 0.90234
20	600	loss: 0.3092808425426483	lr: 0.00100
train acc: 0.89062	 validation acc: 0.89844
20	650	loss: 0.22203892469406128	lr: 0.00100
train acc: 0.89062	 validation acc: 0.89062
20	700	loss: 0.22503410279750824	lr: 0.00100
train acc: 0.95312	 validation acc: 0.88867
20	750	loss: 0.3130326271057129	lr: 0.00100
train acc: 0.87500	 validation acc: 0.89844
epoch:  20	epoch acc: 0.8697916666666666
21	0	loss: 0.2174062877893448	lr: 0.00100
train acc: 0.92188	 validation acc: 0.89648
21	50	loss: 0.162811279296875	lr: 0.00100
train acc: 0.90625	 validation acc: 0.89062
21	100	loss: 0.24303507804870605	lr: 0.00100
train acc: 0.90625	 validation acc: 0.89453
21	150	loss: 0.24250881373882294	lr: 0.00100
train acc: 0.92188	 validation acc: 0.89648
21	200	loss: 0.14184437692165375	lr: 0.00100
train acc: 0.93750	 validation acc: 0.89844
21	250	loss: 0.32196134328842163	lr: 0.00100
train acc: 0.87500	 validation acc: 0.89844
21	300	loss: 0.28283771872520447	lr: 0.00100
train acc: 0.85938	 validation acc: 0.89844
21	350	loss: 0.22005939483642578	lr: 0.00100
train acc: 0.92188	 validation acc: 0.89062
21	400	loss: 0.27335280179977417	lr: 0.00100
train acc: 0.89062	 validation acc: 0.89648
21	450	loss: 0.18722045421600342	lr: 0.00100
train acc: 0.92188	 validation acc: 0.89844
21	500	loss: 0.3519347310066223	lr: 0.00100
train acc: 0.87500	 validation acc: 0.89844
21	550	loss: 0.28516972064971924	lr: 0.00100
train acc: 0.89062	 validation acc: 0.90039
21	600	loss: 0.3287407159805298	lr: 0.00100
train acc: 0.87500	 validation acc: 0.89258
21	650	loss: 0.19160999357700348	lr: 0.00100
train acc: 0.90625	 validation acc: 0.88477
21	700	loss: 0.23223841190338135	lr: 0.00100
train acc: 0.95312	 validation acc: 0.88672
21	750	loss: 0.28574082255363464	lr: 0.00100
train acc: 0.89062	 validation acc: 0.90039
epoch:  21	epoch acc: 0.8716145833333333
22	0	loss: 0.2872476577758789	lr: 0.00100
train acc: 0.87500	 validation acc: 0.89844
22	50	loss: 0.20556814968585968	lr: 0.00100
train acc: 0.89062	 validation acc: 0.89062
22	100	loss: 0.25533562898635864	lr: 0.00100
train acc: 0.90625	 validation acc: 0.90039
22	150	loss: 0.23988424241542816	lr: 0.00100
train acc: 0.92188	 validation acc: 0.89844
22	200	loss: 0.13528427481651306	lr: 0.00100
train acc: 0.96875	 validation acc: 0.89844
22	250	loss: 0.3181533217430115	lr: 0.00100
train acc: 0.89062	 validation acc: 0.88867
22	300	loss: 0.3011168837547302	lr: 0.00100
train acc: 0.90625	 validation acc: 0.90234
22	350	loss: 0.27573710680007935	lr: 0.00100
train acc: 0.87500	 validation acc: 0.89453
22	400	loss: 0.3157837688922882	lr: 0.00100
train acc: 0.89062	 validation acc: 0.89258
22	450	loss: 0.19695702195167542	lr: 0.00100
train acc: 0.93750	 validation acc: 0.89648
22	500	loss: 0.4060121774673462	lr: 0.00100
train acc: 0.87500	 validation acc: 0.89844
22	550	loss: 0.24214009940624237	lr: 0.00100
train acc: 0.90625	 validation acc: 0.88672
22	600	loss: 0.2750701308250427	lr: 0.00100
train acc: 0.87500	 validation acc: 0.90430
22	650	loss: 0.22090397775173187	lr: 0.00100
train acc: 0.85938	 validation acc: 0.89062
22	700	loss: 0.2682451605796814	lr: 0.00100
train acc: 0.92188	 validation acc: 0.88867
22	750	loss: 0.30788522958755493	lr: 0.00100
train acc: 0.87500	 validation acc: 0.90039
epoch:  22	epoch acc: 0.8731770833333333
23	0	loss: 0.16985560953617096	lr: 0.00100
train acc: 0.95312	 validation acc: 0.89648
23	50	loss: 0.156319722533226	lr: 0.00100
train acc: 0.92188	 validation acc: 0.88477
23	100	loss: 0.25234100222587585	lr: 0.00100
train acc: 0.92188	 validation acc: 0.89062
23	150	loss: 0.17575892806053162	lr: 0.00100
train acc: 0.93750	 validation acc: 0.90039
23	200	loss: 0.14820481836795807	lr: 0.00100
train acc: 0.98438	 validation acc: 0.90430
23	250	loss: 0.3378071188926697	lr: 0.00100
train acc: 0.89062	 validation acc: 0.90234
23	300	loss: 0.24210865795612335	lr: 0.00100
train acc: 0.90625	 validation acc: 0.89648
23	350	loss: 0.25322994589805603	lr: 0.00100
train acc: 0.89062	 validation acc: 0.89258
23	400	loss: 0.32254084944725037	lr: 0.00100
train acc: 0.92188	 validation acc: 0.90430
23	450	loss: 0.17074215412139893	lr: 0.00100
train acc: 0.93750	 validation acc: 0.89453
23	500	loss: 0.33986878395080566	lr: 0.00100
train acc: 0.89062	 validation acc: 0.90039
23	550	loss: 0.17107585072517395	lr: 0.00100
train acc: 0.93750	 validation acc: 0.89258
23	600	loss: 0.35470423102378845	lr: 0.00100
train acc: 0.87500	 validation acc: 0.89844
23	650	loss: 0.19901743531227112	lr: 0.00100
train acc: 0.89062	 validation acc: 0.88867
23	700	loss: 0.25059449672698975	lr: 0.00100
train acc: 0.90625	 validation acc: 0.89062
23	750	loss: 0.20892111957073212	lr: 0.00100
train acc: 0.92188	 validation acc: 0.89844
epoch:  23	epoch acc: 0.8717447916666666
24	0	loss: 0.19152584671974182	lr: 0.00100
train acc: 0.95312	 validation acc: 0.90234
24	50	loss: 0.18442901968955994	lr: 0.00100
train acc: 0.95312	 validation acc: 0.89258
24	100	loss: 0.2647882401943207	lr: 0.00100
train acc: 0.92188	 validation acc: 0.89844
24	150	loss: 0.2573130130767822	lr: 0.00100
train acc: 0.92188	 validation acc: 0.89844
24	200	loss: 0.18959428369998932	lr: 0.00100
train acc: 0.92188	 validation acc: 0.89844
24	250	loss: 0.3073272109031677	lr: 0.00100
train acc: 0.90625	 validation acc: 0.89648
24	300	loss: 0.260084867477417	lr: 0.00100
train acc: 0.92188	 validation acc: 0.90820
24	350	loss: 0.24073922634124756	lr: 0.00100
train acc: 0.89062	 validation acc: 0.89453
24	400	loss: 0.34358081221580505	lr: 0.00100
train acc: 0.87500	 validation acc: 0.90430
24	450	loss: 0.1646701991558075	lr: 0.00100
train acc: 0.92188	 validation acc: 0.89844
24	500	loss: 0.36057770252227783	lr: 0.00100
train acc: 0.85938	 validation acc: 0.89844
24	550	loss: 0.20484183728694916	lr: 0.00100
train acc: 0.93750	 validation acc: 0.90234
24	600	loss: 0.2781694233417511	lr: 0.00100
train acc: 0.87500	 validation acc: 0.90234
24	650	loss: 0.2142404466867447	lr: 0.00100
train acc: 0.87500	 validation acc: 0.89258
24	700	loss: 0.264839231967926	lr: 0.00100
train acc: 0.87500	 validation acc: 0.89258
24	750	loss: 0.27701836824417114	lr: 0.00100
train acc: 0.85938	 validation acc: 0.89258
epoch:  24	epoch acc: 0.8731770833333333
25	0	loss: 0.12743258476257324	lr: 0.00100
train acc: 0.96875	 validation acc: 0.89844
25	50	loss: 0.12651321291923523	lr: 0.00100
train acc: 0.96875	 validation acc: 0.89258
25	100	loss: 0.25428783893585205	lr: 0.00100
train acc: 0.92188	 validation acc: 0.90430
25	150	loss: 0.21331511437892914	lr: 0.00100
train acc: 0.92188	 validation acc: 0.90039
25	200	loss: 0.17680072784423828	lr: 0.00100
train acc: 0.92188	 validation acc: 0.90430
25	250	loss: 0.27477556467056274	lr: 0.00100
train acc: 0.92188	 validation acc: 0.89844
25	300	loss: 0.22873011231422424	lr: 0.00100
train acc: 0.95312	 validation acc: 0.91016
25	350	loss: 0.1987784504890442	lr: 0.00100
train acc: 0.90625	 validation acc: 0.89453
25	400	loss: 0.296032577753067	lr: 0.00100
train acc: 0.87500	 validation acc: 0.90234
25	450	loss: 0.15391123294830322	lr: 0.00100
train acc: 0.92188	 validation acc: 0.89648
25	500	loss: 0.4084146320819855	lr: 0.00100
train acc: 0.82812	 validation acc: 0.90430
25	550	loss: 0.14781999588012695	lr: 0.00100
train acc: 0.92188	 validation acc: 0.89453
25	600	loss: 0.24672284722328186	lr: 0.00100
train acc: 0.89062	 validation acc: 0.89648
25	650	loss: 0.1677793711423874	lr: 0.00100
train acc: 0.90625	 validation acc: 0.88281
25	700	loss: 0.2758810818195343	lr: 0.00100
train acc: 0.90625	 validation acc: 0.88477
25	750	loss: 0.2640717327594757	lr: 0.00100
train acc: 0.90625	 validation acc: 0.89453
epoch:  25	epoch acc: 0.8747395833333333
26	0	loss: 0.1624402552843094	lr: 0.00100
train acc: 0.93750	 validation acc: 0.89844
26	50	loss: 0.14817668497562408	lr: 0.00100
train acc: 0.96875	 validation acc: 0.89844
26	100	loss: 0.21639996767044067	lr: 0.00100
train acc: 0.93750	 validation acc: 0.89844
26	150	loss: 0.20850569009780884	lr: 0.00100
train acc: 0.92188	 validation acc: 0.89453
26	200	loss: 0.12667334079742432	lr: 0.00100
train acc: 0.95312	 validation acc: 0.90234
26	250	loss: 0.34207427501678467	lr: 0.00100
train acc: 0.87500	 validation acc: 0.90430
26	300	loss: 0.290754497051239	lr: 0.00100
train acc: 0.89062	 validation acc: 0.89844
26	350	loss: 0.2675555348396301	lr: 0.00100
train acc: 0.89062	 validation acc: 0.90039
26	400	loss: 0.26764896512031555	lr: 0.00100
train acc: 0.89062	 validation acc: 0.90039
26	450	loss: 0.19782763719558716	lr: 0.00100
train acc: 0.89062	 validation acc: 0.89844
26	500	loss: 0.39291810989379883	lr: 0.00100
train acc: 0.84375	 validation acc: 0.90039
26	550	loss: 0.15953907370567322	lr: 0.00100
train acc: 0.95312	 validation acc: 0.89258
26	600	loss: 0.26336729526519775	lr: 0.00100
train acc: 0.89062	 validation acc: 0.89648
26	650	loss: 0.2018103450536728	lr: 0.00100
train acc: 0.93750	 validation acc: 0.89062
26	700	loss: 0.2897481620311737	lr: 0.00100
train acc: 0.89062	 validation acc: 0.88867
26	750	loss: 0.23908360302448273	lr: 0.00100
train acc: 0.92188	 validation acc: 0.89258
epoch:  26	epoch acc: 0.8759114583333333
27	0	loss: 0.1629638373851776	lr: 0.00100
train acc: 0.93750	 validation acc: 0.90039
27	50	loss: 0.12191206216812134	lr: 0.00100
train acc: 0.96875	 validation acc: 0.90039
27	100	loss: 0.25731712579727173	lr: 0.00100
train acc: 0.93750	 validation acc: 0.89844
27	150	loss: 0.2323172241449356	lr: 0.00100
train acc: 0.92188	 validation acc: 0.89648
27	200	loss: 0.14270973205566406	lr: 0.00100
train acc: 0.98438	 validation acc: 0.90234
27	250	loss: 0.34466689825057983	lr: 0.00100
train acc: 0.89062	 validation acc: 0.89648
27	300	loss: 0.31822651624679565	lr: 0.00100
train acc: 0.89062	 validation acc: 0.90234
27	350	loss: 0.16598525643348694	lr: 0.00100
train acc: 0.95312	 validation acc: 0.89453
27	400	loss: 0.24774770438671112	lr: 0.00100
train acc: 0.93750	 validation acc: 0.90430
27	450	loss: 0.2174956500530243	lr: 0.00100
train acc: 0.89062	 validation acc: 0.90039
27	500	loss: 0.3206735849380493	lr: 0.00100
train acc: 0.87500	 validation acc: 0.89844
27	550	loss: 0.21304622292518616	lr: 0.00100
train acc: 0.92188	 validation acc: 0.88867
27	600	loss: 0.24031391739845276	lr: 0.00100
train acc: 0.93750	 validation acc: 0.89648
27	650	loss: 0.11543082445859909	lr: 0.00100
train acc: 0.96875	 validation acc: 0.89258
27	700	loss: 0.2668106257915497	lr: 0.00100
train acc: 0.87500	 validation acc: 0.89453
27	750	loss: 0.2233191728591919	lr: 0.00100
train acc: 0.89062	 validation acc: 0.89648
epoch:  27	epoch acc: 0.8759114583333333
28	0	loss: 0.22760070860385895	lr: 0.00010
train acc: 0.93750	 validation acc: 0.89062
28	50	loss: 0.11698232591152191	lr: 0.00010
train acc: 0.95312	 validation acc: 0.89258
28	100	loss: 0.21401891112327576	lr: 0.00010
train acc: 0.92188	 validation acc: 0.89453
28	150	loss: 0.25096994638442993	lr: 0.00010
train acc: 0.92188	 validation acc: 0.89453
28	200	loss: 0.1882166862487793	lr: 0.00010
train acc: 0.95312	 validation acc: 0.89453
28	250	loss: 0.2425757795572281	lr: 0.00010
train acc: 0.90625	 validation acc: 0.89648
28	300	loss: 0.1943534016609192	lr: 0.00010
train acc: 0.93750	 validation acc: 0.89844
28	350	loss: 0.2773149013519287	lr: 0.00010
train acc: 0.90625	 validation acc: 0.89648
28	400	loss: 0.23722174763679504	lr: 0.00010
train acc: 0.93750	 validation acc: 0.89648
28	450	loss: 0.11999326944351196	lr: 0.00010
train acc: 0.95312	 validation acc: 0.89648
28	500	loss: 0.3479653596878052	lr: 0.00010
train acc: 0.87500	 validation acc: 0.89453
28	550	loss: 0.1266111582517624	lr: 0.00010
train acc: 0.96875	 validation acc: 0.89453
28	600	loss: 0.27459225058555603	lr: 0.00010
train acc: 0.87500	 validation acc: 0.89453
28	650	loss: 0.17941084504127502	lr: 0.00010
train acc: 0.87500	 validation acc: 0.89648
28	700	loss: 0.3172970116138458	lr: 0.00010
train acc: 0.87500	 validation acc: 0.89844
28	750	loss: 0.2528733015060425	lr: 0.00010
train acc: 0.89062	 validation acc: 0.89844
epoch:  28	epoch acc: 0.8768229166666667
29	0	loss: 0.2055293619632721	lr: 0.00010
train acc: 0.92188	 validation acc: 0.89648
29	50	loss: 0.13679063320159912	lr: 0.00010
train acc: 0.92188	 validation acc: 0.89844
29	100	loss: 0.24172422289848328	lr: 0.00010
train acc: 0.90625	 validation acc: 0.89453
29	150	loss: 0.18145328760147095	lr: 0.00010
train acc: 0.93750	 validation acc: 0.89648
29	200	loss: 0.1186019778251648	lr: 0.00010
train acc: 0.96875	 validation acc: 0.89648
29	250	loss: 0.2750939130783081	lr: 0.00010
train acc: 0.92188	 validation acc: 0.89844
29	300	loss: 0.258558988571167	lr: 0.00010
train acc: 0.92188	 validation acc: 0.89844
29	350	loss: 0.23309451341629028	lr: 0.00010
train acc: 0.89062	 validation acc: 0.89648
29	400	loss: 0.31327784061431885	lr: 0.00010
train acc: 0.85938	 validation acc: 0.89453
29	450	loss: 0.15758104622364044	lr: 0.00010
train acc: 0.93750	 validation acc: 0.89258
29	500	loss: 0.3609457314014435	lr: 0.00010
train acc: 0.90625	 validation acc: 0.89453
29	550	loss: 0.1300646960735321	lr: 0.00010
train acc: 0.98438	 validation acc: 0.89648
29	600	loss: 0.29316022992134094	lr: 0.00010
train acc: 0.89062	 validation acc: 0.89648
29	650	loss: 0.1409345120191574	lr: 0.00010
train acc: 0.89062	 validation acc: 0.89453
29	700	loss: 0.1915062665939331	lr: 0.00010
train acc: 0.90625	 validation acc: 0.89453
29	750	loss: 0.24384385347366333	lr: 0.00010
train acc: 0.90625	 validation acc: 0.89648
epoch:  29	epoch acc: 0.8786458333333333
30	0	loss: 0.1590220034122467	lr: 0.00010
train acc: 0.96875	 validation acc: 0.89648
30	50	loss: 0.13405394554138184	lr: 0.00010
train acc: 0.93750	 validation acc: 0.89844
30	100	loss: 0.2578667402267456	lr: 0.00010
train acc: 0.89062	 validation acc: 0.89453
30	150	loss: 0.20359601080417633	lr: 0.00010
train acc: 0.92188	 validation acc: 0.89844
30	200	loss: 0.18247810006141663	lr: 0.00010
train acc: 0.96875	 validation acc: 0.89844
30	250	loss: 0.3062118589878082	lr: 0.00010
train acc: 0.87500	 validation acc: 0.89648
30	300	loss: 0.17516113817691803	lr: 0.00010
train acc: 0.95312	 validation acc: 0.89844
30	350	loss: 0.24206021428108215	lr: 0.00010
train acc: 0.90625	 validation acc: 0.89648
30	400	loss: 0.2622581124305725	lr: 0.00010
train acc: 0.90625	 validation acc: 0.89648
30	450	loss: 0.13296960294246674	lr: 0.00010
train acc: 0.93750	 validation acc: 0.89648
30	500	loss: 0.3416791558265686	lr: 0.00010
train acc: 0.85938	 validation acc: 0.89648
30	550	loss: 0.18672631680965424	lr: 0.00010
train acc: 0.93750	 validation acc: 0.89844
30	600	loss: 0.24489396810531616	lr: 0.00010
train acc: 0.87500	 validation acc: 0.89648
30	650	loss: 0.14806561172008514	lr: 0.00010
train acc: 0.89062	 validation acc: 0.89648
30	700	loss: 0.24214527010917664	lr: 0.00010
train acc: 0.90625	 validation acc: 0.89258
30	750	loss: 0.1987125128507614	lr: 0.00010
train acc: 0.92188	 validation acc: 0.89453
epoch:  30	epoch acc: 0.8779947916666667
31	0	loss: 0.1944814771413803	lr: 0.00010
train acc: 0.93750	 validation acc: 0.89844
31	50	loss: 0.19886024296283722	lr: 0.00010
train acc: 0.90625	 validation acc: 0.89844
31	100	loss: 0.21413108706474304	lr: 0.00010
train acc: 0.90625	 validation acc: 0.89453
31	150	loss: 0.1879291832447052	lr: 0.00010
train acc: 0.95312	 validation acc: 0.89453
31	200	loss: 0.12377294152975082	lr: 0.00010
train acc: 0.95312	 validation acc: 0.89453
31	250	loss: 0.29879868030548096	lr: 0.00010
train acc: 0.89062	 validation acc: 0.89844
31	300	loss: 0.2401321679353714	lr: 0.00010
train acc: 0.93750	 validation acc: 0.89648
31	350	loss: 0.2620038390159607	lr: 0.00010
train acc: 0.92188	 validation acc: 0.89844
31	400	loss: 0.21680675446987152	lr: 0.00010
train acc: 0.90625	 validation acc: 0.89844
31	450	loss: 0.17723515629768372	lr: 0.00010
train acc: 0.95312	 validation acc: 0.89648
31	500	loss: 0.3296928107738495	lr: 0.00010
train acc: 0.89062	 validation acc: 0.89648
31	550	loss: 0.16223159432411194	lr: 0.00010
train acc: 0.92188	 validation acc: 0.89844
31	600	loss: 0.25472453236579895	lr: 0.00010
train acc: 0.87500	 validation acc: 0.89648
31	650	loss: 0.2228669971227646	lr: 0.00010
train acc: 0.90625	 validation acc: 0.89844
31	700	loss: 0.23472055792808533	lr: 0.00010
train acc: 0.95312	 validation acc: 0.89648
31	750	loss: 0.2077183872461319	lr: 0.00010
train acc: 0.92188	 validation acc: 0.89258
epoch:  31	epoch acc: 0.8799479166666667
Training time:2554
ILV: {'loss': 0.000812932783518255, 'train': 0.007366321404664331, 'val': 0.007315404621170235}
EFR: {'loss': 0.016996836014426583, 'train': 0.10733966652607826, 'val': 0.028767427614997124}
Accuracy: 0.8799479166666667
